T44AC 000:001.626   SEGGER J-Link V7.84d Log File
T44AC 000:001.744   DLL Compiled: Jan 25 2023 15:51:00
T44AC 000:001.750   Logging started @ 2023-03-03 06:56
T44AC 000:001.755 - 1.758ms
T44AC 000:001.767 JLINK_GetDLLVersion()
T44AC 000:001.773 - 0.008ms returns 78404
T44AC 000:002.959 JLINK_OpenEx(...)
T44AC 000:038.683   Firmware: J-Link OB-S124 compiled Dec  7 2022 12:53:45
T44AC 000:039.204   Firmware: J-Link OB-S124 compiled Dec  7 2022 12:53:45
T44AC 000:063.514   Hardware: V1.00
T44AC 000:063.535   S/N: 831116025
T44AC 000:063.543   OEM: SEGGER
T44AC 000:063.550   Feature(s): None
T44AC 000:066.009   TELNET listener socket opened on port 19021
T44AC 000:066.371   WEBSRV WEBSRV_Init(): Starting webserver thread(s)
T44AC 000:066.667   WEBSRV Webserver running on local port 19080
T44AC 000:084.805 - 81.873ms returns "O.K."
T44AC 000:085.538 JLINK_ExecCommand("ProjectFile=C:\Users\ferdi.kurnaz\e2_studio\workspace\UART_DENEME/UART_DENEME Debug_Flat.jlink", ...). 
T44AC 000:109.204 - 23.680ms returns 0x00
T44AC 000:109.820 JLINK_ExecCommand("device=R7FA6M2AF", ...). 
T44AC 000:114.115   Device "R7FA6M2AF" selected.
T44AC 000:117.394 - 7.569ms returns 0x00
T44AC 000:117.490 JLINK_ExecCommand("SetCPUConnectIDCODE = FFFFFFFFFFFFFFFFFFFFFFFFFFFFFFFF", ...). 
T44AC 000:117.503 - 0.007ms returns 0x00
T44AC 000:117.510 JLINK_TIF_GetAvailable(...)
T44AC 000:117.799 - 0.292ms
T44AC 000:117.807 JLINK_TIF_Select(JLINKARM_TIF_SWD)
T44AC 000:118.778 - 0.979ms returns 0x00
T44AC 000:118.795 JLINK_SetSpeed(4000)
T44AC 000:118.936 - 0.144ms
T44AC 000:118.944 JLINK_SetEndian(ARM_ENDIAN_LITTLE)
T44AC 000:118.950 - 0.008ms returns 0
T44AC 000:118.957 JLINK_SetInitRegsOnReset(OFF)
T44AC 000:118.963 - 0.008ms returns 1
T44AC 000:118.969 JLINK_SetResetType(JLINKARM_RESET_TYPE_NO_RESET)
T44AC 000:118.975 - 0.008ms returns JLINKARM_RESET_TYPE_NORMAL
T44AC 000:118.982 JLINK_ExecCommand("EnableFlashBPs", ...). 
T44AC 000:118.989 - 0.003ms returns 0x00
T44AC 000:118.996 JLINK_ExecCommand("SetAllowFlashCache = 1", ...). 
T44AC 000:119.003 - 0.003ms returns 0x01
T44AC 000:119.010 JLINK_ExecCommand("SetRestartOnClose = 0", ...). 
T44AC 000:119.017 - 0.003ms returns 0x01
T44AC 000:119.025 JLINK_EnableSoftBPs(ON)
T44AC 000:119.031 - 0.009ms
T44AC 000:119.038 JLINK_Connect()
T44AC 000:119.292   InitTarget() start
T44AC 000:119.303    J-Link Script File: Executing InitTarget()
T44AC 000:119.314   Identifying target device...
T44AC 000:119.322   SWD selected. Executing JTAG -> SWD switching sequence...
T44AC 000:120.122   Initializing DAP...
T44AC 000:125.495   Low power mode detected. Waking device from low power mode.
T44AC 000:129.573   InitTarget() end
T44AC 000:130.608   Found SW-DP with ID 0x5BA02477
T44AC 000:134.557   DPIDR: 0x5BA02477
T44AC 000:134.583   CoreSight SoC-400 or earlier
T44AC 000:134.595   Scanning AP map to find all available APs
T44AC 000:136.367   AP[2]: Stopped AP scan as end of AP map has been reached
T44AC 000:136.386   AP[0]: AHB-AP (IDR: 0x24770011)
T44AC 000:136.393   AP[1]: APB-AP (IDR: 0x44770002)
T44AC 000:136.400   Iterating through AP map to find AHB-AP to use
T44AC 000:137.845   AP[0]: Core found
T44AC 000:137.853   AP[0]: AHB-AP ROM base: 0xE00FF000
T44AC 000:138.732   CPUID register: 0x410FC241. Implementer code: 0x41 (ARM)
T44AC 000:138.741   Found Cortex-M4 r0p1, Little endian.
T44AC 000:139.326   -- Max. mem block: 0x00001B68
T44AC 000:139.550   CPU_ReadMem(4 bytes @ 0xE000EDF0)
T44AC 000:140.876   CPU_ReadMem(4 bytes @ 0xE0002000)
T44AC 000:141.468   FPUnit: 6 code (BP) slots and 2 literal slots
T44AC 000:141.476   CPU_ReadMem(4 bytes @ 0xE000EDFC)
T44AC 000:142.054   CPU_ReadMem(4 bytes @ 0xE0001000)
T44AC 000:142.726   CPU_WriteMem(4 bytes @ 0xE0001000)
T44AC 000:143.364   CPU_ReadMem(4 bytes @ 0xE000ED88)
T44AC 000:143.932   CPU_WriteMem(4 bytes @ 0xE000ED88)
T44AC 000:144.711   CPU_ReadMem(4 bytes @ 0xE000ED88)
T44AC 000:145.290   CPU_WriteMem(4 bytes @ 0xE000ED88)
T44AC 000:145.926   CoreSight components:
T44AC 000:145.938   ROMTbl[0] @ E00FF000
T44AC 000:145.987   CPU_ReadMem(64 bytes @ 0xE00FF000)
T44AC 000:147.339   CPU_ReadMem(32 bytes @ 0xE000EFE0)
T44AC 000:148.362   [0][0]: E000E000 CID B105E00D PID 000BB00C SCS-M7
T44AC 000:148.370   CPU_ReadMem(32 bytes @ 0xE0001FE0)
T44AC 000:149.304   [0][1]: E0001000 CID B105E00D PID 003BB002 DWT
T44AC 000:149.312   CPU_ReadMem(32 bytes @ 0xE0002FE0)
T44AC 000:150.429   [0][2]: E0002000 CID B105E00D PID 002BB003 FPB
T44AC 000:150.454   CPU_ReadMem(32 bytes @ 0xE0000FE0)
T44AC 000:151.365   [0][3]: E0000000 CID B105E00D PID 003BB001 ITM
T44AC 000:151.375   CPU_ReadMem(32 bytes @ 0xE0040FE0)
T44AC 000:152.439   [0][4]: E0040000 CID B105900D PID 000BB9A1 TPIU
T44AC 000:152.447   CPU_ReadMem(32 bytes @ 0xE0041FE0)
T44AC 000:153.315   [0][5]: E0041000 CID B105900D PID 000BB925 ETM
T44AC 000:153.323   CPU_ReadMem(32 bytes @ 0xE0042FE0)
T44AC 000:154.306   [0][6]: E0042000 CID B105900D PID 002BB908 CSTF
T44AC 000:154.324   CPU_ReadMem(32 bytes @ 0xE0043FE0)
T44AC 000:155.354   [0][7]: E0043000 CID B105900D PID 001BB961 TMC
T44AC 000:155.366   CPU_ReadMem(32 bytes @ 0xE0044FE0)
T44AC 000:156.377   [0][8]: E0044000 CID B105F00D PID 001BB101 TSG
T44AC 000:156.404 - 37.369ms returns 0x00
T44AC 000:156.452 JLINK_ResetPullsRESET(ON)
T44AC 000:156.458 - 0.008ms
T44AC 000:156.466 JLINK_Halt()
T44AC 000:161.342 - 4.879ms returns 0x00
T44AC 000:161.349 JLINK_IsHalted()
T44AC 000:161.356 - 0.009ms returns TRUE
T44AC 000:161.362 JLINK_Reset()
T44AC 000:161.376   CPU_WriteMem(4 bytes @ 0xE000EDF0)
T44AC 000:161.968   CPU_WriteMem(4 bytes @ 0xE000EDFC)
T44AC 000:162.727   Reset: Halt core after reset via DEMCR.VC_CORERESET.
T44AC 000:163.541   Reset: Reset device via AIRCR.SYSRESETREQ.
T44AC 000:163.549   CPU_WriteMem(4 bytes @ 0xE000ED0C)
T44AC 000:218.943   CPU_ReadMem(4 bytes @ 0xE000EDF0)
T44AC 000:219.542   CPU_ReadMem(4 bytes @ 0xE000EDF0)
T44AC 000:220.152   CPU_WriteMem(4 bytes @ 0xE000EDFC)
T44AC 000:227.583   CPU_ReadMem(4 bytes @ 0xE000EDF0)
T44AC 000:232.951   CPU_WriteMem(4 bytes @ 0xE0002000)
T44AC 000:234.070   CPU_ReadMem(4 bytes @ 0xE000EDFC)
T44AC 000:234.708   CPU_ReadMem(4 bytes @ 0xE0001000)
T44AC 000:235.305 - 73.946ms
T44AC 000:235.347 JLINK_SetEndian(ARM_ENDIAN_LITTLE)
T44AC 000:235.352 - 0.006ms returns 0
T44AC 000:235.377 JLINK_ReadMemEx(0x407FB19C, 0x8 Bytes, Flags = 0x00000004)
T44AC 000:235.387   CPU_ReadMem(8 bytes @ 0x407FB19C)
T44AC 000:236.023   Data:  00 70 00 01 00 00 00 00
T44AC 000:236.030 - 0.655ms returns 8 (0x8)
T44AC 000:236.043 JLINK_ReadMem(0x01007024, 0x10 Bytes, ...)
T44AC 000:236.050   CPU_ReadMem(16 bytes @ 0x01007024)
T44AC 000:236.793   Data:  52 37 46 41 36 4D 32 41 46 33 43 46 42 20 20 20
T44AC 000:236.800 - 0.758ms returns 0
T44AC 000:236.811 JLINK_IsHalted()
T44AC 000:236.815 - 0.006ms returns TRUE
T44AC 000:237.116 JLINK_MeasureCPUSpeed(RAMAddr = 0xFFFFFFFF)
T44AC 000:237.128   CPU_ReadMem(16 bytes @ 0x1FFE0000)
T44AC 000:237.844   CPU_ReadMem(64 bytes @ 0x1FFE0000)
T44AC 000:239.228    -- Updating C cache (64 bytes @ 0x1FFE0000)
T44AC 000:239.236    -- Read from C cache (6 bytes @ 0x1FFE0000)
T44AC 000:239.244   CPU_ReadMem(4 bytes @ 0xE000ED90)
T44AC 000:239.835   CPU_ReadMem(4 bytes @ 0xE000ED94)
T44AC 000:240.383   CPU_WriteMem(16 bytes @ 0x1FFE0000)
T44AC 000:241.252   CPU_WriteMem(6 bytes @ 0x1FFE0000)
T44AC 000:241.963   CPU_ReadMem(64 bytes @ 0x1FFE0000)
T44AC 000:243.256    -- Updating C cache (64 bytes @ 0x1FFE0000)
T44AC 000:243.266    -- Read from C cache (6 bytes @ 0x1FFE0000)
T44AC 000:243.279   CPU_WriteMem(4 bytes @ 0xE0002008)
T44AC 000:243.285   CPU_WriteMem(4 bytes @ 0xE000200C)
T44AC 000:243.292   CPU_WriteMem(4 bytes @ 0xE0002010)
T44AC 000:243.298   CPU_WriteMem(4 bytes @ 0xE0002014)
T44AC 000:243.304   CPU_WriteMem(4 bytes @ 0xE0002018)
T44AC 000:243.310   CPU_WriteMem(4 bytes @ 0xE000201C)
T44AC 000:254.385   CPU_WriteMem(4 bytes @ 0xE0002008)
T44AC 000:265.302   CPU_WriteMem(4 bytes @ 0xE000200C)
T44AC 000:265.952   CPU_WriteMem(4 bytes @ 0xE0002010)
T44AC 000:269.359   CPU_WriteMem(4 bytes @ 0xE0002014)
T44AC 000:270.286   CPU_WriteMem(4 bytes @ 0xE0002018)
T44AC 000:271.210   CPU_WriteMem(4 bytes @ 0xE000201C)
T44AC 000:301.342   CPU_WriteMem(6 bytes @ 0x1FFE0000)
T44AC 000:302.364   ClockFreq: 2081400 Hz
T44AC 000:302.379 - 65.264ms returns 2081400
T44AC 000:302.395 JLINK_ReadReg(XPSR)
T44AC 000:302.402 - 0.010ms returns 0x01000000
T2DB8 000:385.276 JLINK_ReadReg(XPSR)
T2DB8 000:385.365 - 0.093ms returns 0x01000000
T2DB8 000:415.926 JLINK_ReadReg(XPSR)
T2DB8 000:415.968 - 0.048ms returns 0x01000000
T2DB8 000:417.487 JLINK_ReadReg(XPSR)
T2DB8 000:417.527 - 0.043ms returns 0x01000000
T2DB8 001:737.777 JLINK_SetEndian(ARM_ENDIAN_LITTLE)
T2DB8 001:738.393 - 0.630ms returns 0
T2DB8 001:738.628 JLINK_BeginDownload(Flags = 0x00000000)
T2DB8 001:738.667 - 0.047ms
T2DB8 001:757.876 JLINK_WriteMem(0x00000000, 0xBD0 Bytes, ...)
T2DB8 001:757.900   Data:  50 06 FE 1F 95 13 00 00 7D 12 00 00 91 13 00 00 ...
T2DB8 001:758.255   completely In flash
T2DB8 001:758.270 - 0.396ms returns 0xBD0
T2DB8 001:758.593 JLINK_WriteMem(0x00000BD0, 0xAC4 Bytes, ...)
T2DB8 001:758.605   Data:  93 78 03 F0 7B 03 93 70 FF F7 6A FD 6B 6A 23 B1 ...
T2DB8 001:758.616   completely In flash
T2DB8 001:758.624 - 0.033ms returns 0xAC4
T2DB8 001:758.830 JLINK_WriteMem(0x00001694, 0x10 Bytes, ...)
T2DB8 001:758.840   Data:  68 00 00 00 40 01 C2 00 25 05 00 00 01 05 00 00
T2DB8 001:758.849   completely In flash
T2DB8 001:758.856 - 0.028ms returns 0x10
T2DB8 001:759.149 JLINK_WriteMem(0x0100A150, 0x10 Bytes, ...)
T2DB8 001:759.164   Data:  FF FF FF FF FF FF FF FF FF FF FF FF FF FF FF FF
T2DB8 001:759.430   completely In flash
T2DB8 001:759.441 - 0.295ms returns 0x10
T2DB8 001:785.181 JLINK_EndDownload()
T2DB8 001:785.231   Old firmware which does not support pausing periodic actions during flash download
T2DB8 001:785.258   CPU_ReadMem(4 bytes @ 0xE000ED90)
T2DB8 001:785.851   CPU_ReadMem(4 bytes @ 0xE000ED94)
T2DB8 001:786.435    -- --------------------------------------
T2DB8 001:786.452   Flash bank @ 0x0100A150: Default: L2 verify disabled because algorithm performs L1 verify
T2DB8 001:786.460    -- Start of determining dirty areas in flash cache
T2DB8 001:786.471    -- Filling invalid ranges in sector buffer (flash cache) for sector @ 0x0100A150 if necessary
T2DB8 001:786.482    -- End of determining dirty areas
T2DB8 001:786.489    -- Start of preparing flash programming
T2DB8 001:786.498    -- Calculating RAM usage
T2DB8 001:786.579    -- RAM usage = 3572 Bytes
T2DB8 001:786.586    -- Preserving CPU registers
T2DB8 001:786.608    -- Determining CPU clock frequency
T2DB8 001:830.911    -- Preparing target
T2DB8 001:832.227    -- Preserving target RAM temporarily used for programming
T2DB8 001:873.816    -- Downloading RAMCode
T2DB8 001:920.690    -- Preparing RAMCode
T2DB8 001:934.188    -- Checking target RAM
T2DB8 001:936.082    -- CPU frequency = 100000 kHz
T2DB8 001:936.097    -- End of preparing flash programming
T2DB8 001:936.239   Looking for J-Link GUI Server exe at: C:\Users\ferdi.kurnaz\.eclipse\com.renesas.platform_491468003\DebugComp\RA\ARM\Segger_v7.84.4\JLinkGUIServer.exe
T2DB8 001:936.427   Looking for J-Link GUI Server exe at: C:\Users\ferdi.kurnaz\SEGGER\JLink\JLinkGUIServer.exe
T2DB8 002:239.987   Failed to connect to J-Link GUI Server.
T2DB8 002:245.744    -- CPU is running at 100000 kHz.
T2DB8 002:245.769    -- Start of comparing flash
T2DB8 002:245.778    -- CRC check was estimated as fastest method
T2DB8 002:245.789    -- Comparing range 0x100A150 - 0x100A16F (1 Sector, 32 Bytes), using multi-block CRC calculation
T2DB8 002:259.724    -- All CRCs match
T2DB8 002:259.771    -- Comparing range 0x100A150 - 0x100A16F (1 Sector, 32 Bytes), using alternative multi-block CRC calculation
T2DB8 002:262.704    -- All CRCs match
T2DB8 002:262.737    -- End of comparing flash
T2DB8 002:262.750    -- Start of erasing sectors
T2DB8 002:262.762    -- End of erasing sectors
T2DB8 002:262.774    -- Start of flash programming
T2DB8 002:262.786    -- End of flash programming
T2DB8 002:262.805    -- Start of restoring
T2DB8 002:262.817    -- Restoring RAMCode
T2DB8 002:269.496    -- Restoring target memory
T2DB8 002:305.579    -- Restore target
T2DB8 002:305.619    -- Restoring CPU registers
T2DB8 002:305.643    -- End of restoring
T2DB8 002:305.657    -- Bank 0 @ 0x0100A150: Skipped. Contents already match
T2DB8 002:305.668    -- Bank 0 @ 0x0100A150: Skipped. Contents already match
T2DB8 002:307.252    -- --------------------------------------
T2DB8 002:307.281   Flash bank @ 0x00000000: Default: L2 verify disabled because algorithm performs L1 verify
T2DB8 002:307.290    -- Start of determining dirty areas in flash cache
T2DB8 002:307.299    -- Filling invalid ranges in sector buffer (flash cache) for sector @ 0x00000000 if necessary
T2DB8 002:307.430    -- End of determining dirty areas
T2DB8 002:307.445    -- Start of preparing flash programming
T2DB8 002:307.453    -- Calculating RAM usage
T2DB8 002:307.468    -- RAM usage = 3476 Bytes
T2DB8 002:307.476    -- Preserving CPU registers
T2DB8 002:307.501    -- Determining CPU clock frequency
T2DB8 002:355.931    -- Preparing target
T2DB8 002:357.557    -- Preserving target RAM temporarily used for programming
T2DB8 002:397.840    -- Downloading RAMCode
T2DB8 002:444.874    -- Preparing RAMCode
T2DB8 002:457.365    -- Checking target RAM
T2DB8 002:459.340    -- CPU frequency = 100000 kHz
T2DB8 002:459.359    -- End of preparing flash programming
T2DB8 002:465.994    -- CPU is running at 100000 kHz.
T2DB8 002:466.021    -- Start of comparing flash
T2DB8 002:466.030    -- CRC check was estimated as fastest method
T2DB8 002:466.041    -- Comparing range 0x0000 - 0x1FFF (1 Sector, 8 KB), using multi-block CRC calculation
T2DB8 002:472.225    -- All CRCs match
T2DB8 002:472.255    -- Comparing range 0x0000 - 0x1FFF (1 Sector, 8 KB), using alternative multi-block CRC calculation
T2DB8 002:477.424    -- All CRCs match
T2DB8 002:477.514    -- End of comparing flash
T2DB8 002:477.523    -- Start of erasing sectors
T2DB8 002:477.531    -- End of erasing sectors
T2DB8 002:477.539    -- Start of flash programming
T2DB8 002:477.546    -- End of flash programming
T2DB8 002:477.554    -- Start of restoring
T2DB8 002:477.562    -- Restoring RAMCode
T2DB8 002:484.443    -- Restoring target memory
T2DB8 002:519.500    -- Restore target
T2DB8 002:519.530    -- Restoring CPU registers
T2DB8 002:519.548    -- End of restoring
T2DB8 002:519.557    -- Bank 1 @ 0x00000000: Skipped. Contents already match
T2DB8 002:519.565    -- Bank 1 @ 0x00000000: Skipped. Contents already match
T2DB8 002:529.988 - 744.835ms returns 0 (0x0)
T2DB8 002:530.675 JLINK_WriteReg(R15 (PC), 0x00001394)
T2DB8 002:530.698 - 0.025ms returns 0
T2DB8 002:530.706 JLINK_WriteReg(XPSR, 0x01000000)
T2DB8 002:530.712 - 0.008ms returns 0
T2DB8 002:530.726 JLINK_ResetPullsRESET(ON)
T2DB8 002:530.731 - 0.006ms
T2DB8 002:530.736 JLINK_Halt()
T2DB8 002:530.741 - 0.007ms returns 0x00
T2DB8 002:530.746 JLINK_IsHalted()
T2DB8 002:530.751 - 0.006ms returns TRUE
T2DB8 002:530.756 JLINK_Reset()
T2DB8 002:530.767   CPU_WriteMem(4 bytes @ 0xE000EDF0)
T2DB8 002:531.479   CPU_WriteMem(4 bytes @ 0xE000EDFC)
T2DB8 002:532.201   Reset: Halt core after reset via DEMCR.VC_CORERESET.
T2DB8 002:533.103   Reset: Reset device via AIRCR.SYSRESETREQ.
T2DB8 002:533.124   CPU_WriteMem(4 bytes @ 0xE000ED0C)
T2DB8 002:587.648   CPU_ReadMem(4 bytes @ 0xE000EDF0)
T2DB8 002:588.326   CPU_ReadMem(4 bytes @ 0xE000EDF0)
T2DB8 002:588.882   CPU_WriteMem(4 bytes @ 0xE000EDFC)
T2DB8 002:594.587   CPU_ReadMem(4 bytes @ 0xE000EDF0)
T2DB8 002:600.065   CPU_WriteMem(4 bytes @ 0xE0002000)
T2DB8 002:600.703   CPU_ReadMem(4 bytes @ 0xE000EDFC)
T2DB8 002:601.326   CPU_ReadMem(4 bytes @ 0xE0001000)
T2DB8 002:601.891 - 71.138ms
T2DB8 002:601.942 JLINK_SetEndian(ARM_ENDIAN_LITTLE)
T2DB8 002:601.947 - 0.008ms returns 0
T2DB8 002:602.508 JLINK_ResetPullsRESET(ON)
T2DB8 002:602.525 - 0.019ms
T2DB8 002:602.531 JLINK_Halt()
T2DB8 002:602.537 - 0.008ms returns 0x00
T2DB8 002:602.584 JLINK_IsHalted()
T2DB8 002:602.592 - 0.010ms returns TRUE
T2DB8 002:602.597 JLINK_Reset()
T2DB8 002:602.610   CPU_WriteMem(4 bytes @ 0xE000EDF0)
T2DB8 002:603.979   CPU_WriteMem(4 bytes @ 0xE000EDFC)
T2DB8 002:604.750   Reset: Halt core after reset via DEMCR.VC_CORERESET.
T2DB8 002:605.553   Reset: Reset device via AIRCR.SYSRESETREQ.
T2DB8 002:605.573   CPU_WriteMem(4 bytes @ 0xE000ED0C)
T2DB8 002:661.152   CPU_ReadMem(4 bytes @ 0xE000EDF0)
T2DB8 002:661.879   CPU_ReadMem(4 bytes @ 0xE000EDF0)
T2DB8 002:662.584   CPU_WriteMem(4 bytes @ 0xE000EDFC)
T2DB8 002:668.620   CPU_ReadMem(4 bytes @ 0xE000EDF0)
T2DB8 002:674.276   CPU_WriteMem(4 bytes @ 0xE0002000)
T2DB8 002:675.111   CPU_ReadMem(4 bytes @ 0xE000EDFC)
T2DB8 002:675.834   CPU_ReadMem(4 bytes @ 0xE0001000)
T2DB8 002:676.485 - 73.899ms
T2DB8 002:676.615 JLINK_SetEndian(ARM_ENDIAN_LITTLE)
T2DB8 002:676.630 - 0.017ms returns 0
T2DB8 002:678.883 JLINK_ReadMem(0x00001394, 0x4 Bytes, ...)
T2DB8 002:678.904    -- Read from flash cache (4 bytes @ 0x00001394)
T2DB8 002:678.912   Data:  08 B5 00 F0
T2DB8 002:678.920 - 0.039ms returns 0
T2DB8 002:686.391 JLINK_ReadReg(XPSR)
T2DB8 002:686.431 - 0.045ms returns 0x01000000
T2DB8 002:766.300 JLINK_ReadReg(XPSR)
T2DB8 002:766.344 - 0.048ms returns 0x01000000
T2DB8 002:782.129 JLINK_FindBP(Addr = 0x00000590)
T2DB8 002:782.167 - 0.043ms returns 0
T2DB8 002:782.215 JLINK_GetNumBPUnits(Type = 0xFFFFFF00)
T2DB8 002:782.230 - 0.019ms returns 0x06
T2DB8 002:782.240 JLINK_GetNumWPUnits()
T2DB8 002:782.248 - 0.012ms returns 4
T2DB8 002:782.258 JLINK_GetNumWPUnits()
T2DB8 002:782.265 - 0.011ms returns 4
T2DB8 002:782.282 JLINK_GetNumBPUnits(Type = 0xFFFFFF00)
T2DB8 002:782.291 - 0.013ms returns 0x06
T2DB8 002:782.300 JLINK_GetNumWPUnits()
T2DB8 002:782.308 - 0.012ms returns 4
T2DB8 002:782.317 JLINK_GetNumWPUnits()
T2DB8 002:782.325 - 0.011ms returns 4
T2DB8 002:782.339 JLINK_GetNumBPUnits(Type = 0xFFFFFF00)
T2DB8 002:782.355 - 0.019ms returns 0x06
T2DB8 002:782.364 JLINK_GetNumWPUnits()
T2DB8 002:782.372 - 0.011ms returns 4
T2DB8 002:782.381 JLINK_GetNumWPUnits()
T2DB8 002:782.389 - 0.011ms returns 4
T2DB8 002:782.451 JLINK_SetBPEx(Addr = 0x00000590, Type = 0xFFFFFF00)
T2DB8 002:782.469 - 0.022ms returns 0x00000001
T2DB8 002:782.484 JLINK_ClrBPEx(BPHandle = 0x00000001)
T2DB8 002:782.494 - 0.014ms returns 0x00
T2DB8 002:798.317 JLINK_SetBPEx(Addr = 0x00000590, Type = 0xFFFFFF00)
T2DB8 002:798.359 - 0.047ms returns 0x00000002
T2DB8 002:845.812 JLINK_ReadRegs(NumRegs = 20, Indexes: 0, 1, 2, 3, 4, 5, 6, 7, 8, 9, 10, 11, 12, 13, 14, 15, 16, 17, 18, 20)
T2DB8 002:845.869    -- R0=0x1FFE0904, R1=0x00, R2=0x00, R3=0x4001C11C, R4=0x1FFE0904, R5=0x1FFE095C, R6=0x1FFE095C, R7=0x15CCE2FF, R8=0x9B1587EB, R9=0xC5F9C597, R10=0x4087E50E, R11=0xA8A45B13, R12=0x1FFE0888, R13 (SP)=0x1FFE0650, R14=0xFFFFFFFF, R15 (PC)=0x1394, XPSR=0x1000000, MSP=0x1FFE0650, PSP=0x878373CC, CFBP=0x00
T2DB8 002:845.883 - 0.076ms returns 0x00
T2DB8 002:846.372 JLINK_ReadMem(0x00001394, 0x4 Bytes, ...)
T2DB8 002:846.426    -- Read from flash cache (4 bytes @ 0x00001394)
T2DB8 002:846.439   Data:  08 B5 00 F0
T2DB8 002:846.452 - 0.084ms returns 0
T6A80 002:878.430 JLINK_GetNumBPUnits(Type = 0xFFFFFF00)
T6A80 002:878.470 - 0.044ms returns 0x06
T6A80 002:878.481 JLINK_GetNumWPUnits()
T6A80 002:878.489 - 0.012ms returns 4
T6A80 002:878.498 JLINK_GetNumWPUnits()
T6A80 002:878.506 - 0.012ms returns 4
T6A80 002:878.804 JLINK_GetNumBPUnits(Type = 0xFFFFFF00)
T6A80 002:878.828 - 0.028ms returns 0x06
T6A80 002:878.838 JLINK_GetNumWPUnits()
T6A80 002:878.846 - 0.012ms returns 4
T6A80 002:878.856 JLINK_GetNumWPUnits()
T6A80 002:878.864 - 0.012ms returns 4
T6A80 002:879.815 JLINK_GetNumBPUnits(Type = 0xFFFFFF00)
T6A80 002:879.839 - 0.028ms returns 0x06
T6A80 002:879.849 JLINK_GetNumWPUnits()
T6A80 002:879.857 - 0.012ms returns 4
T6A80 002:879.867 JLINK_GetNumWPUnits()
T6A80 002:879.875 - 0.012ms returns 4
T6A80 002:880.628 JLINK_GetNumBPUnits(Type = 0xFFFFFF00)
T6A80 002:880.653 - 0.029ms returns 0x06
T6A80 002:880.669 JLINK_GetNumWPUnits()
T6A80 002:880.681 - 0.016ms returns 4
T6A80 002:880.691 JLINK_GetNumWPUnits()
T6A80 002:880.699 - 0.012ms returns 4
T6A80 002:881.132 JLINK_GetNumBPUnits(Type = 0xFFFFFF00)
T6A80 002:881.154 - 0.026ms returns 0x06
T6A80 002:881.164 JLINK_GetNumWPUnits()
T6A80 002:881.173 - 0.012ms returns 4
T6A80 002:881.182 JLINK_GetNumWPUnits()
T6A80 002:881.190 - 0.012ms returns 4
T6A80 002:881.491 JLINK_GetNumBPUnits(Type = 0xFFFFFF00)
T6A80 002:881.515 - 0.028ms returns 0x06
T6A80 002:881.525 JLINK_GetNumWPUnits()
T6A80 002:881.533 - 0.012ms returns 4
T6A80 002:881.542 JLINK_GetNumWPUnits()
T6A80 002:881.550 - 0.012ms returns 4
T6A80 002:881.822 JLINK_GetNumBPUnits(Type = 0xFFFFFF00)
T6A80 002:881.848 - 0.031ms returns 0x06
T6A80 002:881.859 JLINK_GetNumWPUnits()
T6A80 002:881.867 - 0.012ms returns 4
T6A80 002:881.877 JLINK_GetNumWPUnits()
T6A80 002:881.885 - 0.011ms returns 4
T6A80 002:882.130 JLINK_GetNumBPUnits(Type = 0xFFFFFF00)
T6A80 002:882.152 - 0.026ms returns 0x06
T6A80 002:882.162 JLINK_GetNumWPUnits()
T6A80 002:882.170 - 0.012ms returns 4
T6A80 002:882.180 JLINK_GetNumWPUnits()
T6A80 002:882.187 - 0.012ms returns 4
T2DB8 003:029.630 JLINK_ReadReg(XPSR)
T2DB8 003:029.674 - 0.047ms returns 0x01000000
T2DB8 003:046.023 JLINK_ReadReg(XPSR)
T2DB8 003:046.069 - 0.051ms returns 0x01000000
T2DB8 005:395.133 JLINK_STRACE_Read(..., NumItems = 0x10000)
T2DB8 005:395.635 - 0.519ms NumItemsRead = 0x00
T2DB8 005:395.722 JLINK_IsHalted()
T2DB8 005:397.083 - 1.376ms returns TRUE
T2DB8 005:397.107 JLINK_GoEx(MaxEmulInsts = 0, Flags = 0x01)
T2DB8 005:397.127   CPU_WriteMem(4 bytes @ 0xE0002000)
T2DB8 005:397.813   CPU_ReadMem(4 bytes @ 0xE0001000)
T2DB8 005:399.070   CPU_WriteMem(4 bytes @ 0xE0002008)
T2DB8 005:399.083   CPU_WriteMem(4 bytes @ 0xE000200C)
T2DB8 005:399.090   CPU_WriteMem(4 bytes @ 0xE0002010)
T2DB8 005:399.096   CPU_WriteMem(4 bytes @ 0xE0002014)
T2DB8 005:399.103   CPU_WriteMem(4 bytes @ 0xE0002018)
T2DB8 005:399.112   CPU_WriteMem(4 bytes @ 0xE000201C)
T2DB8 005:404.960   CPU_WriteMem(4 bytes @ 0xE0001004)
T2DB8 005:406.743 - 9.653ms
T2DB8 005:503.032 JLINK_IsHalted()
T2DB8 005:508.116 - 5.094ms returns TRUE
T2DB8 005:508.133 JLINK_ReadReg(XPSR)
T2DB8 005:508.140 - 0.009ms returns 0x61000000
T2DB8 005:508.145 JLINK_ReadReg(R15 (PC))
T2DB8 005:508.150 - 0.006ms returns 0x00000590
T2DB8 005:508.158 JLINK_ReadReg(XPSR)
T2DB8 005:508.162 - 0.006ms returns 0x61000000
T2DB8 005:508.167 JLINK_ReadReg(XPSR)
T2DB8 005:508.172 - 0.006ms returns 0x61000000
T2DB8 005:508.176 JLINK_ReadReg(R15 (PC))
T2DB8 005:508.181 - 0.006ms returns 0x00000590
T2DB8 005:508.186 JLINK_ReadReg(XPSR)
T2DB8 005:508.190 - 0.006ms returns 0x61000000
T2DB8 005:508.195 JLINK_ReadReg(XPSR)
T2DB8 005:508.199 - 0.006ms returns 0x61000000
T2DB8 005:508.205 JLINK_ReadMem(0x00000590, 0x1 Bytes, ...)
T2DB8 005:508.211    -- Read from flash cache (1 bytes @ 0x00000590)
T2DB8 005:508.217   Data:  08
T2DB8 005:508.224 - 0.021ms returns 0
T2DB8 005:508.229 JLINK_IsHalted()
T2DB8 005:508.233 - 0.006ms returns TRUE
T2DB8 005:508.238 JLINK_ReadReg(XPSR)
T2DB8 005:508.243 - 0.006ms returns 0x61000000
T2DB8 005:508.248 JLINK_ReadReg(XPSR)
T2DB8 005:508.252 - 0.006ms returns 0x61000000
T2DB8 005:508.257 JLINK_ReadReg(R15 (PC))
T2DB8 005:508.261 - 0.006ms returns 0x00000590
T2DB8 005:508.266 JLINK_ReadReg(XPSR)
T2DB8 005:508.271 - 0.006ms returns 0x61000000
T2DB8 005:508.276 JLINK_ReadReg(XPSR)
T2DB8 005:508.280 - 0.006ms returns 0x61000000
T2DB8 005:508.285 JLINK_ReadMem(0x00000590, 0x1 Bytes, ...)
T2DB8 005:508.289    -- Read from flash cache (1 bytes @ 0x00000590)
T2DB8 005:508.295   Data:  08
T2DB8 005:508.301 - 0.018ms returns 0
T2DB8 005:508.647 JLINK_ReadRegs(NumRegs = 20, Indexes: 0, 1, 2, 3, 4, 5, 6, 7, 8, 9, 10, 11, 12, 13, 14, 15, 16, 17, 18, 20)
T2DB8 005:508.661    -- R0=0x00, R1=0x11F, R2=0x164A, R3=0x60, R4=0x1FFE0904, R5=0x1FFE095C, R6=0x1FFE095C, R7=0x15CCE2FF, R8=0x9B1587EB, R9=0xC5F9C597, R10=0x4087E50E, R11=0xA8A45B13, R12=0x0B, R13 (SP)=0x1FFE0648, R14=0x139F, R15 (PC)=0x590, XPSR=0x61000000, MSP=0x1FFE0648, PSP=0x878373CC, CFBP=0x00
T2DB8 005:508.673 - 0.027ms returns 0x00
T2DB8 005:508.808 JLINK_ReadMem(0x00000590, 0x4 Bytes, ...)
T2DB8 005:508.815    -- Read from flash cache (4 bytes @ 0x00000590)
T2DB8 005:508.821   Data:  08 B5 FF F7
T2DB8 005:508.828 - 0.022ms returns 0
T2DB8 005:514.131 JLINK_ClrBPEx(BPHandle = 0x00000002)
T2DB8 005:514.154 - 0.026ms returns 0x00
T2DB8 005:564.715 JLINK_ReadReg(XPSR)
T2DB8 005:564.744 - 0.031ms returns 0x61000000
T2DB8 005:566.338 JLINK_ReadReg(XPSR)
T2DB8 005:566.406 - 0.071ms returns 0x61000000
T2DB8 006:488.885 JLINK_STRACE_Read(..., NumItems = 0x10000)
T2DB8 006:488.962 - 0.082ms NumItemsRead = 0x00
T2DB8 006:488.981 JLINK_IsHalted()
T2DB8 006:489.755 - 0.794ms returns TRUE
T2DB8 006:489.787 JLINK_GoEx(MaxEmulInsts = 0, Flags = 0x01)
T2DB8 006:489.848   CPU_ReadMem(4 bytes @ 0xE0001000)
T2DB8 006:491.481   CPU_WriteMem(4 bytes @ 0xE0002008)
T2DB8 006:494.313 - 4.535ms
T2DB8 006:596.122 JLINK_IsHalted()
T2DB8 006:596.859 - 0.742ms returns FALSE
T2DB8 006:596.868 JLINK_IsHalted()
T2DB8 006:597.517 - 0.667ms returns FALSE
T2DB8 006:706.014 JLINK_IsHalted()
T2DB8 006:706.845 - 0.834ms returns FALSE
T2DB8 006:706.854 JLINK_IsHalted()
T2DB8 006:707.598 - 0.747ms returns FALSE
T2DB8 006:815.665 JLINK_IsHalted()
T2DB8 006:816.363 - 0.711ms returns FALSE
T2DB8 006:816.384 JLINK_IsHalted()
T2DB8 006:816.878 - 0.498ms returns FALSE
T2DB8 006:924.268 JLINK_IsHalted()
T2DB8 006:924.919 - 0.670ms returns FALSE
T2DB8 006:924.945 JLINK_IsHalted()
T2DB8 006:925.640 - 0.704ms returns FALSE
T2DB8 007:034.157 JLINK_IsHalted()
T2DB8 007:034.842 - 0.691ms returns FALSE
T2DB8 007:034.854 JLINK_IsHalted()
T2DB8 007:035.492 - 0.641ms returns FALSE
T2DB8 007:143.672 JLINK_IsHalted()
T2DB8 007:144.424 - 0.767ms returns FALSE
T2DB8 007:144.445 JLINK_IsHalted()
T2DB8 007:145.218 - 0.776ms returns FALSE
T2DB8 007:252.666 JLINK_IsHalted()
T2DB8 007:253.350 - 0.695ms returns FALSE
T2DB8 007:253.368 JLINK_IsHalted()
T2DB8 007:255.278 - 1.923ms returns FALSE
T2DB8 007:362.182 JLINK_IsHalted()
T2DB8 007:362.765 - 0.716ms returns FALSE
T2DB8 007:362.908 JLINK_IsHalted()
T2DB8 007:363.520 - 0.622ms returns FALSE
T2DB8 007:471.525 JLINK_IsHalted()
T2DB8 007:472.118 - 0.611ms returns FALSE
T2DB8 007:472.146 JLINK_IsHalted()
T2DB8 007:472.754 - 0.617ms returns FALSE
T6A80 007:515.861 JLINK_IsHalted()
T6A80 007:516.415 - 0.563ms returns FALSE
T6A80 007:516.429 JLINK_IsHalted()
T6A80 007:517.084 - 0.659ms returns FALSE
T6A80 007:517.418 JLINK_IsHalted()
T6A80 007:517.979 - 0.572ms returns FALSE
T6A80 007:517.997 JLINK_IsHalted()
T6A80 007:519.093 - 1.107ms returns FALSE
T2DB8 007:581.392 JLINK_IsHalted()
T2DB8 007:582.480 - 1.099ms returns FALSE
T2DB8 007:582.497 JLINK_IsHalted()
T2DB8 007:583.340 - 0.852ms returns FALSE
T2DB8 007:690.220 JLINK_IsHalted()
T2DB8 007:690.926 - 0.711ms returns FALSE
T2DB8 007:690.936 JLINK_IsHalted()
T2DB8 007:691.515 - 0.581ms returns FALSE
T2DB8 007:800.081 JLINK_IsHalted()
T2DB8 007:800.694 - 0.618ms returns FALSE
T2DB8 007:800.703 JLINK_IsHalted()
T2DB8 007:801.393 - 0.692ms returns FALSE
T2DB8 007:908.871 JLINK_IsHalted()
T2DB8 007:909.613 - 0.744ms returns FALSE
T2DB8 007:909.620 JLINK_IsHalted()
T2DB8 007:910.249 - 0.630ms returns FALSE
T2DB8 008:018.843 JLINK_IsHalted()
T2DB8 008:019.506 - 0.669ms returns FALSE
T2DB8 008:019.519 JLINK_IsHalted()
T2DB8 008:020.057 - 0.547ms returns FALSE
T2DB8 008:127.914 JLINK_IsHalted()
T2DB8 008:128.725 - 0.820ms returns FALSE
T2DB8 008:128.741 JLINK_IsHalted()
T2DB8 008:129.523 - 0.793ms returns FALSE
T2DB8 008:138.085 JLINK_IsHalted()
T2DB8 008:139.027 - 0.965ms returns FALSE
T2DB8 008:139.061 JLINK_IsHalted()
T2DB8 008:139.858 - 0.808ms returns FALSE
T2DB8 008:139.907 JLINK_IsHalted()
T2DB8 008:140.741 - 0.844ms returns FALSE
T2DB8 008:140.756 JLINK_IsHalted()
T2DB8 008:141.405 - 0.660ms returns FALSE
T2DB8 008:141.428 JLINK_Halt()
T2DB8 008:146.613 - 5.197ms returns 0x00
T2DB8 008:146.652 JLINK_IsHalted()
T2DB8 008:146.659 - 0.010ms returns TRUE
T2DB8 008:146.667 JLINK_ReadReg(XPSR)
T2DB8 008:146.675 - 0.010ms returns 0x21000000
T2DB8 008:146.681 JLINK_ReadReg(R15 (PC))
T2DB8 008:146.686 - 0.007ms returns 0x000005A8
T2DB8 008:146.695 JLINK_ReadReg(XPSR)
T2DB8 008:146.700 - 0.007ms returns 0x21000000
T2DB8 008:146.705 JLINK_ReadReg(XPSR)
T2DB8 008:146.710 - 0.007ms returns 0x21000000
T2DB8 008:146.716 JLINK_ReadReg(R15 (PC))
T2DB8 008:146.721 - 0.007ms returns 0x000005A8
T2DB8 008:146.727 JLINK_ReadReg(XPSR)
T2DB8 008:146.732 - 0.007ms returns 0x21000000
T2DB8 008:146.737 JLINK_ReadReg(XPSR)
T2DB8 008:146.742 - 0.007ms returns 0x21000000
T2DB8 008:146.748 JLINK_ReadMem(0x000005A8, 0x1 Bytes, ...)
T2DB8 008:146.756    -- Read from flash cache (1 bytes @ 0x000005A8)
T2DB8 008:146.763   Data:  A3
T2DB8 008:146.771 - 0.025ms returns 0
T2DB8 008:146.777 JLINK_IsHalted()
T2DB8 008:146.782 - 0.007ms returns TRUE
T2DB8 008:146.787 JLINK_ReadReg(XPSR)
T2DB8 008:146.792 - 0.007ms returns 0x21000000
T2DB8 008:146.798 JLINK_ReadReg(XPSR)
T2DB8 008:146.803 - 0.007ms returns 0x21000000
T2DB8 008:146.808 JLINK_ReadReg(R15 (PC))
T2DB8 008:146.813 - 0.007ms returns 0x000005A8
T2DB8 008:146.819 JLINK_ReadReg(XPSR)
T2DB8 008:146.824 - 0.007ms returns 0x21000000
T2DB8 008:146.830 JLINK_ReadReg(XPSR)
T2DB8 008:146.835 - 0.007ms returns 0x21000000
T2DB8 008:146.840 JLINK_ReadMem(0x000005A8, 0x1 Bytes, ...)
T2DB8 008:146.845    -- Read from flash cache (1 bytes @ 0x000005A8)
T2DB8 008:146.852   Data:  A3
T2DB8 008:146.859 - 0.021ms returns 0
T2DB8 008:147.594 JLINK_ReadRegs(NumRegs = 20, Indexes: 0, 1, 2, 3, 4, 5, 6, 7, 8, 9, 10, 11, 12, 13, 14, 15, 16, 17, 18, 20)
T2DB8 008:147.617    -- R0=0x1FFE004C, R1=0x1FFE0000, R2=0x02, R3=0x80, R4=0x40070000, R5=0x00, R6=0x40040D00, R7=0x15CCE2FF, R8=0x9B1587EB, R9=0xC5F9C597, R10=0x4087E50E, R11=0xA8A45B13, R12=0x3A, R13 (SP)=0x1FFE0628, R14=0x00, R15 (PC)=0x5A8, XPSR=0x21000000, MSP=0x1FFE0628, PSP=0x878373CC, CFBP=0x00
T2DB8 008:147.625 - 0.033ms returns 0x00
T2DB8 008:147.810 JLINK_ReadMem(0x000005A8, 0x4 Bytes, ...)
T2DB8 008:147.818    -- Read from flash cache (4 bytes @ 0x000005A8)
T2DB8 008:147.826   Data:  A3 78 03 F0
T2DB8 008:147.833 - 0.025ms returns 0
T2DB8 008:148.229 JLINK_ReadMem(0x1FFE0000, 0x8 Bytes, ...)
T2DB8 008:148.252   CPU_ReadMem(64 bytes @ 0x1FFE0000)
T2DB8 008:149.712    -- Updating C cache (64 bytes @ 0x1FFE0000)
T2DB8 008:149.726    -- Read from C cache (8 bytes @ 0x1FFE0000)
T2DB8 008:149.733   Data:  68 00 00 00 40 01 C2 00
T2DB8 008:149.741 - 1.514ms returns 0
T2DB8 008:150.059 JLINK_ReadMem(0x1FFE0000, 0x8 Bytes, ...)
T2DB8 008:150.074    -- Read from C cache (8 bytes @ 0x1FFE0000)
T2DB8 008:150.081   Data:  68 00 00 00 40 01 C2 00
T2DB8 008:150.088 - 0.032ms returns 0
T2DB8 008:201.024 JLINK_ReadReg(XPSR)
T2DB8 008:201.068 - 0.050ms returns 0x21000000
T2DB8 008:202.315 JLINK_ReadReg(XPSR)
T2DB8 008:202.347 - 0.037ms returns 0x21000000
T2DB8 008:202.850 JLINK_ReadMem(0x1FFE0000, 0x8 Bytes, ...)
T2DB8 008:202.874    -- Read from C cache (8 bytes @ 0x1FFE0000)
T2DB8 008:202.887   Data:  68 00 00 00 40 01 C2 00
T2DB8 008:202.898 - 0.052ms returns 0
T6A80 009:154.189 JLINK_IsHalted()
T6A80 009:154.892 - 0.715ms returns TRUE
T6A80 009:154.913 JLINK_ReadReg(XPSR)
T6A80 009:154.923 - 0.013ms returns 0x21000000
T6A80 009:154.929 JLINK_ReadReg(R15 (PC))
T6A80 009:154.935 - 0.007ms returns 0x000005A8
T6A80 009:154.944 JLINK_ReadReg(XPSR)
T6A80 009:154.949 - 0.007ms returns 0x21000000
T6A80 009:154.954 JLINK_ReadReg(XPSR)
T6A80 009:154.959 - 0.007ms returns 0x21000000
T6A80 009:154.965 JLINK_ReadReg(R15 (PC))
T6A80 009:154.970 - 0.007ms returns 0x000005A8
T6A80 009:154.976 JLINK_ReadReg(XPSR)
T6A80 009:154.981 - 0.008ms returns 0x21000000
T6A80 009:154.987 JLINK_ReadReg(XPSR)
T6A80 009:154.991 - 0.006ms returns 0x21000000
T6A80 009:154.996 JLINK_ReadMem(0x000005A8, 0x1 Bytes, ...)
T6A80 009:155.003    -- Read from flash cache (1 bytes @ 0x000005A8)
T6A80 009:155.010   Data:  A3
T6A80 009:155.074 - 0.080ms returns 0
T6A80 009:155.081 JLINK_IsHalted()
T6A80 009:155.086 - 0.007ms returns TRUE
T6A80 009:155.091 JLINK_ReadReg(XPSR)
T6A80 009:155.096 - 0.007ms returns 0x21000000
T6A80 009:155.102 JLINK_ReadReg(XPSR)
T6A80 009:155.108 - 0.008ms returns 0x21000000
T6A80 009:155.113 JLINK_ReadReg(R15 (PC))
T6A80 009:155.118 - 0.007ms returns 0x000005A8
T6A80 009:155.124 JLINK_ReadReg(XPSR)
T6A80 009:155.129 - 0.007ms returns 0x21000000
T6A80 009:155.134 JLINK_ReadReg(XPSR)
T6A80 009:155.139 - 0.007ms returns 0x21000000
T6A80 009:155.145 JLINK_ReadMem(0x000005A8, 0x1 Bytes, ...)
T6A80 009:155.150    -- Read from flash cache (1 bytes @ 0x000005A8)
T6A80 009:155.157   Data:  A3
T6A80 009:155.165 - 0.022ms returns 0
T6A80 009:155.214 JLINK_WriteMem(0xE0001FB0, 0x4 Bytes, ...)
T6A80 009:155.219   Data:  55 CE AC C5
T6A80 009:155.441   CPU_WriteMem(4 bytes @ 0xE0001FB0)
T6A80 009:156.343 - 1.143ms returns 0x4
T6A80 009:156.364 JLINK_WriteMem(0xE0001000, 0x4 Bytes, ...)
T6A80 009:156.369   Data:  01 00 00 48
T6A80 009:156.377   Debug reg: DWT_CTRL
T6A80 009:156.389   CPU_WriteMem(4 bytes @ 0xE0001000)
T6A80 009:157.079 - 0.726ms returns 0x4
T6A80 009:157.101 JLINK_ReadMem(0xE0001000, 0x4 Bytes, ...)
T6A80 009:157.116   CPU_ReadMem(4 bytes @ 0xE0001000)
T6A80 009:157.828   Data:  01 00 00 40
T6A80 009:157.846   Debug reg: DWT_CTRL
T6A80 009:157.853 - 0.754ms returns 0
T6A80 009:157.866 JLINK_WriteMem(0xE0001004, 0x4 Bytes, ...)
T6A80 009:157.872   Data:  00 00 00 00
T6A80 009:157.879   Debug reg: DWT_CYCCNT
T6A80 009:157.892 - 0.029ms returns 0x4
T6A80 009:158.001 JLINK_ReadMem(0xE0001004, 0x4 Bytes, ...)
T6A80 009:158.022   Data:  00 00 00 00
T6A80 009:158.030   Debug reg: DWT_CYCCNT
T6A80 009:158.037 - 0.038ms returns 0
T2DB8 009:610.120 JLINK_ReadReg(XPSR)
T2DB8 009:610.160 - 0.045ms returns 0x21000000
T2DB8 009:610.944 JLINK_ReadReg(XPSR)
T2DB8 009:610.980 - 0.038ms returns 0x21000000
T2DB8 009:628.734 JLINK_ReadReg(XPSR)
T2DB8 009:628.772 - 0.040ms returns 0x21000000
T44AC 010:116.974 JLINK_Halt()
T44AC 010:117.665 - 0.710ms returns 0x00
T44AC 010:117.696 JLINK_ReadReg(XPSR)
T44AC 010:117.708 - 0.014ms returns 0x21000000
T44AC 010:121.200 JLINK_Close()
T44AC 010:122.300   OnDisconnectTarget() start
T44AC 010:122.327    J-Link Script File: Executing OnDisconnectTarget()
T44AC 010:122.334   Restoring low power mode settings.
T44AC 010:126.640   OnDisconnectTarget() end
T44AC 010:155.082 - 33.912ms
T44AC 010:155.121   
T44AC 010:155.131   Closed
