T4B04 000:001.991   SEGGER J-Link V7.84d Log File
T4B04 000:002.088   DLL Compiled: Jan 25 2023 15:51:00
T4B04 000:002.093   Logging started @ 2023-03-01 06:32
T4B04 000:002.098 - 2.101ms
T4B04 000:002.109 JLINK_GetDLLVersion()
T4B04 000:002.115 - 0.008ms returns 78404
T4B04 000:002.869 JLINK_OpenEx(...)
T4B04 000:029.552   Firmware: J-Link OB-S124 compiled Dec  7 2022 12:53:45
T4B04 000:030.055   Firmware: J-Link OB-S124 compiled Dec  7 2022 12:53:45
T4B04 000:053.727   Hardware: V1.00
T4B04 000:053.751   S/N: 831116025
T4B04 000:053.760   OEM: SEGGER
T4B04 000:053.768   Feature(s): None
T4B04 000:056.252   TELNET listener socket opened on port 19021
T4B04 000:056.397   WEBSRV WEBSRV_Init(): Starting webserver thread(s)
T4B04 000:056.788   WEBSRV Webserver running on local port 19080
T4B04 000:079.962 - 77.114ms returns "O.K."
T4B04 000:080.839 JLINK_ExecCommand("ProjectFile=C:\Users\ferdi.kurnaz\e2_studio\workspace\Blink_deneme_4/Blink_deneme_4 Debug_Flat.jlink", ...). 
T4B04 000:104.551 - 23.726ms returns 0x00
T4B04 000:105.499 JLINK_ExecCommand("device=R7FA6M2AF", ...). 
T4B04 000:108.804   Device "R7FA6M2AF" selected.
T4B04 000:112.063 - 6.554ms returns 0x00
T4B04 000:112.123 JLINK_ExecCommand("SetCPUConnectIDCODE = FFFFFFFFFFFFFFFFFFFFFFFFFFFFFFFF", ...). 
T4B04 000:112.133 - 0.005ms returns 0x00
T4B04 000:112.138 JLINK_TIF_GetAvailable(...)
T4B04 000:112.650 - 0.521ms
T4B04 000:112.665 JLINK_TIF_Select(JLINKARM_TIF_SWD)
T4B04 000:113.911 - 1.256ms returns 0x00
T4B04 000:113.931 JLINK_SetSpeed(4000)
T4B04 000:114.095 - 0.167ms
T4B04 000:114.103 JLINK_SetEndian(ARM_ENDIAN_LITTLE)
T4B04 000:114.108 - 0.008ms returns 0
T4B04 000:114.116 JLINK_SetInitRegsOnReset(OFF)
T4B04 000:114.121 - 0.007ms returns 1
T4B04 000:114.127 JLINK_SetResetType(JLINKARM_RESET_TYPE_NO_RESET)
T4B04 000:114.133 - 0.008ms returns JLINKARM_RESET_TYPE_NORMAL
T4B04 000:114.140 JLINK_ExecCommand("EnableFlashBPs", ...). 
T4B04 000:114.147 - 0.003ms returns 0x00
T4B04 000:114.154 JLINK_ExecCommand("SetAllowFlashCache = 1", ...). 
T4B04 000:114.161 - 0.003ms returns 0x01
T4B04 000:114.167 JLINK_ExecCommand("SetRestartOnClose = 0", ...). 
T4B04 000:114.174 - 0.003ms returns 0x01
T4B04 000:114.182 JLINK_EnableSoftBPs(ON)
T4B04 000:114.188 - 0.008ms
T4B04 000:114.194 JLINK_Connect()
T4B04 000:114.458   InitTarget() start
T4B04 000:114.467    J-Link Script File: Executing InitTarget()
T4B04 000:114.478   Identifying target device...
T4B04 000:114.486   SWD selected. Executing JTAG -> SWD switching sequence...
T4B04 000:115.273   Initializing DAP...
T4B04 000:120.604   Low power mode detected. Waking device from low power mode.
T4B04 000:124.656   InitTarget() end
T4B04 000:125.768   Found SW-DP with ID 0x5BA02477
T4B04 000:129.523   DPIDR: 0x5BA02477
T4B04 000:129.531   CoreSight SoC-400 or earlier
T4B04 000:129.539   Scanning AP map to find all available APs
T4B04 000:131.383   AP[2]: Stopped AP scan as end of AP map has been reached
T4B04 000:131.394   AP[0]: AHB-AP (IDR: 0x24770011)
T4B04 000:131.401   AP[1]: APB-AP (IDR: 0x44770002)
T4B04 000:131.409   Iterating through AP map to find AHB-AP to use
T4B04 000:132.988   AP[0]: Core found
T4B04 000:132.997   AP[0]: AHB-AP ROM base: 0xE00FF000
T4B04 000:133.846   CPUID register: 0x410FC241. Implementer code: 0x41 (ARM)
T4B04 000:133.856   Found Cortex-M4 r0p1, Little endian.
T4B04 000:134.527   -- Max. mem block: 0x00001B68
T4B04 000:134.676   CPU_ReadMem(4 bytes @ 0xE000EDF0)
T4B04 000:135.963   CPU_ReadMem(4 bytes @ 0xE0002000)
T4B04 000:136.654   FPUnit: 6 code (BP) slots and 2 literal slots
T4B04 000:136.662   CPU_ReadMem(4 bytes @ 0xE000EDFC)
T4B04 000:137.278   CPU_ReadMem(4 bytes @ 0xE0001000)
T4B04 000:137.861   CPU_WriteMem(4 bytes @ 0xE0001000)
T4B04 000:138.514   CPU_ReadMem(4 bytes @ 0xE000ED88)
T4B04 000:139.052   CPU_WriteMem(4 bytes @ 0xE000ED88)
T4B04 000:139.704   CPU_ReadMem(4 bytes @ 0xE000ED88)
T4B04 000:140.324   CPU_WriteMem(4 bytes @ 0xE000ED88)
T4B04 000:140.922   CoreSight components:
T4B04 000:140.932   ROMTbl[0] @ E00FF000
T4B04 000:140.980   CPU_ReadMem(64 bytes @ 0xE00FF000)
T4B04 000:142.372   CPU_ReadMem(32 bytes @ 0xE000EFE0)
T4B04 000:143.371   [0][0]: E000E000 CID B105E00D PID 000BB00C SCS-M7
T4B04 000:143.381   CPU_ReadMem(32 bytes @ 0xE0001FE0)
T4B04 000:144.382   [0][1]: E0001000 CID B105E00D PID 003BB002 DWT
T4B04 000:144.390   CPU_ReadMem(32 bytes @ 0xE0002FE0)
T4B04 000:145.330   [0][2]: E0002000 CID B105E00D PID 002BB003 FPB
T4B04 000:145.338   CPU_ReadMem(32 bytes @ 0xE0000FE0)
T4B04 000:146.402   [0][3]: E0000000 CID B105E00D PID 003BB001 ITM
T4B04 000:146.410   CPU_ReadMem(32 bytes @ 0xE0040FE0)
T4B04 000:147.307   [0][4]: E0040000 CID B105900D PID 000BB9A1 TPIU
T4B04 000:147.325   CPU_ReadMem(32 bytes @ 0xE0041FE0)
T4B04 000:148.285   [0][5]: E0041000 CID B105900D PID 000BB925 ETM
T4B04 000:148.293   CPU_ReadMem(32 bytes @ 0xE0042FE0)
T4B04 000:149.300   [0][6]: E0042000 CID B105900D PID 002BB908 CSTF
T4B04 000:149.307   CPU_ReadMem(32 bytes @ 0xE0043FE0)
T4B04 000:150.302   [0][7]: E0043000 CID B105900D PID 001BB961 TMC
T4B04 000:150.309   CPU_ReadMem(32 bytes @ 0xE0044FE0)
T4B04 000:151.243   [0][8]: E0044000 CID B105F00D PID 001BB101 TSG
T4B04 000:151.266 - 37.074ms returns 0x00
T4B04 000:151.313 JLINK_ResetPullsRESET(ON)
T4B04 000:151.319 - 0.008ms
T4B04 000:151.326 JLINK_Halt()
T4B04 000:156.158 - 4.835ms returns 0x00
T4B04 000:156.165 JLINK_IsHalted()
T4B04 000:156.172 - 0.009ms returns TRUE
T4B04 000:156.177 JLINK_Reset()
T4B04 000:156.191   CPU_WriteMem(4 bytes @ 0xE000EDF0)
T4B04 000:156.846   CPU_WriteMem(4 bytes @ 0xE000EDFC)
T4B04 000:157.526   Reset: Halt core after reset via DEMCR.VC_CORERESET.
T4B04 000:158.371   Reset: Reset device via AIRCR.SYSRESETREQ.
T4B04 000:158.379   CPU_WriteMem(4 bytes @ 0xE000ED0C)
T4B04 000:212.338   CPU_ReadMem(4 bytes @ 0xE000EDF0)
T4B04 000:212.926   CPU_ReadMem(4 bytes @ 0xE000EDF0)
T4B04 000:213.726   CPU_WriteMem(4 bytes @ 0xE000EDFC)
T4B04 000:220.339   CPU_ReadMem(4 bytes @ 0xE000EDF0)
T4B04 000:225.724   CPU_WriteMem(4 bytes @ 0xE0002000)
T4B04 000:226.342   CPU_ReadMem(4 bytes @ 0xE000EDFC)
T4B04 000:227.077   CPU_ReadMem(4 bytes @ 0xE0001000)
T4B04 000:227.679 - 71.504ms
T4B04 000:227.719 JLINK_SetEndian(ARM_ENDIAN_LITTLE)
T4B04 000:227.724 - 0.006ms returns 0
T4B04 000:227.749 JLINK_ReadMemEx(0x407FB19C, 0x8 Bytes, Flags = 0x00000004)
T4B04 000:227.759   CPU_ReadMem(8 bytes @ 0x407FB19C)
T4B04 000:228.452   Data:  00 70 00 01 00 00 00 00
T4B04 000:228.459 - 0.712ms returns 8 (0x8)
T4B04 000:228.473 JLINK_ReadMem(0x01007024, 0x10 Bytes, ...)
T4B04 000:228.480   CPU_ReadMem(16 bytes @ 0x01007024)
T4B04 000:229.212   Data:  52 37 46 41 36 4D 32 41 46 33 43 46 42 20 20 20
T4B04 000:229.219 - 0.747ms returns 0
T4B04 000:229.229 JLINK_IsHalted()
T4B04 000:229.234 - 0.006ms returns TRUE
T4B04 000:229.722 JLINK_MeasureCPUSpeed(RAMAddr = 0xFFFFFFFF)
T4B04 000:229.738   CPU_ReadMem(16 bytes @ 0x1FFE0000)
T4B04 000:230.834   CPU_ReadMem(64 bytes @ 0x1FFE0000)
T4B04 000:232.210    -- Updating C cache (64 bytes @ 0x1FFE0000)
T4B04 000:232.219    -- Read from C cache (6 bytes @ 0x1FFE0000)
T4B04 000:232.227   CPU_ReadMem(4 bytes @ 0xE000ED90)
T4B04 000:232.824   CPU_ReadMem(4 bytes @ 0xE000ED94)
T4B04 000:233.446   CPU_WriteMem(16 bytes @ 0x1FFE0000)
T4B04 000:234.257   CPU_WriteMem(6 bytes @ 0x1FFE0000)
T4B04 000:235.004   CPU_ReadMem(64 bytes @ 0x1FFE0000)
T4B04 000:236.360    -- Updating C cache (64 bytes @ 0x1FFE0000)
T4B04 000:236.367    -- Read from C cache (6 bytes @ 0x1FFE0000)
T4B04 000:236.377   CPU_WriteMem(4 bytes @ 0xE0002008)
T4B04 000:236.384   CPU_WriteMem(4 bytes @ 0xE000200C)
T4B04 000:236.390   CPU_WriteMem(4 bytes @ 0xE0002010)
T4B04 000:236.396   CPU_WriteMem(4 bytes @ 0xE0002014)
T4B04 000:236.403   CPU_WriteMem(4 bytes @ 0xE0002018)
T4B04 000:236.409   CPU_WriteMem(4 bytes @ 0xE000201C)
T4B04 000:247.553   CPU_WriteMem(4 bytes @ 0xE0002008)
T4B04 000:248.227   CPU_WriteMem(4 bytes @ 0xE000200C)
T4B04 000:248.975   CPU_WriteMem(4 bytes @ 0xE0002010)
T4B04 000:249.595   CPU_WriteMem(4 bytes @ 0xE0002014)
T4B04 000:250.256   CPU_WriteMem(4 bytes @ 0xE0002018)
T4B04 000:250.969   CPU_WriteMem(4 bytes @ 0xE000201C)
T4B04 000:279.936   CPU_WriteMem(6 bytes @ 0x1FFE0000)
T4B04 000:280.922   ClockFreq: 2079150 Hz
T4B04 000:281.005 - 51.304ms returns 2079150
T4B04 000:281.041 JLINK_ReadReg(XPSR)
T4B04 000:281.052 - 0.013ms returns 0x01000000
T3548 000:367.447 JLINK_ReadReg(XPSR)
T3548 000:367.477 - 0.033ms returns 0x01000000
T3548 000:399.093 JLINK_ReadReg(XPSR)
T3548 000:399.136 - 0.046ms returns 0x01000000
T3548 000:400.134 JLINK_ReadReg(XPSR)
T3548 000:400.161 - 0.032ms returns 0x01000000
T3548 000:573.537 JLINK_SetEndian(ARM_ENDIAN_LITTLE)
T3548 000:573.562 - 0.029ms returns 0
T3548 000:573.749 JLINK_BeginDownload(Flags = 0x00000000)
T3548 000:573.766 - 0.022ms
T3548 000:591.896 JLINK_WriteMem(0x00000000, 0xBC0 Bytes, ...)
T3548 000:591.917   Data:  98 04 FE 1F A5 0C 00 00 8D 0B 00 00 A1 0C 00 00 ...
T3548 000:592.168   completely In flash
T3548 000:592.179 - 0.286ms returns 0xBC0
T3548 000:592.466 JLINK_WriteMem(0x00000BC0, 0x3F8 Bytes, ...)
T3548 000:592.478   Data:  44 00 FE 1F 10 B4 07 4A 07 4C 00 23 03 F1 C0 01 ...
T3548 000:592.489   completely In flash
T3548 000:592.497 - 0.033ms returns 0x3F8
T3548 000:592.774 JLINK_WriteMem(0x00000FB8, 0x8 Bytes, ...)
T3548 000:592.795   Data:  25 05 00 00 01 05 00 00
T3548 000:592.811   completely In flash
T3548 000:592.823 - 0.052ms returns 0x8
T3548 000:593.186 JLINK_WriteMem(0x0100A150, 0x10 Bytes, ...)
T3548 000:593.206   Data:  FF FF FF FF FF FF FF FF FF FF FF FF FF FF FF FF
T3548 000:593.594   completely In flash
T3548 000:593.613 - 0.432ms returns 0x10
T3548 000:596.205 JLINK_EndDownload()
T3548 000:596.246   Old firmware which does not support pausing periodic actions during flash download
T3548 000:596.270   CPU_ReadMem(4 bytes @ 0xE000ED90)
T3548 000:596.928   CPU_ReadMem(4 bytes @ 0xE000ED94)
T3548 000:597.610    -- --------------------------------------
T3548 000:597.633   Flash bank @ 0x0100A150: Default: L2 verify disabled because algorithm performs L1 verify
T3548 000:597.641    -- Start of determining dirty areas in flash cache
T3548 000:597.653    -- Filling invalid ranges in sector buffer (flash cache) for sector @ 0x0100A150 if necessary
T3548 000:597.671    -- End of determining dirty areas
T3548 000:597.679    -- Start of preparing flash programming
T3548 000:597.689    -- Calculating RAM usage
T3548 000:597.758    -- RAM usage = 3572 Bytes
T3548 000:597.766    -- Preserving CPU registers
T3548 000:597.786    -- Determining CPU clock frequency
T3548 000:645.579    -- Preparing target
T3548 000:646.755    -- Preserving target RAM temporarily used for programming
T3548 000:688.009    -- Downloading RAMCode
T3548 000:734.473    -- Preparing RAMCode
T3548 000:747.371    -- Checking target RAM
T3548 000:749.112    -- CPU frequency = 100000 kHz
T3548 000:749.127    -- End of preparing flash programming
T3548 000:749.257   Looking for J-Link GUI Server exe at: C:\Users\ferdi.kurnaz\.eclipse\com.renesas.platform_491468003\DebugComp\RA\ARM\Segger_v7.84.4\JLinkGUIServer.exe
T3548 000:749.447   Looking for J-Link GUI Server exe at: C:\Users\ferdi.kurnaz\SEGGER\JLink\JLinkGUIServer.exe
T3548 001:051.044   Failed to connect to J-Link GUI Server.
T3548 001:060.640    -- CPU is running at 100000 kHz.
T3548 001:060.665    -- Start of comparing flash
T3548 001:060.675    -- CRC check was estimated as fastest method
T3548 001:060.687    -- Comparing range 0x100A150 - 0x100A16F (1 Sector, 32 Bytes), using multi-block CRC calculation
T3548 001:069.849    -- All CRCs match
T3548 001:069.884    -- Comparing range 0x100A150 - 0x100A16F (1 Sector, 32 Bytes), using alternative multi-block CRC calculation
T3548 001:072.796    -- All CRCs match
T3548 001:072.827    -- End of comparing flash
T3548 001:072.840    -- Start of erasing sectors
T3548 001:072.853    -- End of erasing sectors
T3548 001:072.864    -- Start of flash programming
T3548 001:072.876    -- End of flash programming
T3548 001:072.887    -- Start of restoring
T3548 001:072.905    -- Restoring RAMCode
T3548 001:079.612    -- Restoring target memory
T3548 001:115.583    -- Restore target
T3548 001:115.611    -- Restoring CPU registers
T3548 001:115.630    -- End of restoring
T3548 001:115.639    -- Bank 0 @ 0x0100A150: Skipped. Contents already match
T3548 001:115.647    -- Bank 0 @ 0x0100A150: Skipped. Contents already match
T3548 001:117.326    -- --------------------------------------
T3548 001:117.368   Flash bank @ 0x00000000: Default: L2 verify disabled because algorithm performs L1 verify
T3548 001:117.380    -- Start of determining dirty areas in flash cache
T3548 001:117.394    -- Filling invalid ranges in sector buffer (flash cache) for sector @ 0x00000000 if necessary
T3548 001:117.605    -- End of determining dirty areas
T3548 001:117.643    -- Start of preparing flash programming
T3548 001:117.682    -- Calculating RAM usage
T3548 001:117.705    -- RAM usage = 3476 Bytes
T3548 001:117.718    -- Preserving CPU registers
T3548 001:117.785    -- Determining CPU clock frequency
T3548 001:161.034    -- Preparing target
T3548 001:162.262    -- Preserving target RAM temporarily used for programming
T3548 001:202.526    -- Downloading RAMCode
T3548 001:249.096    -- Preparing RAMCode
T3548 001:263.058    -- Checking target RAM
T3548 001:264.897    -- CPU frequency = 100000 kHz
T3548 001:264.916    -- End of preparing flash programming
T3548 001:271.924    -- CPU is running at 100000 kHz.
T3548 001:271.953    -- Start of comparing flash
T3548 001:271.961    -- CRC check was estimated as fastest method
T3548 001:271.973    -- Comparing range 0x0000 - 0x1FFF (1 Sector, 8 KB), using multi-block CRC calculation
T3548 001:278.745    -- All CRCs match
T3548 001:278.777    -- Comparing range 0x0000 - 0x1FFF (1 Sector, 8 KB), using alternative multi-block CRC calculation
T3548 001:284.808    -- All CRCs match
T3548 001:284.868    -- End of comparing flash
T3548 001:284.927    -- Start of erasing sectors
T3548 001:284.946    -- End of erasing sectors
T3548 001:284.959    -- Start of flash programming
T3548 001:284.970    -- End of flash programming
T3548 001:284.982    -- Start of restoring
T3548 001:284.994    -- Restoring RAMCode
T3548 001:291.785    -- Restoring target memory
T3548 001:326.988    -- Restore target
T3548 001:327.023    -- Restoring CPU registers
T3548 001:327.041    -- End of restoring
T3548 001:327.050    -- Bank 1 @ 0x00000000: Skipped. Contents already match
T3548 001:327.058    -- Bank 1 @ 0x00000000: Skipped. Contents already match
T3548 001:338.229 - 742.045ms returns 0 (0x0)
T3548 001:338.930 JLINK_WriteReg(R15 (PC), 0x00000CA4)
T3548 001:338.958 - 0.032ms returns 0
T3548 001:338.971 JLINK_WriteReg(XPSR, 0x01000000)
T3548 001:338.980 - 0.013ms returns 0
T3548 001:338.995 JLINK_ResetPullsRESET(ON)
T3548 001:339.004 - 0.012ms
T3548 001:339.013 JLINK_Halt()
T3548 001:339.022 - 0.013ms returns 0x00
T3548 001:339.032 JLINK_IsHalted()
T3548 001:339.041 - 0.013ms returns TRUE
T3548 001:339.050 JLINK_Reset()
T3548 001:339.087   CPU_WriteMem(4 bytes @ 0xE000EDF0)
T3548 001:339.899   CPU_WriteMem(4 bytes @ 0xE000EDFC)
T3548 001:340.642   Reset: Halt core after reset via DEMCR.VC_CORERESET.
T3548 001:342.891   Reset: Reset device via AIRCR.SYSRESETREQ.
T3548 001:342.912   CPU_WriteMem(4 bytes @ 0xE000ED0C)
T3548 001:398.918   CPU_ReadMem(4 bytes @ 0xE000EDF0)
T3548 001:399.580   CPU_ReadMem(4 bytes @ 0xE000EDF0)
T3548 001:400.410   CPU_WriteMem(4 bytes @ 0xE000EDFC)
T3548 001:406.689   CPU_ReadMem(4 bytes @ 0xE000EDF0)
T3548 001:412.313   CPU_WriteMem(4 bytes @ 0xE0002000)
T3548 001:413.018   CPU_ReadMem(4 bytes @ 0xE000EDFC)
T3548 001:413.633   CPU_ReadMem(4 bytes @ 0xE0001000)
T3548 001:414.790 - 75.757ms
T3548 001:414.826 JLINK_SetEndian(ARM_ENDIAN_LITTLE)
T3548 001:414.835 - 0.012ms returns 0
T3548 001:416.317 JLINK_ResetPullsRESET(ON)
T3548 001:416.344 - 0.031ms
T3548 001:416.354 JLINK_Halt()
T3548 001:416.363 - 0.013ms returns 0x00
T3548 001:416.373 JLINK_IsHalted()
T3548 001:416.436 - 0.067ms returns TRUE
T3548 001:416.446 JLINK_Reset()
T3548 001:416.466   CPU_WriteMem(4 bytes @ 0xE000EDF0)
T3548 001:417.266   CPU_WriteMem(4 bytes @ 0xE000EDFC)
T3548 001:418.027   Reset: Halt core after reset via DEMCR.VC_CORERESET.
T3548 001:418.999   Reset: Reset device via AIRCR.SYSRESETREQ.
T3548 001:419.045   CPU_WriteMem(4 bytes @ 0xE000ED0C)
T3548 001:474.496   CPU_ReadMem(4 bytes @ 0xE000EDF0)
T3548 001:475.225   CPU_ReadMem(4 bytes @ 0xE000EDF0)
T3548 001:476.020   CPU_WriteMem(4 bytes @ 0xE000EDFC)
T3548 001:481.795   CPU_ReadMem(4 bytes @ 0xE000EDF0)
T3548 001:487.498   CPU_WriteMem(4 bytes @ 0xE0002000)
T3548 001:488.331   CPU_ReadMem(4 bytes @ 0xE000EDFC)
T3548 001:489.174   CPU_ReadMem(4 bytes @ 0xE0001000)
T3548 001:490.026 - 73.590ms
T3548 001:490.052 JLINK_SetEndian(ARM_ENDIAN_LITTLE)
T3548 001:490.059 - 0.009ms returns 0
T3548 001:492.022 JLINK_ReadMem(0x00000CA4, 0x4 Bytes, ...)
T3548 001:492.040    -- Read from flash cache (4 bytes @ 0x00000CA4)
T3548 001:492.048   Data:  08 B5 00 F0
T3548 001:492.056 - 0.037ms returns 0
T3548 001:497.110 JLINK_ReadReg(XPSR)
T3548 001:497.145 - 0.037ms returns 0x01000000
T3548 001:567.311 JLINK_ReadReg(XPSR)
T3548 001:567.349 - 0.040ms returns 0x01000000
T3548 001:579.813 JLINK_FindBP(Addr = 0x00000588)
T3548 001:579.842 - 0.084ms returns 0
T3548 001:579.951 JLINK_GetNumBPUnits(Type = 0xFFFFFF00)
T3548 001:579.966 - 0.019ms returns 0x06
T3548 001:579.977 JLINK_GetNumWPUnits()
T3548 001:579.985 - 0.012ms returns 4
T3548 001:580.013 JLINK_GetNumWPUnits()
T3548 001:580.022 - 0.011ms returns 4
T3548 001:580.044 JLINK_GetNumBPUnits(Type = 0xFFFFFF00)
T3548 001:580.050 - 0.008ms returns 0x06
T3548 001:580.056 JLINK_GetNumWPUnits()
T3548 001:580.061 - 0.007ms returns 4
T3548 001:580.067 JLINK_GetNumWPUnits()
T3548 001:580.071 - 0.007ms returns 4
T3548 001:580.081 JLINK_GetNumBPUnits(Type = 0xFFFFFF00)
T3548 001:580.086 - 0.007ms returns 0x06
T3548 001:580.092 JLINK_GetNumWPUnits()
T3548 001:580.097 - 0.007ms returns 4
T3548 001:580.102 JLINK_GetNumWPUnits()
T3548 001:580.112 - 0.012ms returns 4
T3548 001:580.220 JLINK_SetBPEx(Addr = 0x00000588, Type = 0xFFFFFF00)
T3548 001:580.233 - 0.015ms returns 0x00000001
T3548 001:580.243 JLINK_ClrBPEx(BPHandle = 0x00000001)
T3548 001:580.249 - 0.008ms returns 0x00
T3548 001:611.575 JLINK_SetBPEx(Addr = 0x00000588, Type = 0xFFFFFF00)
T3548 001:611.617 - 0.047ms returns 0x00000002
T3548 001:676.672 JLINK_ReadRegs(NumRegs = 20, Indexes: 0, 1, 2, 3, 4, 5, 6, 7, 8, 9, 10, 11, 12, 13, 14, 15, 16, 17, 18, 20)
T3548 001:676.719    -- R0=0x1FFE0904, R1=0x00, R2=0x00, R3=0x4001C11C, R4=0x1FFE0904, R5=0x1FFE095C, R6=0x1FFE095C, R7=0x15CCE2FF, R8=0x9B15C6AB, R9=0x3727FF03, R10=0x4087E50E, R11=0xA0A45B13, R12=0x1FFE0888, R13 (SP)=0x1FFE0498, R14=0xFFFFFFFF, R15 (PC)=0xCA4, XPSR=0x1000000, MSP=0x1FFE0498, PSP=0x99BFDB88, CFBP=0x00
T3548 001:676.746 - 0.099ms returns 0x00
T3548 001:677.141 JLINK_ReadMem(0x00000CA4, 0x4 Bytes, ...)
T3548 001:677.161    -- Read from flash cache (4 bytes @ 0x00000CA4)
T3548 001:677.169   Data:  08 B5 00 F0
T3548 001:677.177 - 0.038ms returns 0
T32E8 001:702.404 JLINK_GetNumBPUnits(Type = 0xFFFFFF00)
T32E8 001:702.441 - 0.041ms returns 0x06
T32E8 001:702.452 JLINK_GetNumWPUnits()
T32E8 001:702.460 - 0.012ms returns 4
T32E8 001:702.470 JLINK_GetNumWPUnits()
T32E8 001:702.477 - 0.011ms returns 4
T32E8 001:703.329 JLINK_GetNumBPUnits(Type = 0xFFFFFF00)
T32E8 001:703.352 - 0.025ms returns 0x06
T32E8 001:703.359 JLINK_GetNumWPUnits()
T32E8 001:703.364 - 0.007ms returns 4
T32E8 001:703.370 JLINK_GetNumWPUnits()
T32E8 001:703.375 - 0.007ms returns 4
T32E8 001:704.049 JLINK_GetNumBPUnits(Type = 0xFFFFFF00)
T32E8 001:704.064 - 0.017ms returns 0x06
T32E8 001:704.071 JLINK_GetNumWPUnits()
T32E8 001:704.075 - 0.007ms returns 4
T32E8 001:704.081 JLINK_GetNumWPUnits()
T32E8 001:704.086 - 0.007ms returns 4
T32E8 001:704.678 JLINK_GetNumBPUnits(Type = 0xFFFFFF00)
T32E8 001:704.707 - 0.033ms returns 0x06
T32E8 001:704.717 JLINK_GetNumWPUnits()
T32E8 001:704.790 - 0.077ms returns 4
T32E8 001:704.801 JLINK_GetNumWPUnits()
T32E8 001:704.809 - 0.011ms returns 4
T32E8 001:705.160 JLINK_GetNumBPUnits(Type = 0xFFFFFF00)
T32E8 001:705.177 - 0.019ms returns 0x06
T32E8 001:705.183 JLINK_GetNumWPUnits()
T32E8 001:705.188 - 0.007ms returns 4
T32E8 001:705.194 JLINK_GetNumWPUnits()
T32E8 001:705.198 - 0.007ms returns 4
T32E8 001:705.395 JLINK_GetNumBPUnits(Type = 0xFFFFFF00)
T32E8 001:705.402 - 0.010ms returns 0x06
T32E8 001:705.408 JLINK_GetNumWPUnits()
T32E8 001:705.413 - 0.007ms returns 4
T32E8 001:705.418 JLINK_GetNumWPUnits()
T32E8 001:705.423 - 0.007ms returns 4
T32E8 001:705.578 JLINK_GetNumBPUnits(Type = 0xFFFFFF00)
T32E8 001:705.585 - 0.009ms returns 0x06
T32E8 001:705.590 JLINK_GetNumWPUnits()
T32E8 001:705.595 - 0.007ms returns 4
T32E8 001:705.600 JLINK_GetNumWPUnits()
T32E8 001:705.605 - 0.007ms returns 4
T32E8 001:705.808 JLINK_GetNumBPUnits(Type = 0xFFFFFF00)
T32E8 001:705.829 - 0.025ms returns 0x06
T32E8 001:705.839 JLINK_GetNumWPUnits()
T32E8 001:705.868 - 0.032ms returns 4
T32E8 001:705.877 JLINK_GetNumWPUnits()
T32E8 001:705.881 - 0.007ms returns 4
T3548 001:706.961 JLINK_ReadReg(XPSR)
T3548 001:706.981 - 0.023ms returns 0x01000000
T3548 001:707.893 JLINK_ReadReg(XPSR)
T3548 001:707.916 - 0.027ms returns 0x01000000
T3548 004:854.484 JLINK_STRACE_Read(..., NumItems = 0x10000)
T3548 004:854.913 - 0.448ms NumItemsRead = 0x00
T3548 004:854.946 JLINK_IsHalted()
T3548 004:855.545 - 0.617ms returns TRUE
T3548 004:855.573 JLINK_GoEx(MaxEmulInsts = 0, Flags = 0x01)
T3548 004:855.597   CPU_WriteMem(4 bytes @ 0xE0002000)
T3548 004:856.303   CPU_ReadMem(4 bytes @ 0xE0001000)
T3548 004:857.010   CPU_WriteMem(4 bytes @ 0xE0002008)
T3548 004:857.032   CPU_WriteMem(4 bytes @ 0xE000200C)
T3548 004:857.045   CPU_WriteMem(4 bytes @ 0xE0002010)
T3548 004:857.060   CPU_WriteMem(4 bytes @ 0xE0002014)
T3548 004:857.071   CPU_WriteMem(4 bytes @ 0xE0002018)
T3548 004:857.091   CPU_WriteMem(4 bytes @ 0xE000201C)
T3548 004:860.066   CPU_WriteMem(4 bytes @ 0xE0001004)
T3548 004:861.706 - 6.163ms
T3548 004:956.423 JLINK_IsHalted()
T3548 004:961.547 - 5.133ms returns TRUE
T3548 004:961.562 JLINK_ReadReg(XPSR)
T3548 004:961.569 - 0.008ms returns 0x61000000
T3548 004:961.575 JLINK_ReadReg(R15 (PC))
T3548 004:961.579 - 0.006ms returns 0x00000588
T3548 004:961.587 JLINK_ReadReg(XPSR)
T3548 004:961.592 - 0.006ms returns 0x61000000
T3548 004:961.597 JLINK_ReadReg(XPSR)
T3548 004:961.601 - 0.006ms returns 0x61000000
T3548 004:961.606 JLINK_ReadReg(R15 (PC))
T3548 004:961.610 - 0.006ms returns 0x00000588
T3548 004:961.615 JLINK_ReadReg(XPSR)
T3548 004:961.620 - 0.006ms returns 0x61000000
T3548 004:961.625 JLINK_ReadReg(XPSR)
T3548 004:961.629 - 0.006ms returns 0x61000000
T3548 004:961.634 JLINK_ReadMem(0x00000588, 0x1 Bytes, ...)
T3548 004:961.641    -- Read from flash cache (1 bytes @ 0x00000588)
T3548 004:961.647   Data:  08
T3548 004:961.654 - 0.021ms returns 0
T3548 004:961.659 JLINK_IsHalted()
T3548 004:961.663 - 0.006ms returns TRUE
T3548 004:961.668 JLINK_ReadReg(XPSR)
T3548 004:961.672 - 0.006ms returns 0x61000000
T3548 004:961.677 JLINK_ReadReg(XPSR)
T3548 004:961.681 - 0.006ms returns 0x61000000
T3548 004:961.686 JLINK_ReadReg(R15 (PC))
T3548 004:961.690 - 0.006ms returns 0x00000588
T3548 004:961.696 JLINK_ReadReg(XPSR)
T3548 004:961.700 - 0.006ms returns 0x61000000
T3548 004:961.705 JLINK_ReadReg(XPSR)
T3548 004:961.709 - 0.006ms returns 0x61000000
T3548 004:961.714 JLINK_ReadMem(0x00000588, 0x1 Bytes, ...)
T3548 004:961.718    -- Read from flash cache (1 bytes @ 0x00000588)
T3548 004:961.724   Data:  08
T3548 004:961.730 - 0.018ms returns 0
T3548 004:962.095 JLINK_ReadRegs(NumRegs = 20, Indexes: 0, 1, 2, 3, 4, 5, 6, 7, 8, 9, 10, 11, 12, 13, 14, 15, 16, 17, 18, 20)
T3548 004:962.109    -- R0=0x00, R1=0x11F, R2=0xFAA, R3=0x60, R4=0x1FFE0904, R5=0x1FFE095C, R6=0x1FFE095C, R7=0x15CCE2FF, R8=0x9B15C6AB, R9=0x3727FF03, R10=0x4087E50E, R11=0xA0A45B13, R12=0x07, R13 (SP)=0x1FFE0490, R14=0xCAF, R15 (PC)=0x588, XPSR=0x61000000, MSP=0x1FFE0490, PSP=0x99BFDB88, CFBP=0x00
T3548 004:962.121 - 0.028ms returns 0x00
T3548 004:962.250 JLINK_ReadMem(0x00000588, 0x4 Bytes, ...)
T3548 004:962.257    -- Read from flash cache (4 bytes @ 0x00000588)
T3548 004:962.263   Data:  08 B5 FF F7
T3548 004:962.269 - 0.021ms returns 0
T3548 004:967.551 JLINK_ClrBPEx(BPHandle = 0x00000002)
T3548 004:967.588 - 0.041ms returns 0x00
T3548 005:027.351 JLINK_ReadReg(XPSR)
T3548 005:027.380 - 0.032ms returns 0x61000000
T3548 005:027.971 JLINK_ReadReg(XPSR)
T3548 005:027.989 - 0.020ms returns 0x61000000
T3548 005:605.747 JLINK_STRACE_Read(..., NumItems = 0x10000)
T3548 005:605.779 - 0.035ms NumItemsRead = 0x00
T3548 005:605.790 JLINK_IsHalted()
T3548 005:606.450 - 0.682ms returns TRUE
T3548 005:606.483 JLINK_GoEx(MaxEmulInsts = 0, Flags = 0x01)
T3548 005:606.510   CPU_ReadMem(4 bytes @ 0xE0001000)
T3548 005:607.257   CPU_WriteMem(4 bytes @ 0xE0002008)
T3548 005:608.974 - 2.513ms
T3548 005:706.357 JLINK_IsHalted()
T3548 005:707.123 - 0.776ms returns FALSE
T3548 005:707.139 JLINK_IsHalted()
T3548 005:707.812 - 0.682ms returns FALSE
T3548 005:815.502 JLINK_IsHalted()
T3548 005:816.349 - 0.856ms returns FALSE
T3548 005:816.364 JLINK_IsHalted()
T3548 005:817.068 - 0.713ms returns FALSE
T3548 005:924.709 JLINK_IsHalted()
T3548 005:925.609 - 0.912ms returns FALSE
T3548 005:925.626 JLINK_IsHalted()
T3548 005:926.421 - 0.805ms returns FALSE
T3548 006:034.353 JLINK_IsHalted()
T3548 006:035.098 - 0.754ms returns FALSE
T3548 006:035.113 JLINK_IsHalted()
T3548 006:035.828 - 0.725ms returns FALSE
T3548 006:144.021 JLINK_IsHalted()
T3548 006:144.796 - 0.803ms returns FALSE
T3548 006:144.830 JLINK_IsHalted()
T3548 006:145.655 - 0.835ms returns FALSE
T3548 006:253.354 JLINK_IsHalted()
T3548 006:253.928 - 0.584ms returns FALSE
T3548 006:253.944 JLINK_IsHalted()
T3548 006:254.550 - 0.613ms returns FALSE
T3548 006:362.501 JLINK_IsHalted()
T3548 006:363.656 - 1.165ms returns FALSE
T3548 006:363.672 JLINK_IsHalted()
T3548 006:364.456 - 0.794ms returns FALSE
T3548 006:472.801 JLINK_IsHalted()
T3548 006:473.981 - 1.192ms returns FALSE
T3548 006:473.999 JLINK_IsHalted()
T3548 006:474.606 - 0.618ms returns FALSE
T3548 006:581.684 JLINK_IsHalted()
T3548 006:582.522 - 0.847ms returns FALSE
T3548 006:582.537 JLINK_IsHalted()
T3548 006:583.235 - 0.707ms returns FALSE
T3548 006:690.998 JLINK_IsHalted()
T3548 006:691.870 - 0.882ms returns FALSE
T3548 006:691.886 JLINK_IsHalted()
T3548 006:692.695 - 0.818ms returns FALSE
T3548 006:800.282 JLINK_IsHalted()
T3548 006:801.051 - 0.780ms returns FALSE
T3548 006:801.067 JLINK_IsHalted()
T3548 006:801.891 - 0.833ms returns FALSE
T3548 006:908.976 JLINK_IsHalted()
T3548 006:909.771 - 0.806ms returns FALSE
T3548 006:909.787 JLINK_IsHalted()
T3548 006:910.439 - 0.679ms returns FALSE
T32E8 006:967.832 JLINK_IsHalted()
T32E8 006:968.502 - 0.689ms returns FALSE
T32E8 006:968.529 JLINK_IsHalted()
T32E8 006:969.278 - 0.758ms returns FALSE
T32E8 006:972.565 JLINK_IsHalted()
T32E8 006:973.416 - 0.860ms returns FALSE
T32E8 006:973.431 JLINK_IsHalted()
T32E8 006:974.145 - 0.723ms returns FALSE
T3548 007:018.589 JLINK_IsHalted()
T3548 007:019.442 - 0.863ms returns FALSE
T3548 007:019.457 JLINK_IsHalted()
T3548 007:020.363 - 0.915ms returns FALSE
T3548 007:128.284 JLINK_IsHalted()
T3548 007:129.256 - 0.982ms returns FALSE
T3548 007:129.272 JLINK_IsHalted()
T3548 007:130.249 - 0.987ms returns FALSE
T3548 007:237.509 JLINK_IsHalted()
T3548 007:238.252 - 0.753ms returns FALSE
T3548 007:238.268 JLINK_IsHalted()
T3548 007:238.950 - 0.691ms returns FALSE
T3548 007:346.731 JLINK_IsHalted()
T3548 007:347.517 - 0.795ms returns FALSE
T3548 007:347.532 JLINK_IsHalted()
T3548 007:348.324 - 0.802ms returns FALSE
T3548 007:456.669 JLINK_IsHalted()
T3548 007:457.463 - 0.803ms returns FALSE
T3548 007:457.478 JLINK_IsHalted()
T3548 007:458.277 - 0.809ms returns FALSE
T3548 007:565.890 JLINK_IsHalted()
T3548 007:566.454 - 0.575ms returns FALSE
T3548 007:566.472 JLINK_IsHalted()
T3548 007:567.308 - 0.846ms returns FALSE
T3548 007:674.903 JLINK_IsHalted()
T3548 007:675.794 - 0.900ms returns FALSE
T3548 007:675.809 JLINK_IsHalted()
T3548 007:676.622 - 0.822ms returns FALSE
T3548 007:784.346 JLINK_IsHalted()
T3548 007:785.082 - 0.746ms returns FALSE
T3548 007:785.097 JLINK_IsHalted()
T3548 007:785.855 - 0.767ms returns FALSE
T3548 007:893.376 JLINK_IsHalted()
T3548 007:894.111 - 0.745ms returns FALSE
T3548 007:894.126 JLINK_IsHalted()
T3548 007:894.935 - 0.818ms returns FALSE
T32E8 007:974.980 JLINK_IsHalted()
T32E8 007:975.722 - 0.756ms returns FALSE
T32E8 007:975.741 JLINK_IsHalted()
T32E8 007:976.543 - 0.811ms returns FALSE
T3548 008:003.023 JLINK_IsHalted()
T3548 008:003.852 - 0.838ms returns FALSE
T3548 008:003.867 JLINK_IsHalted()
T3548 008:004.669 - 0.811ms returns FALSE
T3548 008:112.462 JLINK_IsHalted()
T3548 008:113.197 - 0.807ms returns FALSE
T3548 008:113.278 JLINK_IsHalted()
T3548 008:113.957 - 0.689ms returns FALSE
T3548 008:221.925 JLINK_IsHalted()
T3548 008:222.882 - 0.966ms returns FALSE
T3548 008:222.897 JLINK_IsHalted()
T3548 008:223.725 - 0.845ms returns FALSE
T3548 008:330.757 JLINK_IsHalted()
T3548 008:331.551 - 0.804ms returns FALSE
T3548 008:331.566 JLINK_IsHalted()
T3548 008:332.399 - 0.842ms returns FALSE
T3548 008:440.251 JLINK_IsHalted()
T3548 008:441.034 - 0.792ms returns FALSE
T3548 008:441.049 JLINK_IsHalted()
T3548 008:441.789 - 0.750ms returns FALSE
T3548 008:549.540 JLINK_IsHalted()
T3548 008:550.470 - 0.952ms returns FALSE
T3548 008:550.498 JLINK_IsHalted()
T3548 008:551.363 - 0.874ms returns FALSE
T3548 008:659.552 JLINK_IsHalted()
T3548 008:660.321 - 0.793ms returns FALSE
T3548 008:660.351 JLINK_IsHalted()
T3548 008:661.225 - 0.883ms returns FALSE
T3548 008:768.501 JLINK_IsHalted()
T3548 008:769.065 - 0.573ms returns FALSE
T3548 008:769.079 JLINK_IsHalted()
T3548 008:769.605 - 0.531ms returns FALSE
T3548 008:877.601 JLINK_IsHalted()
T3548 008:878.334 - 0.744ms returns FALSE
T3548 008:878.351 JLINK_IsHalted()
T3548 008:879.023 - 0.682ms returns FALSE
T32E8 008:978.988 JLINK_IsHalted()
T32E8 008:979.687 - 0.717ms returns FALSE
T32E8 008:979.712 JLINK_IsHalted()
T32E8 008:980.420 - 0.719ms returns FALSE
T3548 008:987.585 JLINK_IsHalted()
T3548 008:988.268 - 0.694ms returns FALSE
T3548 008:988.285 JLINK_IsHalted()
T3548 008:988.907 - 0.633ms returns FALSE
T3548 009:096.803 JLINK_IsHalted()
T3548 009:097.410 - 0.617ms returns FALSE
T3548 009:097.425 JLINK_IsHalted()
T3548 009:098.235 - 0.819ms returns FALSE
T3548 009:208.418 JLINK_IsHalted()
T3548 009:209.011 - 0.601ms returns FALSE
T3548 009:209.025 JLINK_IsHalted()
T3548 009:210.587 - 1.573ms returns FALSE
T3548 009:316.085 JLINK_IsHalted()
T3548 009:316.971 - 0.898ms returns FALSE
T3548 009:316.990 JLINK_IsHalted()
T3548 009:317.811 - 0.831ms returns FALSE
T3548 009:424.914 JLINK_IsHalted()
T3548 009:425.513 - 0.609ms returns FALSE
T3548 009:425.530 JLINK_IsHalted()
T3548 009:426.204 - 0.683ms returns FALSE
T3548 009:534.123 JLINK_IsHalted()
T3548 009:534.944 - 0.831ms returns FALSE
T3548 009:534.960 JLINK_IsHalted()
T3548 009:535.845 - 0.895ms returns FALSE
T3548 009:643.594 JLINK_IsHalted()
T3548 009:644.301 - 0.719ms returns FALSE
T3548 009:644.318 JLINK_IsHalted()
T3548 009:645.050 - 0.742ms returns FALSE
T3548 009:753.020 JLINK_IsHalted()
T3548 009:753.833 - 0.823ms returns FALSE
T3548 009:753.848 JLINK_IsHalted()
T3548 009:754.585 - 0.746ms returns FALSE
T3548 009:862.160 JLINK_IsHalted()
T3548 009:862.890 - 0.741ms returns FALSE
T3548 009:862.907 JLINK_IsHalted()
T3548 009:863.604 - 0.706ms returns FALSE
T3548 009:971.388 JLINK_IsHalted()
T3548 009:972.088 - 0.711ms returns FALSE
T3548 009:972.106 JLINK_IsHalted()
T3548 009:972.846 - 0.750ms returns FALSE
T32E8 009:980.760 JLINK_IsHalted()
T32E8 009:981.644 - 0.894ms returns FALSE
T32E8 009:981.659 JLINK_IsHalted()
T32E8 009:982.523 - 0.873ms returns FALSE
T3548 010:081.643 JLINK_IsHalted()
T3548 010:082.422 - 0.788ms returns FALSE
T3548 010:082.440 JLINK_IsHalted()
T3548 010:083.286 - 0.855ms returns FALSE
T3548 010:190.476 JLINK_IsHalted()
T3548 010:191.195 - 0.728ms returns FALSE
T3548 010:191.210 JLINK_IsHalted()
T3548 010:191.985 - 0.784ms returns FALSE
T3548 010:300.010 JLINK_IsHalted()
T3548 010:300.883 - 0.883ms returns FALSE
T3548 010:300.899 JLINK_IsHalted()
T3548 010:301.725 - 0.836ms returns FALSE
T3548 010:409.076 JLINK_IsHalted()
T3548 010:409.833 - 0.767ms returns FALSE
T3548 010:409.848 JLINK_IsHalted()
T3548 010:410.662 - 0.823ms returns FALSE
T3548 010:518.811 JLINK_IsHalted()
T3548 010:519.559 - 0.759ms returns FALSE
T3548 010:519.576 JLINK_IsHalted()
T3548 010:520.393 - 0.826ms returns FALSE
T3548 010:628.583 JLINK_IsHalted()
T3548 010:629.408 - 0.836ms returns FALSE
T3548 010:629.429 JLINK_IsHalted()
T3548 010:630.118 - 0.697ms returns FALSE
T3548 010:737.497 JLINK_IsHalted()
T3548 010:738.083 - 0.593ms returns FALSE
T3548 010:738.096 JLINK_IsHalted()
T3548 010:738.699 - 0.613ms returns FALSE
T3548 010:846.770 JLINK_IsHalted()
T3548 010:847.550 - 0.791ms returns FALSE
T3548 010:847.567 JLINK_IsHalted()
T3548 010:848.471 - 0.913ms returns FALSE
T3548 010:956.193 JLINK_IsHalted()
T3548 010:956.891 - 0.708ms returns FALSE
T3548 010:956.907 JLINK_IsHalted()
T3548 010:957.587 - 0.689ms returns FALSE
T32E8 010:982.870 JLINK_IsHalted()
T32E8 010:983.592 - 0.731ms returns FALSE
T32E8 010:983.607 JLINK_IsHalted()
T32E8 010:984.310 - 0.713ms returns FALSE
T3548 011:065.555 JLINK_IsHalted()
T3548 011:066.224 - 0.678ms returns FALSE
T3548 011:066.239 JLINK_IsHalted()
T3548 011:066.968 - 0.738ms returns FALSE
T3548 011:175.387 JLINK_IsHalted()
T3548 011:175.959 - 0.580ms returns FALSE
T3548 011:175.974 JLINK_IsHalted()
T3548 011:176.539 - 0.572ms returns FALSE
T3548 011:284.682 JLINK_IsHalted()
T3548 011:285.346 - 0.668ms returns FALSE
T3548 011:285.355 JLINK_IsHalted()
T3548 011:286.002 - 0.650ms returns FALSE
T3548 011:393.868 JLINK_IsHalted()
T3548 011:394.659 - 0.801ms returns FALSE
T3548 011:394.675 JLINK_IsHalted()
T3548 011:395.602 - 0.936ms returns FALSE
T3548 011:502.727 JLINK_IsHalted()
T3548 011:503.751 - 1.034ms returns FALSE
T3548 011:503.766 JLINK_IsHalted()
T3548 011:504.759 - 1.002ms returns FALSE
T3548 011:612.367 JLINK_IsHalted()
T3548 011:613.185 - 0.829ms returns FALSE
T3548 011:613.203 JLINK_IsHalted()
T3548 011:614.059 - 0.867ms returns FALSE
T3548 011:722.076 JLINK_IsHalted()
T3548 011:722.931 - 0.865ms returns FALSE
T3548 011:722.946 JLINK_IsHalted()
T3548 011:723.820 - 0.884ms returns FALSE
T3548 011:831.608 JLINK_IsHalted()
T3548 011:832.447 - 0.848ms returns FALSE
T3548 011:832.462 JLINK_IsHalted()
T3548 011:833.075 - 0.655ms returns FALSE
T3548 011:940.168 JLINK_IsHalted()
T3548 011:940.978 - 0.819ms returns FALSE
T3548 011:940.993 JLINK_IsHalted()
T3548 011:941.801 - 0.817ms returns FALSE
T32E8 011:984.104 JLINK_IsHalted()
T32E8 011:984.974 - 0.879ms returns FALSE
T32E8 011:984.988 JLINK_IsHalted()
T32E8 011:985.849 - 0.870ms returns FALSE
T3548 012:050.200 JLINK_IsHalted()
T3548 012:051.137 - 0.946ms returns FALSE
T3548 012:051.151 JLINK_IsHalted()
T3548 012:051.983 - 0.841ms returns FALSE
T3548 012:159.500 JLINK_IsHalted()
T3548 012:160.300 - 0.810ms returns FALSE
T3548 012:160.315 JLINK_IsHalted()
T3548 012:161.095 - 0.789ms returns FALSE
T3548 012:268.326 JLINK_IsHalted()
T3548 012:269.034 - 0.717ms returns FALSE
T3548 012:269.049 JLINK_IsHalted()
T3548 012:269.936 - 0.896ms returns FALSE
T3548 012:377.995 JLINK_IsHalted()
T3548 012:378.677 - 0.685ms returns FALSE
T3548 012:378.686 JLINK_IsHalted()
T3548 012:379.396 - 0.714ms returns FALSE
T3548 012:487.712 JLINK_IsHalted()
T3548 012:488.475 - 0.773ms returns FALSE
T3548 012:488.491 JLINK_IsHalted()
T3548 012:489.228 - 0.746ms returns FALSE
T3548 012:596.602 JLINK_IsHalted()
T3548 012:597.209 - 0.619ms returns FALSE
T3548 012:597.227 JLINK_IsHalted()
T3548 012:598.078 - 0.861ms returns FALSE
T3548 012:705.745 JLINK_IsHalted()
T3548 012:706.532 - 0.796ms returns FALSE
T3548 012:706.550 JLINK_IsHalted()
T3548 012:707.442 - 0.901ms returns FALSE
T3548 012:815.635 JLINK_IsHalted()
T3548 012:816.424 - 0.803ms returns FALSE
T3548 012:816.446 JLINK_IsHalted()
T3548 012:817.046 - 0.608ms returns FALSE
T3548 012:925.228 JLINK_IsHalted()
T3548 012:925.969 - 0.754ms returns FALSE
T3548 012:925.989 JLINK_IsHalted()
T3548 012:926.663 - 0.677ms returns FALSE
T32E8 012:986.391 JLINK_IsHalted()
T32E8 012:986.926 - 0.539ms returns FALSE
T32E8 012:986.936 JLINK_IsHalted()
T32E8 012:987.538 - 0.605ms returns FALSE
T3548 013:034.618 JLINK_IsHalted()
T3548 013:035.460 - 0.846ms returns FALSE
T3548 013:035.469 JLINK_IsHalted()
T3548 013:036.203 - 0.737ms returns FALSE
T3548 013:143.882 JLINK_IsHalted()
T3548 013:144.491 - 0.613ms returns FALSE
T3548 013:144.506 JLINK_IsHalted()
T3548 013:145.003 - 0.501ms returns FALSE
T3548 013:253.199 JLINK_IsHalted()
T3548 013:254.133 - 0.945ms returns FALSE
T3548 013:254.151 JLINK_IsHalted()
T3548 013:255.062 - 0.920ms returns FALSE
T3548 013:362.528 JLINK_IsHalted()
T3548 013:363.494 - 0.975ms returns FALSE
T3548 013:363.509 JLINK_IsHalted()
T3548 013:364.130 - 0.629ms returns FALSE
T3548 013:471.979 JLINK_IsHalted()
T3548 013:472.794 - 0.839ms returns FALSE
T3548 013:472.824 JLINK_IsHalted()
T3548 013:473.767 - 0.952ms returns FALSE
T3548 013:581.524 JLINK_IsHalted()
T3548 013:582.435 - 0.921ms returns FALSE
T3548 013:582.450 JLINK_IsHalted()
T3548 013:583.224 - 0.783ms returns FALSE
T3548 013:690.283 JLINK_IsHalted()
T3548 013:690.904 - 0.632ms returns FALSE
T3548 013:690.921 JLINK_IsHalted()
T3548 013:691.554 - 0.659ms returns FALSE
T3548 013:799.842 JLINK_IsHalted()
T3548 013:800.947 - 1.116ms returns FALSE
T3548 013:800.965 JLINK_IsHalted()
T3548 013:801.684 - 0.733ms returns FALSE
T3548 013:909.874 JLINK_IsHalted()
T3548 013:910.921 - 1.058ms returns FALSE
T3548 013:910.939 JLINK_IsHalted()
T3548 013:911.618 - 0.692ms returns FALSE
T32E8 013:988.027 JLINK_IsHalted()
T32E8 013:988.705 - 0.689ms returns FALSE
T32E8 013:988.722 JLINK_IsHalted()
T32E8 013:989.394 - 0.681ms returns FALSE
T3548 014:018.821 JLINK_IsHalted()
T3548 014:019.443 - 0.626ms returns FALSE
T3548 014:019.453 JLINK_IsHalted()
T3548 014:020.021 - 0.577ms returns FALSE
T3548 014:128.308 JLINK_IsHalted()
T3548 014:129.050 - 0.752ms returns FALSE
T3548 014:129.066 JLINK_IsHalted()
T3548 014:129.998 - 0.941ms returns FALSE
T3548 014:237.174 JLINK_IsHalted()
T3548 014:237.942 - 0.777ms returns FALSE
T3548 014:237.957 JLINK_IsHalted()
T3548 014:238.635 - 0.687ms returns FALSE
T3548 014:346.422 JLINK_IsHalted()
T3548 014:347.065 - 0.651ms returns FALSE
T3548 014:347.079 JLINK_IsHalted()
T3548 014:348.501 - 1.429ms returns FALSE
T3548 014:456.031 JLINK_IsHalted()
T3548 014:456.815 - 0.793ms returns FALSE
T3548 014:456.830 JLINK_IsHalted()
T3548 014:457.659 - 0.839ms returns FALSE
T3548 014:565.440 JLINK_IsHalted()
T3548 014:566.317 - 0.888ms returns FALSE
T3548 014:566.333 JLINK_IsHalted()
T3548 014:567.028 - 0.706ms returns FALSE
T3548 014:675.315 JLINK_IsHalted()
T3548 014:676.272 - 0.980ms returns FALSE
T3548 014:676.301 JLINK_IsHalted()
T3548 014:677.139 - 0.847ms returns FALSE
T3548 014:784.255 JLINK_IsHalted()
T3548 014:784.970 - 0.729ms returns FALSE
T3548 014:784.990 JLINK_IsHalted()
T3548 014:785.804 - 0.823ms returns FALSE
T3548 014:893.533 JLINK_IsHalted()
T3548 014:894.247 - 0.727ms returns FALSE
T3548 014:894.265 JLINK_IsHalted()
T3548 014:894.974 - 0.719ms returns FALSE
T32E8 014:990.196 JLINK_IsHalted()
T32E8 014:991.221 - 1.037ms returns FALSE
T32E8 014:991.239 JLINK_IsHalted()
T32E8 014:992.050 - 0.822ms returns FALSE
T3548 015:002.913 JLINK_IsHalted()
T3548 015:003.614 - 0.713ms returns FALSE
T3548 015:003.632 JLINK_IsHalted()
T3548 015:004.436 - 0.813ms returns FALSE
T3548 015:112.055 JLINK_IsHalted()
T3548 015:112.799 - 0.754ms returns FALSE
T3548 015:112.814 JLINK_IsHalted()
T3548 015:113.365 - 0.560ms returns FALSE
T3548 015:222.358 JLINK_IsHalted()
T3548 015:223.086 - 0.741ms returns FALSE
T3548 015:223.106 JLINK_IsHalted()
T3548 015:223.640 - 0.551ms returns FALSE
T3548 015:330.978 JLINK_IsHalted()
T3548 015:331.969 - 1.002ms returns FALSE
T3548 015:331.986 JLINK_IsHalted()
T3548 015:332.646 - 0.683ms returns FALSE
T3548 015:441.297 JLINK_IsHalted()
T3548 015:442.055 - 0.768ms returns FALSE
T3548 015:442.071 JLINK_IsHalted()
T3548 015:443.082 - 1.020ms returns FALSE
T3548 015:549.626 JLINK_IsHalted()
T3548 015:550.997 - 1.381ms returns FALSE
T3548 015:551.013 JLINK_IsHalted()
T3548 015:551.735 - 0.731ms returns FALSE
T3548 015:659.021 JLINK_IsHalted()
T3548 015:659.758 - 0.748ms returns FALSE
T3548 015:659.775 JLINK_IsHalted()
T3548 015:660.857 - 1.091ms returns FALSE
T3548 015:768.957 JLINK_IsHalted()
T3548 015:769.955 - 1.008ms returns FALSE
T3548 015:769.972 JLINK_IsHalted()
T3548 015:770.743 - 0.823ms returns FALSE
T3548 015:878.380 JLINK_IsHalted()
T3548 015:879.123 - 0.754ms returns FALSE
T3548 015:879.140 JLINK_IsHalted()
T3548 015:879.980 - 0.849ms returns FALSE
T3548 015:987.543 JLINK_IsHalted()
T3548 015:988.388 - 0.856ms returns FALSE
T3548 015:988.404 JLINK_IsHalted()
T3548 015:989.098 - 0.704ms returns FALSE
T32E8 015:992.977 JLINK_IsHalted()
T32E8 015:993.851 - 0.884ms returns FALSE
T32E8 015:993.866 JLINK_IsHalted()
T32E8 015:994.745 - 0.889ms returns FALSE
T3548 016:096.626 JLINK_IsHalted()
T3548 016:097.714 - 1.099ms returns FALSE
T3548 016:097.730 JLINK_IsHalted()
T3548 016:098.561 - 0.840ms returns FALSE
T3548 016:208.325 JLINK_IsHalted()
T3548 016:209.050 - 0.752ms returns FALSE
T3548 016:209.086 JLINK_IsHalted()
T3548 016:210.032 - 0.957ms returns FALSE
T3548 016:315.982 JLINK_IsHalted()
T3548 016:316.759 - 0.787ms returns FALSE
T3548 016:316.774 JLINK_IsHalted()
T3548 016:317.565 - 0.800ms returns FALSE
T3548 016:424.475 JLINK_IsHalted()
T3548 016:425.186 - 0.720ms returns FALSE
T3548 016:425.201 JLINK_IsHalted()
T3548 016:425.859 - 0.668ms returns FALSE
T3548 016:535.434 JLINK_IsHalted()
T3548 016:536.154 - 0.730ms returns FALSE
T3548 016:536.170 JLINK_IsHalted()
T3548 016:536.934 - 0.774ms returns FALSE
T3548 016:643.729 JLINK_IsHalted()
T3548 016:644.591 - 0.872ms returns FALSE
T3548 016:644.606 JLINK_IsHalted()
T3548 016:645.422 - 0.825ms returns FALSE
T3548 016:753.088 JLINK_IsHalted()
T3548 016:754.062 - 0.985ms returns FALSE
T3548 016:754.080 JLINK_IsHalted()
T3548 016:755.051 - 0.994ms returns FALSE
T3548 016:861.986 JLINK_IsHalted()
T3548 016:862.768 - 0.791ms returns FALSE
T3548 016:862.783 JLINK_IsHalted()
T3548 016:863.388 - 0.615ms returns FALSE
T3548 016:972.223 JLINK_IsHalted()
T3548 016:972.949 - 0.735ms returns FALSE
T3548 016:972.964 JLINK_IsHalted()
T3548 016:973.682 - 0.728ms returns FALSE
T32E8 016:994.963 JLINK_IsHalted()
T32E8 016:995.801 - 0.848ms returns FALSE
T32E8 016:995.816 JLINK_IsHalted()
T32E8 016:996.504 - 0.695ms returns FALSE
T3548 017:081.658 JLINK_IsHalted()
T3548 017:082.577 - 0.931ms returns FALSE
T3548 017:082.595 JLINK_IsHalted()
T3548 017:083.419 - 0.835ms returns FALSE
T3548 017:190.645 JLINK_IsHalted()
T3548 017:191.520 - 0.885ms returns FALSE
T3548 017:191.535 JLINK_IsHalted()
T3548 017:192.331 - 0.805ms returns FALSE
T3548 017:299.963 JLINK_IsHalted()
T3548 017:300.713 - 0.759ms returns FALSE
T3548 017:300.728 JLINK_IsHalted()
T3548 017:301.570 - 0.851ms returns FALSE
T3548 017:408.940 JLINK_IsHalted()
T3548 017:409.658 - 0.728ms returns FALSE
T3548 017:409.674 JLINK_IsHalted()
T3548 017:410.606 - 0.941ms returns FALSE
T3548 017:519.167 JLINK_IsHalted()
T3548 017:520.037 - 0.880ms returns FALSE
T3548 017:520.052 JLINK_IsHalted()
T3548 017:520.949 - 0.907ms returns FALSE
T3548 017:628.334 JLINK_IsHalted()
T3548 017:629.048 - 0.723ms returns FALSE
T3548 017:629.063 JLINK_IsHalted()
T3548 017:629.773 - 0.719ms returns FALSE
T3548 017:737.133 JLINK_IsHalted()
T3548 017:737.846 - 0.722ms returns FALSE
T3548 017:737.862 JLINK_IsHalted()
T3548 017:738.540 - 0.687ms returns FALSE
T3548 017:847.391 JLINK_IsHalted()
T3548 017:848.363 - 0.985ms returns FALSE
T3548 017:848.383 JLINK_IsHalted()
T3548 017:849.220 - 0.848ms returns FALSE
T3548 017:956.033 JLINK_IsHalted()
T3548 017:956.841 - 0.818ms returns FALSE
T3548 017:956.857 JLINK_IsHalted()
T3548 017:957.623 - 0.776ms returns FALSE
T32E8 017:996.731 JLINK_IsHalted()
T32E8 017:997.755 - 1.037ms returns FALSE
T32E8 017:997.774 JLINK_IsHalted()
T32E8 017:998.631 - 0.866ms returns FALSE
T3548 018:065.774 JLINK_IsHalted()
T3548 018:066.620 - 0.855ms returns FALSE
T3548 018:066.635 JLINK_IsHalted()
T3548 018:067.443 - 0.818ms returns FALSE
T3548 018:175.022 JLINK_IsHalted()
T3548 018:175.737 - 0.724ms returns FALSE
T3548 018:175.752 JLINK_IsHalted()
T3548 018:176.459 - 0.732ms returns FALSE
T3548 018:284.503 JLINK_IsHalted()
T3548 018:285.396 - 0.902ms returns FALSE
T3548 018:285.411 JLINK_IsHalted()
T3548 018:286.303 - 0.901ms returns FALSE
T3548 018:393.583 JLINK_IsHalted()
T3548 018:394.153 - 0.582ms returns FALSE
T3548 018:394.171 JLINK_IsHalted()
T3548 018:394.767 - 0.606ms returns FALSE
T3548 018:503.533 JLINK_IsHalted()
T3548 018:504.274 - 0.755ms returns FALSE
T3548 018:504.294 JLINK_IsHalted()
T3548 018:505.046 - 0.762ms returns FALSE
T3548 018:612.761 JLINK_IsHalted()
T3548 018:614.020 - 1.270ms returns FALSE
T3548 018:614.037 JLINK_IsHalted()
T3548 018:614.697 - 0.670ms returns FALSE
T3548 018:721.871 JLINK_IsHalted()
T3548 018:722.737 - 0.878ms returns FALSE
T3548 018:722.755 JLINK_IsHalted()
T3548 018:723.585 - 0.839ms returns FALSE
T3548 018:831.755 JLINK_IsHalted()
T3548 018:832.658 - 0.913ms returns FALSE
T3548 018:832.674 JLINK_IsHalted()
T3548 018:833.543 - 0.879ms returns FALSE
T3548 018:940.822 JLINK_IsHalted()
T3548 018:941.555 - 0.742ms returns FALSE
T3548 018:941.570 JLINK_IsHalted()
T3548 018:942.364 - 0.803ms returns FALSE
T32E8 018:999.050 JLINK_IsHalted()
T32E8 018:999.841 - 0.803ms returns FALSE
T32E8 018:999.858 JLINK_IsHalted()
T32E8 019:000.572 - 0.726ms returns FALSE
T3548 019:049.720 JLINK_IsHalted()
T3548 019:050.573 - 0.863ms returns FALSE
T3548 019:050.589 JLINK_IsHalted()
T3548 019:051.320 - 0.741ms returns FALSE
T3548 019:159.097 JLINK_IsHalted()
T3548 019:159.871 - 0.784ms returns FALSE
T3548 019:159.887 JLINK_IsHalted()
T3548 019:160.744 - 0.866ms returns FALSE
T3548 019:269.070 JLINK_IsHalted()
T3548 019:269.920 - 0.861ms returns FALSE
T3548 019:269.938 JLINK_IsHalted()
T3548 019:270.448 - 0.522ms returns FALSE
T3548 019:377.849 JLINK_IsHalted()
T3548 019:378.615 - 0.776ms returns FALSE
T3548 019:378.631 JLINK_IsHalted()
T3548 019:379.258 - 0.637ms returns FALSE
T3548 019:487.369 JLINK_IsHalted()
T3548 019:488.205 - 0.840ms returns FALSE
T3548 019:488.214 JLINK_IsHalted()
T3548 019:489.000 - 0.789ms returns FALSE
T3548 019:596.682 JLINK_IsHalted()
T3548 019:597.285 - 0.616ms returns FALSE
T3548 019:597.305 JLINK_IsHalted()
T3548 019:598.197 - 0.902ms returns FALSE
T3548 019:706.489 JLINK_IsHalted()
T3548 019:707.344 - 0.865ms returns FALSE
T3548 019:707.359 JLINK_IsHalted()
T3548 019:708.182 - 0.832ms returns FALSE
T3548 019:815.650 JLINK_IsHalted()
T3548 019:816.590 - 0.949ms returns FALSE
T3548 019:816.605 JLINK_IsHalted()
T3548 019:817.362 - 0.769ms returns FALSE
T3548 019:924.999 JLINK_IsHalted()
T3548 019:925.876 - 0.887ms returns FALSE
T3548 019:925.892 JLINK_IsHalted()
T3548 019:926.814 - 0.931ms returns FALSE
T32E8 020:004.198 JLINK_IsHalted()
T32E8 020:004.918 - 0.737ms returns FALSE
T32E8 020:004.942 JLINK_IsHalted()
T32E8 020:005.554 - 0.626ms returns FALSE
T3548 020:034.826 JLINK_IsHalted()
T3548 020:035.664 - 0.848ms returns FALSE
T3548 020:035.679 JLINK_IsHalted()
T3548 020:036.503 - 0.833ms returns FALSE
T3548 020:143.773 JLINK_IsHalted()
T3548 020:144.602 - 0.839ms returns FALSE
T3548 020:144.617 JLINK_IsHalted()
T3548 020:145.426 - 0.819ms returns FALSE
T3548 020:253.342 JLINK_IsHalted()
T3548 020:254.068 - 0.736ms returns FALSE
T3548 020:254.084 JLINK_IsHalted()
T3548 020:254.755 - 0.680ms returns FALSE
T3548 020:362.312 JLINK_IsHalted()
T3548 020:363.047 - 0.746ms returns FALSE
T3548 020:363.064 JLINK_IsHalted()
T3548 020:363.731 - 0.676ms returns FALSE
T3548 020:472.286 JLINK_IsHalted()
T3548 020:472.993 - 0.718ms returns FALSE
T3548 020:473.010 JLINK_IsHalted()
T3548 020:473.661 - 0.660ms returns FALSE
T3548 020:580.864 JLINK_IsHalted()
T3548 020:581.811 - 0.958ms returns FALSE
T3548 020:581.828 JLINK_IsHalted()
T3548 020:582.768 - 0.949ms returns FALSE
T3548 020:690.188 JLINK_IsHalted()
T3548 020:690.992 - 0.813ms returns FALSE
T3548 020:691.007 JLINK_IsHalted()
T3548 020:691.769 - 0.771ms returns FALSE
T3548 020:799.783 JLINK_IsHalted()
T3548 020:800.392 - 0.617ms returns FALSE
T3548 020:800.405 JLINK_IsHalted()
T3548 020:800.937 - 0.539ms returns FALSE
T3548 020:909.246 JLINK_IsHalted()
T3548 020:910.150 - 0.913ms returns FALSE
T3548 020:910.166 JLINK_IsHalted()
T3548 020:910.885 - 0.729ms returns FALSE
T32E8 021:006.935 JLINK_IsHalted()
T32E8 021:007.708 - 0.798ms returns FALSE
T32E8 021:007.740 JLINK_IsHalted()
T32E8 021:008.547 - 0.816ms returns FALSE
T3548 021:018.453 JLINK_IsHalted()
T3548 021:019.212 - 0.768ms returns FALSE
T3548 021:019.227 JLINK_IsHalted()
T3548 021:019.836 - 0.621ms returns FALSE
T3548 021:128.471 JLINK_IsHalted()
T3548 021:129.321 - 0.859ms returns FALSE
T3548 021:129.336 JLINK_IsHalted()
T3548 021:129.860 - 0.533ms returns FALSE
T3548 021:237.418 JLINK_IsHalted()
T3548 021:238.278 - 0.870ms returns FALSE
T3548 021:238.294 JLINK_IsHalted()
T3548 021:238.977 - 0.695ms returns FALSE
T3548 021:347.102 JLINK_IsHalted()
T3548 021:347.726 - 0.635ms returns FALSE
T3548 021:347.758 JLINK_IsHalted()
T3548 021:348.286 - 0.553ms returns FALSE
T3548 021:456.247 JLINK_IsHalted()
T3548 021:456.985 - 0.748ms returns FALSE
T3548 021:457.001 JLINK_IsHalted()
T3548 021:457.723 - 0.731ms returns FALSE
T3548 021:565.266 JLINK_IsHalted()
T3548 021:566.368 - 1.111ms returns FALSE
T3548 021:566.397 JLINK_IsHalted()
T3548 021:567.206 - 0.818ms returns FALSE
T3548 021:675.182 JLINK_IsHalted()
T3548 021:676.130 - 0.957ms returns FALSE
T3548 021:676.145 JLINK_IsHalted()
T3548 021:676.941 - 0.806ms returns FALSE
T3548 021:784.100 JLINK_IsHalted()
T3548 021:784.905 - 0.815ms returns FALSE
T3548 021:784.921 JLINK_IsHalted()
T3548 021:785.713 - 0.803ms returns FALSE
T3548 021:893.674 JLINK_IsHalted()
T3548 021:894.561 - 0.898ms returns FALSE
T3548 021:894.577 JLINK_IsHalted()
T3548 021:895.627 - 1.060ms returns FALSE
T3548 022:002.816 JLINK_IsHalted()
T3548 022:003.665 - 0.858ms returns FALSE
T3548 022:003.682 JLINK_IsHalted()
T3548 022:004.534 - 0.861ms returns FALSE
T32E8 022:009.076 JLINK_IsHalted()
T32E8 022:009.794 - 0.726ms returns FALSE
T32E8 022:009.808 JLINK_IsHalted()
T32E8 022:010.758 - 0.959ms returns FALSE
T3548 022:112.874 JLINK_IsHalted()
T3548 022:113.663 - 0.804ms returns FALSE
T3548 022:113.684 JLINK_IsHalted()
T3548 022:114.539 - 0.864ms returns FALSE
T3548 022:221.927 JLINK_IsHalted()
T3548 022:222.717 - 0.800ms returns FALSE
T3548 022:222.733 JLINK_IsHalted()
T3548 022:223.527 - 0.803ms returns FALSE
T3548 022:330.856 JLINK_IsHalted()
T3548 022:331.719 - 0.872ms returns FALSE
T3548 022:331.734 JLINK_IsHalted()
T3548 022:332.473 - 0.748ms returns FALSE
T3548 022:440.862 JLINK_IsHalted()
T3548 022:441.747 - 0.895ms returns FALSE
T3548 022:441.763 JLINK_IsHalted()
T3548 022:442.649 - 0.895ms returns FALSE
T3548 022:549.963 JLINK_IsHalted()
T3548 022:550.738 - 0.787ms returns FALSE
T3548 022:550.756 JLINK_IsHalted()
T3548 022:551.603 - 0.857ms returns FALSE
T3548 022:659.134 JLINK_IsHalted()
T3548 022:659.993 - 0.869ms returns FALSE
T3548 022:660.008 JLINK_IsHalted()
T3548 022:660.686 - 0.687ms returns FALSE
T3548 022:768.687 JLINK_IsHalted()
T3548 022:769.536 - 0.858ms returns FALSE
T3548 022:769.551 JLINK_IsHalted()
T3548 022:770.291 - 0.749ms returns FALSE
T3548 022:878.312 JLINK_IsHalted()
T3548 022:879.066 - 0.766ms returns FALSE
T3548 022:879.084 JLINK_IsHalted()
T3548 022:879.661 - 0.587ms returns FALSE
T3548 022:987.200 JLINK_IsHalted()
T3548 022:988.149 - 0.958ms returns FALSE
T3548 022:988.164 JLINK_IsHalted()
T3548 022:988.915 - 0.760ms returns FALSE
T32E8 023:011.871 JLINK_IsHalted()
T32E8 023:012.588 - 0.726ms returns FALSE
T32E8 023:012.602 JLINK_IsHalted()
T32E8 023:013.233 - 0.640ms returns FALSE
T3548 023:096.404 JLINK_IsHalted()
T3548 023:097.068 - 0.675ms returns FALSE
T3548 023:097.085 JLINK_IsHalted()
T3548 023:097.889 - 0.814ms returns FALSE
T3548 023:208.615 JLINK_IsHalted()
T3548 023:209.375 - 0.788ms returns FALSE
T3548 023:209.411 JLINK_IsHalted()
T3548 023:211.146 - 1.751ms returns FALSE
T3548 023:315.399 JLINK_IsHalted()
T3548 023:316.177 - 0.789ms returns FALSE
T3548 023:316.193 JLINK_IsHalted()
T3548 023:316.873 - 0.690ms returns FALSE
T3548 023:424.572 JLINK_IsHalted()
T3548 023:425.440 - 0.877ms returns FALSE
T3548 023:425.455 JLINK_IsHalted()
T3548 023:426.286 - 0.842ms returns FALSE
T3548 023:534.074 JLINK_IsHalted()
T3548 023:534.917 - 0.853ms returns FALSE
T3548 023:534.932 JLINK_IsHalted()
T3548 023:535.650 - 0.727ms returns FALSE
T3548 023:643.281 JLINK_IsHalted()
T3548 023:644.058 - 0.788ms returns FALSE
T3548 023:644.122 JLINK_IsHalted()
T3548 023:644.845 - 0.732ms returns FALSE
T3548 023:752.741 JLINK_IsHalted()
T3548 023:753.576 - 0.846ms returns FALSE
T3548 023:753.593 JLINK_IsHalted()
T3548 023:754.254 - 0.674ms returns FALSE
T3548 023:862.013 JLINK_IsHalted()
T3548 023:862.678 - 0.676ms returns FALSE
T3548 023:862.696 JLINK_IsHalted()
T3548 023:863.361 - 0.676ms returns FALSE
T3548 023:971.812 JLINK_IsHalted()
T3548 023:972.454 - 0.660ms returns FALSE
T3548 023:972.478 JLINK_IsHalted()
T3548 023:973.196 - 0.727ms returns FALSE
T32E8 024:013.151 JLINK_IsHalted()
T32E8 024:014.128 - 1.001ms returns FALSE
T32E8 024:014.159 JLINK_IsHalted()
T32E8 024:014.890 - 0.740ms returns FALSE
T3548 024:080.951 JLINK_IsHalted()
T3548 024:082.270 - 1.329ms returns FALSE
T3548 024:082.286 JLINK_IsHalted()
T3548 024:082.988 - 0.711ms returns FALSE
T3548 024:190.255 JLINK_IsHalted()
T3548 024:191.709 - 1.466ms returns FALSE
T3548 024:191.727 JLINK_IsHalted()
T3548 024:192.453 - 0.735ms returns FALSE
T3548 024:299.623 JLINK_IsHalted()
T3548 024:300.362 - 0.749ms returns FALSE
T3548 024:300.378 JLINK_IsHalted()
T3548 024:301.173 - 0.804ms returns FALSE
T3548 024:409.767 JLINK_IsHalted()
T3548 024:410.641 - 0.884ms returns FALSE
T3548 024:410.656 JLINK_IsHalted()
T3548 024:411.444 - 0.797ms returns FALSE
T3548 024:518.799 JLINK_IsHalted()
T3548 024:519.585 - 0.795ms returns FALSE
T3548 024:519.600 JLINK_IsHalted()
T3548 024:520.288 - 0.698ms returns FALSE
T3548 024:628.232 JLINK_IsHalted()
T3548 024:629.192 - 0.970ms returns FALSE
T3548 024:629.207 JLINK_IsHalted()
T3548 024:629.826 - 0.628ms returns FALSE
T3548 024:737.043 JLINK_IsHalted()
T3548 024:738.121 - 1.088ms returns FALSE
T3548 024:738.137 JLINK_IsHalted()
T3548 024:738.735 - 0.606ms returns FALSE
T3548 024:847.163 JLINK_IsHalted()
T3548 024:848.039 - 0.886ms returns FALSE
T3548 024:848.054 JLINK_IsHalted()
T3548 024:848.863 - 0.818ms returns FALSE
T3548 024:956.422 JLINK_IsHalted()
T3548 024:957.339 - 0.926ms returns FALSE
T3548 024:957.353 JLINK_IsHalted()
T3548 024:958.149 - 0.805ms returns FALSE
T32E8 025:015.250 JLINK_IsHalted()
T32E8 025:016.026 - 0.799ms returns FALSE
T32E8 025:016.057 JLINK_IsHalted()
T32E8 025:016.719 - 0.671ms returns FALSE
T3548 025:065.769 JLINK_IsHalted()
T3548 025:066.660 - 0.900ms returns FALSE
T3548 025:066.674 JLINK_IsHalted()
T3548 025:067.513 - 0.848ms returns FALSE
T3548 025:174.777 JLINK_IsHalted()
T3548 025:175.524 - 0.758ms returns FALSE
T3548 025:175.541 JLINK_IsHalted()
T3548 025:176.273 - 0.743ms returns FALSE
T3548 025:284.792 JLINK_IsHalted()
T3548 025:285.554 - 0.773ms returns FALSE
T3548 025:285.571 JLINK_IsHalted()
T3548 025:286.266 - 0.705ms returns FALSE
T3548 025:393.918 JLINK_IsHalted()
T3548 025:394.843 - 0.934ms returns FALSE
T3548 025:394.858 JLINK_IsHalted()
T3548 025:395.748 - 0.900ms returns FALSE
T4B04 025:990.997 JLINK_Halt()
T4B04 025:997.516 - 6.549ms returns 0x00
T4B04 025:997.561 JLINK_ReadReg(XPSR)
T4B04 025:998.203 - 0.665ms returns 0x41000000
T4B04 026:005.123 JLINK_Close()
T4B04 026:005.630   OnDisconnectTarget() start
T4B04 026:005.663    J-Link Script File: Executing OnDisconnectTarget()
T4B04 026:005.672   Restoring low power mode settings.
T4B04 026:008.869   OnDisconnectTarget() end
T4B04 026:041.667 - 36.568ms
T4B04 026:041.697   
T4B04 026:041.706   Closed
