T6E44 000:001.864   SEGGER J-Link V7.84d Log File
T6E44 000:001.947   DLL Compiled: Jan 25 2023 15:51:00
T6E44 000:001.952   Logging started @ 2023-03-01 10:34
T6E44 000:001.956 - 1.959ms
T6E44 000:001.965 JLINK_GetDLLVersion()
T6E44 000:001.971 - 0.007ms returns 78404
T6E44 000:002.729 JLINK_OpenEx(...)
T6E44 000:027.473   Firmware: J-Link OB-S124 compiled Dec  7 2022 12:53:45
T6E44 000:028.047   Firmware: J-Link OB-S124 compiled Dec  7 2022 12:53:45
T6E44 000:051.341   Hardware: V1.00
T6E44 000:051.371   S/N: 831116025
T6E44 000:051.383   OEM: SEGGER
T6E44 000:051.394   Feature(s): None
T6E44 000:053.571   TELNET listener socket opened on port 19021
T6E44 000:053.722   WEBSRV WEBSRV_Init(): Starting webserver thread(s)
T6E44 000:054.000   WEBSRV Webserver running on local port 19080
T6E44 000:072.404 - 69.698ms returns "O.K."
T6E44 000:072.981 JLINK_ExecCommand("ProjectFile=C:\Users\ferdi.kurnaz\e2_studio\workspace\ADC_deneme/ADC_deneme Debug_Flat.jlink", ...). 
T6E44 000:095.522 - 22.558ms returns 0x00
T6E44 000:096.242 JLINK_ExecCommand("device=R7FA6M2AF", ...). 
T6E44 000:104.530   Device "R7FA6M2AF" selected.
T6E44 000:107.377 - 11.136ms returns 0x00
T6E44 000:107.453 JLINK_ExecCommand("SetCPUConnectIDCODE = FFFFFFFFFFFFFFFFFFFFFFFFFFFFFFFF", ...). 
T6E44 000:107.465 - 0.006ms returns 0x00
T6E44 000:107.472 JLINK_TIF_GetAvailable(...)
T6E44 000:107.771 - 0.303ms
T6E44 000:107.781 JLINK_TIF_Select(JLINKARM_TIF_SWD)
T6E44 000:108.879 - 1.105ms returns 0x00
T6E44 000:108.894 JLINK_SetSpeed(4000)
T6E44 000:109.102 - 0.211ms
T6E44 000:109.110 JLINK_SetEndian(ARM_ENDIAN_LITTLE)
T6E44 000:109.115 - 0.008ms returns 0
T6E44 000:109.123 JLINK_SetInitRegsOnReset(OFF)
T6E44 000:109.128 - 0.008ms returns 1
T6E44 000:109.134 JLINK_SetResetType(JLINKARM_RESET_TYPE_NO_RESET)
T6E44 000:109.139 - 0.007ms returns JLINKARM_RESET_TYPE_NORMAL
T6E44 000:109.147 JLINK_ExecCommand("EnableFlashBPs", ...). 
T6E44 000:109.154 - 0.003ms returns 0x00
T6E44 000:109.162 JLINK_ExecCommand("SetAllowFlashCache = 1", ...). 
T6E44 000:109.169 - 0.003ms returns 0x01
T6E44 000:109.175 JLINK_ExecCommand("SetRestartOnClose = 0", ...). 
T6E44 000:109.182 - 0.003ms returns 0x01
T6E44 000:109.190 JLINK_EnableSoftBPs(ON)
T6E44 000:109.196 - 0.009ms
T6E44 000:109.203 JLINK_Connect()
T6E44 000:109.472   InitTarget() start
T6E44 000:109.483    J-Link Script File: Executing InitTarget()
T6E44 000:109.494   Identifying target device...
T6E44 000:109.502   SWD selected. Executing JTAG -> SWD switching sequence...
T6E44 000:110.255   Initializing DAP...
T6E44 000:115.453   Low power mode detected. Waking device from low power mode.
T6E44 000:119.639   InitTarget() end
T6E44 000:120.806   Found SW-DP with ID 0x5BA02477
T6E44 000:124.642   DPIDR: 0x5BA02477
T6E44 000:124.654   CoreSight SoC-400 or earlier
T6E44 000:124.662   Scanning AP map to find all available APs
T6E44 000:126.456   AP[2]: Stopped AP scan as end of AP map has been reached
T6E44 000:126.469   AP[0]: AHB-AP (IDR: 0x24770011)
T6E44 000:126.477   AP[1]: APB-AP (IDR: 0x44770002)
T6E44 000:126.484   Iterating through AP map to find AHB-AP to use
T6E44 000:128.104   AP[0]: Core found
T6E44 000:128.115   AP[0]: AHB-AP ROM base: 0xE00FF000
T6E44 000:128.892   CPUID register: 0x410FC241. Implementer code: 0x41 (ARM)
T6E44 000:128.903   Found Cortex-M4 r0p1, Little endian.
T6E44 000:129.503   -- Max. mem block: 0x00001B68
T6E44 000:129.664   CPU_ReadMem(4 bytes @ 0xE000EDF0)
T6E44 000:130.980   CPU_ReadMem(4 bytes @ 0xE0002000)
T6E44 000:131.593   FPUnit: 6 code (BP) slots and 2 literal slots
T6E44 000:131.603   CPU_ReadMem(4 bytes @ 0xE000EDFC)
T6E44 000:132.257   CPU_ReadMem(4 bytes @ 0xE0001000)
T6E44 000:132.821   CPU_WriteMem(4 bytes @ 0xE0001000)
T6E44 000:133.544   CPU_ReadMem(4 bytes @ 0xE000ED88)
T6E44 000:134.133   CPU_WriteMem(4 bytes @ 0xE000ED88)
T6E44 000:134.755   CPU_ReadMem(4 bytes @ 0xE000ED88)
T6E44 000:135.377   CPU_WriteMem(4 bytes @ 0xE000ED88)
T6E44 000:136.064   CoreSight components:
T6E44 000:136.074   ROMTbl[0] @ E00FF000
T6E44 000:136.117   CPU_ReadMem(64 bytes @ 0xE00FF000)
T6E44 000:137.461   CPU_ReadMem(32 bytes @ 0xE000EFE0)
T6E44 000:138.441   [0][0]: E000E000 CID B105E00D PID 000BB00C SCS-M7
T6E44 000:138.450   CPU_ReadMem(32 bytes @ 0xE0001FE0)
T6E44 000:139.448   [0][1]: E0001000 CID B105E00D PID 003BB002 DWT
T6E44 000:139.464   CPU_ReadMem(32 bytes @ 0xE0002FE0)
T6E44 000:140.441   [0][2]: E0002000 CID B105E00D PID 002BB003 FPB
T6E44 000:140.451   CPU_ReadMem(32 bytes @ 0xE0000FE0)
T6E44 000:141.516   [0][3]: E0000000 CID B105E00D PID 003BB001 ITM
T6E44 000:141.525   CPU_ReadMem(32 bytes @ 0xE0040FE0)
T6E44 000:142.474   [0][4]: E0040000 CID B105900D PID 000BB9A1 TPIU
T6E44 000:142.483   CPU_ReadMem(32 bytes @ 0xE0041FE0)
T6E44 000:143.481   [0][5]: E0041000 CID B105900D PID 000BB925 ETM
T6E44 000:143.490   CPU_ReadMem(32 bytes @ 0xE0042FE0)
T6E44 000:144.486   [0][6]: E0042000 CID B105900D PID 002BB908 CSTF
T6E44 000:144.497   CPU_ReadMem(32 bytes @ 0xE0043FE0)
T6E44 000:145.441   [0][7]: E0043000 CID B105900D PID 001BB961 TMC
T6E44 000:145.451   CPU_ReadMem(32 bytes @ 0xE0044FE0)
T6E44 000:146.480   [0][8]: E0044000 CID B105F00D PID 001BB101 TSG
T6E44 000:146.507 - 37.307ms returns 0x00
T6E44 000:146.553 JLINK_ResetPullsRESET(ON)
T6E44 000:146.559 - 0.009ms
T6E44 000:146.567 JLINK_Halt()
T6E44 000:151.408 - 4.847ms returns 0x00
T6E44 000:151.419 JLINK_IsHalted()
T6E44 000:151.427 - 0.010ms returns TRUE
T6E44 000:151.433 JLINK_Reset()
T6E44 000:151.450   CPU_WriteMem(4 bytes @ 0xE000EDF0)
T6E44 000:152.118   CPU_WriteMem(4 bytes @ 0xE000EDFC)
T6E44 000:152.779   Reset: Halt core after reset via DEMCR.VC_CORERESET.
T6E44 000:153.493   Reset: Reset device via AIRCR.SYSRESETREQ.
T6E44 000:153.529   CPU_WriteMem(4 bytes @ 0xE000ED0C)
T6E44 000:208.546   CPU_ReadMem(4 bytes @ 0xE000EDF0)
T6E44 000:209.334   CPU_ReadMem(4 bytes @ 0xE000EDF0)
T6E44 000:209.973   CPU_WriteMem(4 bytes @ 0xE000EDFC)
T6E44 000:215.776   CPU_ReadMem(4 bytes @ 0xE000EDF0)
T6E44 000:221.512   CPU_WriteMem(4 bytes @ 0xE0002000)
T6E44 000:222.374   CPU_ReadMem(4 bytes @ 0xE000EDFC)
T6E44 000:223.205   CPU_ReadMem(4 bytes @ 0xE0001000)
T6E44 000:223.964 - 72.540ms
T6E44 000:224.009 JLINK_SetEndian(ARM_ENDIAN_LITTLE)
T6E44 000:224.014 - 0.007ms returns 0
T6E44 000:224.038 JLINK_ReadMemEx(0x407FB19C, 0x8 Bytes, Flags = 0x00000004)
T6E44 000:224.048   CPU_ReadMem(8 bytes @ 0x407FB19C)
T6E44 000:224.860   Data:  00 70 00 01 00 00 00 00
T6E44 000:224.876 - 0.840ms returns 8 (0x8)
T6E44 000:224.894 JLINK_ReadMem(0x01007024, 0x10 Bytes, ...)
T6E44 000:224.903   CPU_ReadMem(16 bytes @ 0x01007024)
T6E44 000:225.889   Data:  52 37 46 41 36 4D 32 41 46 33 43 46 42 20 20 20
T6E44 000:225.903 - 1.010ms returns 0
T6E44 000:225.923 JLINK_IsHalted()
T6E44 000:225.928 - 0.007ms returns TRUE
T6E44 000:226.201 JLINK_MeasureCPUSpeed(RAMAddr = 0xFFFFFFFF)
T6E44 000:226.213   CPU_ReadMem(16 bytes @ 0x1FFE0000)
T6E44 000:227.132   CPU_ReadMem(64 bytes @ 0x1FFE0000)
T6E44 000:229.623    -- Updating C cache (64 bytes @ 0x1FFE0000)
T6E44 000:229.638    -- Read from C cache (6 bytes @ 0x1FFE0000)
T6E44 000:229.646   CPU_ReadMem(4 bytes @ 0xE000ED90)
T6E44 000:230.410   CPU_ReadMem(4 bytes @ 0xE000ED94)
T6E44 000:231.120   CPU_WriteMem(16 bytes @ 0x1FFE0000)
T6E44 000:232.091   CPU_WriteMem(6 bytes @ 0x1FFE0000)
T6E44 000:232.935   CPU_ReadMem(64 bytes @ 0x1FFE0000)
T6E44 000:234.473    -- Updating C cache (64 bytes @ 0x1FFE0000)
T6E44 000:234.488    -- Read from C cache (6 bytes @ 0x1FFE0000)
T6E44 000:234.501   CPU_WriteMem(4 bytes @ 0xE0002008)
T6E44 000:234.507   CPU_WriteMem(4 bytes @ 0xE000200C)
T6E44 000:234.513   CPU_WriteMem(4 bytes @ 0xE0002010)
T6E44 000:234.520   CPU_WriteMem(4 bytes @ 0xE0002014)
T6E44 000:234.526   CPU_WriteMem(4 bytes @ 0xE0002018)
T6E44 000:234.532   CPU_WriteMem(4 bytes @ 0xE000201C)
T6E44 000:246.214   CPU_WriteMem(4 bytes @ 0xE0002008)
T6E44 000:247.017   CPU_WriteMem(4 bytes @ 0xE000200C)
T6E44 000:247.817   CPU_WriteMem(4 bytes @ 0xE0002010)
T6E44 000:248.618   CPU_WriteMem(4 bytes @ 0xE0002014)
T6E44 000:249.280   CPU_WriteMem(4 bytes @ 0xE0002018)
T6E44 000:249.970   CPU_WriteMem(4 bytes @ 0xE000201C)
T6E44 000:279.774   CPU_WriteMem(6 bytes @ 0x1FFE0000)
T6E44 000:280.532   ClockFreq: 2080800 Hz
T6E44 000:280.546 - 54.347ms returns 2080800
T6E44 000:280.584 JLINK_ReadReg(XPSR)
T6E44 000:280.591 - 0.009ms returns 0x01000000
T31C4 000:379.086 JLINK_ReadReg(XPSR)
T31C4 000:379.118 - 0.035ms returns 0x01000000
T31C4 000:394.523 JLINK_ReadReg(XPSR)
T31C4 000:394.560 - 0.042ms returns 0x01000000
T31C4 000:503.527 JLINK_ReadReg(XPSR)
T31C4 000:503.556 - 0.031ms returns 0x01000000
T31C4 000:520.568 JLINK_SetEndian(ARM_ENDIAN_LITTLE)
T31C4 000:520.599 - 0.035ms returns 0
T31C4 000:520.763 JLINK_BeginDownload(Flags = 0x00000000)
T31C4 000:520.779 - 0.020ms
T31C4 000:540.464 JLINK_WriteMem(0x00000000, 0xBC0 Bytes, ...)
T31C4 000:540.488   Data:  48 06 FE 1F 51 12 00 00 39 11 00 00 4D 12 00 00 ...
T31C4 000:541.625   completely In flash
T31C4 000:541.648 - 1.187ms returns 0xBC0
T31C4 000:541.922 JLINK_WriteMem(0x00000BC0, 0x9FC Bytes, ...)
T31C4 000:541.935   Data:  00 13 00 F1 C0 01 10 4B 44 F8 20 20 53 F8 21 20 ...
T31C4 000:541.947   completely In flash
T31C4 000:541.955 - 0.035ms returns 0x9FC
T31C4 000:542.158 JLINK_WriteMem(0x000015BC, 0x8 Bytes, ...)
T31C4 000:542.167   Data:  25 05 00 00 01 05 00 00
T31C4 000:542.176   completely In flash
T31C4 000:542.183 - 0.028ms returns 0x8
T31C4 000:542.442 JLINK_WriteMem(0x0100A150, 0x10 Bytes, ...)
T31C4 000:542.463   Data:  FF FF FF FF FF FF FF FF FF FF FF FF FF FF FF FF
T31C4 000:543.131   completely In flash
T31C4 000:543.146 - 0.706ms returns 0x10
T31C4 000:565.848 JLINK_EndDownload()
T31C4 000:565.892   Old firmware which does not support pausing periodic actions during flash download
T31C4 000:565.908   CPU_ReadMem(4 bytes @ 0xE000ED90)
T31C4 000:566.492   CPU_ReadMem(4 bytes @ 0xE000ED94)
T31C4 000:567.150    -- --------------------------------------
T31C4 000:567.183   Flash bank @ 0x0100A150: Default: L2 verify disabled because algorithm performs L1 verify
T31C4 000:567.198    -- Start of determining dirty areas in flash cache
T31C4 000:567.216    -- Filling invalid ranges in sector buffer (flash cache) for sector @ 0x0100A150 if necessary
T31C4 000:567.242    -- End of determining dirty areas
T31C4 000:567.257    -- Start of preparing flash programming
T31C4 000:567.272    -- Calculating RAM usage
T31C4 000:567.388    -- RAM usage = 3572 Bytes
T31C4 000:567.402    -- Preserving CPU registers
T31C4 000:567.432    -- Determining CPU clock frequency
T31C4 000:615.314    -- Preparing target
T31C4 000:616.733    -- Preserving target RAM temporarily used for programming
T31C4 000:657.941    -- Downloading RAMCode
T31C4 000:704.752    -- Preparing RAMCode
T31C4 000:717.139    -- Checking target RAM
T31C4 000:719.013    -- CPU frequency = 100000 kHz
T31C4 000:719.026    -- End of preparing flash programming
T31C4 000:719.251   Looking for J-Link GUI Server exe at: C:\Users\ferdi.kurnaz\.eclipse\com.renesas.platform_491468003\DebugComp\RA\ARM\Segger_v7.84.4\JLinkGUIServer.exe
T31C4 000:719.505   Looking for J-Link GUI Server exe at: C:\Users\ferdi.kurnaz\SEGGER\JLink\JLinkGUIServer.exe
T31C4 001:022.873   Failed to connect to J-Link GUI Server.
T31C4 001:032.340    -- CPU is running at 100000 kHz.
T31C4 001:033.090    -- Start of comparing flash
T31C4 001:041.729    -- CRC check was estimated as fastest method
T31C4 001:041.761    -- Comparing range 0x100A150 - 0x100A16F (1 Sector, 32 Bytes), using multi-block CRC calculation
T31C4 001:044.679    -- All CRCs match
T31C4 001:044.736    -- Comparing range 0x100A150 - 0x100A16F (1 Sector, 32 Bytes), using alternative multi-block CRC calculation
T31C4 001:047.664    -- All CRCs match
T31C4 001:047.697    -- End of comparing flash
T31C4 001:047.709    -- Start of erasing sectors
T31C4 001:047.721    -- End of erasing sectors
T31C4 001:047.732    -- Start of flash programming
T31C4 001:047.744    -- End of flash programming
T31C4 001:047.755    -- Start of restoring
T31C4 001:047.776    -- Restoring RAMCode
T31C4 001:054.600    -- Restoring target memory
T31C4 001:090.711    -- Restore target
T31C4 001:090.735    -- Restoring CPU registers
T31C4 001:090.752    -- End of restoring
T31C4 001:090.760    -- Bank 0 @ 0x0100A150: Skipped. Contents already match
T31C4 001:090.767    -- Bank 0 @ 0x0100A150: Skipped. Contents already match
T31C4 001:093.146    -- --------------------------------------
T31C4 001:093.174   Flash bank @ 0x00000000: Default: L2 verify disabled because algorithm performs L1 verify
T31C4 001:093.182    -- Start of determining dirty areas in flash cache
T31C4 001:093.191    -- Filling invalid ranges in sector buffer (flash cache) for sector @ 0x00000000 if necessary
T31C4 001:093.349    -- End of determining dirty areas
T31C4 001:093.379    -- Start of preparing flash programming
T31C4 001:093.391    -- Calculating RAM usage
T31C4 001:093.410    -- RAM usage = 3476 Bytes
T31C4 001:093.422    -- Preserving CPU registers
T31C4 001:093.448    -- Determining CPU clock frequency
T31C4 001:138.795    -- Preparing target
T31C4 001:140.069    -- Preserving target RAM temporarily used for programming
T31C4 001:180.251    -- Downloading RAMCode
T31C4 001:227.054    -- Preparing RAMCode
T31C4 001:239.589    -- Checking target RAM
T31C4 001:241.512    -- CPU frequency = 100000 kHz
T31C4 001:241.531    -- End of preparing flash programming
T31C4 001:251.605    -- CPU is running at 100000 kHz.
T31C4 001:251.636    -- Start of comparing flash
T31C4 001:251.645    -- CRC check was estimated as fastest method
T31C4 001:251.657    -- Comparing range 0x0000 - 0x1FFF (1 Sector, 8 KB), using multi-block CRC calculation
T31C4 001:257.319    -- CRC does not match for sector 0
T31C4 001:257.348    -- End of comparing flash
T31C4 001:257.357    -- Start of erasing sectors
T31C4 001:257.366    -- Erasing range 0x00000000 - 0x00001FFF (  1 Sector, 8 KB)
T31C4 001:296.063    -- End of erasing sectors
T31C4 001:296.097    -- Start of flash programming
T31C4 001:296.111    -- Programming range 0x00000000 - 0x00001FFF (  1 Sector, 8 KB)
T31C4 001:363.190    -- End of flash programming
T31C4 001:363.221    -- 0x0000 - 0x1FFF (  1 Sector, 8 KiB)
T31C4 001:363.229    -- Start of restoring
T31C4 001:363.237    -- Restoring RAMCode
T31C4 001:379.172    -- Restoring target memory
T31C4 001:414.274    -- Restore target
T31C4 001:414.310    -- Restoring CPU registers
T31C4 001:414.329    -- End of restoring
T31C4 001:414.338    -- Bank 1 @ 0x00000000: 1 range affected (8192 bytes)
T31C4 001:414.347    -- Total: 0.320s (Prepare: 0.158s, Compare: 0.005s, Erase: 0.038s, Program & Verify: 0.076s, Restore: 0.041s)
T31C4 001:414.354    -- Program & Verify speed: 104 KB/s
T31C4 001:423.581 - 857.761ms returns 8192 (0x2000)
T31C4 001:423.768 JLINK_WriteReg(R15 (PC), 0x00001250)
T31C4 001:423.779 - 0.013ms returns 0
T31C4 001:423.785 JLINK_WriteReg(XPSR, 0x01000000)
T31C4 001:423.790 - 0.007ms returns 0
T31C4 001:423.801 JLINK_ResetPullsRESET(ON)
T31C4 001:423.805 - 0.006ms
T31C4 001:423.810 JLINK_Halt()
T31C4 001:423.816 - 0.008ms returns 0x00
T31C4 001:423.821 JLINK_IsHalted()
T31C4 001:423.826 - 0.006ms returns TRUE
T31C4 001:423.831 JLINK_Reset()
T31C4 001:423.842   CPU_WriteMem(4 bytes @ 0xE000EDF0)
T31C4 001:427.916   CPU_WriteMem(4 bytes @ 0xE000EDFC)
T31C4 001:428.645   Reset: Halt core after reset via DEMCR.VC_CORERESET.
T31C4 001:429.788   Reset: Reset device via AIRCR.SYSRESETREQ.
T31C4 001:429.860   CPU_WriteMem(4 bytes @ 0xE000ED0C)
T31C4 001:485.101   CPU_ReadMem(4 bytes @ 0xE000EDF0)
T31C4 001:485.858   CPU_ReadMem(4 bytes @ 0xE000EDF0)
T31C4 001:486.557   CPU_WriteMem(4 bytes @ 0xE000EDFC)
T31C4 001:492.903   CPU_ReadMem(4 bytes @ 0xE000EDF0)
T31C4 001:500.123   CPU_WriteMem(4 bytes @ 0xE0002000)
T31C4 001:500.892   CPU_ReadMem(4 bytes @ 0xE000EDFC)
T31C4 001:501.514   CPU_ReadMem(4 bytes @ 0xE0001000)
T31C4 001:502.047 - 78.230ms
T31C4 001:502.808 JLINK_SetEndian(ARM_ENDIAN_LITTLE)
T31C4 001:502.823 - 0.061ms returns 0
T31C4 001:503.533 JLINK_ResetPullsRESET(ON)
T31C4 001:503.546 - 0.016ms
T31C4 001:503.553 JLINK_Halt()
T31C4 001:503.559 - 0.008ms returns 0x00
T31C4 001:503.566 JLINK_IsHalted()
T31C4 001:503.572 - 0.009ms returns TRUE
T31C4 001:503.578 JLINK_Reset()
T31C4 001:503.592   CPU_WriteMem(4 bytes @ 0xE000EDF0)
T31C4 001:504.359   CPU_WriteMem(4 bytes @ 0xE000EDFC)
T31C4 001:504.996   Reset: Halt core after reset via DEMCR.VC_CORERESET.
T31C4 001:505.832   Reset: Reset device via AIRCR.SYSRESETREQ.
T31C4 001:505.877   CPU_WriteMem(4 bytes @ 0xE000ED0C)
T31C4 001:561.138   CPU_ReadMem(4 bytes @ 0xE000EDF0)
T31C4 001:562.521   CPU_ReadMem(4 bytes @ 0xE000EDF0)
T31C4 001:563.196   CPU_WriteMem(4 bytes @ 0xE000EDFC)
T31C4 001:569.398   CPU_ReadMem(4 bytes @ 0xE000EDF0)
T31C4 001:575.306   CPU_WriteMem(4 bytes @ 0xE0002000)
T31C4 001:576.272   CPU_ReadMem(4 bytes @ 0xE000EDFC)
T31C4 001:577.044   CPU_ReadMem(4 bytes @ 0xE0001000)
T31C4 001:578.020 - 74.451ms
T31C4 001:578.045 JLINK_SetEndian(ARM_ENDIAN_LITTLE)
T31C4 001:578.049 - 0.006ms returns 0
T31C4 001:582.799 JLINK_ReadMem(0x00001250, 0x4 Bytes, ...)
T31C4 001:582.827    -- Read from flash cache (4 bytes @ 0x00001250)
T31C4 001:582.834   Data:  08 B5 00 F0
T31C4 001:582.841 - 0.044ms returns 0
T31C4 001:587.857 JLINK_ReadReg(XPSR)
T31C4 001:587.890 - 0.036ms returns 0x01000000
T31C4 001:652.998 JLINK_FindBP(Addr = 0x000005F4)
T31C4 001:653.029 - 0.036ms returns 0
T31C4 001:653.071 JLINK_GetNumBPUnits(Type = 0xFFFFFF00)
T31C4 001:653.085 - 0.019ms returns 0x06
T31C4 001:653.095 JLINK_GetNumWPUnits()
T31C4 001:653.103 - 0.011ms returns 4
T31C4 001:653.112 JLINK_GetNumWPUnits()
T31C4 001:653.119 - 0.011ms returns 4
T31C4 001:653.136 JLINK_GetNumBPUnits(Type = 0xFFFFFF00)
T31C4 001:653.144 - 0.012ms returns 0x06
T31C4 001:653.153 JLINK_GetNumWPUnits()
T31C4 001:653.161 - 0.011ms returns 4
T31C4 001:653.170 JLINK_GetNumWPUnits()
T31C4 001:653.178 - 0.011ms returns 4
T31C4 001:653.192 JLINK_GetNumBPUnits(Type = 0xFFFFFF00)
T31C4 001:653.200 - 0.012ms returns 0x06
T31C4 001:653.209 JLINK_GetNumWPUnits()
T31C4 001:653.217 - 0.011ms returns 4
T31C4 001:653.226 JLINK_GetNumWPUnits()
T31C4 001:653.233 - 0.011ms returns 4
T31C4 001:653.294 JLINK_SetBPEx(Addr = 0x000005F4, Type = 0xFFFFFF00)
T31C4 001:653.312 - 0.022ms returns 0x00000001
T31C4 001:653.326 JLINK_ClrBPEx(BPHandle = 0x00000001)
T31C4 001:653.336 - 0.013ms returns 0x00
T31C4 001:654.161 JLINK_ReadReg(XPSR)
T31C4 001:654.183 - 0.025ms returns 0x01000000
T31C4 001:655.577 JLINK_SetBPEx(Addr = 0x000005F4, Type = 0xFFFFFF00)
T31C4 001:655.599 - 0.024ms returns 0x00000002
T31C4 001:748.613 JLINK_ReadRegs(NumRegs = 20, Indexes: 0, 1, 2, 3, 4, 5, 6, 7, 8, 9, 10, 11, 12, 13, 14, 15, 16, 17, 18, 20)
T31C4 001:748.666    -- R0=0x1FFE0068, R1=0x1400, R2=0x00, R3=0x4001C11C, R4=0x1FFE0904, R5=0x1FFE095C, R6=0x1FFE095C, R7=0x1FFE0068, R8=0x1FFE003C, R9=0x3727FF03, R10=0x4087E50E, R11=0xA0A45B13, R12=0x1FFE0888, R13 (SP)=0x1FFE0648, R14=0xFFFFFFFF, R15 (PC)=0x1250, XPSR=0x1000000, MSP=0x1FFE0648, PSP=0x99BFDB88, CFBP=0x00
T31C4 001:748.729 - 0.121ms returns 0x00
T31C4 001:749.136 JLINK_ReadMem(0x00001250, 0x4 Bytes, ...)
T31C4 001:749.163    -- Read from flash cache (4 bytes @ 0x00001250)
T31C4 001:749.177   Data:  08 B5 00 F0
T31C4 001:749.189 - 0.057ms returns 0
T337C 001:790.049 JLINK_GetNumBPUnits(Type = 0xFFFFFF00)
T337C 001:790.077 - 0.030ms returns 0x06
T337C 001:790.085 JLINK_GetNumWPUnits()
T337C 001:790.090 - 0.007ms returns 4
T337C 001:790.095 JLINK_GetNumWPUnits()
T337C 001:790.100 - 0.007ms returns 4
T337C 001:790.430 JLINK_GetNumBPUnits(Type = 0xFFFFFF00)
T337C 001:790.452 - 0.024ms returns 0x06
T337C 001:790.458 JLINK_GetNumWPUnits()
T337C 001:790.463 - 0.007ms returns 4
T337C 001:790.469 JLINK_GetNumWPUnits()
T337C 001:790.473 - 0.007ms returns 4
T337C 001:791.247 JLINK_GetNumBPUnits(Type = 0xFFFFFF00)
T337C 001:791.267 - 0.022ms returns 0x06
T337C 001:791.273 JLINK_GetNumWPUnits()
T337C 001:791.278 - 0.007ms returns 4
T337C 001:791.289 JLINK_GetNumWPUnits()
T337C 001:791.296 - 0.009ms returns 4
T337C 001:792.199 JLINK_GetNumBPUnits(Type = 0xFFFFFF00)
T337C 001:792.252 - 0.059ms returns 0x06
T337C 001:792.264 JLINK_GetNumWPUnits()
T337C 001:792.272 - 0.012ms returns 4
T337C 001:792.282 JLINK_GetNumWPUnits()
T337C 001:792.290 - 0.011ms returns 4
T337C 001:792.840 JLINK_GetNumBPUnits(Type = 0xFFFFFF00)
T337C 001:792.873 - 0.038ms returns 0x06
T337C 001:792.884 JLINK_GetNumWPUnits()
T337C 001:792.892 - 0.013ms returns 4
T337C 001:792.909 JLINK_GetNumWPUnits()
T337C 001:792.945 - 0.040ms returns 4
T337C 001:793.232 JLINK_GetNumBPUnits(Type = 0xFFFFFF00)
T337C 001:793.250 - 0.020ms returns 0x06
T337C 001:793.256 JLINK_GetNumWPUnits()
T337C 001:793.261 - 0.007ms returns 4
T337C 001:793.266 JLINK_GetNumWPUnits()
T337C 001:793.271 - 0.007ms returns 4
T337C 001:793.509 JLINK_GetNumBPUnits(Type = 0xFFFFFF00)
T337C 001:793.535 - 0.031ms returns 0x06
T337C 001:793.546 JLINK_GetNumWPUnits()
T337C 001:793.554 - 0.012ms returns 4
T337C 001:793.565 JLINK_GetNumWPUnits()
T337C 001:793.573 - 0.011ms returns 4
T337C 001:793.872 JLINK_GetNumBPUnits(Type = 0xFFFFFF00)
T337C 001:793.887 - 0.018ms returns 0x06
T337C 001:793.894 JLINK_GetNumWPUnits()
T337C 001:793.899 - 0.007ms returns 4
T337C 001:793.905 JLINK_GetNumWPUnits()
T337C 001:793.909 - 0.007ms returns 4
T31C4 001:935.545 JLINK_ReadReg(XPSR)
T31C4 001:935.589 - 0.046ms returns 0x01000000
T31C4 001:967.545 JLINK_ReadReg(XPSR)
T31C4 001:967.591 - 0.048ms returns 0x01000000
T31C4 005:324.296 JLINK_STRACE_Read(..., NumItems = 0x10000)
T31C4 005:324.740 - 0.462ms NumItemsRead = 0x00
T31C4 005:324.772 JLINK_IsHalted()
T31C4 005:325.376 - 0.620ms returns TRUE
T31C4 005:325.402 JLINK_GoEx(MaxEmulInsts = 0, Flags = 0x01)
T31C4 005:325.425   CPU_WriteMem(4 bytes @ 0xE0002000)
T31C4 005:326.065   CPU_ReadMem(4 bytes @ 0xE0001000)
T31C4 005:326.767   CPU_WriteMem(4 bytes @ 0xE0002008)
T31C4 005:326.790   CPU_WriteMem(4 bytes @ 0xE000200C)
T31C4 005:326.803   CPU_WriteMem(4 bytes @ 0xE0002010)
T31C4 005:326.814   CPU_WriteMem(4 bytes @ 0xE0002014)
T31C4 005:326.826   CPU_WriteMem(4 bytes @ 0xE0002018)
T31C4 005:326.837   CPU_WriteMem(4 bytes @ 0xE000201C)
T31C4 005:329.799   CPU_WriteMem(4 bytes @ 0xE0001004)
T31C4 005:331.385 - 5.999ms
T31C4 005:434.056 JLINK_IsHalted()
T31C4 005:439.181 - 5.133ms returns TRUE
T31C4 005:439.196 JLINK_ReadReg(XPSR)
T31C4 005:439.203 - 0.008ms returns 0x61000000
T31C4 005:439.208 JLINK_ReadReg(R15 (PC))
T31C4 005:439.213 - 0.006ms returns 0x000005F4
T31C4 005:439.221 JLINK_ReadReg(XPSR)
T31C4 005:439.225 - 0.006ms returns 0x61000000
T31C4 005:439.230 JLINK_ReadReg(XPSR)
T31C4 005:439.234 - 0.006ms returns 0x61000000
T31C4 005:439.239 JLINK_ReadReg(R15 (PC))
T31C4 005:439.243 - 0.006ms returns 0x000005F4
T31C4 005:439.249 JLINK_ReadReg(XPSR)
T31C4 005:439.253 - 0.006ms returns 0x61000000
T31C4 005:439.258 JLINK_ReadReg(XPSR)
T31C4 005:439.262 - 0.006ms returns 0x61000000
T31C4 005:439.267 JLINK_ReadMem(0x000005F4, 0x1 Bytes, ...)
T31C4 005:439.273    -- Read from flash cache (1 bytes @ 0x000005F4)
T31C4 005:439.280   Data:  08
T31C4 005:439.286 - 0.021ms returns 0
T31C4 005:439.292 JLINK_IsHalted()
T31C4 005:439.296 - 0.006ms returns TRUE
T31C4 005:439.301 JLINK_ReadReg(XPSR)
T31C4 005:439.305 - 0.006ms returns 0x61000000
T31C4 005:439.310 JLINK_ReadReg(XPSR)
T31C4 005:439.314 - 0.006ms returns 0x61000000
T31C4 005:439.319 JLINK_ReadReg(R15 (PC))
T31C4 005:439.323 - 0.006ms returns 0x000005F4
T31C4 005:439.328 JLINK_ReadReg(XPSR)
T31C4 005:439.333 - 0.006ms returns 0x61000000
T31C4 005:439.337 JLINK_ReadReg(XPSR)
T31C4 005:439.342 - 0.006ms returns 0x61000000
T31C4 005:439.346 JLINK_ReadMem(0x000005F4, 0x1 Bytes, ...)
T31C4 005:439.351    -- Read from flash cache (1 bytes @ 0x000005F4)
T31C4 005:439.357   Data:  08
T31C4 005:439.363 - 0.018ms returns 0
T31C4 005:439.707 JLINK_ReadRegs(NumRegs = 20, Indexes: 0, 1, 2, 3, 4, 5, 6, 7, 8, 9, 10, 11, 12, 13, 14, 15, 16, 17, 18, 20)
T31C4 005:439.720    -- R0=0x00, R1=0x11F, R2=0x15AE, R3=0x60, R4=0x1FFE0904, R5=0x1FFE095C, R6=0x1FFE095C, R7=0x1FFE0068, R8=0x1FFE003C, R9=0x3727FF03, R10=0x4087E50E, R11=0xA0A45B13, R12=0x00, R13 (SP)=0x1FFE0640, R14=0x125B, R15 (PC)=0x5F4, XPSR=0x61000000, MSP=0x1FFE0640, PSP=0x99BFDB88, CFBP=0x00
T31C4 005:439.732 - 0.026ms returns 0x00
T31C4 005:439.860 JLINK_ReadMem(0x000005F4, 0x4 Bytes, ...)
T31C4 005:439.867    -- Read from flash cache (4 bytes @ 0x000005F4)
T31C4 005:439.873   Data:  08 B5 FF F7
T31C4 005:439.879 - 0.021ms returns 0
T31C4 005:448.903 JLINK_ClrBPEx(BPHandle = 0x00000002)
T31C4 005:448.960 - 0.062ms returns 0x00
T31C4 005:497.529 JLINK_ReadReg(XPSR)
T31C4 005:497.569 - 0.043ms returns 0x61000000
T31C4 005:498.348 JLINK_ReadReg(XPSR)
T31C4 005:498.368 - 0.022ms returns 0x61000000
T337C 006:449.831 JLINK_IsHalted()
T337C 006:450.782 - 0.976ms returns TRUE
T337C 006:450.818 JLINK_ReadReg(XPSR)
T337C 006:450.833 - 0.019ms returns 0x61000000
T337C 006:450.843 JLINK_ReadReg(R15 (PC))
T337C 006:450.852 - 0.012ms returns 0x000005F4
T337C 006:450.867 JLINK_ReadReg(XPSR)
T337C 006:450.876 - 0.012ms returns 0x61000000
T337C 006:450.886 JLINK_ReadReg(XPSR)
T337C 006:450.894 - 0.012ms returns 0x61000000
T337C 006:450.903 JLINK_ReadReg(R15 (PC))
T337C 006:450.911 - 0.012ms returns 0x000005F4
T337C 006:450.921 JLINK_ReadReg(XPSR)
T337C 006:450.930 - 0.012ms returns 0x61000000
T337C 006:450.939 JLINK_ReadReg(XPSR)
T337C 006:450.947 - 0.012ms returns 0x61000000
T337C 006:450.957 JLINK_ReadMem(0x000005F4, 0x1 Bytes, ...)
T337C 006:450.968    -- Read from flash cache (1 bytes @ 0x000005F4)
T337C 006:450.980   Data:  08
T337C 006:450.991 - 0.037ms returns 0
T337C 006:451.000 JLINK_IsHalted()
T337C 006:451.008 - 0.011ms returns TRUE
T337C 006:451.017 JLINK_ReadReg(XPSR)
T337C 006:451.025 - 0.012ms returns 0x61000000
T337C 006:451.035 JLINK_ReadReg(XPSR)
T337C 006:451.043 - 0.012ms returns 0x61000000
T337C 006:451.052 JLINK_ReadReg(R15 (PC))
T337C 006:451.060 - 0.012ms returns 0x000005F4
T337C 006:451.070 JLINK_ReadReg(XPSR)
T337C 006:451.079 - 0.012ms returns 0x61000000
T337C 006:451.088 JLINK_ReadReg(XPSR)
T337C 006:451.096 - 0.012ms returns 0x61000000
T337C 006:451.105 JLINK_ReadMem(0x000005F4, 0x1 Bytes, ...)
T337C 006:451.114    -- Read from flash cache (1 bytes @ 0x000005F4)
T337C 006:451.125   Data:  08
T337C 006:451.135 - 0.033ms returns 0
T337C 006:451.195 JLINK_WriteMem(0xE0001FB0, 0x4 Bytes, ...)
T337C 006:451.205   Data:  55 CE AC C5
T337C 006:451.534   CPU_WriteMem(4 bytes @ 0xE0001FB0)
T337C 006:452.368 - 1.199ms returns 0x4
T337C 006:452.407 JLINK_WriteMem(0xE0001000, 0x4 Bytes, ...)
T337C 006:452.416   Data:  01 00 00 48
T337C 006:452.428   Debug reg: DWT_CTRL
T337C 006:452.451   CPU_WriteMem(4 bytes @ 0xE0001000)
T337C 006:453.203 - 0.826ms returns 0x4
T337C 006:453.247 JLINK_ReadMem(0xE0001000, 0x4 Bytes, ...)
T337C 006:453.267   CPU_ReadMem(4 bytes @ 0xE0001000)
T337C 006:453.988   Data:  01 00 00 40
T337C 006:454.027   Debug reg: DWT_CTRL
T337C 006:454.038 - 0.795ms returns 0
T337C 006:454.059 JLINK_WriteMem(0xE0001004, 0x4 Bytes, ...)
T337C 006:454.068   Data:  00 00 00 00
T337C 006:454.080   Debug reg: DWT_CYCCNT
T337C 006:454.103 - 0.048ms returns 0x4
T337C 006:454.118 JLINK_ReadMem(0xE0001004, 0x4 Bytes, ...)
T337C 006:454.130   Data:  00 00 00 00
T337C 006:454.141   Debug reg: DWT_CYCCNT
T337C 006:454.151 - 0.036ms returns 0
T31C4 006:883.949 JLINK_STRACE_Read(..., NumItems = 0x10000)
T31C4 006:883.990 - 0.045ms NumItemsRead = 0x00
T31C4 006:884.006 JLINK_ReadMem(0xE0001004, 0x4 Bytes, ...)
T31C4 006:884.027   Data:  00 00 00 00
T31C4 006:884.040   Debug reg: DWT_CYCCNT
T31C4 006:884.051 - 0.049ms returns 0
T31C4 006:884.062 JLINK_IsHalted()
T31C4 006:884.071 - 0.013ms returns TRUE
T31C4 006:884.081 JLINK_GoEx(MaxEmulInsts = 0, Flags = 0x01)
T31C4 006:884.098   CPU_ReadMem(4 bytes @ 0xE0001000)
T31C4 006:884.809   CPU_WriteMem(4 bytes @ 0xE0002008)
T31C4 006:885.640   CPU_WriteMem(4 bytes @ 0xE0001004)
T31C4 006:887.205 - 3.151ms
T31C4 006:981.390 JLINK_IsHalted()
T31C4 006:983.828 - 2.448ms returns FALSE
T31C4 006:983.844 JLINK_IsHalted()
T31C4 006:984.696 - 0.862ms returns FALSE
T31C4 007:090.319 JLINK_IsHalted()
T31C4 007:091.551 - 1.241ms returns FALSE
T31C4 007:091.565 JLINK_IsHalted()
T31C4 007:092.789 - 1.231ms returns FALSE
T31C4 007:199.921 JLINK_IsHalted()
T31C4 007:200.826 - 0.914ms returns FALSE
T31C4 007:200.841 JLINK_IsHalted()
T31C4 007:201.673 - 0.842ms returns FALSE
T31C4 007:308.805 JLINK_IsHalted()
T31C4 007:309.480 - 0.680ms returns FALSE
T31C4 007:309.491 JLINK_IsHalted()
T31C4 007:310.015 - 0.554ms returns FALSE
T31C4 007:418.676 JLINK_IsHalted()
T31C4 007:419.529 - 0.862ms returns FALSE
T31C4 007:419.544 JLINK_IsHalted()
T31C4 007:420.413 - 0.878ms returns FALSE
T31C4 007:528.159 JLINK_IsHalted()
T31C4 007:528.911 - 0.764ms returns FALSE
T31C4 007:528.929 JLINK_IsHalted()
T31C4 007:529.576 - 0.657ms returns FALSE
T31C4 007:637.638 JLINK_IsHalted()
T31C4 007:638.469 - 0.841ms returns FALSE
T31C4 007:638.485 JLINK_IsHalted()
T31C4 007:639.299 - 0.823ms returns FALSE
T31C4 007:746.799 JLINK_IsHalted()
T31C4 007:747.640 - 0.850ms returns FALSE
T31C4 007:747.655 JLINK_IsHalted()
T31C4 007:748.533 - 0.887ms returns FALSE
T31C4 007:855.784 JLINK_IsHalted()
T31C4 007:856.625 - 0.850ms returns FALSE
T31C4 007:856.640 JLINK_IsHalted()
T31C4 007:857.220 - 0.589ms returns FALSE
T337C 007:885.792 JLINK_IsHalted()
T337C 007:886.344 - 0.556ms returns FALSE
T337C 007:886.353 JLINK_IsHalted()
T337C 007:886.858 - 0.509ms returns FALSE
T31C4 007:965.086 JLINK_IsHalted()
T31C4 007:965.816 - 0.741ms returns FALSE
T31C4 007:965.833 JLINK_IsHalted()
T31C4 007:966.484 - 0.661ms returns FALSE
T31C4 008:074.501 JLINK_IsHalted()
T31C4 008:075.443 - 0.950ms returns FALSE
T31C4 008:075.457 JLINK_IsHalted()
T31C4 008:076.283 - 0.845ms returns FALSE
T31C4 008:184.354 JLINK_IsHalted()
T31C4 008:185.210 - 0.868ms returns FALSE
T31C4 008:185.228 JLINK_IsHalted()
T31C4 008:186.035 - 0.817ms returns FALSE
T31C4 008:292.972 JLINK_IsHalted()
T31C4 008:293.681 - 0.721ms returns FALSE
T31C4 008:293.700 JLINK_IsHalted()
T31C4 008:294.513 - 0.823ms returns FALSE
T31C4 008:402.912 JLINK_IsHalted()
T31C4 008:403.719 - 0.817ms returns FALSE
T31C4 008:403.735 JLINK_IsHalted()
T31C4 008:404.520 - 0.795ms returns FALSE
T31C4 008:512.433 JLINK_IsHalted()
T31C4 008:513.192 - 0.769ms returns FALSE
T31C4 008:513.208 JLINK_IsHalted()
T31C4 008:513.891 - 0.693ms returns FALSE
T31C4 008:621.710 JLINK_IsHalted()
T31C4 008:622.552 - 0.851ms returns FALSE
T31C4 008:622.567 JLINK_IsHalted()
T31C4 008:623.318 - 0.760ms returns FALSE
T31C4 008:730.884 JLINK_IsHalted()
T31C4 008:731.849 - 0.976ms returns FALSE
T31C4 008:731.866 JLINK_IsHalted()
T31C4 008:732.582 - 0.726ms returns FALSE
T31C4 008:840.125 JLINK_IsHalted()
T31C4 008:840.842 - 0.728ms returns FALSE
T31C4 008:840.859 JLINK_IsHalted()
T31C4 008:841.648 - 0.799ms returns FALSE
T337C 008:887.102 JLINK_IsHalted()
T337C 008:887.948 - 0.855ms returns FALSE
T337C 008:887.963 JLINK_IsHalted()
T337C 008:888.688 - 0.734ms returns FALSE
T31C4 008:949.591 JLINK_IsHalted()
T31C4 008:950.577 - 0.996ms returns FALSE
T31C4 008:950.593 JLINK_IsHalted()
T31C4 008:951.561 - 0.992ms returns FALSE
T31C4 009:058.820 JLINK_IsHalted()
T31C4 009:059.512 - 0.702ms returns FALSE
T31C4 009:059.529 JLINK_IsHalted()
T31C4 009:060.230 - 0.712ms returns FALSE
T31C4 009:168.822 JLINK_IsHalted()
T31C4 009:169.797 - 0.985ms returns FALSE
T31C4 009:169.814 JLINK_IsHalted()
T31C4 009:170.748 - 0.948ms returns FALSE
T31C4 009:277.711 JLINK_IsHalted()
T31C4 009:278.908 - 1.206ms returns FALSE
T31C4 009:278.922 JLINK_IsHalted()
T31C4 009:279.695 - 0.782ms returns FALSE
T31C4 009:386.846 JLINK_IsHalted()
T31C4 009:387.571 - 0.735ms returns FALSE
T31C4 009:387.586 JLINK_IsHalted()
T31C4 009:388.278 - 0.701ms returns FALSE
T31C4 009:496.876 JLINK_IsHalted()
T31C4 009:497.674 - 0.812ms returns FALSE
T31C4 009:497.694 JLINK_IsHalted()
T31C4 009:498.468 - 0.784ms returns FALSE
T31C4 009:606.208 JLINK_IsHalted()
T31C4 009:606.952 - 0.754ms returns FALSE
T31C4 009:606.968 JLINK_IsHalted()
T31C4 009:607.833 - 0.875ms returns FALSE
T31C4 009:715.227 JLINK_IsHalted()
T31C4 009:716.111 - 0.897ms returns FALSE
T31C4 009:716.131 JLINK_IsHalted()
T31C4 009:716.897 - 0.776ms returns FALSE
T31C4 009:825.077 JLINK_IsHalted()
T31C4 009:825.997 - 0.931ms returns FALSE
T31C4 009:826.016 JLINK_IsHalted()
T31C4 009:826.847 - 0.841ms returns FALSE
T337C 009:889.514 JLINK_IsHalted()
T337C 009:890.380 - 0.879ms returns FALSE
T337C 009:890.399 JLINK_IsHalted()
T337C 009:891.128 - 0.740ms returns FALSE
T31C4 009:934.342 JLINK_IsHalted()
T31C4 009:935.181 - 0.851ms returns FALSE
T31C4 009:935.199 JLINK_IsHalted()
T31C4 009:936.029 - 0.840ms returns FALSE
T31C4 010:043.684 JLINK_IsHalted()
T31C4 010:044.536 - 0.871ms returns FALSE
T31C4 010:044.564 JLINK_IsHalted()
T31C4 010:045.232 - 0.704ms returns FALSE
T31C4 010:152.339 JLINK_IsHalted()
T31C4 010:153.176 - 0.846ms returns FALSE
T31C4 010:153.191 JLINK_IsHalted()
T31C4 010:153.919 - 0.737ms returns FALSE
T31C4 010:262.340 JLINK_IsHalted()
T31C4 010:263.197 - 0.866ms returns FALSE
T31C4 010:263.212 JLINK_IsHalted()
T31C4 010:264.027 - 0.824ms returns FALSE
T31C4 010:371.327 JLINK_IsHalted()
T31C4 010:372.238 - 0.921ms returns FALSE
T31C4 010:372.253 JLINK_IsHalted()
T31C4 010:372.938 - 0.695ms returns FALSE
T31C4 010:481.328 JLINK_IsHalted()
T31C4 010:482.083 - 0.766ms returns FALSE
T31C4 010:482.100 JLINK_IsHalted()
T31C4 010:482.797 - 0.707ms returns FALSE
T31C4 010:590.179 JLINK_IsHalted()
T31C4 010:590.767 - 0.593ms returns FALSE
T31C4 010:590.778 JLINK_IsHalted()
T31C4 010:591.283 - 0.509ms returns FALSE
T31C4 010:699.188 JLINK_IsHalted()
T31C4 010:700.045 - 0.866ms returns FALSE
T31C4 010:700.060 JLINK_IsHalted()
T31C4 010:700.743 - 0.692ms returns FALSE
T31C4 010:808.960 JLINK_IsHalted()
T31C4 010:809.850 - 0.901ms returns FALSE
T31C4 010:809.867 JLINK_IsHalted()
T31C4 010:810.689 - 0.832ms returns FALSE
T337C 010:891.994 JLINK_IsHalted()
T337C 010:892.801 - 0.819ms returns FALSE
T337C 010:892.819 JLINK_IsHalted()
T337C 010:893.497 - 0.689ms returns FALSE
T31C4 010:917.965 JLINK_IsHalted()
T31C4 010:918.676 - 0.721ms returns FALSE
T31C4 010:918.691 JLINK_IsHalted()
T31C4 010:919.361 - 0.679ms returns FALSE
T31C4 011:028.487 JLINK_IsHalted()
T31C4 011:029.131 - 0.653ms returns FALSE
T31C4 011:029.146 JLINK_IsHalted()
T31C4 011:030.152 - 1.013ms returns FALSE
T31C4 011:137.422 JLINK_IsHalted()
T31C4 011:138.264 - 0.851ms returns FALSE
T31C4 011:138.279 JLINK_IsHalted()
T31C4 011:138.954 - 0.685ms returns FALSE
T31C4 011:246.647 JLINK_IsHalted()
T31C4 011:247.531 - 0.893ms returns FALSE
T31C4 011:247.546 JLINK_IsHalted()
T31C4 011:248.420 - 0.883ms returns FALSE
T31C4 011:355.636 JLINK_IsHalted()
T31C4 011:356.491 - 0.865ms returns FALSE
T31C4 011:356.508 JLINK_IsHalted()
T31C4 011:357.202 - 0.703ms returns FALSE
T31C4 011:465.009 JLINK_IsHalted()
T31C4 011:465.853 - 0.854ms returns FALSE
T31C4 011:465.869 JLINK_IsHalted()
T31C4 011:466.772 - 0.913ms returns FALSE
T31C4 011:574.913 JLINK_IsHalted()
T31C4 011:576.882 - 1.975ms returns FALSE
T31C4 011:576.893 JLINK_IsHalted()
T31C4 011:578.324 - 1.438ms returns FALSE
T31C4 011:683.889 JLINK_IsHalted()
T31C4 011:684.750 - 0.870ms returns FALSE
T31C4 011:684.765 JLINK_IsHalted()
T31C4 011:685.576 - 0.820ms returns FALSE
T31C4 011:793.407 JLINK_IsHalted()
T31C4 011:794.260 - 0.862ms returns FALSE
T31C4 011:794.275 JLINK_IsHalted()
T31C4 011:794.999 - 0.733ms returns FALSE
T337C 011:894.322 JLINK_IsHalted()
T337C 011:895.080 - 0.771ms returns FALSE
T337C 011:895.098 JLINK_IsHalted()
T337C 011:895.877 - 0.790ms returns FALSE
T31C4 011:903.148 JLINK_IsHalted()
T31C4 011:904.019 - 0.881ms returns FALSE
T31C4 011:904.034 JLINK_IsHalted()
T31C4 011:904.843 - 0.819ms returns FALSE
T31C4 012:012.313 JLINK_IsHalted()
T31C4 012:013.079 - 0.775ms returns FALSE
T31C4 012:013.094 JLINK_IsHalted()
T31C4 012:013.849 - 0.766ms returns FALSE
T31C4 012:121.294 JLINK_IsHalted()
T31C4 012:122.129 - 0.847ms returns FALSE
T31C4 012:122.147 JLINK_IsHalted()
T31C4 012:122.960 - 0.826ms returns FALSE
T31C4 012:231.208 JLINK_IsHalted()
T31C4 012:232.056 - 0.858ms returns FALSE
T31C4 012:232.072 JLINK_IsHalted()
T31C4 012:232.854 - 0.791ms returns FALSE
T31C4 012:340.602 JLINK_IsHalted()
T31C4 012:341.606 - 1.013ms returns FALSE
T31C4 012:341.625 JLINK_IsHalted()
T31C4 012:342.571 - 0.956ms returns FALSE
T31C4 012:449.231 JLINK_IsHalted()
T31C4 012:450.005 - 0.783ms returns FALSE
T31C4 012:450.020 JLINK_IsHalted()
T31C4 012:450.802 - 0.790ms returns FALSE
T31C4 012:561.255 JLINK_IsHalted()
T31C4 012:561.966 - 0.720ms returns FALSE
T31C4 012:561.981 JLINK_IsHalted()
T31C4 012:562.744 - 0.772ms returns FALSE
T31C4 012:668.655 JLINK_IsHalted()
T31C4 012:669.458 - 0.818ms returns FALSE
T31C4 012:669.481 JLINK_IsHalted()
T31C4 012:670.163 - 0.693ms returns FALSE
T31C4 012:777.364 JLINK_IsHalted()
T31C4 012:778.316 - 0.961ms returns FALSE
T31C4 012:778.330 JLINK_IsHalted()
T31C4 012:779.045 - 0.724ms returns FALSE
T31C4 012:887.341 JLINK_IsHalted()
T31C4 012:888.207 - 0.876ms returns FALSE
T31C4 012:888.222 JLINK_IsHalted()
T31C4 012:888.906 - 0.693ms returns FALSE
T337C 012:896.788 JLINK_IsHalted()
T337C 012:897.642 - 0.862ms returns FALSE
T337C 012:897.656 JLINK_IsHalted()
T337C 012:898.620 - 0.973ms returns FALSE
T31C4 012:996.493 JLINK_IsHalted()
T31C4 012:997.232 - 0.754ms returns FALSE
T31C4 012:997.253 JLINK_IsHalted()
T31C4 012:997.972 - 0.729ms returns FALSE
T31C4 013:106.420 JLINK_IsHalted()
T31C4 013:107.320 - 0.910ms returns FALSE
T31C4 013:107.335 JLINK_IsHalted()
T31C4 013:108.185 - 0.859ms returns FALSE
T31C4 013:215.093 JLINK_IsHalted()
T31C4 013:215.714 - 0.630ms returns FALSE
T31C4 013:215.729 JLINK_IsHalted()
T31C4 013:216.281 - 0.559ms returns FALSE
T31C4 013:324.343 JLINK_IsHalted()
T31C4 013:325.116 - 0.784ms returns FALSE
T31C4 013:325.133 JLINK_IsHalted()
T31C4 013:325.959 - 0.838ms returns FALSE
T31C4 013:434.473 JLINK_IsHalted()
T31C4 013:435.179 - 0.715ms returns FALSE
T31C4 013:435.194 JLINK_IsHalted()
T31C4 013:435.863 - 0.678ms returns FALSE
T31C4 013:543.632 JLINK_IsHalted()
T31C4 013:544.484 - 0.862ms returns FALSE
T31C4 013:544.500 JLINK_IsHalted()
T31C4 013:545.270 - 0.779ms returns FALSE
T31C4 013:652.878 JLINK_IsHalted()
T31C4 013:653.744 - 0.875ms returns FALSE
T31C4 013:653.759 JLINK_IsHalted()
T31C4 013:654.653 - 0.904ms returns FALSE
T31C4 013:761.898 JLINK_IsHalted()
T31C4 013:762.563 - 0.680ms returns FALSE
T31C4 013:762.588 JLINK_IsHalted()
T31C4 013:763.215 - 0.638ms returns FALSE
T31C4 013:871.342 JLINK_IsHalted()
T31C4 013:872.117 - 0.784ms returns FALSE
T31C4 013:872.132 JLINK_IsHalted()
T31C4 013:872.901 - 0.778ms returns FALSE
T337C 013:899.536 JLINK_IsHalted()
T337C 013:900.386 - 0.862ms returns FALSE
T337C 013:900.403 JLINK_IsHalted()
T337C 013:901.162 - 0.769ms returns FALSE
T31C4 013:981.397 JLINK_IsHalted()
T31C4 013:982.249 - 0.863ms returns FALSE
T31C4 013:982.267 JLINK_IsHalted()
T31C4 013:982.987 - 0.733ms returns FALSE
T31C4 014:090.057 JLINK_IsHalted()
T31C4 014:090.854 - 0.809ms returns FALSE
T31C4 014:090.872 JLINK_IsHalted()
T31C4 014:091.711 - 0.850ms returns FALSE
T31C4 014:199.930 JLINK_IsHalted()
T31C4 014:200.778 - 0.857ms returns FALSE
T31C4 014:200.793 JLINK_IsHalted()
T31C4 014:201.562 - 0.778ms returns FALSE
T31C4 014:308.717 JLINK_IsHalted()
T31C4 014:309.738 - 1.030ms returns FALSE
T31C4 014:309.753 JLINK_IsHalted()
T31C4 014:310.518 - 0.779ms returns FALSE
T31C4 014:418.880 JLINK_IsHalted()
T31C4 014:419.742 - 0.872ms returns FALSE
T31C4 014:419.757 JLINK_IsHalted()
T31C4 014:420.666 - 0.919ms returns FALSE
T31C4 014:527.478 JLINK_IsHalted()
T31C4 014:528.330 - 0.863ms returns FALSE
T31C4 014:528.347 JLINK_IsHalted()
T31C4 014:529.037 - 0.700ms returns FALSE
T31C4 014:637.319 JLINK_IsHalted()
T31C4 014:638.113 - 0.803ms returns FALSE
T31C4 014:638.128 JLINK_IsHalted()
T31C4 014:638.889 - 0.772ms returns FALSE
T31C4 014:746.660 JLINK_IsHalted()
T31C4 014:747.562 - 0.914ms returns FALSE
T31C4 014:747.579 JLINK_IsHalted()
T31C4 014:748.290 - 0.721ms returns FALSE
T31C4 014:855.722 JLINK_IsHalted()
T31C4 014:856.454 - 0.745ms returns FALSE
T31C4 014:856.474 JLINK_IsHalted()
T31C4 014:857.155 - 0.691ms returns FALSE
T337C 014:901.992 JLINK_IsHalted()
T337C 014:902.710 - 0.744ms returns FALSE
T337C 014:902.746 JLINK_IsHalted()
T337C 014:903.450 - 0.715ms returns FALSE
T31C4 014:965.422 JLINK_IsHalted()
T31C4 014:966.279 - 0.866ms returns FALSE
T31C4 014:966.294 JLINK_IsHalted()
T31C4 014:966.994 - 0.709ms returns FALSE
T31C4 015:075.119 JLINK_IsHalted()
T31C4 015:075.799 - 0.690ms returns FALSE
T31C4 015:075.816 JLINK_IsHalted()
T31C4 015:076.453 - 0.648ms returns FALSE
T31C4 015:183.891 JLINK_IsHalted()
T31C4 015:184.566 - 0.678ms returns FALSE
T31C4 015:184.574 JLINK_IsHalted()
T31C4 015:185.106 - 0.535ms returns FALSE
T31C4 015:293.157 JLINK_IsHalted()
T31C4 015:294.008 - 0.860ms returns FALSE
T31C4 015:294.022 JLINK_IsHalted()
T31C4 015:294.737 - 0.723ms returns FALSE
T31C4 015:402.863 JLINK_IsHalted()
T31C4 015:403.807 - 0.953ms returns FALSE
T31C4 015:403.822 JLINK_IsHalted()
T31C4 015:404.628 - 0.815ms returns FALSE
T31C4 015:512.482 JLINK_IsHalted()
T31C4 015:513.268 - 0.796ms returns FALSE
T31C4 015:513.283 JLINK_IsHalted()
T31C4 015:514.009 - 0.735ms returns FALSE
T31C4 015:621.630 JLINK_IsHalted()
T31C4 015:622.386 - 0.765ms returns FALSE
T31C4 015:622.401 JLINK_IsHalted()
T31C4 015:623.223 - 0.832ms returns FALSE
T31C4 015:731.418 JLINK_IsHalted()
T31C4 015:732.379 - 0.973ms returns FALSE
T31C4 015:732.397 JLINK_IsHalted()
T31C4 015:733.124 - 0.737ms returns FALSE
T31C4 015:840.412 JLINK_IsHalted()
T31C4 015:841.272 - 0.871ms returns FALSE
T31C4 015:841.292 JLINK_IsHalted()
T31C4 015:842.010 - 0.729ms returns FALSE
T337C 015:904.351 JLINK_IsHalted()
T337C 015:905.100 - 0.760ms returns FALSE
T337C 015:905.117 JLINK_IsHalted()
T337C 015:905.839 - 0.732ms returns FALSE
T31C4 015:949.957 JLINK_IsHalted()
T31C4 015:950.571 - 0.628ms returns FALSE
T31C4 015:950.592 JLINK_IsHalted()
T31C4 015:951.107 - 0.523ms returns FALSE
T31C4 016:058.565 JLINK_IsHalted()
T31C4 016:059.484 - 0.929ms returns FALSE
T31C4 016:059.499 JLINK_IsHalted()
T31C4 016:060.413 - 0.923ms returns FALSE
T31C4 016:168.016 JLINK_IsHalted()
T31C4 016:168.731 - 0.726ms returns FALSE
T31C4 016:168.748 JLINK_IsHalted()
T31C4 016:169.424 - 0.685ms returns FALSE
T31C4 016:277.676 JLINK_IsHalted()
T31C4 016:278.250 - 0.584ms returns FALSE
T31C4 016:278.266 JLINK_IsHalted()
T31C4 016:279.032 - 0.777ms returns FALSE
T31C4 016:386.888 JLINK_IsHalted()
T31C4 016:387.652 - 0.775ms returns FALSE
T31C4 016:387.669 JLINK_IsHalted()
T31C4 016:388.337 - 0.678ms returns FALSE
T31C4 016:496.348 JLINK_IsHalted()
T31C4 016:497.221 - 0.882ms returns FALSE
T31C4 016:497.236 JLINK_IsHalted()
T31C4 016:498.137 - 1.068ms returns FALSE
T31C4 016:606.384 JLINK_IsHalted()
T31C4 016:607.123 - 0.779ms returns FALSE
T31C4 016:607.169 JLINK_IsHalted()
T31C4 016:607.997 - 0.838ms returns FALSE
T31C4 016:715.339 JLINK_IsHalted()
T31C4 016:716.199 - 0.871ms returns FALSE
T31C4 016:716.215 JLINK_IsHalted()
T31C4 016:716.887 - 0.681ms returns FALSE
T31C4 016:824.494 JLINK_IsHalted()
T31C4 016:825.310 - 0.830ms returns FALSE
T31C4 016:825.332 JLINK_IsHalted()
T31C4 016:826.057 - 0.736ms returns FALSE
T337C 016:905.465 JLINK_IsHalted()
T337C 016:906.256 - 0.801ms returns FALSE
T337C 016:906.271 JLINK_IsHalted()
T337C 016:906.971 - 0.724ms returns FALSE
T31C4 016:934.295 JLINK_IsHalted()
T31C4 016:935.059 - 0.773ms returns FALSE
T31C4 016:935.074 JLINK_IsHalted()
T31C4 016:935.786 - 0.721ms returns FALSE
T31C4 017:043.736 JLINK_IsHalted()
T31C4 017:044.517 - 0.792ms returns FALSE
T31C4 017:044.534 JLINK_IsHalted()
T31C4 017:045.275 - 0.751ms returns FALSE
T31C4 017:153.244 JLINK_IsHalted()
T31C4 017:154.274 - 1.040ms returns FALSE
T31C4 017:154.290 JLINK_IsHalted()
T31C4 017:155.113 - 0.834ms returns FALSE
T31C4 017:262.321 JLINK_IsHalted()
T31C4 017:263.203 - 0.891ms returns FALSE
T31C4 017:263.218 JLINK_IsHalted()
T31C4 017:263.744 - 0.533ms returns FALSE
T31C4 017:371.605 JLINK_IsHalted()
T31C4 017:372.344 - 0.761ms returns FALSE
T31C4 017:372.375 JLINK_IsHalted()
T31C4 017:373.068 - 0.704ms returns FALSE
T31C4 017:480.910 JLINK_IsHalted()
T31C4 017:481.677 - 0.777ms returns FALSE
T31C4 017:481.693 JLINK_IsHalted()
T31C4 017:482.528 - 0.844ms returns FALSE
T31C4 017:590.221 JLINK_IsHalted()
T31C4 017:590.985 - 0.773ms returns FALSE
T31C4 017:591.000 JLINK_IsHalted()
T31C4 017:591.814 - 0.824ms returns FALSE
T31C4 017:699.246 JLINK_IsHalted()
T31C4 017:700.017 - 0.788ms returns FALSE
T31C4 017:700.040 JLINK_IsHalted()
T31C4 017:700.700 - 0.670ms returns FALSE
T31C4 017:809.266 JLINK_IsHalted()
T31C4 017:810.461 - 1.204ms returns FALSE
T31C4 017:810.476 JLINK_IsHalted()
T31C4 017:811.129 - 0.675ms returns FALSE
T337C 017:906.388 JLINK_IsHalted()
T337C 017:907.233 - 0.857ms returns FALSE
T337C 017:907.251 JLINK_IsHalted()
T337C 017:907.966 - 0.726ms returns FALSE
T31C4 017:918.223 JLINK_IsHalted()
T31C4 017:918.938 - 0.726ms returns FALSE
T31C4 017:918.955 JLINK_IsHalted()
T31C4 017:919.779 - 0.835ms returns FALSE
T31C4 018:028.254 JLINK_IsHalted()
T31C4 018:029.068 - 0.824ms returns FALSE
T31C4 018:029.083 JLINK_IsHalted()
T31C4 018:029.832 - 0.758ms returns FALSE
T31C4 018:137.205 JLINK_IsHalted()
T31C4 018:137.871 - 0.676ms returns FALSE
T31C4 018:137.886 JLINK_IsHalted()
T31C4 018:138.615 - 0.739ms returns FALSE
T31C4 018:246.645 JLINK_IsHalted()
T31C4 018:247.611 - 0.977ms returns FALSE
T31C4 018:247.629 JLINK_IsHalted()
T31C4 018:248.539 - 0.919ms returns FALSE
T31C4 018:355.751 JLINK_IsHalted()
T31C4 018:356.661 - 0.920ms returns FALSE
T31C4 018:356.677 JLINK_IsHalted()
T31C4 018:357.302 - 0.635ms returns FALSE
T31C4 018:465.715 JLINK_IsHalted()
T31C4 018:466.573 - 0.867ms returns FALSE
T31C4 018:466.588 JLINK_IsHalted()
T31C4 018:467.343 - 0.765ms returns FALSE
T31C4 018:577.197 JLINK_IsHalted()
T31C4 018:578.100 - 0.912ms returns FALSE
T31C4 018:578.115 JLINK_IsHalted()
T31C4 018:578.889 - 0.783ms returns FALSE
T31C4 018:683.739 JLINK_IsHalted()
T31C4 018:684.595 - 0.867ms returns FALSE
T31C4 018:684.614 JLINK_IsHalted()
T31C4 018:685.418 - 0.814ms returns FALSE
T31C4 018:793.690 JLINK_IsHalted()
T31C4 018:794.400 - 0.720ms returns FALSE
T31C4 018:794.416 JLINK_IsHalted()
T31C4 018:795.295 - 0.888ms returns FALSE
T31C4 018:903.127 JLINK_IsHalted()
T31C4 018:903.873 - 0.756ms returns FALSE
T31C4 018:903.888 JLINK_IsHalted()
T31C4 018:904.680 - 0.814ms returns FALSE
T337C 018:908.257 JLINK_IsHalted()
T337C 018:908.826 - 0.580ms returns FALSE
T337C 018:908.843 JLINK_IsHalted()
T337C 018:909.569 - 0.735ms returns FALSE
T31C4 019:011.920 JLINK_IsHalted()
T31C4 019:013.187 - 1.276ms returns FALSE
T31C4 019:013.202 JLINK_IsHalted()
T31C4 019:013.894 - 0.701ms returns FALSE
T31C4 019:122.002 JLINK_IsHalted()
T31C4 019:122.821 - 0.831ms returns FALSE
T31C4 019:122.838 JLINK_IsHalted()
T31C4 019:123.667 - 0.838ms returns FALSE
T31C4 019:231.357 JLINK_IsHalted()
T31C4 019:231.969 - 0.625ms returns FALSE
T31C4 019:231.991 JLINK_IsHalted()
T31C4 019:232.683 - 0.704ms returns FALSE
T31C4 019:340.384 JLINK_IsHalted()
T31C4 019:341.137 - 0.763ms returns FALSE
T31C4 019:341.152 JLINK_IsHalted()
T31C4 019:342.008 - 0.865ms returns FALSE
T31C4 019:450.199 JLINK_IsHalted()
T31C4 019:451.049 - 0.860ms returns FALSE
T31C4 019:451.064 JLINK_IsHalted()
T31C4 019:451.866 - 0.811ms returns FALSE
T31C4 019:559.210 JLINK_IsHalted()
T31C4 019:559.961 - 0.761ms returns FALSE
T31C4 019:559.978 JLINK_IsHalted()
T31C4 019:560.734 - 0.767ms returns FALSE
T31C4 019:668.202 JLINK_IsHalted()
T31C4 019:668.939 - 0.747ms returns FALSE
T31C4 019:668.954 JLINK_IsHalted()
T31C4 019:669.750 - 0.805ms returns FALSE
T31C4 019:771.863 JLINK_IsHalted()
T31C4 019:772.498 - 0.653ms returns FALSE
T31C4 019:772.525 JLINK_IsHalted()
T31C4 019:773.144 - 0.622ms returns FALSE
T31C4 019:773.174 JLINK_IsHalted()
T31C4 019:773.728 - 0.557ms returns FALSE
T31C4 019:773.736 JLINK_IsHalted()
T31C4 019:774.381 - 0.648ms returns FALSE
T31C4 019:774.393 JLINK_Halt()
T31C4 019:779.155 - 4.769ms returns 0x00
T31C4 019:779.179 JLINK_IsHalted()
T31C4 019:779.185 - 0.007ms returns TRUE
T31C4 019:779.192 JLINK_ReadReg(XPSR)
T31C4 019:779.199 - 0.009ms returns 0x21000000
T31C4 019:779.205 JLINK_ReadReg(R15 (PC))
T31C4 019:779.211 - 0.007ms returns 0x000010D0
T31C4 019:779.218 JLINK_ReadReg(XPSR)
T31C4 019:779.223 - 0.007ms returns 0x21000000
T31C4 019:779.229 JLINK_ReadReg(XPSR)
T31C4 019:779.234 - 0.007ms returns 0x21000000
T31C4 019:779.239 JLINK_ReadReg(R15 (PC))
T31C4 019:779.244 - 0.007ms returns 0x000010D0
T31C4 019:779.250 JLINK_ReadReg(XPSR)
T31C4 019:779.255 - 0.007ms returns 0x21000000
T31C4 019:779.261 JLINK_ReadReg(XPSR)
T31C4 019:779.265 - 0.007ms returns 0x21000000
T31C4 019:779.272 JLINK_ReadMem(0x000010D0, 0x1 Bytes, ...)
T31C4 019:779.280    -- Read from flash cache (1 bytes @ 0x000010D0)
T31C4 019:779.287   Data:  A0
T31C4 019:779.295 - 0.024ms returns 0
T31C4 019:779.301 JLINK_IsHalted()
T31C4 019:779.306 - 0.007ms returns TRUE
T31C4 019:779.311 JLINK_ReadReg(XPSR)
T31C4 019:779.316 - 0.007ms returns 0x21000000
T31C4 019:779.322 JLINK_ReadReg(XPSR)
T31C4 019:779.327 - 0.007ms returns 0x21000000
T31C4 019:779.332 JLINK_ReadReg(R15 (PC))
T31C4 019:779.337 - 0.007ms returns 0x000010D0
T31C4 019:779.343 JLINK_ReadReg(XPSR)
T31C4 019:779.348 - 0.007ms returns 0x21000000
T31C4 019:779.353 JLINK_ReadReg(XPSR)
T31C4 019:779.358 - 0.007ms returns 0x21000000
T31C4 019:779.367 JLINK_ReadMem(0x000010D0, 0x1 Bytes, ...)
T31C4 019:779.373    -- Read from flash cache (1 bytes @ 0x000010D0)
T31C4 019:779.380   Data:  A0
T31C4 019:779.387 - 0.021ms returns 0
T31C4 019:780.401 JLINK_ReadRegs(NumRegs = 20, Indexes: 0, 1, 2, 3, 4, 5, 6, 7, 8, 9, 10, 11, 12, 13, 14, 15, 16, 17, 18, 20)
T31C4 019:780.421    -- R0=0xD6707, R1=0x186A0, R2=0x08, R3=0x3E8, R4=0x7CF, R5=0x7CF, R6=0x1FFE0044, R7=0x1FFE0068, R8=0x1FFE003C, R9=0x3727FF03, R10=0x4087E50E, R11=0xA0A45B13, R12=0x5F5E100, R13 (SP)=0x1FFE0618, R14=0x585, R15 (PC)=0x10D0, XPSR=0x21000000, MSP=0x1FFE0618, PSP=0x99BFDB88, CFBP=0x00
T31C4 019:780.428 - 0.029ms returns 0x00
T31C4 019:780.737 JLINK_ReadMem(0x000010D0, 0x4 Bytes, ...)
T31C4 019:780.747    -- Read from flash cache (4 bytes @ 0x000010D0)
T31C4 019:780.754   Data:  A0 F1 01 00
T31C4 019:780.762 - 0.026ms returns 0
T31C4 019:781.099 JLINK_ReadMem(0x00001114, 0x4 Bytes, ...)
T31C4 019:781.109    -- Read from flash cache (4 bytes @ 0x00001114)
T31C4 019:781.116   Data:  92 00 B1 FB
T31C4 019:781.123 - 0.027ms returns 0
T31C4 019:802.987 JLINK_ReadMem(0x00000584, 0x4 Bytes, ...)
T31C4 019:803.023    -- Read from flash cache (4 bytes @ 0x00000584)
T31C4 019:803.031   Data:  BD F8 06 40
T31C4 019:803.039 - 0.053ms returns 0
T31C4 019:803.311 JLINK_ReadMem(0x1FFE0634, 0x4 Bytes, ...)
T31C4 019:803.353   CPU_ReadMem(64 bytes @ 0x1FFE0600)
T31C4 019:804.825    -- Updating C cache (64 bytes @ 0x1FFE0600)
T31C4 019:804.842    -- Read from C cache (4 bytes @ 0x1FFE0634)
T31C4 019:804.850   Data:  FB 05 00 00
T31C4 019:804.857 - 1.548ms returns 0
T31C4 019:805.197 JLINK_ReadMem(0x1FFE0634, 0x4 Bytes, ...)
T31C4 019:805.212    -- Read from C cache (4 bytes @ 0x1FFE0634)
T31C4 019:805.219   Data:  FB 05 00 00
T31C4 019:805.227 - 0.032ms returns 0
T31C4 019:805.398 JLINK_ReadMem(0x000005FA, 0x4 Bytes, ...)
T31C4 019:805.404    -- Read from flash cache (4 bytes @ 0x000005FA)
T31C4 019:805.411   Data:  00 20 08 BD
T31C4 019:805.417 - 0.021ms returns 0
T31C4 019:834.127 JLINK_ReadReg(XPSR)
T31C4 019:834.161 - 0.036ms returns 0x21000000
T31C4 019:834.882 JLINK_ReadReg(XPSR)
T31C4 019:834.903 - 0.023ms returns 0x21000000
T31C4 020:695.387 JLINK_ReadReg(XPSR)
T31C4 020:696.029 - 0.656ms returns 0x21000000
T31C4 020:696.723 JLINK_ReadReg(XPSR)
T31C4 020:696.747 - 0.027ms returns 0x21000000
T337C 020:783.292 JLINK_IsHalted()
T337C 020:783.335 - 0.047ms returns TRUE
T337C 020:783.347 JLINK_ReadReg(XPSR)
T337C 020:783.361 - 0.018ms returns 0x21000000
T337C 020:783.371 JLINK_ReadReg(R15 (PC))
T337C 020:783.380 - 0.012ms returns 0x000010D0
T337C 020:783.393 JLINK_ReadReg(XPSR)
T337C 020:783.401 - 0.012ms returns 0x21000000
T337C 020:783.411 JLINK_ReadReg(XPSR)
T337C 020:783.419 - 0.012ms returns 0x21000000
T337C 020:783.428 JLINK_ReadReg(R15 (PC))
T337C 020:783.437 - 0.012ms returns 0x000010D0
T337C 020:783.447 JLINK_ReadReg(XPSR)
T337C 020:783.455 - 0.012ms returns 0x21000000
T337C 020:783.465 JLINK_ReadReg(XPSR)
T337C 020:783.473 - 0.012ms returns 0x21000000
T337C 020:783.482 JLINK_ReadMem(0x000010D0, 0x1 Bytes, ...)
T337C 020:783.493    -- Read from flash cache (1 bytes @ 0x000010D0)
T337C 020:783.505   Data:  A0
T337C 020:783.516 - 0.037ms returns 0
T337C 020:783.525 JLINK_IsHalted()
T337C 020:783.533 - 0.011ms returns TRUE
T337C 020:783.542 JLINK_ReadReg(XPSR)
T337C 020:783.550 - 0.012ms returns 0x21000000
T337C 020:783.559 JLINK_ReadReg(XPSR)
T337C 020:783.568 - 0.012ms returns 0x21000000
T337C 020:783.577 JLINK_ReadReg(R15 (PC))
T337C 020:783.585 - 0.012ms returns 0x000010D0
T337C 020:783.595 JLINK_ReadReg(XPSR)
T337C 020:783.604 - 0.012ms returns 0x21000000
T337C 020:783.613 JLINK_ReadReg(XPSR)
T337C 020:783.621 - 0.012ms returns 0x21000000
T337C 020:783.631 JLINK_ReadMem(0x000010D0, 0x1 Bytes, ...)
T337C 020:783.639    -- Read from flash cache (1 bytes @ 0x000010D0)
T337C 020:783.650   Data:  A0
T337C 020:783.661 - 0.033ms returns 0
T337C 020:783.674 JLINK_ReadMem(0xE0001004, 0x4 Bytes, ...)
T337C 020:783.689   CPU_ReadMem(4 bytes @ 0xE0001004)
T337C 020:784.610   Data:  FC E5 2D 5C
T337C 020:784.660   Debug reg: DWT_CYCCNT
T337C 020:784.668 - 0.997ms returns 0
T6E44 021:182.341 JLINK_Halt()
T6E44 021:182.372 - 0.036ms returns 0x00
T6E44 021:182.435 JLINK_ReadReg(XPSR)
T6E44 021:182.455 - 0.024ms returns 0x21000000
T6E44 021:184.104 JLINK_Close()
T6E44 021:184.531   OnDisconnectTarget() start
T6E44 021:184.546    J-Link Script File: Executing OnDisconnectTarget()
T6E44 021:184.553   Restoring low power mode settings.
T6E44 021:187.734   OnDisconnectTarget() end
T6E44 021:219.040 - 34.959ms
T6E44 021:219.070   
T6E44 021:219.080   Closed
