T3A4C 000:001.601   SEGGER J-Link V7.84d Log File
T3A4C 000:001.696   DLL Compiled: Jan 25 2023 15:51:00
T3A4C 000:001.701   Logging started @ 2023-04-07 13:06
T3A4C 000:001.704 - 1.707ms
T3A4C 000:001.716 JLINK_GetDLLVersion()
T3A4C 000:001.721 - 0.007ms returns 78404
T3A4C 000:002.451 JLINK_OpenEx(...)
T3A4C 000:025.833   Firmware: J-Link OB-S124 compiled Mar  2 2023 15:52:19
T3A4C 000:026.409   Firmware: J-Link OB-S124 compiled Mar  2 2023 15:52:19
T3A4C 000:049.353   Hardware: V1.00
T3A4C 000:049.372   S/N: 831116025
T3A4C 000:049.378   OEM: SEGGER
T3A4C 000:049.384   Feature(s): None
T3A4C 000:051.540   TELNET listener socket opened on port 19021
T3A4C 000:051.662   WEBSRV WEBSRV_Init(): Starting webserver thread(s)
T3A4C 000:051.940   WEBSRV Webserver running on local port 19080
T3A4C 000:070.430 - 67.997ms returns "O.K."
T3A4C 000:071.131 JLINK_ExecCommand("ProjectFile=C:\Users\ferdi.kurnaz\e2_studio\workspace\USER_EVENT_DENEME/USER_EVENT_DENEME Debug_Flat.jlink", ...). 
T3A4C 000:096.793 - 25.674ms returns 0x00
T3A4C 000:097.427 JLINK_ExecCommand("device=R7FA6M2AF", ...). 
T3A4C 000:101.194   Device "R7FA6M2AF" selected.
T3A4C 000:105.016 - 7.592ms returns 0x00
T3A4C 000:105.078 JLINK_ExecCommand("SetCPUConnectIDCODE = FFFFFFFFFFFFFFFFFFFFFFFFFFFFFFFF", ...). 
T3A4C 000:105.089 - 0.006ms returns 0x00
T3A4C 000:105.094 JLINK_TIF_GetAvailable(...)
T3A4C 000:105.437 - 0.345ms
T3A4C 000:105.444 JLINK_TIF_Select(JLINKARM_TIF_SWD)
T3A4C 000:106.522 - 1.081ms returns 0x00
T3A4C 000:106.530 JLINK_SetSpeed(4000)
T3A4C 000:106.690 - 0.161ms
T3A4C 000:106.696 JLINK_SetEndian(ARM_ENDIAN_LITTLE)
T3A4C 000:106.700 - 0.006ms returns 0
T3A4C 000:106.706 JLINK_SetInitRegsOnReset(OFF)
T3A4C 000:106.710 - 0.006ms returns 1
T3A4C 000:106.715 JLINK_SetResetType(JLINKARM_RESET_TYPE_NO_RESET)
T3A4C 000:106.720 - 0.006ms returns JLINKARM_RESET_TYPE_NORMAL
T3A4C 000:106.725 JLINK_ExecCommand("EnableFlashBPs", ...). 
T3A4C 000:106.731 - 0.002ms returns 0x00
T3A4C 000:106.737 JLINK_ExecCommand("SetAllowFlashCache = 1", ...). 
T3A4C 000:106.742 - 0.002ms returns 0x01
T3A4C 000:106.748 JLINK_ExecCommand("SetRestartOnClose = 0", ...). 
T3A4C 000:106.754 - 0.002ms returns 0x01
T3A4C 000:106.760 JLINK_EnableSoftBPs(ON)
T3A4C 000:106.765 - 0.007ms
T3A4C 000:106.770 JLINK_Connect()
T3A4C 000:107.030   InitTarget() start
T3A4C 000:107.038    J-Link Script File: Executing InitTarget()
T3A4C 000:107.048   Identifying target device...
T3A4C 000:107.054   SWD selected. Executing JTAG -> SWD switching sequence...
T3A4C 000:107.822   Initializing DAP...
T3A4C 000:113.062   Low power mode detected. Waking device from low power mode.
T3A4C 000:117.245   InitTarget() end
T3A4C 000:118.375   Found SW-DP with ID 0x5BA02477
T3A4C 000:122.277   DPIDR: 0x5BA02477
T3A4C 000:122.288   CoreSight SoC-400 or earlier
T3A4C 000:122.294   Scanning AP map to find all available APs
T3A4C 000:124.246   AP[2]: Stopped AP scan as end of AP map has been reached
T3A4C 000:124.257   AP[0]: AHB-AP (IDR: 0x24770011)
T3A4C 000:124.263   AP[1]: APB-AP (IDR: 0x44770002)
T3A4C 000:124.269   Iterating through AP map to find AHB-AP to use
T3A4C 000:125.837   AP[0]: Core found
T3A4C 000:125.847   AP[0]: AHB-AP ROM base: 0xE00FF000
T3A4C 000:126.629   CPUID register: 0x410FC241. Implementer code: 0x41 (ARM)
T3A4C 000:126.637   Found Cortex-M4 r0p1, Little endian.
T3A4C 000:127.275   -- Max. mem block: 0x00001B68
T3A4C 000:127.423   CPU_ReadMem(4 bytes @ 0xE000EDF0)
T3A4C 000:128.737   CPU_ReadMem(4 bytes @ 0xE0002000)
T3A4C 000:129.364   FPUnit: 6 code (BP) slots and 2 literal slots
T3A4C 000:129.370   CPU_ReadMem(4 bytes @ 0xE000EDFC)
T3A4C 000:129.988   CPU_ReadMem(4 bytes @ 0xE0001000)
T3A4C 000:130.600   CPU_WriteMem(4 bytes @ 0xE0001000)
T3A4C 000:131.222   CPU_ReadMem(4 bytes @ 0xE000ED88)
T3A4C 000:131.841   CPU_WriteMem(4 bytes @ 0xE000ED88)
T3A4C 000:132.518   CPU_ReadMem(4 bytes @ 0xE000ED88)
T3A4C 000:133.178   CPU_WriteMem(4 bytes @ 0xE000ED88)
T3A4C 000:133.837   CoreSight components:
T3A4C 000:133.848   ROMTbl[0] @ E00FF000
T3A4C 000:133.899   CPU_ReadMem(64 bytes @ 0xE00FF000)
T3A4C 000:135.641   CPU_ReadMem(32 bytes @ 0xE000EFE0)
T3A4C 000:136.630   [0][0]: E000E000 CID B105E00D PID 000BB00C SCS-M7
T3A4C 000:136.644   CPU_ReadMem(32 bytes @ 0xE0001FE0)
T3A4C 000:137.703   [0][1]: E0001000 CID B105E00D PID 003BB002 DWT
T3A4C 000:137.710   CPU_ReadMem(32 bytes @ 0xE0002FE0)
T3A4C 000:138.697   [0][2]: E0002000 CID B105E00D PID 002BB003 FPB
T3A4C 000:138.703   CPU_ReadMem(32 bytes @ 0xE0000FE0)
T3A4C 000:139.668   [0][3]: E0000000 CID B105E00D PID 003BB001 ITM
T3A4C 000:139.674   CPU_ReadMem(32 bytes @ 0xE0040FE0)
T3A4C 000:140.647   [0][4]: E0040000 CID B105900D PID 000BB9A1 TPIU
T3A4C 000:140.654   CPU_ReadMem(32 bytes @ 0xE0041FE0)
T3A4C 000:141.622   [0][5]: E0041000 CID B105900D PID 000BB925 ETM
T3A4C 000:141.628   CPU_ReadMem(32 bytes @ 0xE0042FE0)
T3A4C 000:142.621   [0][6]: E0042000 CID B105900D PID 002BB908 CSTF
T3A4C 000:142.627   CPU_ReadMem(32 bytes @ 0xE0043FE0)
T3A4C 000:143.548   [0][7]: E0043000 CID B105900D PID 001BB961 TMC
T3A4C 000:143.598   CPU_ReadMem(32 bytes @ 0xE0044FE0)
T3A4C 000:144.630   [0][8]: E0044000 CID B105F00D PID 001BB101 TSG
T3A4C 000:144.661 - 37.893ms returns 0x00
T3A4C 000:144.709 JLINK_ResetPullsRESET(ON)
T3A4C 000:144.714 - 0.006ms
T3A4C 000:144.721 JLINK_Halt()
T3A4C 000:149.648 - 4.930ms returns 0x00
T3A4C 000:149.654 JLINK_IsHalted()
T3A4C 000:149.660 - 0.007ms returns TRUE
T3A4C 000:149.665 JLINK_Reset()
T3A4C 000:149.680   CPU_WriteMem(4 bytes @ 0xE000EDF0)
T3A4C 000:150.314   CPU_WriteMem(4 bytes @ 0xE000EDFC)
T3A4C 000:150.971   Reset: Halt core after reset via DEMCR.VC_CORERESET.
T3A4C 000:151.751   Reset: Reset device via AIRCR.SYSRESETREQ.
T3A4C 000:151.764   CPU_WriteMem(4 bytes @ 0xE000ED0C)
T3A4C 000:207.658   CPU_ReadMem(4 bytes @ 0xE000EDF0)
T3A4C 000:208.386   CPU_ReadMem(4 bytes @ 0xE000EDF0)
T3A4C 000:209.069   CPU_WriteMem(4 bytes @ 0xE000EDFC)
T3A4C 000:215.852   CPU_ReadMem(4 bytes @ 0xE000EDF0)
T3A4C 000:221.520   CPU_WriteMem(4 bytes @ 0xE0002000)
T3A4C 000:222.274   CPU_ReadMem(4 bytes @ 0xE000EDFC)
T3A4C 000:223.583   CPU_ReadMem(4 bytes @ 0xE0001000)
T3A4C 000:224.191 - 74.534ms
T3A4C 000:224.242 JLINK_SetEndian(ARM_ENDIAN_LITTLE)
T3A4C 000:224.247 - 0.007ms returns 0
T3A4C 000:224.279 JLINK_ReadMemEx(0x407FB19C, 0x8 Bytes, Flags = 0x00000004)
T3A4C 000:224.290   CPU_ReadMem(8 bytes @ 0x407FB19C)
T3A4C 000:225.019   Data:  00 70 00 01 00 00 00 00
T3A4C 000:225.028 - 0.751ms returns 8 (0x8)
T3A4C 000:225.047 JLINK_ReadMem(0x01007024, 0x10 Bytes, ...)
T3A4C 000:225.073   CPU_ReadMem(16 bytes @ 0x01007024)
T3A4C 000:225.847   Data:  52 37 46 41 36 4D 32 41 46 33 43 46 42 20 20 20
T3A4C 000:225.858 - 0.813ms returns 0
T3A4C 000:225.871 JLINK_IsHalted()
T3A4C 000:225.876 - 0.006ms returns TRUE
T3A4C 000:226.106 JLINK_MeasureCPUSpeed(RAMAddr = 0xFFFFFFFF)
T3A4C 000:226.116   CPU_ReadMem(16 bytes @ 0x1FFE0000)
T3A4C 000:226.962   CPU_ReadMem(64 bytes @ 0x1FFE0000)
T3A4C 000:228.447    -- Updating C cache (64 bytes @ 0x1FFE0000)
T3A4C 000:228.459    -- Read from C cache (6 bytes @ 0x1FFE0000)
T3A4C 000:228.467   CPU_ReadMem(4 bytes @ 0xE000ED90)
T3A4C 000:229.128   CPU_ReadMem(4 bytes @ 0xE000ED94)
T3A4C 000:229.796   CPU_WriteMem(16 bytes @ 0x1FFE0000)
T3A4C 000:230.579   CPU_WriteMem(6 bytes @ 0x1FFE0000)
T3A4C 000:231.354   CPU_ReadMem(64 bytes @ 0x1FFE0000)
T3A4C 000:232.697    -- Updating C cache (64 bytes @ 0x1FFE0000)
T3A4C 000:232.703    -- Read from C cache (6 bytes @ 0x1FFE0000)
T3A4C 000:232.712   CPU_WriteMem(4 bytes @ 0xE0002008)
T3A4C 000:232.717   CPU_WriteMem(4 bytes @ 0xE000200C)
T3A4C 000:232.722   CPU_WriteMem(4 bytes @ 0xE0002010)
T3A4C 000:232.727   CPU_WriteMem(4 bytes @ 0xE0002014)
T3A4C 000:232.732   CPU_WriteMem(4 bytes @ 0xE0002018)
T3A4C 000:232.737   CPU_WriteMem(4 bytes @ 0xE000201C)
T3A4C 000:250.782   CPU_WriteMem(4 bytes @ 0xE0002008)
T3A4C 000:251.625   CPU_WriteMem(4 bytes @ 0xE000200C)
T3A4C 000:252.326   CPU_WriteMem(4 bytes @ 0xE0002010)
T3A4C 000:253.955   CPU_WriteMem(4 bytes @ 0xE0002014)
T3A4C 000:254.732   CPU_WriteMem(4 bytes @ 0xE0002018)
T3A4C 000:255.399   CPU_WriteMem(4 bytes @ 0xE000201C)
T3A4C 000:284.865   CPU_WriteMem(6 bytes @ 0x1FFE0000)
T3A4C 000:285.707   ClockFreq: 2080800 Hz
T3A4C 000:285.713 - 59.608ms returns 2080800
T3A4C 000:285.724 JLINK_ReadReg(XPSR)
T3A4C 000:285.731 - 0.008ms returns 0x01000000
T6A38 000:352.987 JLINK_ReadReg(XPSR)
T6A38 000:353.016 - 0.031ms returns 0x01000000
T6A38 000:368.288 JLINK_ReadReg(XPSR)
T6A38 000:368.320 - 0.035ms returns 0x01000000
T6A38 000:507.784 JLINK_ReadReg(XPSR)
T6A38 000:507.806 - 0.025ms returns 0x01000000
T6A38 000:539.947 JLINK_SetEndian(ARM_ENDIAN_LITTLE)
T6A38 000:539.972 - 0.028ms returns 0
T6A38 000:540.147 JLINK_BeginDownload(Flags = 0x00000000)
T6A38 000:540.163 - 0.020ms
T6A38 000:559.091 JLINK_WriteMem(0x00000000, 0xBC0 Bytes, ...)
T6A38 000:559.115   Data:  28 06 FE 1F 99 0D 00 00 81 0C 00 00 95 0D 00 00 ...
T6A38 000:559.474   completely In flash
T6A38 000:559.496 - 0.407ms returns 0xBC0
T6A38 000:559.851 JLINK_WriteMem(0x00000BC0, 0x500 Bytes, ...)
T6A38 000:559.861   Data:  C7 13 82 F8 40 30 91 F8 40 30 DB 09 FB D1 91 F8 ...
T6A38 000:559.875   completely In flash
T6A38 000:559.882 - 0.033ms returns 0x500
T6A38 000:560.127 JLINK_WriteMem(0x000010C0, 0x8 Bytes, ...)
T6A38 000:560.134   Data:  25 05 00 00 01 05 00 00
T6A38 000:560.142   completely In flash
T6A38 000:560.148 - 0.023ms returns 0x8
T6A38 000:560.387 JLINK_WriteMem(0x0100A150, 0x10 Bytes, ...)
T6A38 000:560.395   Data:  FF FF FF FF FF FF FF FF FF FF FF FF FF FF FF FF
T6A38 000:560.642   completely In flash
T6A38 000:560.650 - 0.265ms returns 0x10
T6A38 000:586.160 JLINK_EndDownload()
T6A38 000:586.191   Old firmware which does not support pausing periodic actions during flash download
T6A38 000:586.206   CPU_ReadMem(4 bytes @ 0xE000ED90)
T6A38 000:586.829   CPU_ReadMem(4 bytes @ 0xE000ED94)
T6A38 000:587.526    -- --------------------------------------
T6A38 000:587.556   Flash bank @ 0x0100A150: Default: L2 verify disabled because algorithm performs L1 verify
T6A38 000:587.568    -- Start of determining dirty areas in flash cache
T6A38 000:587.583    -- Filling invalid ranges in sector buffer (flash cache) for sector @ 0x0100A150 if necessary
T6A38 000:587.597    -- End of determining dirty areas
T6A38 000:587.607    -- Start of preparing flash programming
T6A38 000:587.619    -- Calculating RAM usage
T6A38 000:587.733    -- RAM usage = 3572 Bytes
T6A38 000:587.745    -- Preserving CPU registers
T6A38 000:587.773    -- Determining CPU clock frequency
T6A38 000:636.076    -- Preparing target
T6A38 000:637.502    -- Preserving target RAM temporarily used for programming
T6A38 000:678.699    -- Downloading RAMCode
T6A38 000:725.619    -- Preparing RAMCode
T6A38 000:739.592    -- Checking target RAM
T6A38 000:741.457    -- CPU frequency = 100000 kHz
T6A38 000:741.473    -- End of preparing flash programming
T6A38 000:741.618   Looking for J-Link GUI Server exe at: C:\Users\ferdi.kurnaz\.eclipse\com.renesas.platform_491468003\DebugComp\RA\ARM\Segger_v7.84.4\JLinkGUIServer.exe
T6A38 000:741.930   Looking for J-Link GUI Server exe at: C:\Users\ferdi.kurnaz\SEGGER\JLink\JLinkGUIServer.exe
T6A38 000:741.963   Forking J-Link GUI Server: C:\Users\ferdi.kurnaz\SEGGER\JLink\JLinkGUIServer.exe
T6A38 000:826.353   J-Link GUI Server info: "J-Link GUI server V7.86b "
T6A38 000:835.227    -- CPU is running at 100000 kHz.
T6A38 000:835.280    -- Start of comparing flash
T6A38 000:835.289    -- CRC check was estimated as fastest method
T6A38 000:889.373    -- Comparing range 0x100A150 - 0x100A16F (1 Sector, 32 Bytes), using multi-block CRC calculation
T6A38 000:899.312    -- All CRCs match
T6A38 000:899.607    -- Comparing range 0x100A150 - 0x100A16F (1 Sector, 32 Bytes), using alternative multi-block CRC calculation
T6A38 000:904.361    -- All CRCs match
T6A38 000:904.389    -- End of comparing flash
T6A38 000:904.477    -- Start of erasing sectors
T6A38 000:904.484    -- End of erasing sectors
T6A38 000:904.495    -- Start of flash programming
T6A38 000:904.501    -- End of flash programming
T6A38 000:904.507    -- Start of restoring
T6A38 000:904.514    -- Restoring RAMCode
T6A38 000:911.992    -- Restoring target memory
T6A38 000:948.075    -- Restore target
T6A38 000:948.106    -- Restoring CPU registers
T6A38 000:948.125    -- End of restoring
T6A38 000:948.133    -- Bank 0 @ 0x0100A150: Skipped. Contents already match
T6A38 000:948.139    -- Bank 0 @ 0x0100A150: Skipped. Contents already match
T6A38 000:953.970    -- --------------------------------------
T6A38 000:954.001   Flash bank @ 0x00000000: Default: L2 verify disabled because algorithm performs L1 verify
T6A38 000:954.011    -- Start of determining dirty areas in flash cache
T6A38 000:954.023    -- Filling invalid ranges in sector buffer (flash cache) for sector @ 0x00000000 if necessary
T6A38 000:954.193    -- End of determining dirty areas
T6A38 000:954.209    -- Start of preparing flash programming
T6A38 000:954.216    -- Calculating RAM usage
T6A38 000:954.227    -- RAM usage = 3476 Bytes
T6A38 000:954.233    -- Preserving CPU registers
T6A38 000:954.252    -- Determining CPU clock frequency
T6A38 000:999.745    -- Preparing target
T6A38 001:001.072    -- Preserving target RAM temporarily used for programming
T6A38 001:041.216    -- Downloading RAMCode
T6A38 001:087.665    -- Preparing RAMCode
T6A38 001:100.906    -- Checking target RAM
T6A38 001:102.858    -- CPU frequency = 100000 kHz
T6A38 001:102.865    -- End of preparing flash programming
T6A38 001:104.713    -- CPU is running at 100000 kHz.
T6A38 001:104.732    -- Start of comparing flash
T6A38 001:104.739    -- CRC check was estimated as fastest method
T6A38 001:118.720    -- Comparing range 0x0000 - 0x1FFF (1 Sector, 8 KB), using multi-block CRC calculation
T6A38 001:126.759    -- CRC does not match for sector 0
T6A38 001:126.795    -- End of comparing flash
T6A38 001:126.806    -- Start of erasing sectors
T6A38 001:126.818    -- Erasing range 0x00000000 - 0x00001FFF (  1 Sector, 8 KB)
T6A38 001:167.805    -- End of erasing sectors
T6A38 001:167.832    -- Start of flash programming
T6A38 001:167.839    -- Programming range 0x00000000 - 0x00001FFF (  1 Sector, 8 KB)
T6A38 001:233.219    -- End of flash programming
T6A38 001:233.275    -- 0x0000 - 0x1FFF (  1 Sector, 8 KiB)
T6A38 001:233.282    -- Start of restoring
T6A38 001:233.289    -- Restoring RAMCode
T6A38 001:253.551    -- Restoring target memory
T6A38 001:288.737    -- Restore target
T6A38 001:288.759    -- Restoring CPU registers
T6A38 001:288.774    -- End of restoring
T6A38 001:288.781    -- Bank 1 @ 0x00000000: 1 range affected (8192 bytes)
T6A38 001:288.787    -- Total: 0.334s (Prepare: 0.150s, Compare: 0.022s, Erase: 0.041s, Program & Verify: 0.077s, Restore: 0.043s)
T6A38 001:288.793    -- Program & Verify speed: 104 KB/s
T6A38 001:307.470 - 721.329ms returns 8192 (0x2000)
T6A38 001:308.203 JLINK_WriteReg(R15 (PC), 0x00000D98)
T6A38 001:308.231 - 0.032ms returns 0
T6A38 001:308.243 JLINK_WriteReg(XPSR, 0x01000000)
T6A38 001:308.251 - 0.011ms returns 0
T6A38 001:308.266 JLINK_ResetPullsRESET(ON)
T6A38 001:308.273 - 0.009ms
T6A38 001:308.280 JLINK_Halt()
T6A38 001:308.974 - 0.709ms returns 0x00
T6A38 001:308.999 JLINK_IsHalted()
T6A38 001:309.007 - 0.011ms returns TRUE
T6A38 001:309.023 JLINK_Reset()
T6A38 001:309.053   CPU_WriteMem(4 bytes @ 0xE000EDF0)
T6A38 001:309.810   CPU_WriteMem(4 bytes @ 0xE000EDFC)
T6A38 001:310.559   Reset: Halt core after reset via DEMCR.VC_CORERESET.
T6A38 001:311.558   Reset: Reset device via AIRCR.SYSRESETREQ.
T6A38 001:311.595   CPU_WriteMem(4 bytes @ 0xE000ED0C)
T6A38 001:367.003   CPU_ReadMem(4 bytes @ 0xE000EDF0)
T6A38 001:367.696   CPU_ReadMem(4 bytes @ 0xE000EDF0)
T6A38 001:368.312   CPU_WriteMem(4 bytes @ 0xE000EDFC)
T6A38 001:374.244   CPU_ReadMem(4 bytes @ 0xE000EDF0)
T6A38 001:379.930   CPU_WriteMem(4 bytes @ 0xE0002000)
T6A38 001:380.649   CPU_ReadMem(4 bytes @ 0xE000EDFC)
T6A38 001:381.299   CPU_ReadMem(4 bytes @ 0xE0001000)
T6A38 001:381.970 - 72.950ms
T6A38 001:382.025 JLINK_SetEndian(ARM_ENDIAN_LITTLE)
T6A38 001:382.030 - 0.006ms returns 0
T6A38 001:382.773 JLINK_ResetPullsRESET(ON)
T6A38 001:382.787 - 0.016ms
T6A38 001:382.793 JLINK_Halt()
T6A38 001:382.798 - 0.007ms returns 0x00
T6A38 001:382.804 JLINK_IsHalted()
T6A38 001:382.809 - 0.007ms returns TRUE
T6A38 001:382.814 JLINK_Reset()
T6A38 001:382.827   CPU_WriteMem(4 bytes @ 0xE000EDF0)
T6A38 001:383.455   CPU_WriteMem(4 bytes @ 0xE000EDFC)
T6A38 001:384.173   Reset: Halt core after reset via DEMCR.VC_CORERESET.
T6A38 001:385.129   Reset: Reset device via AIRCR.SYSRESETREQ.
T6A38 001:385.142   CPU_WriteMem(4 bytes @ 0xE000ED0C)
T6A38 001:439.742   CPU_ReadMem(4 bytes @ 0xE000EDF0)
T6A38 001:440.366   CPU_ReadMem(4 bytes @ 0xE000EDF0)
T6A38 001:440.946   CPU_WriteMem(4 bytes @ 0xE000EDFC)
T6A38 001:447.344   CPU_ReadMem(4 bytes @ 0xE000EDF0)
T6A38 001:452.900   CPU_WriteMem(4 bytes @ 0xE0002000)
T6A38 001:453.521   CPU_ReadMem(4 bytes @ 0xE000EDFC)
T6A38 001:454.129   CPU_ReadMem(4 bytes @ 0xE0001000)
T6A38 001:454.747 - 71.936ms
T6A38 001:454.800 JLINK_SetEndian(ARM_ENDIAN_LITTLE)
T6A38 001:454.805 - 0.006ms returns 0
T6A38 001:468.865 JLINK_ReadMem(0x00000D98, 0x4 Bytes, ...)
T6A38 001:468.888    -- Read from flash cache (4 bytes @ 0x00000D98)
T6A38 001:468.895   Data:  08 B5 00 F0
T6A38 001:468.902 - 0.038ms returns 0
T6A38 001:472.678 JLINK_ReadReg(XPSR)
T6A38 001:472.706 - 0.030ms returns 0x01000000
T6A38 001:530.023 JLINK_FindBP(Addr = 0x000005B8)
T6A38 001:530.045 - 0.024ms returns 0
T6A38 001:530.074 JLINK_GetNumBPUnits(Type = 0xFFFFFF00)
T6A38 001:530.081 - 0.008ms returns 0x06
T6A38 001:530.086 JLINK_GetNumWPUnits()
T6A38 001:530.090 - 0.005ms returns 4
T6A38 001:530.095 JLINK_GetNumWPUnits()
T6A38 001:530.098 - 0.005ms returns 4
T6A38 001:530.107 JLINK_GetNumBPUnits(Type = 0xFFFFFF00)
T6A38 001:530.111 - 0.006ms returns 0x06
T6A38 001:530.116 JLINK_GetNumWPUnits()
T6A38 001:530.119 - 0.005ms returns 4
T6A38 001:530.124 JLINK_GetNumWPUnits()
T6A38 001:530.128 - 0.005ms returns 4
T6A38 001:530.135 JLINK_GetNumBPUnits(Type = 0xFFFFFF00)
T6A38 001:530.139 - 0.005ms returns 0x06
T6A38 001:530.144 JLINK_GetNumWPUnits()
T6A38 001:530.148 - 0.005ms returns 4
T6A38 001:530.152 JLINK_GetNumWPUnits()
T6A38 001:530.156 - 0.005ms returns 4
T6A38 001:530.200 JLINK_SetBPEx(Addr = 0x000005B8, Type = 0xFFFFFF00)
T6A38 001:530.210 - 0.011ms returns 0x00000001
T6A38 001:530.217 JLINK_ClrBPEx(BPHandle = 0x00000001)
T6A38 001:530.222 - 0.006ms returns 0x00
T6A38 001:532.475 JLINK_SetBPEx(Addr = 0x000005B8, Type = 0xFFFFFF00)
T6A38 001:532.507 - 0.036ms returns 0x00000002
T6A38 001:533.379 JLINK_ReadReg(XPSR)
T6A38 001:533.409 - 0.034ms returns 0x01000000
T6A38 001:578.278 JLINK_ReadRegs(NumRegs = 20, Indexes: 0, 1, 2, 3, 4, 5, 6, 7, 8, 9, 10, 11, 12, 13, 14, 15, 16, 17, 18, 20)
T6A38 001:578.320    -- R0=0x1FFE0904, R1=0x1000, R2=0x00, R3=0x4001C11C, R4=0x1FFE0904, R5=0x1FFE095C, R6=0x1FFE095C, R7=0x1FFE0914, R8=0x10000000, R9=0xE000ED00, R10=0x00, R11=0x00, R12=0x1FFE0888, R13 (SP)=0x1FFE0628, R14=0xFFFFFFFF, R15 (PC)=0xD98, XPSR=0x1000000, MSP=0x1FFE0628, PSP=0x1FFE0400, CFBP=0x00
T6A38 001:578.331 - 0.056ms returns 0x00
T6A38 001:578.650 JLINK_ReadMem(0x00000D98, 0x4 Bytes, ...)
T6A38 001:578.688    -- Read from flash cache (4 bytes @ 0x00000D98)
T6A38 001:578.695   Data:  08 B5 00 F0
T6A38 001:578.702 - 0.054ms returns 0
T34BC 001:619.869 JLINK_GetNumBPUnits(Type = 0xFFFFFF00)
T34BC 001:619.900 - 0.058ms returns 0x06
T34BC 001:619.938 JLINK_GetNumWPUnits()
T34BC 001:619.944 - 0.008ms returns 4
T34BC 001:619.949 JLINK_GetNumWPUnits()
T34BC 001:619.953 - 0.006ms returns 4
T34BC 001:620.211 JLINK_GetNumBPUnits(Type = 0xFFFFFF00)
T34BC 001:620.224 - 0.015ms returns 0x06
T34BC 001:620.230 JLINK_GetNumWPUnits()
T34BC 001:620.234 - 0.006ms returns 4
T34BC 001:620.239 JLINK_GetNumWPUnits()
T34BC 001:620.242 - 0.005ms returns 4
T34BC 001:621.022 JLINK_GetNumBPUnits(Type = 0xFFFFFF00)
T34BC 001:621.077 - 0.062ms returns 0x06
T34BC 001:621.120 JLINK_GetNumWPUnits()
T34BC 001:621.146 - 0.030ms returns 4
T34BC 001:621.155 JLINK_GetNumWPUnits()
T34BC 001:621.159 - 0.006ms returns 4
T34BC 001:622.053 JLINK_GetNumBPUnits(Type = 0xFFFFFF00)
T34BC 001:622.068 - 0.017ms returns 0x06
T34BC 001:622.073 JLINK_GetNumWPUnits()
T34BC 001:622.077 - 0.006ms returns 4
T34BC 001:622.082 JLINK_GetNumWPUnits()
T34BC 001:622.086 - 0.005ms returns 4
T34BC 001:622.533 JLINK_GetNumBPUnits(Type = 0xFFFFFF00)
T34BC 001:622.554 - 0.025ms returns 0x06
T34BC 001:622.564 JLINK_GetNumWPUnits()
T34BC 001:622.571 - 0.010ms returns 4
T34BC 001:622.578 JLINK_GetNumWPUnits()
T34BC 001:622.585 - 0.009ms returns 4
T34BC 001:623.235 JLINK_GetNumBPUnits(Type = 0xFFFFFF00)
T34BC 001:623.265 - 0.034ms returns 0x06
T34BC 001:623.275 JLINK_GetNumWPUnits()
T34BC 001:623.282 - 0.010ms returns 4
T34BC 001:623.291 JLINK_GetNumWPUnits()
T34BC 001:623.298 - 0.010ms returns 4
T34BC 001:623.671 JLINK_GetNumBPUnits(Type = 0xFFFFFF00)
T34BC 001:623.696 - 0.027ms returns 0x06
T34BC 001:623.702 JLINK_GetNumWPUnits()
T34BC 001:623.706 - 0.006ms returns 4
T34BC 001:623.711 JLINK_GetNumWPUnits()
T34BC 001:623.715 - 0.005ms returns 4
T34BC 001:624.324 JLINK_GetNumBPUnits(Type = 0xFFFFFF00)
T34BC 001:624.352 - 0.033ms returns 0x06
T34BC 001:624.362 JLINK_GetNumWPUnits()
T34BC 001:624.370 - 0.010ms returns 4
T34BC 001:624.378 JLINK_GetNumWPUnits()
T34BC 001:624.453 - 0.084ms returns 4
T6A38 001:731.811 JLINK_ReadReg(XPSR)
T6A38 001:731.843 - 0.034ms returns 0x01000000
T6A38 001:748.097 JLINK_ReadReg(XPSR)
T6A38 001:748.127 - 0.032ms returns 0x01000000
T6A38 003:655.359 JLINK_STRACE_Read(..., NumItems = 0x10000)
T6A38 003:655.855 - 0.531ms NumItemsRead = 0x00
T6A38 003:655.914 JLINK_IsHalted()
T6A38 003:656.726 - 0.825ms returns TRUE
T6A38 003:656.747 JLINK_GoEx(MaxEmulInsts = 0, Flags = 0x01)
T6A38 003:656.765   CPU_WriteMem(4 bytes @ 0xE0002000)
T6A38 003:657.393   CPU_ReadMem(4 bytes @ 0xE0001000)
T6A38 003:657.996   CPU_WriteMem(4 bytes @ 0xE0002008)
T6A38 003:658.008   CPU_WriteMem(4 bytes @ 0xE000200C)
T6A38 003:658.014   CPU_WriteMem(4 bytes @ 0xE0002010)
T6A38 003:658.021   CPU_WriteMem(4 bytes @ 0xE0002014)
T6A38 003:658.030   CPU_WriteMem(4 bytes @ 0xE0002018)
T6A38 003:658.036   CPU_WriteMem(4 bytes @ 0xE000201C)
T6A38 003:661.050   CPU_WriteMem(4 bytes @ 0xE0001004)
T6A38 003:662.718 - 5.981ms
T6A38 003:759.590 JLINK_IsHalted()
T6A38 003:764.744 - 5.164ms returns TRUE
T6A38 003:764.761 JLINK_ReadReg(XPSR)
T6A38 003:764.767 - 0.007ms returns 0x61000000
T6A38 003:764.772 JLINK_ReadReg(R15 (PC))
T6A38 003:764.776 - 0.005ms returns 0x000005B8
T6A38 003:764.784 JLINK_ReadReg(XPSR)
T6A38 003:764.787 - 0.005ms returns 0x61000000
T6A38 003:764.792 JLINK_ReadReg(XPSR)
T6A38 003:764.795 - 0.005ms returns 0x61000000
T6A38 003:764.799 JLINK_ReadReg(R15 (PC))
T6A38 003:764.803 - 0.005ms returns 0x000005B8
T6A38 003:764.807 JLINK_ReadReg(XPSR)
T6A38 003:764.811 - 0.005ms returns 0x61000000
T6A38 003:764.815 JLINK_ReadReg(XPSR)
T6A38 003:764.818 - 0.005ms returns 0x61000000
T6A38 003:764.823 JLINK_ReadMem(0x000005B8, 0x1 Bytes, ...)
T6A38 003:764.829    -- Read from flash cache (1 bytes @ 0x000005B8)
T6A38 003:764.834   Data:  08
T6A38 003:764.839 - 0.018ms returns 0
T6A38 003:764.844 JLINK_IsHalted()
T6A38 003:764.847 - 0.005ms returns TRUE
T6A38 003:764.852 JLINK_ReadReg(XPSR)
T6A38 003:764.855 - 0.005ms returns 0x61000000
T6A38 003:764.859 JLINK_ReadReg(XPSR)
T6A38 003:764.863 - 0.005ms returns 0x61000000
T6A38 003:764.867 JLINK_ReadReg(R15 (PC))
T6A38 003:764.870 - 0.005ms returns 0x000005B8
T6A38 003:764.875 JLINK_ReadReg(XPSR)
T6A38 003:764.878 - 0.005ms returns 0x61000000
T6A38 003:764.882 JLINK_ReadReg(XPSR)
T6A38 003:764.886 - 0.005ms returns 0x61000000
T6A38 003:764.890 JLINK_ReadMem(0x000005B8, 0x1 Bytes, ...)
T6A38 003:764.894    -- Read from flash cache (1 bytes @ 0x000005B8)
T6A38 003:764.899   Data:  08
T6A38 003:764.903 - 0.015ms returns 0
T6A38 003:765.454 JLINK_ReadRegs(NumRegs = 20, Indexes: 0, 1, 2, 3, 4, 5, 6, 7, 8, 9, 10, 11, 12, 13, 14, 15, 16, 17, 18, 20)
T6A38 003:765.475    -- R0=0x00, R1=0x11F, R2=0x1076, R3=0x60, R4=0x1FFE0904, R5=0x1FFE095C, R6=0x1FFE095C, R7=0x1FFE0914, R8=0x10000000, R9=0xE000ED00, R10=0x00, R11=0x00, R12=0x07, R13 (SP)=0x1FFE0620, R14=0xDA3, R15 (PC)=0x5B8, XPSR=0x61000000, MSP=0x1FFE0620, PSP=0x1FFE0400, CFBP=0x00
T6A38 003:765.483 - 0.031ms returns 0x00
T6A38 003:765.772 JLINK_ReadMem(0x000005B8, 0x4 Bytes, ...)
T6A38 003:765.788    -- Read from flash cache (4 bytes @ 0x000005B8)
T6A38 003:765.795   Data:  08 B5 FF F7
T6A38 003:765.801 - 0.031ms returns 0
T6A38 003:769.159 JLINK_ClrBPEx(BPHandle = 0x00000002)
T6A38 003:769.192 - 0.037ms returns 0x00
T6A38 003:824.404 JLINK_ReadReg(XPSR)
T6A38 003:824.434 - 0.031ms returns 0x61000000
T6A38 003:825.424 JLINK_ReadReg(XPSR)
T6A38 003:825.453 - 0.033ms returns 0x61000000
T6A38 004:261.362 JLINK_STRACE_Read(..., NumItems = 0x10000)
T6A38 004:261.396 - 0.038ms NumItemsRead = 0x00
T6A38 004:261.410 JLINK_IsHalted()
T6A38 004:261.999 - 0.608ms returns TRUE
T6A38 004:262.031 JLINK_GoEx(MaxEmulInsts = 0, Flags = 0x01)
T6A38 004:262.065   CPU_ReadMem(4 bytes @ 0xE0001000)
T6A38 004:262.774   CPU_WriteMem(4 bytes @ 0xE0002008)
T6A38 004:264.444 - 2.439ms
T6A38 004:369.260 JLINK_IsHalted()
T6A38 004:369.941 - 0.695ms returns FALSE
T6A38 004:369.961 JLINK_IsHalted()
T6A38 004:370.685 - 0.732ms returns FALSE
T6A38 004:478.228 JLINK_IsHalted()
T6A38 004:478.962 - 0.738ms returns FALSE
T6A38 004:478.970 JLINK_IsHalted()
T6A38 004:479.550 - 0.588ms returns FALSE
T6A38 004:588.017 JLINK_IsHalted()
T6A38 004:588.789 - 0.774ms returns FALSE
T6A38 004:588.796 JLINK_IsHalted()
T6A38 004:589.506 - 0.712ms returns FALSE
T6A38 004:696.679 JLINK_IsHalted()
T6A38 004:697.327 - 0.658ms returns FALSE
T6A38 004:697.343 JLINK_IsHalted()
T6A38 004:697.902 - 0.567ms returns FALSE
T6A38 004:806.028 JLINK_IsHalted()
T6A38 004:806.868 - 0.849ms returns FALSE
T6A38 004:806.882 JLINK_IsHalted()
T6A38 004:807.573 - 0.699ms returns FALSE
T6A38 004:915.543 JLINK_IsHalted()
T6A38 004:916.305 - 0.765ms returns FALSE
T6A38 004:916.313 JLINK_IsHalted()
T6A38 004:916.965 - 0.654ms returns FALSE
T6A38 005:025.109 JLINK_IsHalted()
T6A38 005:025.838 - 0.737ms returns FALSE
T6A38 005:025.851 JLINK_IsHalted()
T6A38 005:026.519 - 0.670ms returns FALSE
T6A38 005:134.984 JLINK_IsHalted()
T6A38 005:135.658 - 0.686ms returns FALSE
T6A38 005:135.676 JLINK_IsHalted()
T6A38 005:136.376 - 0.710ms returns FALSE
T6A38 005:243.811 JLINK_IsHalted()
T6A38 005:244.592 - 0.789ms returns FALSE
T6A38 005:244.605 JLINK_IsHalted()
T6A38 005:245.311 - 0.707ms returns FALSE
T6A38 005:353.751 JLINK_IsHalted()
T6A38 005:354.525 - 0.782ms returns FALSE
T6A38 005:354.539 JLINK_IsHalted()
T6A38 005:355.224 - 0.693ms returns FALSE
T6A38 005:462.503 JLINK_IsHalted()
T6A38 005:463.695 - 1.198ms returns FALSE
T6A38 005:463.707 JLINK_IsHalted()
T6A38 005:464.469 - 0.769ms returns FALSE
T6A38 005:572.245 JLINK_IsHalted()
T6A38 005:572.905 - 0.663ms returns FALSE
T6A38 005:572.913 JLINK_IsHalted()
T6A38 005:573.485 - 0.581ms returns FALSE
T6A38 005:682.269 JLINK_IsHalted()
T6A38 005:682.873 - 0.706ms returns FALSE
T6A38 005:682.980 JLINK_IsHalted()
T6A38 005:683.725 - 0.760ms returns FALSE
T34BC 005:769.777 JLINK_IsHalted()
T34BC 005:770.525 - 0.758ms returns FALSE
T34BC 005:770.540 JLINK_IsHalted()
T34BC 005:771.078 - 0.551ms returns FALSE
T34BC 005:774.632 JLINK_IsHalted()
T34BC 005:776.292 - 1.668ms returns FALSE
T34BC 005:776.307 JLINK_IsHalted()
T34BC 005:776.947 - 0.650ms returns FALSE
T6A38 005:791.166 JLINK_IsHalted()
T6A38 005:791.996 - 0.839ms returns FALSE
T6A38 005:792.011 JLINK_IsHalted()
T6A38 005:792.512 - 0.504ms returns FALSE
T6A38 005:900.721 JLINK_IsHalted()
T6A38 005:901.512 - 0.795ms returns FALSE
T6A38 005:901.520 JLINK_IsHalted()
T6A38 005:902.197 - 0.678ms returns FALSE
T6A38 006:009.549 JLINK_IsHalted()
T6A38 006:010.204 - 0.659ms returns FALSE
T6A38 006:010.212 JLINK_IsHalted()
T6A38 006:010.802 - 0.594ms returns FALSE
T6A38 006:118.520 JLINK_IsHalted()
T6A38 006:119.249 - 0.736ms returns FALSE
T6A38 006:119.262 JLINK_IsHalted()
T6A38 006:119.912 - 0.657ms returns FALSE
T6A38 006:228.628 JLINK_IsHalted()
T6A38 006:229.355 - 0.733ms returns FALSE
T6A38 006:229.366 JLINK_IsHalted()
T6A38 006:229.920 - 0.572ms returns FALSE
T6A38 006:337.505 JLINK_IsHalted()
T6A38 006:338.221 - 0.720ms returns FALSE
T6A38 006:338.229 JLINK_IsHalted()
T6A38 006:338.731 - 0.504ms returns FALSE
T6A38 006:447.488 JLINK_IsHalted()
T6A38 006:448.068 - 0.583ms returns FALSE
T6A38 006:448.076 JLINK_IsHalted()
T6A38 006:448.587 - 0.522ms returns FALSE
T6A38 006:556.612 JLINK_IsHalted()
T6A38 006:557.461 - 0.856ms returns FALSE
T6A38 006:557.473 JLINK_IsHalted()
T6A38 006:558.309 - 0.856ms returns FALSE
T6A38 006:666.334 JLINK_IsHalted()
T6A38 006:667.091 - 0.760ms returns FALSE
T6A38 006:667.098 JLINK_IsHalted()
T6A38 006:667.706 - 0.617ms returns FALSE
T6A38 006:775.380 JLINK_IsHalted()
T6A38 006:776.430 - 1.060ms returns FALSE
T6A38 006:776.445 JLINK_IsHalted()
T6A38 006:777.081 - 0.643ms returns FALSE
T34BC 006:777.488 JLINK_IsHalted()
T34BC 006:778.085 - 0.604ms returns FALSE
T34BC 006:778.097 JLINK_IsHalted()
T34BC 006:778.786 - 0.692ms returns FALSE
T6A38 006:884.603 JLINK_IsHalted()
T6A38 006:885.442 - 0.842ms returns FALSE
T6A38 006:885.449 JLINK_IsHalted()
T6A38 006:886.308 - 0.865ms returns FALSE
T6A38 006:994.343 JLINK_IsHalted()
T6A38 006:995.485 - 1.151ms returns FALSE
T6A38 006:995.502 JLINK_IsHalted()
T6A38 006:996.206 - 0.714ms returns FALSE
T6A38 007:103.732 JLINK_IsHalted()
T6A38 007:104.451 - 0.737ms returns FALSE
T6A38 007:104.477 JLINK_IsHalted()
T6A38 007:105.054 - 0.584ms returns FALSE
T6A38 007:212.292 JLINK_IsHalted()
T6A38 007:213.030 - 0.755ms returns FALSE
T6A38 007:213.060 JLINK_IsHalted()
T6A38 007:213.591 - 0.540ms returns FALSE
T6A38 007:322.375 JLINK_IsHalted()
T6A38 007:323.366 - 0.999ms returns FALSE
T6A38 007:323.380 JLINK_IsHalted()
T6A38 007:323.924 - 0.548ms returns FALSE
T6A38 007:432.274 JLINK_IsHalted()
T6A38 007:433.204 - 0.941ms returns FALSE
T6A38 007:433.222 JLINK_IsHalted()
T6A38 007:433.777 - 0.567ms returns FALSE
T6A38 007:541.187 JLINK_IsHalted()
T6A38 007:541.733 - 0.554ms returns FALSE
T6A38 007:541.747 JLINK_IsHalted()
T6A38 007:542.273 - 0.533ms returns FALSE
T6A38 007:650.683 JLINK_IsHalted()
T6A38 007:651.486 - 0.815ms returns FALSE
T6A38 007:651.505 JLINK_IsHalted()
T6A38 007:652.097 - 0.601ms returns FALSE
T6A38 007:760.098 JLINK_IsHalted()
T6A38 007:760.763 - 0.669ms returns FALSE
T6A38 007:760.772 JLINK_IsHalted()
T6A38 007:761.297 - 0.546ms returns FALSE
T34BC 007:778.805 JLINK_IsHalted()
T34BC 007:779.440 - 0.646ms returns FALSE
T34BC 007:779.457 JLINK_IsHalted()
T34BC 007:780.021 - 0.567ms returns FALSE
T6A38 007:869.232 JLINK_IsHalted()
T6A38 007:870.203 - 0.979ms returns FALSE
T6A38 007:870.216 JLINK_IsHalted()
T6A38 007:871.217 - 1.008ms returns FALSE
T6A38 007:978.780 JLINK_IsHalted()
T6A38 007:979.846 - 1.074ms returns FALSE
T6A38 007:979.859 JLINK_IsHalted()
T6A38 007:981.034 - 1.183ms returns FALSE
T6A38 008:088.162 JLINK_IsHalted()
T6A38 008:088.748 - 0.592ms returns FALSE
T6A38 008:088.760 JLINK_IsHalted()
T6A38 008:089.355 - 0.597ms returns FALSE
T6A38 008:197.346 JLINK_IsHalted()
T6A38 008:198.083 - 0.740ms returns FALSE
T6A38 008:198.091 JLINK_IsHalted()
T6A38 008:198.795 - 0.707ms returns FALSE
T6A38 008:306.282 JLINK_IsHalted()
T6A38 008:307.276 - 1.002ms returns FALSE
T6A38 008:307.289 JLINK_IsHalted()
T6A38 008:308.298 - 1.016ms returns FALSE
T6A38 008:415.441 JLINK_IsHalted()
T6A38 008:416.184 - 0.751ms returns FALSE
T6A38 008:416.197 JLINK_IsHalted()
T6A38 008:416.783 - 0.595ms returns FALSE
T6A38 008:525.692 JLINK_IsHalted()
T6A38 008:526.391 - 0.702ms returns FALSE
T6A38 008:526.399 JLINK_IsHalted()
T6A38 008:527.002 - 0.605ms returns FALSE
T6A38 008:634.250 JLINK_IsHalted()
T6A38 008:634.873 - 0.631ms returns FALSE
T6A38 008:634.887 JLINK_IsHalted()
T6A38 008:635.608 - 0.723ms returns FALSE
T6A38 008:744.364 JLINK_IsHalted()
T6A38 008:745.101 - 0.739ms returns FALSE
T6A38 008:745.107 JLINK_IsHalted()
T6A38 008:745.713 - 0.608ms returns FALSE
T34BC 008:780.565 JLINK_IsHalted()
T34BC 008:781.278 - 0.722ms returns FALSE
T34BC 008:781.292 JLINK_IsHalted()
T34BC 008:781.954 - 0.670ms returns FALSE
T6A38 008:853.715 JLINK_IsHalted()
T6A38 008:854.540 - 0.834ms returns FALSE
T6A38 008:854.555 JLINK_IsHalted()
T6A38 008:855.410 - 0.863ms returns FALSE
T6A38 008:963.545 JLINK_IsHalted()
T6A38 008:966.029 - 2.494ms returns FALSE
T6A38 008:966.045 JLINK_IsHalted()
T6A38 008:966.798 - 0.761ms returns FALSE
T6A38 009:072.231 JLINK_IsHalted()
T6A38 009:072.872 - 0.644ms returns FALSE
T6A38 009:072.985 JLINK_IsHalted()
T6A38 009:073.546 - 0.573ms returns FALSE
T6A38 009:181.384 JLINK_IsHalted()
T6A38 009:182.363 - 0.988ms returns FALSE
T6A38 009:182.380 JLINK_IsHalted()
T6A38 009:183.675 - 1.304ms returns FALSE
T6A38 009:291.501 JLINK_IsHalted()
T6A38 009:292.416 - 0.919ms returns FALSE
T6A38 009:292.424 JLINK_IsHalted()
T6A38 009:293.230 - 0.818ms returns FALSE
T6A38 009:400.374 JLINK_IsHalted()
T6A38 009:401.120 - 0.749ms returns FALSE
T6A38 009:401.128 JLINK_IsHalted()
T6A38 009:401.780 - 0.654ms returns FALSE
T6A38 009:509.228 JLINK_IsHalted()
T6A38 009:510.033 - 0.815ms returns FALSE
T6A38 009:510.048 JLINK_IsHalted()
T6A38 009:510.885 - 0.846ms returns FALSE
T6A38 009:618.583 JLINK_IsHalted()
T6A38 009:619.406 - 0.826ms returns FALSE
T6A38 009:619.414 JLINK_IsHalted()
T6A38 009:620.162 - 0.751ms returns FALSE
T6A38 009:728.768 JLINK_IsHalted()
T6A38 009:729.643 - 0.883ms returns FALSE
T6A38 009:729.656 JLINK_IsHalted()
T6A38 009:730.495 - 0.846ms returns FALSE
T34BC 009:782.521 JLINK_IsHalted()
T34BC 009:783.617 - 1.104ms returns FALSE
T34BC 009:783.631 JLINK_IsHalted()
T34BC 009:784.414 - 0.791ms returns FALSE
T6A38 009:837.503 JLINK_IsHalted()
T6A38 009:838.227 - 0.732ms returns FALSE
T6A38 009:838.240 JLINK_IsHalted()
T6A38 009:839.262 - 1.030ms returns FALSE
T6A38 009:947.220 JLINK_IsHalted()
T6A38 009:948.215 - 1.003ms returns FALSE
T6A38 009:948.227 JLINK_IsHalted()
T6A38 009:949.193 - 0.973ms returns FALSE
T6A38 010:056.649 JLINK_IsHalted()
T6A38 010:057.731 - 1.090ms returns FALSE
T6A38 010:057.744 JLINK_IsHalted()
T6A38 010:058.471 - 0.734ms returns FALSE
T6A38 010:165.452 JLINK_IsHalted()
T6A38 010:166.187 - 0.739ms returns FALSE
T6A38 010:166.195 JLINK_IsHalted()
T6A38 010:166.826 - 0.632ms returns FALSE
T6A38 010:274.949 JLINK_IsHalted()
T6A38 010:275.743 - 0.802ms returns FALSE
T6A38 010:275.756 JLINK_IsHalted()
T6A38 010:276.600 - 0.852ms returns FALSE
T6A38 010:384.314 JLINK_IsHalted()
T6A38 010:384.921 - 0.610ms returns FALSE
T6A38 010:384.929 JLINK_IsHalted()
T6A38 010:385.606 - 0.679ms returns FALSE
T6A38 010:494.619 JLINK_IsHalted()
T6A38 010:495.337 - 0.726ms returns FALSE
T6A38 010:495.351 JLINK_IsHalted()
T6A38 010:495.894 - 0.546ms returns FALSE
T6A38 010:602.956 JLINK_IsHalted()
T6A38 010:603.551 - 0.610ms returns FALSE
T6A38 010:603.580 JLINK_IsHalted()
T6A38 010:604.151 - 0.586ms returns FALSE
T6A38 010:712.408 JLINK_IsHalted()
T6A38 010:713.318 - 0.925ms returns FALSE
T6A38 010:713.343 JLINK_IsHalted()
T6A38 010:713.913 - 0.582ms returns FALSE
T34BC 010:784.879 JLINK_IsHalted()
T34BC 010:785.392 - 0.522ms returns FALSE
T34BC 010:785.406 JLINK_IsHalted()
T34BC 010:785.894 - 0.496ms returns FALSE
T6A38 010:822.101 JLINK_IsHalted()
T6A38 010:822.813 - 0.715ms returns FALSE
T6A38 010:822.820 JLINK_IsHalted()
T6A38 010:823.414 - 0.600ms returns FALSE
T6A38 010:931.568 JLINK_IsHalted()
T6A38 010:932.238 - 0.680ms returns FALSE
T6A38 010:932.255 JLINK_IsHalted()
T6A38 010:932.814 - 0.562ms returns FALSE
T6A38 011:040.694 JLINK_IsHalted()
T6A38 011:041.579 - 0.892ms returns FALSE
T6A38 011:041.591 JLINK_IsHalted()
T6A38 011:042.286 - 0.703ms returns FALSE
T6A38 011:150.527 JLINK_IsHalted()
T6A38 011:151.206 - 0.696ms returns FALSE
T6A38 011:151.229 JLINK_IsHalted()
T6A38 011:151.904 - 0.682ms returns FALSE
T6A38 011:260.060 JLINK_IsHalted()
T6A38 011:260.655 - 0.609ms returns FALSE
T6A38 011:260.675 JLINK_IsHalted()
T6A38 011:261.245 - 0.584ms returns FALSE
T6A38 011:369.254 JLINK_IsHalted()
T6A38 011:369.844 - 0.597ms returns FALSE
T6A38 011:369.857 JLINK_IsHalted()
T6A38 011:370.510 - 0.657ms returns FALSE
T6A38 011:478.060 JLINK_IsHalted()
T6A38 011:478.721 - 0.670ms returns FALSE
T6A38 011:478.736 JLINK_IsHalted()
T6A38 011:479.341 - 0.623ms returns FALSE
T6A38 011:587.571 JLINK_IsHalted()
T6A38 011:588.482 - 0.921ms returns FALSE
T6A38 011:588.498 JLINK_IsHalted()
T6A38 011:589.147 - 0.657ms returns FALSE
T6A38 011:697.030 JLINK_IsHalted()
T6A38 011:697.737 - 0.709ms returns FALSE
T6A38 011:697.744 JLINK_IsHalted()
T6A38 011:698.404 - 0.662ms returns FALSE
T34BC 011:786.782 JLINK_IsHalted()
T34BC 011:787.441 - 0.682ms returns FALSE
T34BC 011:787.476 JLINK_IsHalted()
T34BC 011:788.117 - 0.644ms returns FALSE
T6A38 011:806.305 JLINK_IsHalted()
T6A38 011:806.959 - 0.658ms returns FALSE
T6A38 011:806.967 JLINK_IsHalted()
T6A38 011:807.576 - 0.611ms returns FALSE
T6A38 011:916.200 JLINK_IsHalted()
T6A38 011:916.849 - 0.659ms returns FALSE
T6A38 011:916.865 JLINK_IsHalted()
T6A38 011:917.416 - 0.560ms returns FALSE
T6A38 012:025.077 JLINK_IsHalted()
T6A38 012:025.919 - 0.845ms returns FALSE
T6A38 012:025.926 JLINK_IsHalted()
T6A38 012:026.673 - 0.749ms returns FALSE
T6A38 012:134.229 JLINK_IsHalted()
T6A38 012:134.889 - 0.662ms returns FALSE
T6A38 012:134.895 JLINK_IsHalted()
T6A38 012:135.593 - 0.709ms returns FALSE
T6A38 012:244.208 JLINK_IsHalted()
T6A38 012:244.850 - 0.654ms returns FALSE
T6A38 012:244.870 JLINK_IsHalted()
T6A38 012:245.575 - 0.718ms returns FALSE
T6A38 012:353.880 JLINK_IsHalted()
T6A38 012:354.516 - 0.659ms returns FALSE
T6A38 012:354.551 JLINK_IsHalted()
T6A38 012:355.106 - 0.574ms returns FALSE
T6A38 012:462.795 JLINK_IsHalted()
T6A38 012:463.687 - 0.903ms returns FALSE
T6A38 012:463.704 JLINK_IsHalted()
T6A38 012:464.448 - 0.754ms returns FALSE
T6A38 012:572.585 JLINK_IsHalted()
T6A38 012:573.272 - 0.701ms returns FALSE
T6A38 012:573.294 JLINK_IsHalted()
T6A38 012:573.903 - 0.615ms returns FALSE
T6A38 012:681.292 JLINK_IsHalted()
T6A38 012:681.961 - 0.678ms returns FALSE
T6A38 012:681.975 JLINK_IsHalted()
T6A38 012:682.608 - 0.642ms returns FALSE
T34BC 012:788.323 JLINK_IsHalted()
T34BC 012:789.001 - 0.688ms returns FALSE
T34BC 012:789.017 JLINK_IsHalted()
T34BC 012:789.652 - 0.643ms returns FALSE
T6A38 012:791.031 JLINK_IsHalted()
T6A38 012:791.590 - 0.563ms returns FALSE
T6A38 012:791.598 JLINK_IsHalted()
T6A38 012:792.163 - 0.567ms returns FALSE
T6A38 012:899.877 JLINK_IsHalted()
T6A38 012:900.686 - 0.811ms returns FALSE
T6A38 012:900.693 JLINK_IsHalted()
T6A38 012:901.288 - 0.607ms returns FALSE
T6A38 013:009.446 JLINK_IsHalted()
T6A38 013:010.152 - 0.712ms returns FALSE
T6A38 013:010.164 JLINK_IsHalted()
T6A38 013:010.894 - 0.733ms returns FALSE
T6A38 013:119.298 JLINK_IsHalted()
T6A38 013:120.095 - 0.810ms returns FALSE
T6A38 013:120.127 JLINK_IsHalted()
T6A38 013:120.843 - 0.726ms returns FALSE
T6A38 013:228.554 JLINK_IsHalted()
T6A38 013:229.375 - 0.829ms returns FALSE
T6A38 013:229.391 JLINK_IsHalted()
T6A38 013:230.119 - 0.730ms returns FALSE
T6A38 013:337.955 JLINK_IsHalted()
T6A38 013:338.665 - 0.721ms returns FALSE
T6A38 013:338.683 JLINK_IsHalted()
T6A38 013:339.234 - 0.554ms returns FALSE
T6A38 013:447.525 JLINK_IsHalted()
T6A38 013:448.155 - 0.633ms returns FALSE
T6A38 013:448.162 JLINK_IsHalted()
T6A38 013:448.718 - 0.558ms returns FALSE
T6A38 013:556.426 JLINK_IsHalted()
T6A38 013:557.293 - 0.869ms returns FALSE
T6A38 013:557.300 JLINK_IsHalted()
T6A38 013:558.000 - 0.703ms returns FALSE
T6A38 013:666.343 JLINK_IsHalted()
T6A38 013:667.185 - 0.846ms returns FALSE
T6A38 013:667.194 JLINK_IsHalted()
T6A38 013:667.915 - 0.723ms returns FALSE
T6A38 013:774.879 JLINK_IsHalted()
T6A38 013:775.857 - 0.986ms returns FALSE
T6A38 013:775.934 JLINK_IsHalted()
T6A38 013:776.667 - 0.744ms returns FALSE
T34BC 013:789.580 JLINK_IsHalted()
T34BC 013:790.291 - 0.723ms returns FALSE
T34BC 013:790.308 JLINK_IsHalted()
T34BC 013:791.125 - 0.819ms returns FALSE
T6A38 013:884.871 JLINK_IsHalted()
T6A38 013:885.693 - 0.825ms returns FALSE
T6A38 013:885.701 JLINK_IsHalted()
T6A38 013:886.432 - 0.734ms returns FALSE
T6A38 013:994.184 JLINK_IsHalted()
T6A38 013:994.775 - 0.600ms returns FALSE
T6A38 013:994.790 JLINK_IsHalted()
T6A38 013:995.598 - 0.815ms returns FALSE
T6A38 014:103.657 JLINK_IsHalted()
T6A38 014:104.409 - 0.760ms returns FALSE
T6A38 014:104.422 JLINK_IsHalted()
T6A38 014:105.127 - 0.708ms returns FALSE
T6A38 014:213.155 JLINK_IsHalted()
T6A38 014:213.776 - 0.634ms returns FALSE
T6A38 014:213.797 JLINK_IsHalted()
T6A38 014:214.499 - 0.713ms returns FALSE
T6A38 014:322.248 JLINK_IsHalted()
T6A38 014:323.072 - 0.839ms returns FALSE
T6A38 014:323.093 JLINK_IsHalted()
T6A38 014:323.705 - 0.618ms returns FALSE
T6A38 014:432.472 JLINK_IsHalted()
T6A38 014:433.149 - 0.687ms returns FALSE
T6A38 014:433.164 JLINK_IsHalted()
T6A38 014:433.732 - 0.577ms returns FALSE
T6A38 014:540.772 JLINK_IsHalted()
T6A38 014:541.675 - 0.913ms returns FALSE
T6A38 014:541.690 JLINK_IsHalted()
T6A38 014:542.383 - 0.706ms returns FALSE
T6A38 014:650.410 JLINK_IsHalted()
T6A38 014:651.313 - 0.913ms returns FALSE
T6A38 014:651.328 JLINK_IsHalted()
T6A38 014:652.142 - 0.822ms returns FALSE
T6A38 014:759.693 JLINK_IsHalted()
T6A38 014:760.515 - 0.826ms returns FALSE
T6A38 014:760.524 JLINK_IsHalted()
T6A38 014:761.233 - 0.711ms returns FALSE
T34BC 014:791.770 JLINK_IsHalted()
T34BC 014:792.508 - 0.749ms returns FALSE
T34BC 014:792.524 JLINK_IsHalted()
T34BC 014:793.166 - 0.654ms returns FALSE
T6A38 014:868.853 JLINK_IsHalted()
T6A38 014:869.636 - 0.788ms returns FALSE
T6A38 014:869.645 JLINK_IsHalted()
T6A38 014:870.262 - 0.629ms returns FALSE
T6A38 014:978.413 JLINK_IsHalted()
T6A38 014:979.149 - 0.748ms returns FALSE
T6A38 014:979.185 JLINK_IsHalted()
T6A38 014:979.944 - 0.768ms returns FALSE
T6A38 015:087.611 JLINK_IsHalted()
T6A38 015:088.473 - 0.871ms returns FALSE
T6A38 015:088.487 JLINK_IsHalted()
T6A38 015:089.261 - 0.782ms returns FALSE
T6A38 015:197.364 JLINK_IsHalted()
T6A38 015:198.021 - 0.661ms returns FALSE
T6A38 015:198.030 JLINK_IsHalted()
T6A38 015:198.570 - 0.543ms returns FALSE
T6A38 015:306.262 JLINK_IsHalted()
T6A38 015:306.981 - 0.771ms returns FALSE
T6A38 015:307.041 JLINK_IsHalted()
T6A38 015:307.796 - 0.761ms returns FALSE
T6A38 015:416.269 JLINK_IsHalted()
T6A38 015:417.212 - 0.952ms returns FALSE
T6A38 015:417.227 JLINK_IsHalted()
T6A38 015:418.013 - 0.794ms returns FALSE
T6A38 015:524.915 JLINK_IsHalted()
T6A38 015:525.876 - 0.972ms returns FALSE
T6A38 015:525.894 JLINK_IsHalted()
T6A38 015:526.670 - 0.785ms returns FALSE
T6A38 015:634.672 JLINK_IsHalted()
T6A38 015:635.295 - 0.632ms returns FALSE
T6A38 015:635.311 JLINK_IsHalted()
T6A38 015:635.870 - 0.563ms returns FALSE
T6A38 015:744.278 JLINK_IsHalted()
T6A38 015:744.967 - 0.699ms returns FALSE
T6A38 015:744.983 JLINK_IsHalted()
T6A38 015:745.547 - 0.573ms returns FALSE
T34BC 015:793.898 JLINK_IsHalted()
T34BC 015:794.516 - 0.633ms returns FALSE
T34BC 015:794.537 JLINK_IsHalted()
T34BC 015:795.235 - 0.710ms returns FALSE
T6A38 015:853.306 JLINK_IsHalted()
T6A38 015:853.963 - 0.670ms returns FALSE
T6A38 015:853.982 JLINK_IsHalted()
T6A38 015:854.713 - 0.734ms returns FALSE
T6A38 015:962.291 JLINK_IsHalted()
T6A38 015:963.116 - 0.840ms returns FALSE
T6A38 015:963.139 JLINK_IsHalted()
T6A38 015:963.843 - 0.715ms returns FALSE
T6A38 016:072.182 JLINK_IsHalted()
T6A38 016:073.019 - 0.848ms returns FALSE
T6A38 016:073.037 JLINK_IsHalted()
T6A38 016:073.765 - 0.739ms returns FALSE
T6A38 016:181.414 JLINK_IsHalted()
T6A38 016:182.106 - 0.695ms returns FALSE
T6A38 016:182.114 JLINK_IsHalted()
T6A38 016:182.739 - 0.627ms returns FALSE
T6A38 016:290.998 JLINK_IsHalted()
T6A38 016:291.745 - 0.758ms returns FALSE
T6A38 016:291.796 JLINK_IsHalted()
T6A38 016:292.452 - 0.664ms returns FALSE
T6A38 016:400.387 JLINK_IsHalted()
T6A38 016:401.212 - 0.831ms returns FALSE
T6A38 016:401.224 JLINK_IsHalted()
T6A38 016:401.997 - 0.776ms returns FALSE
T6A38 016:509.595 JLINK_IsHalted()
T6A38 016:510.264 - 0.680ms returns FALSE
T6A38 016:510.282 JLINK_IsHalted()
T6A38 016:510.815 - 0.536ms returns FALSE
T6A38 016:618.845 JLINK_IsHalted()
T6A38 016:619.719 - 0.881ms returns FALSE
T6A38 016:619.731 JLINK_IsHalted()
T6A38 016:620.575 - 0.851ms returns FALSE
T6A38 016:728.524 JLINK_IsHalted()
T6A38 016:729.486 - 0.977ms returns FALSE
T6A38 016:729.506 JLINK_IsHalted()
T6A38 016:730.192 - 0.694ms returns FALSE
T34BC 016:795.866 JLINK_IsHalted()
T34BC 016:796.677 - 0.838ms returns FALSE
T34BC 016:796.714 JLINK_IsHalted()
T34BC 016:797.563 - 0.860ms returns FALSE
T6A38 016:837.640 JLINK_IsHalted()
T6A38 016:838.366 - 0.736ms returns FALSE
T6A38 016:838.385 JLINK_IsHalted()
T6A38 016:839.005 - 0.624ms returns FALSE
T6A38 016:947.406 JLINK_IsHalted()
T6A38 016:948.720 - 1.324ms returns FALSE
T6A38 016:948.755 JLINK_IsHalted()
T6A38 016:949.267 - 0.518ms returns FALSE
T6A38 017:056.648 JLINK_IsHalted()
T6A38 017:057.333 - 0.694ms returns FALSE
T6A38 017:057.348 JLINK_IsHalted()
T6A38 017:057.964 - 0.625ms returns FALSE
T6A38 017:166.180 JLINK_IsHalted()
T6A38 017:166.751 - 0.576ms returns FALSE
T6A38 017:166.761 JLINK_IsHalted()
T6A38 017:167.446 - 0.702ms returns FALSE
T6A38 017:275.597 JLINK_IsHalted()
T6A38 017:276.429 - 0.841ms returns FALSE
T6A38 017:276.442 JLINK_IsHalted()
T6A38 017:276.918 - 0.478ms returns FALSE
T6A38 017:385.272 JLINK_IsHalted()
T6A38 017:386.076 - 0.812ms returns FALSE
T6A38 017:386.090 JLINK_IsHalted()
T6A38 017:386.648 - 0.563ms returns FALSE
T6A38 017:493.968 JLINK_IsHalted()
T6A38 017:494.678 - 0.718ms returns FALSE
T6A38 017:494.691 JLINK_IsHalted()
T6A38 017:495.376 - 0.692ms returns FALSE
T6A38 017:604.018 JLINK_IsHalted()
T6A38 017:605.124 - 1.114ms returns FALSE
T6A38 017:605.137 JLINK_IsHalted()
T6A38 017:605.728 - 0.598ms returns FALSE
T6A38 017:712.624 JLINK_IsHalted()
T6A38 017:713.235 - 0.618ms returns FALSE
T6A38 017:713.247 JLINK_IsHalted()
T6A38 017:713.788 - 0.561ms returns FALSE
T34BC 017:798.203 JLINK_IsHalted()
T34BC 017:806.268 - 8.076ms returns FALSE
T34BC 017:806.285 JLINK_IsHalted()
T34BC 017:806.784 - 0.505ms returns FALSE
T6A38 017:822.218 JLINK_IsHalted()
T6A38 017:823.184 - 0.977ms returns FALSE
T6A38 017:823.204 JLINK_IsHalted()
T6A38 017:823.814 - 0.634ms returns FALSE
T6A38 017:931.099 JLINK_IsHalted()
T6A38 017:932.066 - 0.974ms returns FALSE
T6A38 017:932.078 JLINK_IsHalted()
T6A38 017:932.720 - 0.658ms returns FALSE
T6A38 018:040.929 JLINK_IsHalted()
T6A38 018:042.150 - 1.230ms returns FALSE
T6A38 018:042.164 JLINK_IsHalted()
T6A38 018:042.891 - 0.736ms returns FALSE
T6A38 018:150.080 JLINK_IsHalted()
T6A38 018:151.151 - 1.079ms returns FALSE
T6A38 018:151.164 JLINK_IsHalted()
T6A38 018:152.223 - 1.067ms returns FALSE
T6A38 018:260.097 JLINK_IsHalted()
T6A38 018:261.117 - 1.028ms returns FALSE
T6A38 018:261.131 JLINK_IsHalted()
T6A38 018:261.718 - 0.592ms returns FALSE
T6A38 018:369.484 JLINK_IsHalted()
T6A38 018:370.128 - 0.654ms returns FALSE
T6A38 018:370.143 JLINK_IsHalted()
T6A38 018:370.648 - 0.516ms returns FALSE
T6A38 018:478.883 JLINK_IsHalted()
T6A38 018:479.624 - 0.750ms returns FALSE
T6A38 018:479.644 JLINK_IsHalted()
T6A38 018:480.215 - 0.578ms returns FALSE
T6A38 018:587.578 JLINK_IsHalted()
T6A38 018:588.538 - 0.969ms returns FALSE
T6A38 018:588.552 JLINK_IsHalted()
T6A38 018:589.215 - 0.671ms returns FALSE
T6A38 018:697.232 JLINK_IsHalted()
T6A38 018:697.954 - 0.726ms returns FALSE
T6A38 018:697.962 JLINK_IsHalted()
T6A38 018:698.683 - 0.723ms returns FALSE
T6A38 018:807.087 JLINK_IsHalted()
T6A38 018:807.911 - 0.833ms returns FALSE
T6A38 018:807.925 JLINK_IsHalted()
T6A38 018:808.687 - 0.770ms returns FALSE
T34BC 018:808.740 JLINK_IsHalted()
T34BC 018:809.744 - 1.139ms returns FALSE
T34BC 018:809.888 JLINK_IsHalted()
T34BC 018:810.669 - 0.788ms returns FALSE
T6A38 018:915.524 JLINK_IsHalted()
T6A38 018:916.283 - 0.770ms returns FALSE
T6A38 018:916.301 JLINK_IsHalted()
T6A38 018:917.001 - 0.709ms returns FALSE
T6A38 019:024.805 JLINK_IsHalted()
T6A38 019:025.862 - 1.066ms returns FALSE
T6A38 019:025.877 JLINK_IsHalted()
T6A38 019:026.850 - 0.981ms returns FALSE
T6A38 019:134.828 JLINK_IsHalted()
T6A38 019:135.815 - 0.995ms returns FALSE
T6A38 019:135.828 JLINK_IsHalted()
T6A38 019:136.862 - 1.041ms returns FALSE
T6A38 019:244.519 JLINK_IsHalted()
T6A38 019:245.360 - 0.849ms returns FALSE
T6A38 019:245.373 JLINK_IsHalted()
T6A38 019:246.501 - 1.135ms returns FALSE
T6A38 019:353.930 JLINK_IsHalted()
T6A38 019:354.583 - 0.671ms returns FALSE
T6A38 019:354.608 JLINK_IsHalted()
T6A38 019:355.700 - 1.099ms returns FALSE
T6A38 019:462.568 JLINK_IsHalted()
T6A38 019:463.288 - 0.728ms returns FALSE
T6A38 019:463.302 JLINK_IsHalted()
T6A38 019:464.001 - 0.708ms returns FALSE
T6A38 019:572.574 JLINK_IsHalted()
T6A38 019:573.249 - 0.685ms returns FALSE
T6A38 019:573.265 JLINK_IsHalted()
T6A38 019:574.122 - 0.865ms returns FALSE
T6A38 019:682.562 JLINK_IsHalted()
T6A38 019:683.292 - 0.738ms returns FALSE
T6A38 019:683.306 JLINK_IsHalted()
T6A38 019:684.021 - 0.723ms returns FALSE
T6A38 019:790.747 JLINK_IsHalted()
T6A38 019:791.799 - 1.060ms returns FALSE
T6A38 019:791.812 JLINK_IsHalted()
T6A38 019:792.542 - 0.752ms returns FALSE
T34BC 019:810.544 JLINK_IsHalted()
T34BC 019:811.220 - 0.686ms returns FALSE
T34BC 019:811.236 JLINK_IsHalted()
T34BC 019:812.269 - 1.041ms returns FALSE
T6A38 019:900.407 JLINK_IsHalted()
T6A38 019:901.004 - 0.599ms returns FALSE
T6A38 019:901.011 JLINK_IsHalted()
T6A38 019:901.519 - 0.510ms returns FALSE
T6A38 020:009.391 JLINK_IsHalted()
T6A38 020:010.334 - 0.958ms returns FALSE
T6A38 020:010.355 JLINK_IsHalted()
T6A38 020:011.139 - 0.794ms returns FALSE
T6A38 020:118.970 JLINK_IsHalted()
T6A38 020:119.626 - 0.665ms returns FALSE
T6A38 020:119.647 JLINK_IsHalted()
T6A38 020:120.203 - 0.566ms returns FALSE
T6A38 020:228.486 JLINK_IsHalted()
T6A38 020:229.251 - 0.772ms returns FALSE
T6A38 020:229.263 JLINK_IsHalted()
T6A38 020:229.968 - 0.707ms returns FALSE
T6A38 020:337.983 JLINK_IsHalted()
T6A38 020:339.346 - 1.369ms returns FALSE
T6A38 020:339.359 JLINK_IsHalted()
T6A38 020:340.026 - 0.684ms returns FALSE
T6A38 020:446.750 JLINK_IsHalted()
T6A38 020:447.430 - 0.686ms returns FALSE
T6A38 020:447.442 JLINK_IsHalted()
T6A38 020:448.176 - 0.750ms returns FALSE
T6A38 020:556.201 JLINK_IsHalted()
T6A38 020:556.819 - 0.627ms returns FALSE
T6A38 020:556.833 JLINK_IsHalted()
T6A38 020:557.474 - 0.643ms returns FALSE
T6A38 020:665.902 JLINK_IsHalted()
T6A38 020:666.551 - 0.654ms returns FALSE
T6A38 020:666.562 JLINK_IsHalted()
T6A38 020:667.095 - 0.537ms returns FALSE
T6A38 020:775.576 JLINK_IsHalted()
T6A38 020:776.300 - 0.728ms returns FALSE
T6A38 020:776.309 JLINK_IsHalted()
T6A38 020:776.890 - 0.587ms returns FALSE
T34BC 020:813.134 JLINK_IsHalted()
T34BC 020:813.829 - 0.707ms returns FALSE
T34BC 020:813.850 JLINK_IsHalted()
T34BC 020:814.378 - 0.538ms returns FALSE
T6A38 020:884.307 JLINK_IsHalted()
T6A38 020:885.351 - 1.049ms returns FALSE
T6A38 020:885.361 JLINK_IsHalted()
T6A38 020:885.914 - 0.559ms returns FALSE
T6A38 020:993.835 JLINK_IsHalted()
T6A38 020:994.490 - 0.682ms returns FALSE
T6A38 020:994.529 JLINK_IsHalted()
T6A38 020:995.230 - 0.722ms returns FALSE
T6A38 021:103.121 JLINK_IsHalted()
T6A38 021:103.685 - 0.579ms returns FALSE
T6A38 021:103.710 JLINK_IsHalted()
T6A38 021:104.255 - 0.549ms returns FALSE
T6A38 021:213.478 JLINK_IsHalted()
T6A38 021:214.154 - 0.692ms returns FALSE
T6A38 021:214.175 JLINK_IsHalted()
T6A38 021:214.924 - 0.756ms returns FALSE
T6A38 021:322.143 JLINK_IsHalted()
T6A38 021:322.867 - 0.728ms returns FALSE
T6A38 021:322.875 JLINK_IsHalted()
T6A38 021:323.523 - 0.656ms returns FALSE
T6A38 021:431.437 JLINK_IsHalted()
T6A38 021:432.228 - 0.800ms returns FALSE
T6A38 021:432.243 JLINK_IsHalted()
T6A38 021:432.999 - 0.769ms returns FALSE
T3A4C 022:012.809 JLINK_Halt()
T3A4C 022:018.001 - 5.296ms returns 0x00
T3A4C 022:018.126 JLINK_ReadReg(XPSR)
T3A4C 022:018.753 - 0.642ms returns 0x21000010
T3A4C 022:022.447 JLINK_Close()
T3A4C 022:022.889   OnDisconnectTarget() start
T3A4C 022:022.912    J-Link Script File: Executing OnDisconnectTarget()
T3A4C 022:022.920   Restoring low power mode settings.
T3A4C 022:026.059   OnDisconnectTarget() end
T3A4C 022:048.911 - 26.487ms
T3A4C 022:048.940   
T3A4C 022:048.947   Closed
