T5E5C 000:005.854   SEGGER J-Link V7.84d Log File
T5E5C 000:005.949   DLL Compiled: Jan 25 2023 15:51:00
T5E5C 000:005.954   Logging started @ 2023-07-11 14:14
T5E5C 000:005.958 - 5.960ms
T5E5C 000:005.970 JLINK_GetDLLVersion()
T5E5C 000:005.975 - 0.007ms returns 78404
T5E5C 000:009.698 JLINK_OpenEx(...)
T5E5C 000:066.840   Firmware: J-Link OB-S124 compiled Mar  2 2023 15:52:19
T5E5C 000:067.774   Firmware: J-Link OB-S124 compiled Mar  2 2023 15:52:19
T5E5C 000:100.071   Hardware: V1.00
T5E5C 000:100.089   S/N: 831116025
T5E5C 000:100.095   OEM: SEGGER
T5E5C 000:100.100   Feature(s): None
T5E5C 000:103.650   TELNET listener socket opened on port 19021
T5E5C 000:103.786   WEBSRV WEBSRV_Init(): Starting webserver thread(s)
T5E5C 000:104.077   WEBSRV Webserver running on local port 19080
T5E5C 000:147.994 - 138.313ms returns "O.K."
T5E5C 000:148.528 JLINK_ExecCommand("ProjectFile=D:\Users\ferdi.kurnaz\e2_studio\workspace\FLASHWARE_DENEME_004/FLASHWARE_DENEME_004 Debug_Flat.jlink", ...). 
T5E5C 000:175.453 - 26.938ms returns 0x00
T5E5C 000:176.261 JLINK_ExecCommand("device=R7FA6M2AF", ...). 
T5E5C 000:180.090   Device "R7FA6M2AF" selected.
T5E5C 000:183.799 - 7.535ms returns 0x00
T5E5C 000:183.863 JLINK_ExecCommand("SetCPUConnectIDCODE = FFFFFFFFFFFFFFFFFFFFFFFFFFFFFFFF", ...). 
T5E5C 000:183.874 - 0.007ms returns 0x00
T5E5C 000:183.880 JLINK_TIF_GetAvailable(...)
T5E5C 000:184.727 - 0.849ms
T5E5C 000:184.734 JLINK_TIF_Select(JLINKARM_TIF_SWD)
T5E5C 000:187.428 - 2.698ms returns 0x00
T5E5C 000:187.437 JLINK_SetSpeed(4000)
T5E5C 000:188.236 - 0.801ms
T5E5C 000:188.243 JLINK_SetEndian(ARM_ENDIAN_LITTLE)
T5E5C 000:188.247 - 0.005ms returns 0
T5E5C 000:188.253 JLINK_SetInitRegsOnReset(OFF)
T5E5C 000:188.257 - 0.006ms returns 1
T5E5C 000:188.261 JLINK_SetResetType(JLINKARM_RESET_TYPE_NO_RESET)
T5E5C 000:188.265 - 0.005ms returns JLINKARM_RESET_TYPE_NORMAL
T5E5C 000:188.271 JLINK_ExecCommand("EnableFlashBPs", ...). 
T5E5C 000:188.276 - 0.002ms returns 0x00
T5E5C 000:188.282 JLINK_ExecCommand("SetAllowFlashCache = 1", ...). 
T5E5C 000:188.287 - 0.002ms returns 0x01
T5E5C 000:188.292 JLINK_ExecCommand("SetRestartOnClose = 0", ...). 
T5E5C 000:188.298 - 0.002ms returns 0x01
T5E5C 000:188.304 JLINK_EnableSoftBPs(ON)
T5E5C 000:188.308 - 0.006ms
T5E5C 000:188.313 JLINK_Connect()
T5E5C 000:189.344   InitTarget() start
T5E5C 000:189.352    J-Link Script File: Executing InitTarget()
T5E5C 000:189.361   Identifying target device...
T5E5C 000:189.367   SWD selected. Executing JTAG -> SWD switching sequence...
T5E5C 000:190.898   Initializing DAP...
T5E5C 000:201.779   Low power mode detected. Waking device from low power mode.
T5E5C 000:210.249   InitTarget() end
T5E5C 000:212.165   Found SW-DP with ID 0x5BA02477
T5E5C 000:219.422   DPIDR: 0x5BA02477
T5E5C 000:219.432   CoreSight SoC-400 or earlier
T5E5C 000:219.438   Scanning AP map to find all available APs
T5E5C 000:222.792   AP[2]: Stopped AP scan as end of AP map has been reached
T5E5C 000:222.808   AP[0]: AHB-AP (IDR: 0x24770011)
T5E5C 000:222.814   AP[1]: APB-AP (IDR: 0x44770002)
T5E5C 000:222.819   Iterating through AP map to find AHB-AP to use
T5E5C 000:225.474   AP[0]: Core found
T5E5C 000:225.483   AP[0]: AHB-AP ROM base: 0xE00FF000
T5E5C 000:226.960   CPUID register: 0x410FC241. Implementer code: 0x41 (ARM)
T5E5C 000:226.969   Found Cortex-M4 r0p1, Little endian.
T5E5C 000:229.034   -- Max. mem block: 0x00001B68
T5E5C 000:229.424   CPU_ReadMem(4 bytes @ 0xE000EDF0)
T5E5C 000:230.778   CPU_WriteMem(4 bytes @ 0xE000EDF0)
T5E5C 000:232.169   CPU_ReadMem(4 bytes @ 0xE0002000)
T5E5C 000:233.644   FPUnit: 6 code (BP) slots and 2 literal slots
T5E5C 000:233.655   CPU_ReadMem(4 bytes @ 0xE000EDFC)
T5E5C 000:234.717   CPU_WriteMem(4 bytes @ 0xE000EDFC)
T5E5C 000:235.866   CPU_ReadMem(4 bytes @ 0xE0001000)
T5E5C 000:236.854   CPU_WriteMem(4 bytes @ 0xE0001000)
T5E5C 000:237.891   CPU_ReadMem(4 bytes @ 0xE000ED88)
T5E5C 000:239.035   CPU_WriteMem(4 bytes @ 0xE000ED88)
T5E5C 000:240.145   CPU_ReadMem(4 bytes @ 0xE000ED88)
T5E5C 000:241.118   CPU_WriteMem(4 bytes @ 0xE000ED88)
T5E5C 000:242.583   CoreSight components:
T5E5C 000:242.595   ROMTbl[0] @ E00FF000
T5E5C 000:242.602   CPU_ReadMem(64 bytes @ 0xE00FF000)
T5E5C 000:244.485   CPU_ReadMem(32 bytes @ 0xE000EFE0)
T5E5C 000:246.096   [0][0]: E000E000 CID B105E00D PID 000BB00C SCS-M7
T5E5C 000:246.103   CPU_ReadMem(32 bytes @ 0xE0001FE0)
T5E5C 000:247.572   [0][1]: E0001000 CID B105E00D PID 003BB002 DWT
T5E5C 000:247.585   CPU_ReadMem(32 bytes @ 0xE0002FE0)
T5E5C 000:248.992   [0][2]: E0002000 CID B105E00D PID 002BB003 FPB
T5E5C 000:249.001   CPU_ReadMem(32 bytes @ 0xE0000FE0)
T5E5C 000:250.736   [0][3]: E0000000 CID B105E00D PID 003BB001 ITM
T5E5C 000:250.745   CPU_ReadMem(32 bytes @ 0xE0040FE0)
T5E5C 000:252.225   [0][4]: E0040000 CID B105900D PID 000BB9A1 TPIU
T5E5C 000:252.231   CPU_ReadMem(32 bytes @ 0xE0041FE0)
T5E5C 000:254.446   [0][5]: E0041000 CID B105900D PID 000BB925 ETM
T5E5C 000:254.458   CPU_ReadMem(32 bytes @ 0xE0042FE0)
T5E5C 000:256.120   [0][6]: E0042000 CID B105900D PID 002BB908 CSTF
T5E5C 000:256.132   CPU_ReadMem(32 bytes @ 0xE0043FE0)
T5E5C 000:257.647   [0][7]: E0043000 CID B105900D PID 001BB961 TMC
T5E5C 000:257.654   CPU_ReadMem(32 bytes @ 0xE0044FE0)
T5E5C 000:259.161   [0][8]: E0044000 CID B105F00D PID 001BB101 TSG
T5E5C 000:259.195 - 70.884ms returns 0x00
T5E5C 000:259.261 JLINK_ResetPullsRESET(ON)
T5E5C 000:259.265 - 0.006ms
T5E5C 000:259.272 JLINK_Halt()
T5E5C 000:265.101 - 5.841ms returns 0x00
T5E5C 000:265.119 JLINK_IsHalted()
T5E5C 000:265.127 - 0.009ms returns TRUE
T5E5C 000:265.132 JLINK_Reset()
T5E5C 000:265.151   CPU_WriteMem(4 bytes @ 0xE000EDF0)
T5E5C 000:266.877   CPU_WriteMem(4 bytes @ 0xE000EDFC)
T5E5C 000:273.857   Reset: Halt core after reset via DEMCR.VC_CORERESET.
T5E5C 000:276.159   Reset: Reset device via AIRCR.SYSRESETREQ.
T5E5C 000:276.176   CPU_WriteMem(4 bytes @ 0xE000ED0C)
T5E5C 000:333.971   CPU_ReadMem(4 bytes @ 0xE000EDF0)
T5E5C 000:335.291   CPU_ReadMem(4 bytes @ 0xE000EDF0)
T5E5C 000:336.647   CPU_WriteMem(4 bytes @ 0xE000EDFC)
T5E5C 000:343.066   CPU_ReadMem(4 bytes @ 0xE000EDF0)
T5E5C 000:350.549   CPU_WriteMem(4 bytes @ 0xE0002000)
T5E5C 000:351.590   CPU_ReadMem(4 bytes @ 0xE000EDFC)
T5E5C 000:352.623   CPU_ReadMem(4 bytes @ 0xE0001000)
T5E5C 000:353.812 - 88.693ms
T5E5C 000:353.885 JLINK_SetEndian(ARM_ENDIAN_LITTLE)
T5E5C 000:353.893 - 0.010ms returns 0
T5E5C 000:353.926 JLINK_ReadMemEx(0x407FB19C, 0x8 Bytes, Flags = 0x00000004)
T5E5C 000:353.958   CPU_ReadMem(8 bytes @ 0x407FB19C)
T5E5C 000:355.265   Data:  00 70 00 01 00 00 00 00
T5E5C 000:355.272 - 1.348ms returns 8 (0x8)
T5E5C 000:355.299 JLINK_ReadMem(0x01007024, 0x10 Bytes, ...)
T5E5C 000:355.308   CPU_ReadMem(16 bytes @ 0x01007024)
T5E5C 000:356.443   Data:  52 37 46 41 36 4D 32 41 46 33 43 46 42 20 20 20
T5E5C 000:356.489 - 1.191ms returns 0
T5E5C 000:356.501 JLINK_IsHalted()
T5E5C 000:356.506 - 0.006ms returns TRUE
T5E5C 000:356.749 JLINK_MeasureCPUSpeed(RAMAddr = 0xFFFFFFFF)
T5E5C 000:356.761   CPU_ReadMem(16 bytes @ 0x1FFE0000)
T5E5C 000:358.133   CPU_ReadMem(64 bytes @ 0x1FFE0000)
T5E5C 000:360.254    -- Updating C cache (64 bytes @ 0x1FFE0000)
T5E5C 000:360.262    -- Read from C cache (6 bytes @ 0x1FFE0000)
T5E5C 000:360.269   CPU_ReadMem(4 bytes @ 0xE000ED90)
T5E5C 000:361.502   CPU_ReadMem(4 bytes @ 0xE000ED94)
T5E5C 000:362.543   CPU_WriteMem(16 bytes @ 0x1FFE0000)
T5E5C 000:363.786   CPU_WriteMem(6 bytes @ 0x1FFE0000)
T5E5C 000:364.669   CPU_ReadMem(64 bytes @ 0x1FFE0000)
T5E5C 000:366.575    -- Updating C cache (64 bytes @ 0x1FFE0000)
T5E5C 000:366.584    -- Read from C cache (6 bytes @ 0x1FFE0000)
T5E5C 000:366.596   CPU_WriteMem(4 bytes @ 0xE0002008)
T5E5C 000:366.602   CPU_WriteMem(4 bytes @ 0xE000200C)
T5E5C 000:366.607   CPU_WriteMem(4 bytes @ 0xE0002010)
T5E5C 000:366.613   CPU_WriteMem(4 bytes @ 0xE0002014)
T5E5C 000:366.618   CPU_WriteMem(4 bytes @ 0xE0002018)
T5E5C 000:366.623   CPU_WriteMem(4 bytes @ 0xE000201C)
T5E5C 000:380.277   CPU_WriteMem(4 bytes @ 0xE0002008)
T5E5C 000:381.397   CPU_WriteMem(4 bytes @ 0xE000200C)
T5E5C 000:382.410   CPU_WriteMem(4 bytes @ 0xE0002010)
T5E5C 000:383.507   CPU_WriteMem(4 bytes @ 0xE0002014)
T5E5C 000:384.531   CPU_WriteMem(4 bytes @ 0xE0002018)
T5E5C 000:385.639   CPU_WriteMem(4 bytes @ 0xE000201C)
T5E5C 000:418.862   CPU_WriteMem(6 bytes @ 0x1FFE0000)
T5E5C 000:420.573   ClockFreq: 2082150 Hz
T5E5C 000:420.584 - 63.837ms returns 2082150
T5E5C 000:420.599 JLINK_ReadReg(XPSR)
T5E5C 000:420.607 - 0.009ms returns 0x01000000
T65B8 000:634.434 JLINK_ReadReg(XPSR)
T65B8 000:634.461 - 0.029ms returns 0x01000000
T65B8 000:757.867 JLINK_ReadReg(XPSR)
T65B8 000:757.901 - 0.038ms returns 0x01000000
T65B8 001:461.025 JLINK_SetEndian(ARM_ENDIAN_LITTLE)
T65B8 001:461.052 - 0.031ms returns 0
T65B8 001:461.225 JLINK_BeginDownload(Flags = 0x00000000)
T65B8 001:461.240 - 0.018ms
T65B8 001:480.755 JLINK_WriteMem(0x00000000, 0xBD0 Bytes, ...)
T65B8 001:480.774   Data:  C0 06 FE 1F 8D 14 00 00 75 13 00 00 89 14 00 00 ...
T65B8 001:481.042   completely In flash
T65B8 001:481.057 - 0.303ms returns 0xBD0
T65B8 001:481.476 JLINK_WriteMem(0x00000BD0, 0xBB0 Bytes, ...)
T65B8 001:481.496   Data:  93 78 03 F0 7F 03 00 21 43 F0 04 03 93 70 C1 60 ...
T65B8 001:481.531   completely In flash
T65B8 001:481.544 - 0.070ms returns 0xBB0
T65B8 001:481.781 JLINK_WriteMem(0x00001780, 0x170 Bytes, ...)
T65B8 001:481.793   Data:  00 00 01 04 0C 05 00 00 04 00 00 00 00 06 00 00 ...
T65B8 001:481.804   completely In flash
T65B8 001:481.813 - 0.035ms returns 0x170
T65B8 001:482.101 JLINK_WriteMem(0x000018F0, 0x30 Bytes, ...)
T65B8 001:482.113   Data:  4D 45 47 41 20 45 4E 44 55 53 54 52 49 00 00 00 ...
T65B8 001:482.121   completely In flash
T65B8 001:482.127 - 0.028ms returns 0x30
T65B8 001:482.522 JLINK_WriteMem(0x0100A150, 0x10 Bytes, ...)
T65B8 001:482.540   Data:  FF FF FF FF FF FF FF FF FF FF FF FF FF FF FF FF
T65B8 001:482.826   completely In flash
T65B8 001:482.839 - 0.319ms returns 0x10
T65B8 001:507.403 JLINK_EndDownload()
T65B8 001:507.441   Old firmware which does not support pausing periodic actions during flash download
T65B8 001:507.457   CPU_ReadMem(4 bytes @ 0xE000ED90)
T65B8 001:508.828   CPU_ReadMem(4 bytes @ 0xE000ED94)
T65B8 001:510.090    -- --------------------------------------
T65B8 001:510.107   Flash bank @ 0x0100A150: Default: L2 verify disabled because algorithm performs L1 verify
T65B8 001:510.113    -- Start of determining dirty areas in flash cache
T65B8 001:510.123    -- Filling invalid ranges in sector buffer (flash cache) for sector @ 0x0100A150 if necessary
T65B8 001:510.131    -- End of determining dirty areas
T65B8 001:510.137    -- Start of preparing flash programming
T65B8 001:510.144    -- Calculating RAM usage
T65B8 001:510.215    -- RAM usage = 3572 Bytes
T65B8 001:510.221    -- Preserving CPU registers
T65B8 001:510.240    -- Determining CPU clock frequency
T65B8 001:567.408    -- Preparing target
T65B8 001:570.330    -- Preserving target RAM temporarily used for programming
T65B8 001:612.623    -- Downloading RAMCode
T65B8 001:661.838    -- Preparing RAMCode
T65B8 001:677.249    -- Checking target RAM
T65B8 001:679.694    -- CPU frequency = 100000 kHz
T65B8 001:679.709    -- End of preparing flash programming
T65B8 001:679.868   Looking for J-Link GUI Server exe at: C:\Users\ferdi.kurnaz\.eclipse\com.renesas.platform_491468003\DebugComp\RA\ARM\Segger_v7.84.4\JLinkGUIServer.exe
T65B8 001:680.380   Looking for J-Link GUI Server exe at: C:\Users\ferdi.kurnaz\SEGGER\JLink\JLinkGUIServer.exe
T65B8 001:681.793   Forking J-Link GUI Server: C:\Users\ferdi.kurnaz\SEGGER\JLink\JLinkGUIServer.exe
T65B8 001:984.903   J-Link GUI Server info: "J-Link GUI server V7.86b "
T65B8 002:023.903    -- CPU is running at 100000 kHz.
T65B8 002:023.924    -- Start of comparing flash
T65B8 002:023.931    -- CRC check was estimated as fastest method
T65B8 003:022.675    -- Comparing range 0x100A150 - 0x100A16F (1 Sector, 32 Bytes), using multi-block CRC calculation
T65B8 003:034.223    -- All CRCs match
T65B8 003:034.545    -- Comparing range 0x100A150 - 0x100A16F (1 Sector, 32 Bytes), using alternative multi-block CRC calculation
T65B8 003:040.202    -- All CRCs match
T65B8 003:040.231    -- End of comparing flash
T65B8 003:040.238    -- Start of erasing sectors
T65B8 003:040.243    -- End of erasing sectors
T65B8 003:040.249    -- Start of flash programming
T65B8 003:040.255    -- End of flash programming
T65B8 003:040.261    -- Start of restoring
T65B8 003:040.267    -- Restoring RAMCode
T65B8 003:048.816    -- Restoring target memory
T65B8 003:085.453    -- Restore target
T65B8 003:085.476    -- Restoring CPU registers
T65B8 003:085.493    -- End of restoring
T65B8 003:085.500    -- Bank 0 @ 0x0100A150: Skipped. Contents already match
T65B8 003:085.506    -- Bank 0 @ 0x0100A150: Skipped. Contents already match
T65B8 003:092.240    -- --------------------------------------
T65B8 003:092.339   Flash bank @ 0x00000000: Default: L2 verify disabled because algorithm performs L1 verify
T65B8 003:092.375    -- Start of determining dirty areas in flash cache
T65B8 003:092.410    -- Filling invalid ranges in sector buffer (flash cache) for sector @ 0x00000000 if necessary
T65B8 003:092.646    -- End of determining dirty areas
T65B8 003:092.654    -- Start of preparing flash programming
T65B8 003:092.660    -- Calculating RAM usage
T65B8 003:092.671    -- RAM usage = 3476 Bytes
T65B8 003:092.677    -- Preserving CPU registers
T65B8 003:092.695    -- Determining CPU clock frequency
T65B8 003:149.007    -- Preparing target
T65B8 003:151.133    -- Preserving target RAM temporarily used for programming
T65B8 003:191.818    -- Downloading RAMCode
T65B8 003:240.168    -- Preparing RAMCode
T65B8 003:254.376    -- Checking target RAM
T65B8 003:256.449    -- CPU frequency = 100000 kHz
T65B8 003:256.460    -- End of preparing flash programming
T65B8 003:258.133    -- CPU is running at 100000 kHz.
T65B8 003:258.154    -- Start of comparing flash
T65B8 003:258.160    -- CRC check was estimated as fastest method
T65B8 003:274.908    -- Comparing range 0x0000 - 0x1FFF (1 Sector, 8 KB), using multi-block CRC calculation
T65B8 003:282.745    -- All CRCs match
T65B8 003:283.022    -- Comparing range 0x0000 - 0x1FFF (1 Sector, 8 KB), using alternative multi-block CRC calculation
T65B8 003:289.956    -- All CRCs match
T65B8 003:289.981    -- End of comparing flash
T65B8 003:289.988    -- Start of erasing sectors
T65B8 003:289.994    -- End of erasing sectors
T65B8 003:289.999    -- Start of flash programming
T65B8 003:290.005    -- End of flash programming
T65B8 003:290.010    -- Start of restoring
T65B8 003:290.017    -- Restoring RAMCode
T65B8 003:298.873    -- Restoring target memory
T65B8 003:334.366    -- Restore target
T65B8 003:334.393    -- Restoring CPU registers
T65B8 003:334.412    -- End of restoring
T65B8 003:334.419    -- Bank 1 @ 0x00000000: Skipped. Contents already match
T65B8 003:334.427    -- Bank 1 @ 0x00000000: Skipped. Contents already match
T65B8 003:352.181 - 1844.803ms returns 0 (0x0)
T65B8 003:354.509 JLINK_WriteReg(R15 (PC), 0x0000148C)
T65B8 003:354.554 - 0.046ms returns 0
T65B8 003:354.567 JLINK_WriteReg(XPSR, 0x01000000)
T65B8 003:354.572 - 0.006ms returns 0
T65B8 003:354.585 JLINK_ResetPullsRESET(ON)
T65B8 003:354.589 - 0.006ms
T65B8 003:354.594 JLINK_Halt()
T65B8 003:354.600 - 0.008ms returns 0x00
T65B8 003:354.605 JLINK_IsHalted()
T65B8 003:354.609 - 0.006ms returns TRUE
T65B8 003:354.614 JLINK_Reset()
T65B8 003:354.627   CPU_WriteMem(4 bytes @ 0xE000EDF0)
T65B8 003:356.009   CPU_WriteMem(4 bytes @ 0xE000EDFC)
T65B8 003:357.102   Reset: Halt core after reset via DEMCR.VC_CORERESET.
T65B8 003:358.603   Reset: Reset device via AIRCR.SYSRESETREQ.
T65B8 003:358.632   CPU_WriteMem(4 bytes @ 0xE000ED0C)
T65B8 003:416.421   CPU_ReadMem(4 bytes @ 0xE000EDF0)
T65B8 003:417.721   CPU_ReadMem(4 bytes @ 0xE000EDF0)
T65B8 003:418.771   CPU_WriteMem(4 bytes @ 0xE000EDFC)
T65B8 003:425.965   CPU_ReadMem(4 bytes @ 0xE000EDF0)
T65B8 003:433.167   CPU_WriteMem(4 bytes @ 0xE0002000)
T65B8 003:434.150   CPU_ReadMem(4 bytes @ 0xE000EDFC)
T65B8 003:435.130   CPU_ReadMem(4 bytes @ 0xE0001000)
T65B8 003:436.410 - 81.802ms
T65B8 003:436.476 JLINK_SetEndian(ARM_ENDIAN_LITTLE)
T65B8 003:436.481 - 0.007ms returns 0
T65B8 003:437.457 JLINK_ResetPullsRESET(ON)
T65B8 003:437.480 - 0.025ms
T65B8 003:437.485 JLINK_Halt()
T65B8 003:437.492 - 0.007ms returns 0x00
T65B8 003:437.496 JLINK_IsHalted()
T65B8 003:437.503 - 0.008ms returns TRUE
T65B8 003:437.508 JLINK_Reset()
T65B8 003:437.534   CPU_WriteMem(4 bytes @ 0xE000EDF0)
T65B8 003:438.932   CPU_WriteMem(4 bytes @ 0xE000EDFC)
T65B8 003:440.206   Reset: Halt core after reset via DEMCR.VC_CORERESET.
T65B8 003:441.631   Reset: Reset device via AIRCR.SYSRESETREQ.
T65B8 003:441.679   CPU_WriteMem(4 bytes @ 0xE000ED0C)
T65B8 003:500.127   CPU_ReadMem(4 bytes @ 0xE000EDF0)
T65B8 003:501.490   CPU_ReadMem(4 bytes @ 0xE000EDF0)
T65B8 003:503.029   CPU_WriteMem(4 bytes @ 0xE000EDFC)
T65B8 003:510.596   CPU_ReadMem(4 bytes @ 0xE000EDF0)
T65B8 003:518.711   CPU_WriteMem(4 bytes @ 0xE0002000)
T65B8 003:520.298   CPU_ReadMem(4 bytes @ 0xE000EDFC)
T65B8 003:521.805   CPU_ReadMem(4 bytes @ 0xE0001000)
T65B8 003:523.212 - 85.712ms
T65B8 003:523.234 JLINK_SetEndian(ARM_ENDIAN_LITTLE)
T65B8 003:523.238 - 0.006ms returns 0
T65B8 003:526.535 JLINK_ReadMem(0x0000148C, 0x4 Bytes, ...)
T65B8 003:526.566    -- Read from flash cache (4 bytes @ 0x0000148C)
T65B8 003:526.602   Data:  08 B5 00 F0
T65B8 003:526.609 - 0.077ms returns 0
T65B8 003:659.121 JLINK_ReadReg(XPSR)
T65B8 003:659.150 - 0.031ms returns 0x01000000
T65B8 004:344.017 JLINK_FindBP(Addr = 0x00000680)
T65B8 004:344.038 - 0.023ms returns 0
T65B8 004:344.083 JLINK_GetNumBPUnits(Type = 0xFFFFFF00)
T65B8 004:344.089 - 0.007ms returns 0x06
T65B8 004:344.093 JLINK_GetNumWPUnits()
T65B8 004:344.097 - 0.005ms returns 4
T65B8 004:344.102 JLINK_GetNumWPUnits()
T65B8 004:344.105 - 0.005ms returns 4
T65B8 004:344.113 JLINK_GetNumBPUnits(Type = 0xFFFFFF00)
T65B8 004:344.117 - 0.005ms returns 0x06
T65B8 004:344.121 JLINK_GetNumWPUnits()
T65B8 004:344.125 - 0.005ms returns 4
T65B8 004:344.129 JLINK_GetNumWPUnits()
T65B8 004:344.132 - 0.005ms returns 4
T65B8 004:344.140 JLINK_GetNumBPUnits(Type = 0xFFFFFF00)
T65B8 004:344.143 - 0.005ms returns 0x06
T65B8 004:344.148 JLINK_GetNumWPUnits()
T65B8 004:344.151 - 0.005ms returns 4
T65B8 004:344.156 JLINK_GetNumWPUnits()
T65B8 004:344.159 - 0.005ms returns 4
T65B8 004:344.222 JLINK_SetBPEx(Addr = 0x00000680, Type = 0xFFFFFF00)
T65B8 004:344.231 - 0.010ms returns 0x00000001
T65B8 004:344.239 JLINK_ClrBPEx(BPHandle = 0x00000001)
T65B8 004:345.404 - 1.171ms returns 0x00
T65B8 004:360.777 JLINK_SetBPEx(Addr = 0x00000680, Type = 0xFFFFFF00)
T65B8 004:360.803 - 0.028ms returns 0x00000002
T65B8 004:455.317 JLINK_ReadRegs(NumRegs = 20, Indexes: 0, 1, 2, 3, 4, 5, 6, 7, 8, 9, 10, 11, 12, 13, 14, 15, 16, 17, 18, 20)
T65B8 004:455.353    -- R0=0x1FFE0904, R1=0x00, R2=0x00, R3=0x4001C11C, R4=0x1FFE0904, R5=0x1FFE095C, R6=0x1FFE095C, R7=0x15CCE2FD, R8=0x9B14C7AB, R9=0xC5F9C587, R10=0x4407E71E, R11=0x957675D5, R12=0x1FFE0888, R13 (SP)=0x1FFE06C0, R14=0xFFFFFFFF, R15 (PC)=0x148C, XPSR=0x1000000, MSP=0x1FFE06C0, PSP=0xD9BFDB88, CFBP=0x00
T65B8 004:455.363 - 0.048ms returns 0x00
T65B8 004:455.582 JLINK_ReadMem(0x0000148C, 0x4 Bytes, ...)
T65B8 004:455.606    -- Read from flash cache (4 bytes @ 0x0000148C)
T65B8 004:455.613   Data:  08 B5 00 F0
T65B8 004:455.619 - 0.038ms returns 0
T22CC 004:762.011 JLINK_GetNumBPUnits(Type = 0xFFFFFF00)
T22CC 004:762.032 - 0.022ms returns 0x06
T22CC 004:762.037 JLINK_GetNumWPUnits()
T22CC 004:762.041 - 0.005ms returns 4
T22CC 004:762.046 JLINK_GetNumWPUnits()
T22CC 004:762.049 - 0.005ms returns 4
T22CC 004:762.401 JLINK_GetNumBPUnits(Type = 0xFFFFFF00)
T22CC 004:762.412 - 0.013ms returns 0x06
T22CC 004:762.416 JLINK_GetNumWPUnits()
T22CC 004:762.420 - 0.005ms returns 4
T22CC 004:762.424 JLINK_GetNumWPUnits()
T22CC 004:762.428 - 0.005ms returns 4
T22CC 004:762.649 JLINK_GetNumBPUnits(Type = 0xFFFFFF00)
T22CC 004:762.659 - 0.013ms returns 0x06
T22CC 004:762.665 JLINK_GetNumWPUnits()
T22CC 004:762.668 - 0.005ms returns 4
T22CC 004:762.673 JLINK_GetNumWPUnits()
T22CC 004:762.676 - 0.005ms returns 4
T22CC 004:762.862 JLINK_GetNumBPUnits(Type = 0xFFFFFF00)
T22CC 004:762.869 - 0.009ms returns 0x06
T22CC 004:762.874 JLINK_GetNumWPUnits()
T22CC 004:762.878 - 0.005ms returns 4
T22CC 004:762.882 JLINK_GetNumWPUnits()
T22CC 004:762.886 - 0.005ms returns 4
T22CC 004:763.132 JLINK_GetNumBPUnits(Type = 0xFFFFFF00)
T22CC 004:763.140 - 0.009ms returns 0x06
T22CC 004:763.144 JLINK_GetNumWPUnits()
T22CC 004:763.148 - 0.005ms returns 4
T22CC 004:763.152 JLINK_GetNumWPUnits()
T22CC 004:763.156 - 0.005ms returns 4
T22CC 004:763.331 JLINK_GetNumBPUnits(Type = 0xFFFFFF00)
T22CC 004:763.339 - 0.009ms returns 0x06
T22CC 004:763.343 JLINK_GetNumWPUnits()
T22CC 004:763.347 - 0.005ms returns 4
T22CC 004:763.351 JLINK_GetNumWPUnits()
T22CC 004:763.355 - 0.005ms returns 4
T22CC 004:763.599 JLINK_GetNumBPUnits(Type = 0xFFFFFF00)
T22CC 004:763.607 - 0.010ms returns 0x06
T22CC 004:763.612 JLINK_GetNumWPUnits()
T22CC 004:763.615 - 0.005ms returns 4
T22CC 004:763.620 JLINK_GetNumWPUnits()
T22CC 004:763.623 - 0.005ms returns 4
T22CC 004:763.888 JLINK_GetNumBPUnits(Type = 0xFFFFFF00)
T22CC 004:763.901 - 0.015ms returns 0x06
T22CC 004:763.907 JLINK_GetNumWPUnits()
T22CC 004:763.911 - 0.006ms returns 4
T22CC 004:763.917 JLINK_GetNumWPUnits()
T22CC 004:763.921 - 0.006ms returns 4
T65B8 006:781.678 JLINK_ReadReg(XPSR)
T65B8 006:782.936 - 1.275ms returns 0x01000000
T65B8 008:295.814 JLINK_ReadReg(XPSR)
T65B8 008:297.066 - 1.278ms returns 0x01000000
T65B8 008:298.385 JLINK_ReadReg(XPSR)
T65B8 008:298.410 - 0.027ms returns 0x01000000
T65B8 015:879.682 JLINK_STRACE_Read(..., NumItems = 0x10000)
T65B8 015:881.317 - 1.656ms NumItemsRead = 0x00
T65B8 015:881.356 JLINK_IsHalted()
T65B8 015:882.397 - 1.055ms returns TRUE
T65B8 015:882.420 JLINK_GoEx(MaxEmulInsts = 0, Flags = 0x01)
T65B8 015:882.442   CPU_WriteMem(4 bytes @ 0xE0002000)
T65B8 015:883.508   CPU_ReadMem(4 bytes @ 0xE0001000)
T65B8 015:884.631   CPU_WriteMem(4 bytes @ 0xE0002008)
T65B8 015:884.652   CPU_WriteMem(4 bytes @ 0xE000200C)
T65B8 015:884.662   CPU_WriteMem(4 bytes @ 0xE0002010)
T65B8 015:884.671   CPU_WriteMem(4 bytes @ 0xE0002014)
T65B8 015:884.680   CPU_WriteMem(4 bytes @ 0xE0002018)
T65B8 015:884.688   CPU_WriteMem(4 bytes @ 0xE000201C)
T65B8 015:888.020   CPU_WriteMem(4 bytes @ 0xE0001004)
T65B8 015:890.656 - 8.248ms
T65B8 015:985.579 JLINK_IsHalted()
T65B8 015:991.404 - 5.839ms returns TRUE
T65B8 015:991.428 JLINK_ReadReg(XPSR)
T65B8 015:991.436 - 0.009ms returns 0x61000000
T65B8 015:991.441 JLINK_ReadReg(R15 (PC))
T65B8 015:991.445 - 0.006ms returns 0x00000680
T65B8 015:991.458 JLINK_ReadReg(XPSR)
T65B8 015:991.462 - 0.005ms returns 0x61000000
T65B8 015:991.467 JLINK_ReadReg(XPSR)
T65B8 015:991.470 - 0.005ms returns 0x61000000
T65B8 015:991.475 JLINK_ReadReg(R15 (PC))
T65B8 015:991.478 - 0.005ms returns 0x00000680
T65B8 015:991.483 JLINK_ReadReg(XPSR)
T65B8 015:991.487 - 0.005ms returns 0x61000000
T65B8 015:991.492 JLINK_ReadReg(XPSR)
T65B8 015:991.495 - 0.005ms returns 0x61000000
T65B8 015:991.501 JLINK_ReadMem(0x00000680, 0x1 Bytes, ...)
T65B8 015:991.508    -- Read from flash cache (1 bytes @ 0x00000680)
T65B8 015:991.514   Data:  08
T65B8 015:991.519 - 0.020ms returns 0
T65B8 015:991.525 JLINK_IsHalted()
T65B8 015:991.529 - 0.005ms returns TRUE
T65B8 015:991.533 JLINK_ReadReg(XPSR)
T65B8 015:991.537 - 0.005ms returns 0x61000000
T65B8 015:991.541 JLINK_ReadReg(XPSR)
T65B8 015:991.545 - 0.005ms returns 0x61000000
T65B8 015:991.549 JLINK_ReadReg(R15 (PC))
T65B8 015:991.553 - 0.005ms returns 0x00000680
T65B8 015:991.557 JLINK_ReadReg(XPSR)
T65B8 015:991.561 - 0.005ms returns 0x61000000
T65B8 015:991.566 JLINK_ReadReg(XPSR)
T65B8 015:991.569 - 0.005ms returns 0x61000000
T65B8 015:991.573 JLINK_ReadMem(0x00000680, 0x1 Bytes, ...)
T65B8 015:991.578    -- Read from flash cache (1 bytes @ 0x00000680)
T65B8 015:991.586   Data:  08
T65B8 015:991.593 - 0.021ms returns 0
T65B8 015:992.872 JLINK_ReadRegs(NumRegs = 20, Indexes: 0, 1, 2, 3, 4, 5, 6, 7, 8, 9, 10, 11, 12, 13, 14, 15, 16, 17, 18, 20)
T65B8 015:992.898    -- R0=0x00, R1=0x11F, R2=0x18A6, R3=0x60, R4=0x1FFE0904, R5=0x1FFE095C, R6=0x1FFE095C, R7=0x15CCE2FD, R8=0x9B14C7AB, R9=0xC5F9C587, R10=0x4407E71E, R11=0x957675D5, R12=0x01, R13 (SP)=0x1FFE06B8, R14=0x1497, R15 (PC)=0x680, XPSR=0x61000000, MSP=0x1FFE06B8, PSP=0xD9BFDB88, CFBP=0x00
T65B8 015:992.904 - 0.034ms returns 0x00
T65B8 015:993.175 JLINK_ReadMem(0x00000680, 0x4 Bytes, ...)
T65B8 015:993.198    -- Read from flash cache (4 bytes @ 0x00000680)
T65B8 015:993.208   Data:  08 B5 FF F7
T65B8 015:993.216 - 0.043ms returns 0
T65B8 015:995.233 JLINK_ClrBPEx(BPHandle = 0x00000002)
T65B8 015:995.253 - 0.022ms returns 0x00
T65B8 016:081.992 JLINK_ReadReg(XPSR)
T65B8 016:082.031 - 0.043ms returns 0x61000000
T65B8 016:082.828 JLINK_ReadReg(XPSR)
T65B8 016:082.847 - 0.021ms returns 0x61000000
T65B8 016:581.322 JLINK_STRACE_Read(..., NumItems = 0x10000)
T65B8 016:581.358 - 0.041ms NumItemsRead = 0x00
T65B8 016:581.373 JLINK_IsHalted()
T65B8 016:582.505 - 1.157ms returns TRUE
T65B8 016:582.543 JLINK_GoEx(MaxEmulInsts = 0, Flags = 0x01)
T65B8 016:582.574   CPU_ReadMem(4 bytes @ 0xE0001000)
T65B8 016:583.550   CPU_WriteMem(4 bytes @ 0xE0002008)
T65B8 016:586.282 - 3.766ms
T65B8 016:688.914 JLINK_IsHalted()
T65B8 016:689.896 - 0.994ms returns FALSE
T65B8 016:689.917 JLINK_IsHalted()
T65B8 016:690.911 - 1.002ms returns FALSE
T65B8 016:798.417 JLINK_IsHalted()
T65B8 016:799.817 - 1.408ms returns FALSE
T65B8 016:799.833 JLINK_IsHalted()
T65B8 016:801.362 - 1.531ms returns FALSE
T65B8 016:908.191 JLINK_IsHalted()
T65B8 016:909.676 - 1.491ms returns FALSE
T65B8 016:909.692 JLINK_IsHalted()
T65B8 016:911.088 - 1.408ms returns FALSE
T65B8 017:017.586 JLINK_IsHalted()
T65B8 017:018.418 - 0.838ms returns FALSE
T65B8 017:018.433 JLINK_IsHalted()
T65B8 017:019.524 - 1.093ms returns FALSE
T65B8 017:126.693 JLINK_IsHalted()
T65B8 017:128.324 - 1.638ms returns FALSE
T65B8 017:128.337 JLINK_IsHalted()
T65B8 017:129.870 - 1.539ms returns FALSE
T65B8 017:235.618 JLINK_IsHalted()
T65B8 017:237.325 - 1.715ms returns FALSE
T65B8 017:237.339 JLINK_IsHalted()
T65B8 017:238.479 - 1.146ms returns FALSE
T65B8 017:345.619 JLINK_IsHalted()
T65B8 017:347.121 - 1.510ms returns FALSE
T65B8 017:347.135 JLINK_IsHalted()
T65B8 017:348.081 - 0.953ms returns FALSE
T65B8 017:454.453 JLINK_IsHalted()
T65B8 017:455.788 - 1.342ms returns FALSE
T65B8 017:455.801 JLINK_IsHalted()
T65B8 017:462.683 - 6.889ms returns FALSE
T65B8 017:564.197 JLINK_IsHalted()
T65B8 017:565.624 - 1.435ms returns FALSE
T65B8 017:565.637 JLINK_IsHalted()
T65B8 017:567.094 - 1.463ms returns FALSE
T65B8 017:673.372 JLINK_IsHalted()
T65B8 017:674.948 - 1.594ms returns FALSE
T65B8 017:674.973 JLINK_IsHalted()
T65B8 017:676.485 - 1.517ms returns FALSE
T65B8 017:783.532 JLINK_IsHalted()
T65B8 017:784.725 - 1.200ms returns FALSE
T65B8 017:784.737 JLINK_IsHalted()
T65B8 017:786.541 - 1.825ms returns FALSE
T65B8 017:892.112 JLINK_IsHalted()
T65B8 017:894.167 - 2.063ms returns FALSE
T65B8 017:894.181 JLINK_IsHalted()
T65B8 017:895.268 - 1.093ms returns FALSE
T22CC 017:999.941 JLINK_IsHalted()
T22CC 018:001.346 - 1.427ms returns FALSE
T22CC 018:001.377 JLINK_IsHalted()
T22CC 018:003.090 - 1.721ms returns FALSE
T22CC 018:003.957 JLINK_IsHalted()
T22CC 018:005.065 - 1.116ms returns FALSE
T22CC 018:005.091 JLINK_IsHalted()
T22CC 018:006.004 - 0.920ms returns FALSE
T65B8 018:007.325 JLINK_IsHalted()
T65B8 018:009.000 - 1.684ms returns FALSE
T65B8 018:009.015 JLINK_IsHalted()
T65B8 018:010.139 - 1.137ms returns FALSE
T65B8 018:110.666 JLINK_IsHalted()
T65B8 018:111.653 - 0.991ms returns FALSE
T65B8 018:111.661 JLINK_IsHalted()
T65B8 018:112.935 - 1.284ms returns FALSE
T65B8 018:220.658 JLINK_IsHalted()
T65B8 018:222.422 - 1.783ms returns FALSE
T65B8 018:222.451 JLINK_IsHalted()
T65B8 018:223.587 - 1.146ms returns FALSE
T65B8 018:330.136 JLINK_IsHalted()
T65B8 018:332.028 - 1.899ms returns FALSE
T65B8 018:332.040 JLINK_IsHalted()
T65B8 018:334.100 - 2.067ms returns FALSE
T65B8 018:438.774 JLINK_IsHalted()
T65B8 018:444.232 - 5.469ms returns FALSE
T65B8 018:444.250 JLINK_IsHalted()
T65B8 018:445.249 - 1.007ms returns FALSE
T65B8 018:548.887 JLINK_IsHalted()
T65B8 018:549.779 - 0.896ms returns FALSE
T65B8 018:549.788 JLINK_IsHalted()
T65B8 018:550.867 - 1.082ms returns FALSE
T65B8 018:658.157 JLINK_IsHalted()
T65B8 018:659.225 - 1.083ms returns FALSE
T65B8 018:659.248 JLINK_IsHalted()
T65B8 018:660.311 - 1.065ms returns FALSE
T65B8 018:767.536 JLINK_IsHalted()
T65B8 018:769.257 - 1.728ms returns FALSE
T65B8 018:769.269 JLINK_IsHalted()
T65B8 018:771.313 - 2.050ms returns FALSE
T65B8 018:877.348 JLINK_IsHalted()
T65B8 018:878.883 - 1.542ms returns FALSE
T65B8 018:878.895 JLINK_IsHalted()
T65B8 018:880.305 - 1.415ms returns FALSE
T65B8 018:986.326 JLINK_IsHalted()
T65B8 018:987.743 - 1.424ms returns FALSE
T65B8 018:987.755 JLINK_IsHalted()
T65B8 018:988.904 - 1.156ms returns FALSE
T22CC 019:007.326 JLINK_IsHalted()
T22CC 019:008.858 - 1.540ms returns FALSE
T22CC 019:008.874 JLINK_IsHalted()
T22CC 019:010.280 - 1.418ms returns FALSE
T65B8 019:095.314 JLINK_IsHalted()
T65B8 019:097.207 - 1.901ms returns FALSE
T65B8 019:097.221 JLINK_IsHalted()
T65B8 019:098.200 - 0.983ms returns FALSE
T65B8 019:205.383 JLINK_IsHalted()
T65B8 019:207.072 - 1.698ms returns FALSE
T65B8 019:207.087 JLINK_IsHalted()
T65B8 019:208.142 - 1.068ms returns FALSE
T65B8 019:313.708 JLINK_IsHalted()
T65B8 019:315.319 - 1.619ms returns FALSE
T65B8 019:315.332 JLINK_IsHalted()
T65B8 019:316.677 - 1.365ms returns FALSE
T65B8 019:423.563 JLINK_IsHalted()
T65B8 019:425.170 - 1.614ms returns FALSE
T65B8 019:425.183 JLINK_IsHalted()
T65B8 019:426.497 - 1.334ms returns FALSE
T65B8 019:533.832 JLINK_IsHalted()
T65B8 019:535.358 - 1.536ms returns FALSE
T65B8 019:535.374 JLINK_IsHalted()
T65B8 019:536.876 - 1.508ms returns FALSE
T65B8 019:642.126 JLINK_IsHalted()
T65B8 019:643.365 - 1.247ms returns FALSE
T65B8 019:643.379 JLINK_IsHalted()
T65B8 019:644.886 - 1.514ms returns FALSE
T65B8 019:752.414 JLINK_IsHalted()
T65B8 019:753.479 - 1.072ms returns FALSE
T65B8 019:753.492 JLINK_IsHalted()
T65B8 019:754.862 - 1.376ms returns FALSE
T65B8 019:860.771 JLINK_IsHalted()
T65B8 019:862.435 - 1.671ms returns FALSE
T65B8 019:862.447 JLINK_IsHalted()
T65B8 019:863.485 - 1.044ms returns FALSE
T65B8 019:970.356 JLINK_IsHalted()
T65B8 019:972.058 - 1.709ms returns FALSE
T65B8 019:972.071 JLINK_IsHalted()
T65B8 019:973.829 - 1.765ms returns FALSE
T22CC 020:010.845 JLINK_IsHalted()
T22CC 020:012.537 - 1.699ms returns FALSE
T22CC 020:012.548 JLINK_IsHalted()
T22CC 020:013.781 - 1.239ms returns FALSE
T65B8 020:079.400 JLINK_IsHalted()
T65B8 020:080.472 - 1.076ms returns FALSE
T65B8 020:080.480 JLINK_IsHalted()
T65B8 020:081.822 - 1.348ms returns FALSE
T65B8 020:189.291 JLINK_IsHalted()
T65B8 020:190.605 - 1.321ms returns FALSE
T65B8 020:190.618 JLINK_IsHalted()
T65B8 020:191.452 - 0.836ms returns FALSE
T65B8 020:302.884 JLINK_IsHalted()
T65B8 020:303.889 - 1.017ms returns FALSE
T65B8 020:303.907 JLINK_IsHalted()
T65B8 020:305.149 - 1.248ms returns FALSE
T65B8 020:407.916 JLINK_IsHalted()
T65B8 020:409.421 - 1.511ms returns FALSE
T65B8 020:409.432 JLINK_IsHalted()
T65B8 020:411.083 - 1.657ms returns FALSE
T65B8 020:517.318 JLINK_IsHalted()
T65B8 020:518.824 - 1.521ms returns FALSE
T65B8 020:518.847 JLINK_IsHalted()
T65B8 020:520.027 - 1.187ms returns FALSE
T65B8 020:626.594 JLINK_IsHalted()
T65B8 020:628.294 - 1.706ms returns FALSE
T65B8 020:628.306 JLINK_IsHalted()
T65B8 020:629.673 - 1.375ms returns FALSE
T65B8 020:736.501 JLINK_IsHalted()
T65B8 020:737.710 - 1.216ms returns FALSE
T65B8 020:737.722 JLINK_IsHalted()
T65B8 020:738.703 - 0.983ms returns FALSE
T65B8 020:845.252 JLINK_IsHalted()
T65B8 020:847.182 - 1.938ms returns FALSE
T65B8 020:847.196 JLINK_IsHalted()
T65B8 020:848.304 - 1.115ms returns FALSE
T65B8 020:954.416 JLINK_IsHalted()
T65B8 020:955.617 - 1.206ms returns FALSE
T65B8 020:955.626 JLINK_IsHalted()
T65B8 020:956.741 - 1.117ms returns FALSE
T22CC 021:015.031 JLINK_IsHalted()
T22CC 021:016.203 - 1.180ms returns FALSE
T22CC 021:016.220 JLINK_IsHalted()
T22CC 021:017.214 - 0.997ms returns FALSE
T65B8 021:064.399 JLINK_IsHalted()
T65B8 021:066.028 - 1.636ms returns FALSE
T65B8 021:066.040 JLINK_IsHalted()
T65B8 021:067.286 - 1.254ms returns FALSE
T65B8 021:173.446 JLINK_IsHalted()
T65B8 021:174.498 - 1.065ms returns FALSE
T65B8 021:174.517 JLINK_IsHalted()
T65B8 021:176.218 - 1.718ms returns FALSE
T65B8 021:283.432 JLINK_IsHalted()
T65B8 021:284.495 - 1.071ms returns FALSE
T65B8 021:284.507 JLINK_IsHalted()
T65B8 021:285.525 - 1.019ms returns FALSE
T65B8 021:393.628 JLINK_IsHalted()
T65B8 021:395.004 - 1.384ms returns FALSE
T65B8 021:395.018 JLINK_IsHalted()
T65B8 021:396.100 - 1.088ms returns FALSE
T65B8 021:502.205 JLINK_IsHalted()
T65B8 021:503.839 - 1.645ms returns FALSE
T65B8 021:503.858 JLINK_IsHalted()
T65B8 021:505.237 - 1.386ms returns FALSE
T65B8 021:611.345 JLINK_IsHalted()
T65B8 021:612.933 - 1.607ms returns FALSE
T65B8 021:612.958 JLINK_IsHalted()
T65B8 021:614.116 - 1.164ms returns FALSE
T65B8 021:720.373 JLINK_IsHalted()
T65B8 021:721.301 - 0.935ms returns FALSE
T65B8 021:721.313 JLINK_IsHalted()
T65B8 021:722.425 - 1.114ms returns FALSE
T65B8 021:829.341 JLINK_IsHalted()
T65B8 021:830.678 - 1.341ms returns FALSE
T65B8 021:830.687 JLINK_IsHalted()
T65B8 021:831.797 - 1.119ms returns FALSE
T65B8 021:938.802 JLINK_IsHalted()
T65B8 021:940.297 - 1.516ms returns FALSE
T65B8 021:940.323 JLINK_IsHalted()
T65B8 021:942.049 - 1.733ms returns FALSE
T22CC 022:018.243 JLINK_IsHalted()
T22CC 022:019.815 - 1.578ms returns FALSE
T22CC 022:019.829 JLINK_IsHalted()
T22CC 022:021.068 - 1.246ms returns FALSE
T65B8 022:048.396 JLINK_IsHalted()
T65B8 022:049.300 - 0.911ms returns FALSE
T65B8 022:049.312 JLINK_IsHalted()
T65B8 022:050.423 - 1.114ms returns FALSE
T65B8 022:157.465 JLINK_IsHalted()
T65B8 022:158.416 - 0.958ms returns FALSE
T65B8 022:158.428 JLINK_IsHalted()
T65B8 022:159.572 - 1.152ms returns FALSE
T65B8 022:267.426 JLINK_IsHalted()
T65B8 022:269.095 - 1.675ms returns FALSE
T65B8 022:269.106 JLINK_IsHalted()
T65B8 022:270.620 - 1.520ms returns FALSE
T65B8 022:376.730 JLINK_IsHalted()
T65B8 022:378.192 - 1.470ms returns FALSE
T65B8 022:378.204 JLINK_IsHalted()
T65B8 022:379.416 - 1.229ms returns FALSE
T65B8 022:486.397 JLINK_IsHalted()
T65B8 022:487.997 - 1.608ms returns FALSE
T65B8 022:488.010 JLINK_IsHalted()
T65B8 022:489.281 - 1.277ms returns FALSE
T65B8 022:595.373 JLINK_IsHalted()
T65B8 022:596.538 - 1.173ms returns FALSE
T65B8 022:596.551 JLINK_IsHalted()
T65B8 022:597.963 - 1.422ms returns FALSE
T65B8 022:704.560 JLINK_IsHalted()
T65B8 022:705.876 - 1.323ms returns FALSE
T65B8 022:705.888 JLINK_IsHalted()
T65B8 022:712.676 - 6.795ms returns FALSE
T65B8 022:814.247 JLINK_IsHalted()
T65B8 022:815.592 - 1.351ms returns FALSE
T65B8 022:815.603 JLINK_IsHalted()
T65B8 022:816.825 - 1.228ms returns FALSE
T65B8 022:925.020 JLINK_IsHalted()
T65B8 022:926.379 - 1.366ms returns FALSE
T65B8 022:926.391 JLINK_IsHalted()
T65B8 022:927.434 - 1.049ms returns FALSE
T22CC 023:022.566 JLINK_IsHalted()
T22CC 023:023.976 - 1.417ms returns FALSE
T22CC 023:023.988 JLINK_IsHalted()
T22CC 023:025.648 - 1.667ms returns FALSE
T65B8 023:033.217 JLINK_IsHalted()
T65B8 023:034.118 - 0.907ms returns FALSE
T65B8 023:034.130 JLINK_IsHalted()
T65B8 023:035.580 - 1.457ms returns FALSE
T65B8 023:143.585 JLINK_IsHalted()
T65B8 023:144.913 - 1.336ms returns FALSE
T65B8 023:144.926 JLINK_IsHalted()
T65B8 023:146.099 - 1.179ms returns FALSE
T65B8 023:252.268 JLINK_IsHalted()
T65B8 023:254.004 - 1.747ms returns FALSE
T65B8 023:254.022 JLINK_IsHalted()
T65B8 023:255.280 - 1.269ms returns FALSE
T65B8 023:360.795 JLINK_IsHalted()
T65B8 023:362.218 - 1.430ms returns FALSE
T65B8 023:362.230 JLINK_IsHalted()
T65B8 023:364.346 - 2.124ms returns FALSE
T65B8 023:470.177 JLINK_IsHalted()
T65B8 023:471.801 - 1.632ms returns FALSE
T65B8 023:471.814 JLINK_IsHalted()
T65B8 023:472.901 - 1.095ms returns FALSE
T65B8 023:579.687 JLINK_IsHalted()
T65B8 023:580.540 - 0.858ms returns FALSE
T65B8 023:580.550 JLINK_IsHalted()
T65B8 023:581.857 - 1.314ms returns FALSE
T65B8 023:689.093 JLINK_IsHalted()
T65B8 023:689.913 - 0.824ms returns FALSE
T65B8 023:689.922 JLINK_IsHalted()
T65B8 023:690.975 - 1.058ms returns FALSE
T65B8 023:798.527 JLINK_IsHalted()
T65B8 023:800.032 - 1.512ms returns FALSE
T65B8 023:800.044 JLINK_IsHalted()
T65B8 023:801.573 - 1.548ms returns FALSE
T65B8 023:908.443 JLINK_IsHalted()
T65B8 023:909.847 - 1.410ms returns FALSE
T65B8 023:909.858 JLINK_IsHalted()
T65B8 023:911.535 - 1.683ms returns FALSE
T65B8 024:017.088 JLINK_IsHalted()
T65B8 024:018.055 - 0.973ms returns FALSE
T65B8 024:018.067 JLINK_IsHalted()
T65B8 024:019.100 - 1.036ms returns FALSE
T22CC 024:026.409 JLINK_IsHalted()
T22CC 024:027.572 - 1.171ms returns FALSE
T22CC 024:027.586 JLINK_IsHalted()
T22CC 024:028.535 - 0.954ms returns FALSE
T65B8 024:127.115 JLINK_IsHalted()
T65B8 024:128.275 - 1.165ms returns FALSE
T65B8 024:128.284 JLINK_IsHalted()
T65B8 024:129.270 - 0.998ms returns FALSE
T65B8 024:236.218 JLINK_IsHalted()
T65B8 024:237.805 - 1.593ms returns FALSE
T65B8 024:237.816 JLINK_IsHalted()
T65B8 024:239.094 - 1.297ms returns FALSE
T65B8 024:345.425 JLINK_IsHalted()
T65B8 024:346.765 - 1.348ms returns FALSE
T65B8 024:346.778 JLINK_IsHalted()
T65B8 024:347.768 - 0.997ms returns FALSE
T65B8 024:455.335 JLINK_IsHalted()
T65B8 024:462.790 - 7.462ms returns FALSE
T65B8 024:462.803 JLINK_IsHalted()
T65B8 024:464.609 - 1.813ms returns FALSE
T65B8 024:564.448 JLINK_IsHalted()
T65B8 024:565.654 - 1.215ms returns FALSE
T65B8 024:565.668 JLINK_IsHalted()
T65B8 024:566.710 - 1.049ms returns FALSE
T65B8 024:673.224 JLINK_IsHalted()
T65B8 024:674.686 - 1.468ms returns FALSE
T65B8 024:674.701 JLINK_IsHalted()
T65B8 024:675.730 - 1.031ms returns FALSE
T65B8 024:783.298 JLINK_IsHalted()
T65B8 024:784.554 - 1.262ms returns FALSE
T65B8 024:784.565 JLINK_IsHalted()
T65B8 024:786.184 - 1.639ms returns FALSE
T65B8 024:892.292 JLINK_IsHalted()
T65B8 024:893.672 - 1.388ms returns FALSE
T65B8 024:893.687 JLINK_IsHalted()
T65B8 024:895.079 - 1.398ms returns FALSE
T65B8 025:001.969 JLINK_IsHalted()
T65B8 025:003.423 - 1.462ms returns FALSE
T65B8 025:003.437 JLINK_IsHalted()
T65B8 025:005.033 - 1.615ms returns FALSE
T22CC 025:029.410 JLINK_IsHalted()
T22CC 025:030.542 - 1.139ms returns FALSE
T22CC 025:030.554 JLINK_IsHalted()
T22CC 025:031.982 - 1.435ms returns FALSE
T65B8 025:110.947 JLINK_IsHalted()
T65B8 025:112.147 - 1.207ms returns FALSE
T65B8 025:112.160 JLINK_IsHalted()
T65B8 025:113.513 - 1.363ms returns FALSE
T65B8 025:220.376 JLINK_IsHalted()
T65B8 025:221.404 - 1.047ms returns FALSE
T65B8 025:221.432 JLINK_IsHalted()
T65B8 025:223.655 - 2.231ms returns FALSE
T65B8 025:330.810 JLINK_IsHalted()
T65B8 025:332.165 - 1.364ms returns FALSE
T65B8 025:332.180 JLINK_IsHalted()
T65B8 025:333.641 - 1.468ms returns FALSE
T65B8 025:438.831 JLINK_IsHalted()
T65B8 025:439.825 - 1.001ms returns FALSE
T65B8 025:439.837 JLINK_IsHalted()
T65B8 025:440.919 - 1.088ms returns FALSE
T65B8 025:548.144 JLINK_IsHalted()
T65B8 025:549.203 - 1.066ms returns FALSE
T65B8 025:549.229 JLINK_IsHalted()
T65B8 025:550.521 - 1.300ms returns FALSE
T65B8 025:658.270 JLINK_IsHalted()
T65B8 025:659.612 - 1.345ms returns FALSE
T65B8 025:659.620 JLINK_IsHalted()
T65B8 025:661.007 - 1.390ms returns FALSE
T65B8 025:766.910 JLINK_IsHalted()
T65B8 025:767.973 - 1.070ms returns FALSE
T65B8 025:767.986 JLINK_IsHalted()
T65B8 025:769.415 - 1.435ms returns FALSE
T65B8 025:876.479 JLINK_IsHalted()
T65B8 025:877.868 - 1.393ms returns FALSE
T65B8 025:877.876 JLINK_IsHalted()
T65B8 025:879.407 - 1.534ms returns FALSE
T65B8 025:986.423 JLINK_IsHalted()
T65B8 025:988.061 - 1.645ms returns FALSE
T65B8 025:988.073 JLINK_IsHalted()
T65B8 025:989.210 - 1.141ms returns FALSE
T22CC 026:032.740 JLINK_IsHalted()
T22CC 026:034.566 - 1.837ms returns FALSE
T22CC 026:034.582 JLINK_IsHalted()
T22CC 026:035.826 - 1.249ms returns FALSE
T65B8 026:095.663 JLINK_IsHalted()
T65B8 026:097.228 - 1.572ms returns FALSE
T65B8 026:097.240 JLINK_IsHalted()
T65B8 026:098.235 - 0.997ms returns FALSE
T65B8 026:204.445 JLINK_IsHalted()
T65B8 026:206.203 - 1.764ms returns FALSE
T65B8 026:206.215 JLINK_IsHalted()
T65B8 026:207.422 - 1.228ms returns FALSE
T65B8 026:314.373 JLINK_IsHalted()
T65B8 026:315.807 - 1.441ms returns FALSE
T65B8 026:315.820 JLINK_IsHalted()
T65B8 026:316.810 - 0.997ms returns FALSE
T65B8 026:423.671 JLINK_IsHalted()
T65B8 026:424.673 - 1.013ms returns FALSE
T65B8 026:424.690 JLINK_IsHalted()
T65B8 026:425.856 - 1.169ms returns FALSE
T65B8 026:533.493 JLINK_IsHalted()
T65B8 026:534.981 - 1.498ms returns FALSE
T65B8 026:534.999 JLINK_IsHalted()
T65B8 026:536.016 - 1.029ms returns FALSE
T65B8 026:642.089 JLINK_IsHalted()
T65B8 026:643.554 - 1.473ms returns FALSE
T65B8 026:643.567 JLINK_IsHalted()
T65B8 026:645.218 - 1.670ms returns FALSE
T65B8 026:752.176 JLINK_IsHalted()
T65B8 026:753.442 - 1.273ms returns FALSE
T65B8 026:753.454 JLINK_IsHalted()
T65B8 026:754.874 - 1.426ms returns FALSE
T65B8 026:861.950 JLINK_IsHalted()
T65B8 026:863.362 - 1.422ms returns FALSE
T65B8 026:863.379 JLINK_IsHalted()
T65B8 026:864.501 - 1.132ms returns FALSE
T65B8 026:970.155 JLINK_IsHalted()
T65B8 026:972.076 - 1.926ms returns FALSE
T65B8 026:972.101 JLINK_IsHalted()
T65B8 026:973.251 - 1.158ms returns FALSE
T22CC 027:036.366 JLINK_IsHalted()
T22CC 027:037.724 - 1.366ms returns FALSE
T22CC 027:037.738 JLINK_IsHalted()
T22CC 027:039.152 - 1.421ms returns FALSE
T65B8 027:080.198 JLINK_IsHalted()
T65B8 027:081.232 - 1.039ms returns FALSE
T65B8 027:081.244 JLINK_IsHalted()
T65B8 027:082.221 - 0.986ms returns FALSE
T65B8 027:188.957 JLINK_IsHalted()
T65B8 027:190.263 - 1.309ms returns FALSE
T65B8 027:190.271 JLINK_IsHalted()
T65B8 027:191.774 - 1.505ms returns FALSE
T65B8 027:303.659 JLINK_IsHalted()
T65B8 027:305.047 - 1.397ms returns FALSE
T65B8 027:305.062 JLINK_IsHalted()
T65B8 027:306.145 - 1.090ms returns FALSE
T65B8 027:407.715 JLINK_IsHalted()
T65B8 027:409.421 - 1.714ms returns FALSE
T65B8 027:409.437 JLINK_IsHalted()
T65B8 027:410.922 - 1.491ms returns FALSE
T65B8 027:516.776 JLINK_IsHalted()
T65B8 027:518.426 - 1.673ms returns FALSE
T65B8 027:518.455 JLINK_IsHalted()
T65B8 027:520.152 - 1.704ms returns FALSE
T65B8 027:626.814 JLINK_IsHalted()
T65B8 027:628.992 - 2.185ms returns FALSE
T65B8 027:629.004 JLINK_IsHalted()
T65B8 027:630.424 - 1.433ms returns FALSE
T65B8 027:736.122 JLINK_IsHalted()
T65B8 027:737.482 - 1.368ms returns FALSE
T65B8 027:737.496 JLINK_IsHalted()
T65B8 027:738.865 - 1.377ms returns FALSE
T65B8 027:845.600 JLINK_IsHalted()
T65B8 027:846.507 - 0.916ms returns FALSE
T65B8 027:846.522 JLINK_IsHalted()
T65B8 027:848.369 - 1.856ms returns FALSE
T65B8 027:954.882 JLINK_IsHalted()
T65B8 027:956.278 - 1.402ms returns FALSE
T65B8 027:956.289 JLINK_IsHalted()
T65B8 027:964.223 - 7.942ms returns FALSE
T22CC 028:039.648 JLINK_IsHalted()
T22CC 028:040.896 - 1.256ms returns FALSE
T22CC 028:040.913 JLINK_IsHalted()
T22CC 028:042.182 - 1.271ms returns FALSE
T65B8 028:064.471 JLINK_IsHalted()
T65B8 028:065.568 - 1.101ms returns FALSE
T65B8 028:065.577 JLINK_IsHalted()
T65B8 028:066.792 - 1.220ms returns FALSE
T65B8 028:173.253 JLINK_IsHalted()
T65B8 028:174.981 - 1.735ms returns FALSE
T65B8 028:174.993 JLINK_IsHalted()
T65B8 028:176.006 - 1.019ms returns FALSE
T65B8 028:283.168 JLINK_IsHalted()
T65B8 028:284.587 - 1.427ms returns FALSE
T65B8 028:284.600 JLINK_IsHalted()
T65B8 028:285.804 - 1.207ms returns FALSE
T65B8 028:392.394 JLINK_IsHalted()
T65B8 028:393.531 - 1.144ms returns FALSE
T65B8 028:393.544 JLINK_IsHalted()
T65B8 028:395.254 - 1.722ms returns FALSE
T65B8 028:501.176 JLINK_IsHalted()
T65B8 028:502.817 - 1.648ms returns FALSE
T65B8 028:502.830 JLINK_IsHalted()
T65B8 028:504.102 - 1.279ms returns FALSE
T65B8 028:611.414 JLINK_IsHalted()
T65B8 028:612.923 - 1.517ms returns FALSE
T65B8 028:612.936 JLINK_IsHalted()
T65B8 028:614.203 - 1.273ms returns FALSE
T65B8 028:720.786 JLINK_IsHalted()
T65B8 028:722.031 - 1.253ms returns FALSE
T65B8 028:722.044 JLINK_IsHalted()
T65B8 028:723.038 - 1.001ms returns FALSE
T65B8 028:832.401 JLINK_IsHalted()
T65B8 028:834.764 - 2.374ms returns FALSE
T65B8 028:834.781 JLINK_IsHalted()
T65B8 028:836.314 - 1.538ms returns FALSE
T65B8 028:938.747 JLINK_IsHalted()
T65B8 028:940.234 - 1.494ms returns FALSE
T65B8 028:940.246 JLINK_IsHalted()
T65B8 028:941.308 - 1.071ms returns FALSE
T22CC 029:042.401 JLINK_IsHalted()
T22CC 029:043.785 - 1.391ms returns FALSE
T22CC 029:043.796 JLINK_IsHalted()
T22CC 029:044.898 - 1.104ms returns FALSE
T65B8 029:048.284 JLINK_IsHalted()
T65B8 029:049.428 - 1.151ms returns FALSE
T65B8 029:049.440 JLINK_IsHalted()
T65B8 029:051.095 - 1.661ms returns FALSE
T65B8 029:157.410 JLINK_IsHalted()
T65B8 029:158.485 - 1.084ms returns FALSE
T65B8 029:158.499 JLINK_IsHalted()
T65B8 029:160.063 - 2.069ms returns FALSE
T65B8 029:266.781 JLINK_IsHalted()
T65B8 029:268.525 - 1.752ms returns FALSE
T65B8 029:268.538 JLINK_IsHalted()
T65B8 029:269.927 - 1.396ms returns FALSE
T65B8 029:376.489 JLINK_IsHalted()
T65B8 029:377.550 - 1.071ms returns FALSE
T65B8 029:377.567 JLINK_IsHalted()
T65B8 029:378.505 - 0.941ms returns FALSE
T65B8 029:485.856 JLINK_IsHalted()
T65B8 029:492.649 - 6.803ms returns FALSE
T65B8 029:492.665 JLINK_IsHalted()
T65B8 029:494.701 - 2.044ms returns FALSE
T65B8 029:595.224 JLINK_IsHalted()
T65B8 029:596.467 - 1.251ms returns FALSE
T65B8 029:596.483 JLINK_IsHalted()
T65B8 029:598.215 - 1.740ms returns FALSE
T65B8 029:704.405 JLINK_IsHalted()
T65B8 029:705.871 - 1.473ms returns FALSE
T65B8 029:705.884 JLINK_IsHalted()
T65B8 029:707.424 - 1.547ms returns FALSE
T65B8 029:813.981 JLINK_IsHalted()
T65B8 029:815.831 - 1.858ms returns FALSE
T65B8 029:815.844 JLINK_IsHalted()
T65B8 029:817.331 - 1.493ms returns FALSE
T65B8 029:923.344 JLINK_IsHalted()
T65B8 029:924.914 - 1.580ms returns FALSE
T65B8 029:924.931 JLINK_IsHalted()
T65B8 029:926.555 - 1.644ms returns FALSE
T65B8 030:032.388 JLINK_IsHalted()
T65B8 030:033.620 - 1.240ms returns FALSE
T65B8 030:033.634 JLINK_IsHalted()
T65B8 030:034.699 - 1.074ms returns FALSE
T22CC 030:045.123 JLINK_IsHalted()
T22CC 030:046.501 - 1.385ms returns FALSE
T22CC 030:046.512 JLINK_IsHalted()
T22CC 030:047.659 - 1.155ms returns FALSE
T65B8 030:142.195 JLINK_IsHalted()
T65B8 030:143.424 - 1.237ms returns FALSE
T65B8 030:143.440 JLINK_IsHalted()
T65B8 030:145.164 - 1.732ms returns FALSE
T65B8 030:252.109 JLINK_IsHalted()
T65B8 030:253.803 - 1.702ms returns FALSE
T65B8 030:253.817 JLINK_IsHalted()
T65B8 030:255.342 - 1.532ms returns FALSE
T65B8 030:360.579 JLINK_IsHalted()
T65B8 030:362.394 - 1.827ms returns FALSE
T65B8 030:362.413 JLINK_IsHalted()
T65B8 030:363.753 - 1.347ms returns FALSE
T65B8 030:470.171 JLINK_IsHalted()
T65B8 030:471.435 - 1.271ms returns FALSE
T65B8 030:471.448 JLINK_IsHalted()
T65B8 030:472.879 - 1.438ms returns FALSE
T65B8 030:579.505 JLINK_IsHalted()
T65B8 030:580.462 - 0.964ms returns FALSE
T65B8 030:580.474 JLINK_IsHalted()
T65B8 030:581.621 - 1.153ms returns FALSE
T65B8 030:688.717 JLINK_IsHalted()
T65B8 030:689.916 - 1.206ms returns FALSE
T65B8 030:689.932 JLINK_IsHalted()
T65B8 030:691.014 - 1.090ms returns FALSE
T65B8 030:798.344 JLINK_IsHalted()
T65B8 030:799.391 - 1.054ms returns FALSE
T65B8 030:799.404 JLINK_IsHalted()
T65B8 030:801.250 - 1.852ms returns FALSE
T65B8 030:908.244 JLINK_IsHalted()
T65B8 030:910.184 - 1.947ms returns FALSE
T65B8 030:910.196 JLINK_IsHalted()
T65B8 030:912.170 - 1.979ms returns FALSE
T65B8 031:017.208 JLINK_IsHalted()
T65B8 031:019.366 - 2.169ms returns FALSE
T65B8 031:019.384 JLINK_IsHalted()
T65B8 031:021.156 - 1.779ms returns FALSE
T22CC 031:053.789 JLINK_IsHalted()
T22CC 031:055.072 - 1.291ms returns FALSE
T22CC 031:055.085 JLINK_IsHalted()
T22CC 031:056.867 - 1.788ms returns FALSE
T65B8 031:126.819 JLINK_IsHalted()
T65B8 031:128.842 - 2.033ms returns FALSE
T65B8 031:128.859 JLINK_IsHalted()
T65B8 031:130.716 - 1.864ms returns FALSE
T65B8 031:236.052 JLINK_IsHalted()
T65B8 031:237.308 - 1.264ms returns FALSE
T65B8 031:237.322 JLINK_IsHalted()
T65B8 031:238.959 - 1.643ms returns FALSE
T65B8 031:345.618 JLINK_IsHalted()
T65B8 031:347.596 - 1.986ms returns FALSE
T65B8 031:347.610 JLINK_IsHalted()
T65B8 031:348.983 - 1.379ms returns FALSE
T65B8 031:454.373 JLINK_IsHalted()
T65B8 031:455.664 - 1.297ms returns FALSE
T65B8 031:455.676 JLINK_IsHalted()
T65B8 031:457.224 - 1.555ms returns FALSE
T65B8 031:565.124 JLINK_IsHalted()
T65B8 031:566.372 - 1.257ms returns FALSE
T65B8 031:566.386 JLINK_IsHalted()
T65B8 031:568.190 - 1.810ms returns FALSE
T65B8 031:673.440 JLINK_IsHalted()
T65B8 031:675.229 - 1.795ms returns FALSE
T65B8 031:675.240 JLINK_IsHalted()
T65B8 031:677.161 - 1.928ms returns FALSE
T65B8 031:783.312 JLINK_IsHalted()
T65B8 031:784.897 - 1.591ms returns FALSE
T65B8 031:784.908 JLINK_IsHalted()
T65B8 031:786.619 - 1.717ms returns FALSE
T65B8 031:892.375 JLINK_IsHalted()
T65B8 031:893.384 - 1.021ms returns FALSE
T65B8 031:893.402 JLINK_IsHalted()
T65B8 031:894.830 - 1.435ms returns FALSE
T65B8 032:001.193 JLINK_IsHalted()
T65B8 032:002.954 - 1.768ms returns FALSE
T65B8 032:002.967 JLINK_IsHalted()
T65B8 032:003.784 - 0.824ms returns FALSE
T22CC 032:058.266 JLINK_IsHalted()
T22CC 032:059.725 - 1.467ms returns FALSE
T22CC 032:059.738 JLINK_IsHalted()
T22CC 032:060.870 - 1.152ms returns FALSE
T65B8 032:112.218 JLINK_IsHalted()
T65B8 032:113.777 - 1.582ms returns FALSE
T65B8 032:113.809 JLINK_IsHalted()
T65B8 032:114.932 - 1.137ms returns FALSE
T65B8 032:219.885 JLINK_IsHalted()
T65B8 032:221.318 - 1.440ms returns FALSE
T65B8 032:221.331 JLINK_IsHalted()
T65B8 032:222.829 - 1.505ms returns FALSE
T65B8 032:329.765 JLINK_IsHalted()
T65B8 032:331.133 - 1.389ms returns FALSE
T65B8 032:331.160 JLINK_IsHalted()
T65B8 032:332.638 - 1.485ms returns FALSE
T65B8 032:439.598 JLINK_IsHalted()
T65B8 032:441.202 - 1.610ms returns FALSE
T65B8 032:441.214 JLINK_IsHalted()
T65B8 032:442.196 - 0.990ms returns FALSE
T65B8 032:548.620 JLINK_IsHalted()
T65B8 032:549.833 - 1.222ms returns FALSE
T65B8 032:549.852 JLINK_IsHalted()
T65B8 032:550.712 - 0.867ms returns FALSE
T65B8 032:657.667 JLINK_IsHalted()
T65B8 032:659.217 - 1.556ms returns FALSE
T65B8 032:659.227 JLINK_IsHalted()
T65B8 032:660.148 - 0.927ms returns FALSE
T65B8 032:767.359 JLINK_IsHalted()
T65B8 032:768.638 - 1.285ms returns FALSE
T65B8 032:768.650 JLINK_IsHalted()
T65B8 032:770.277 - 1.634ms returns FALSE
T65B8 032:876.535 JLINK_IsHalted()
T65B8 032:877.993 - 1.465ms returns FALSE
T65B8 032:878.005 JLINK_IsHalted()
T65B8 032:879.361 - 1.363ms returns FALSE
T65B8 032:986.078 JLINK_IsHalted()
T65B8 032:987.230 - 1.157ms returns FALSE
T65B8 032:987.242 JLINK_IsHalted()
T65B8 032:988.118 - 0.880ms returns FALSE
T22CC 033:061.631 JLINK_IsHalted()
T22CC 033:062.902 - 1.279ms returns FALSE
T22CC 033:062.915 JLINK_IsHalted()
T22CC 033:064.129 - 1.220ms returns FALSE
T65B8 033:095.387 JLINK_IsHalted()
T65B8 033:096.628 - 1.244ms returns FALSE
T65B8 033:096.636 JLINK_IsHalted()
T65B8 033:097.920 - 1.296ms returns FALSE
T65B8 033:204.627 JLINK_IsHalted()
T65B8 033:206.205 - 1.584ms returns FALSE
T65B8 033:206.216 JLINK_IsHalted()
T65B8 033:212.694 - 6.495ms returns FALSE
T65B8 033:314.483 JLINK_IsHalted()
T65B8 033:315.605 - 1.130ms returns FALSE
T65B8 033:315.622 JLINK_IsHalted()
T65B8 033:316.841 - 1.221ms returns FALSE
T65B8 033:423.385 JLINK_IsHalted()
T65B8 033:424.714 - 1.336ms returns FALSE
T65B8 033:424.728 JLINK_IsHalted()
T65B8 033:426.373 - 1.651ms returns FALSE
T65B8 033:533.431 JLINK_IsHalted()
T65B8 033:534.417 - 0.993ms returns FALSE
T65B8 033:534.430 JLINK_IsHalted()
T65B8 033:535.550 - 1.122ms returns FALSE
T65B8 033:642.204 JLINK_IsHalted()
T65B8 033:643.521 - 1.325ms returns FALSE
T65B8 033:643.537 JLINK_IsHalted()
T65B8 033:644.660 - 1.131ms returns FALSE
T65B8 033:752.108 JLINK_IsHalted()
T65B8 033:753.647 - 1.559ms returns FALSE
T65B8 033:753.673 JLINK_IsHalted()
T65B8 033:755.208 - 1.543ms returns FALSE
T65B8 033:860.924 JLINK_IsHalted()
T65B8 033:862.482 - 1.680ms returns FALSE
T65B8 033:862.610 JLINK_IsHalted()
T65B8 033:863.904 - 1.305ms returns FALSE
T5E5C 034:389.571 JLINK_Halt()
T5E5C 034:396.686 - 7.127ms returns 0x00
T5E5C 034:396.708 JLINK_ReadReg(XPSR)
T5E5C 034:398.626 - 1.939ms returns 0x21000000
T5E5C 034:400.346 JLINK_Close()
T5E5C 034:401.061   OnDisconnectTarget() start
T5E5C 034:401.076    J-Link Script File: Executing OnDisconnectTarget()
T5E5C 034:401.081   Restoring low power mode settings.
T5E5C 034:408.213   OnDisconnectTarget() end
T5E5C 034:434.012 - 33.788ms
T5E5C 034:434.148   
T5E5C 034:434.156   Closed
