T4170 000:002.108   SEGGER J-Link V7.84d Log File
T4170 000:002.205   DLL Compiled: Jan 25 2023 15:51:00
T4170 000:002.210   Logging started @ 2023-06-05 11:34
T4170 000:002.214 - 2.216ms
T4170 000:002.225 JLINK_GetDLLVersion()
T4170 000:002.230 - 0.007ms returns 78404
T4170 000:003.034 JLINK_OpenEx(...)
T4170 000:028.570   Firmware: J-Link OB-S124 compiled Mar  2 2023 15:52:19
T4170 000:029.629   Firmware: J-Link OB-S124 compiled Mar  2 2023 15:52:19
T4170 000:063.601   Hardware: V1.00
T4170 000:063.621   S/N: 831116025
T4170 000:063.627   OEM: SEGGER
T4170 000:063.633   Feature(s): None
T4170 000:067.299   TELNET listener socket opened on port 19021
T4170 000:067.442   WEBSRV WEBSRV_Init(): Starting webserver thread(s)
T4170 000:067.747   WEBSRV Webserver running on local port 19080
T4170 000:093.783 - 90.765ms returns "O.K."
T4170 000:094.373 JLINK_ExecCommand("ProjectFile=C:\Users\ferdi.kurnaz\e2_studio\workspace\FALSHWARE_DENEME_002/FALSHWARE_DENEME_002 Debug_Flat.jlink", ...). 
T4170 000:128.740 - 34.381ms returns 0x00
T4170 000:129.778 JLINK_ExecCommand("device=R7FA6M2AF", ...). 
T4170 000:133.444   Device "R7FA6M2AF" selected.
T4170 000:140.351 - 10.577ms returns 0x00
T4170 000:140.410 JLINK_ExecCommand("SetCPUConnectIDCODE = FFFFFFFFFFFFFFFFFFFFFFFFFFFFFFFF", ...). 
T4170 000:140.421 - 0.006ms returns 0x00
T4170 000:140.427 JLINK_TIF_GetAvailable(...)
T4170 000:141.346 - 0.929ms
T4170 000:141.362 JLINK_TIF_Select(JLINKARM_TIF_SWD)
T4170 000:144.132 - 2.781ms returns 0x00
T4170 000:144.151 JLINK_SetSpeed(4000)
T4170 000:144.718 - 0.569ms
T4170 000:144.725 JLINK_SetEndian(ARM_ENDIAN_LITTLE)
T4170 000:144.730 - 0.006ms returns 0
T4170 000:144.736 JLINK_SetInitRegsOnReset(OFF)
T4170 000:144.740 - 0.006ms returns 1
T4170 000:144.745 JLINK_SetResetType(JLINKARM_RESET_TYPE_NO_RESET)
T4170 000:144.749 - 0.006ms returns JLINKARM_RESET_TYPE_NORMAL
T4170 000:144.756 JLINK_ExecCommand("EnableFlashBPs", ...). 
T4170 000:144.762 - 0.002ms returns 0x00
T4170 000:144.768 JLINK_ExecCommand("SetAllowFlashCache = 1", ...). 
T4170 000:144.773 - 0.002ms returns 0x01
T4170 000:144.779 JLINK_ExecCommand("SetRestartOnClose = 0", ...). 
T4170 000:144.785 - 0.003ms returns 0x01
T4170 000:144.791 JLINK_EnableSoftBPs(ON)
T4170 000:144.796 - 0.007ms
T4170 000:144.801 JLINK_Connect()
T4170 000:145.436   InitTarget() start
T4170 000:145.447    J-Link Script File: Executing InitTarget()
T4170 000:145.458   Identifying target device...
T4170 000:145.464   SWD selected. Executing JTAG -> SWD switching sequence...
T4170 000:146.662   Initializing DAP...
T4170 000:157.624   Low power mode detected. Waking device from low power mode.
T4170 000:166.056   InitTarget() end
T4170 000:168.007   Found SW-DP with ID 0x5BA02477
T4170 000:175.222   DPIDR: 0x5BA02477
T4170 000:175.237   CoreSight SoC-400 or earlier
T4170 000:175.243   Scanning AP map to find all available APs
T4170 000:178.495   AP[2]: Stopped AP scan as end of AP map has been reached
T4170 000:178.508   AP[0]: AHB-AP (IDR: 0x24770011)
T4170 000:178.514   AP[1]: APB-AP (IDR: 0x44770002)
T4170 000:178.520   Iterating through AP map to find AHB-AP to use
T4170 000:180.734   AP[0]: Core found
T4170 000:180.743   AP[0]: AHB-AP ROM base: 0xE00FF000
T4170 000:181.766   CPUID register: 0x410FC241. Implementer code: 0x41 (ARM)
T4170 000:181.779   Found Cortex-M4 r0p1, Little endian.
T4170 000:183.001   -- Max. mem block: 0x00001B68
T4170 000:183.400   CPU_ReadMem(4 bytes @ 0xE000EDF0)
T4170 000:184.698   CPU_WriteMem(4 bytes @ 0xE000EDF0)
T4170 000:185.532   CPU_ReadMem(4 bytes @ 0xE0002000)
T4170 000:186.677   FPUnit: 6 code (BP) slots and 2 literal slots
T4170 000:186.684   CPU_ReadMem(4 bytes @ 0xE000EDFC)
T4170 000:187.754   CPU_WriteMem(4 bytes @ 0xE000EDFC)
T4170 000:188.903   CPU_ReadMem(4 bytes @ 0xE0001000)
T4170 000:189.905   CPU_WriteMem(4 bytes @ 0xE0001000)
T4170 000:190.918   CPU_ReadMem(4 bytes @ 0xE000ED88)
T4170 000:191.929   CPU_WriteMem(4 bytes @ 0xE000ED88)
T4170 000:193.165   CPU_ReadMem(4 bytes @ 0xE000ED88)
T4170 000:194.062   CPU_WriteMem(4 bytes @ 0xE000ED88)
T4170 000:195.202   CoreSight components:
T4170 000:195.227   ROMTbl[0] @ E00FF000
T4170 000:195.241   CPU_ReadMem(64 bytes @ 0xE00FF000)
T4170 000:196.994   CPU_ReadMem(32 bytes @ 0xE000EFE0)
T4170 000:198.610   [0][0]: E000E000 CID B105E00D PID 000BB00C SCS-M7
T4170 000:198.650   CPU_ReadMem(32 bytes @ 0xE0001FE0)
T4170 000:200.143   [0][1]: E0001000 CID B105E00D PID 003BB002 DWT
T4170 000:200.151   CPU_ReadMem(32 bytes @ 0xE0002FE0)
T4170 000:201.829   [0][2]: E0002000 CID B105E00D PID 002BB003 FPB
T4170 000:201.836   CPU_ReadMem(32 bytes @ 0xE0000FE0)
T4170 000:203.232   [0][3]: E0000000 CID B105E00D PID 003BB001 ITM
T4170 000:203.239   CPU_ReadMem(32 bytes @ 0xE0040FE0)
T4170 000:204.781   [0][4]: E0040000 CID B105900D PID 000BB9A1 TPIU
T4170 000:204.808   CPU_ReadMem(32 bytes @ 0xE0041FE0)
T4170 000:206.277   [0][5]: E0041000 CID B105900D PID 000BB925 ETM
T4170 000:206.288   CPU_ReadMem(32 bytes @ 0xE0042FE0)
T4170 000:207.945   [0][6]: E0042000 CID B105900D PID 002BB908 CSTF
T4170 000:207.952   CPU_ReadMem(32 bytes @ 0xE0043FE0)
T4170 000:209.280   [0][7]: E0043000 CID B105900D PID 001BB961 TMC
T4170 000:209.289   CPU_ReadMem(32 bytes @ 0xE0044FE0)
T4170 000:210.946   [0][8]: E0044000 CID B105F00D PID 001BB101 TSG
T4170 000:210.973 - 66.174ms returns 0x00
T4170 000:211.030 JLINK_ResetPullsRESET(ON)
T4170 000:211.035 - 0.006ms
T4170 000:211.041 JLINK_Halt()
T4170 000:216.738 - 5.703ms returns 0x00
T4170 000:216.750 JLINK_IsHalted()
T4170 000:216.757 - 0.009ms returns TRUE
T4170 000:216.762 JLINK_Reset()
T4170 000:216.778   CPU_WriteMem(4 bytes @ 0xE000EDF0)
T4170 000:217.961   CPU_WriteMem(4 bytes @ 0xE000EDFC)
T4170 000:218.914   Reset: Halt core after reset via DEMCR.VC_CORERESET.
T4170 000:220.399   Reset: Reset device via AIRCR.SYSRESETREQ.
T4170 000:220.406   CPU_WriteMem(4 bytes @ 0xE000ED0C)
T4170 000:278.870   CPU_ReadMem(4 bytes @ 0xE000EDF0)
T4170 000:280.202   CPU_ReadMem(4 bytes @ 0xE000EDF0)
T4170 000:281.632   CPU_WriteMem(4 bytes @ 0xE000EDFC)
T4170 000:289.014   CPU_ReadMem(4 bytes @ 0xE000EDF0)
T4170 000:296.949   CPU_WriteMem(4 bytes @ 0xE0002000)
T4170 000:298.520   CPU_ReadMem(4 bytes @ 0xE000EDFC)
T4170 000:299.984   CPU_ReadMem(4 bytes @ 0xE0001000)
T4170 000:301.440 - 84.700ms
T4170 000:301.523 JLINK_SetEndian(ARM_ENDIAN_LITTLE)
T4170 000:301.527 - 0.006ms returns 0
T4170 000:301.552 JLINK_ReadMemEx(0x407FB19C, 0x8 Bytes, Flags = 0x00000004)
T4170 000:301.565   CPU_ReadMem(8 bytes @ 0x407FB19C)
T4170 000:303.106   Data:  00 70 00 01 00 00 00 00
T4170 000:303.119 - 1.569ms returns 8 (0x8)
T4170 000:303.139 JLINK_ReadMem(0x01007024, 0x10 Bytes, ...)
T4170 000:303.148   CPU_ReadMem(16 bytes @ 0x01007024)
T4170 000:304.798   Data:  52 37 46 41 36 4D 32 41 46 33 43 46 42 20 20 20
T4170 000:304.815 - 1.678ms returns 0
T4170 000:304.850 JLINK_IsHalted()
T4170 000:304.856 - 0.007ms returns TRUE
T4170 000:305.853 JLINK_MeasureCPUSpeed(RAMAddr = 0xFFFFFFFF)
T4170 000:305.880   CPU_ReadMem(16 bytes @ 0x1FFE0000)
T4170 000:307.636   CPU_ReadMem(64 bytes @ 0x1FFE0000)
T4170 000:309.659    -- Updating C cache (64 bytes @ 0x1FFE0000)
T4170 000:309.681    -- Read from C cache (6 bytes @ 0x1FFE0000)
T4170 000:309.691   CPU_ReadMem(4 bytes @ 0xE000ED90)
T4170 000:311.016   CPU_ReadMem(4 bytes @ 0xE000ED94)
T4170 000:312.627   CPU_WriteMem(16 bytes @ 0x1FFE0000)
T4170 000:314.128   CPU_WriteMem(6 bytes @ 0x1FFE0000)
T4170 000:315.643   CPU_ReadMem(64 bytes @ 0x1FFE0000)
T4170 000:317.671    -- Updating C cache (64 bytes @ 0x1FFE0000)
T4170 000:317.677    -- Read from C cache (6 bytes @ 0x1FFE0000)
T4170 000:317.689   CPU_WriteMem(4 bytes @ 0xE0002008)
T4170 000:317.695   CPU_WriteMem(4 bytes @ 0xE000200C)
T4170 000:317.700   CPU_WriteMem(4 bytes @ 0xE0002010)
T4170 000:317.705   CPU_WriteMem(4 bytes @ 0xE0002014)
T4170 000:317.710   CPU_WriteMem(4 bytes @ 0xE0002018)
T4170 000:317.716   CPU_WriteMem(4 bytes @ 0xE000201C)
T4170 000:331.830   CPU_WriteMem(4 bytes @ 0xE0002008)
T4170 000:332.975   CPU_WriteMem(4 bytes @ 0xE000200C)
T4170 000:334.010   CPU_WriteMem(4 bytes @ 0xE0002010)
T4170 000:335.685   CPU_WriteMem(4 bytes @ 0xE0002014)
T4170 000:336.600   CPU_WriteMem(4 bytes @ 0xE0002018)
T4170 000:337.723   CPU_WriteMem(4 bytes @ 0xE000201C)
T4170 000:370.042   CPU_WriteMem(6 bytes @ 0x1FFE0000)
T4170 000:371.598   ClockFreq: 2082150 Hz
T4170 000:371.610 - 65.758ms returns 2082150
T4170 000:371.676 JLINK_ReadReg(XPSR)
T4170 000:371.684 - 0.009ms returns 0x01000000
T5564 000:491.071 JLINK_ReadReg(XPSR)
T5564 000:491.098 - 0.029ms returns 0x01000000
T5564 000:539.002 JLINK_ReadReg(XPSR)
T5564 000:539.038 - 0.041ms returns 0x01000000
T5564 001:014.863 JLINK_ReadReg(XPSR)
T5564 001:015.875 - 1.037ms returns 0x01000000
T5564 001:067.956 JLINK_SetEndian(ARM_ENDIAN_LITTLE)
T5564 001:067.986 - 0.034ms returns 0
T5564 001:068.174 JLINK_BeginDownload(Flags = 0x00000000)
T5564 001:068.185 - 0.014ms
T5564 001:089.570 JLINK_WriteMem(0x00000000, 0xBD0 Bytes, ...)
T5564 001:089.607   Data:  70 07 FE 1F F1 1D 00 00 D9 1C 00 00 ED 1D 00 00 ...
T5564 001:089.962   completely In flash
T5564 001:089.987 - 0.422ms returns 0xBD0
T5564 001:090.675 JLINK_WriteMem(0x00000BD0, 0xBB0 Bytes, ...)
T5564 001:090.708   Data:  50 01 FE 1F 44 01 FE 1F 08 B5 03 48 00 F0 86 FD ...
T5564 001:090.753   completely In flash
T5564 001:090.776 - 0.106ms returns 0xBB0
T5564 001:091.290 JLINK_WriteMem(0x00001780, 0xBC0 Bytes, ...)
T5564 001:091.320   Data:  30 BC 5A 60 70 47 00 2C E8 D0 F8 E7 00 28 00 DA ...
T5564 001:091.344   completely In flash
T5564 001:091.361 - 0.076ms returns 0xBC0
T5564 001:091.736 JLINK_WriteMem(0x00002340, 0xBC0 Bytes, ...)
T5564 001:091.759   Data:  03 03 06 F1 FF 30 80 F0 1F 81 99 42 40 F2 1C 81 ...
T5564 001:091.788   completely In flash
T5564 001:091.798 - 0.065ms returns 0xBC0
T5564 001:092.223 JLINK_WriteMem(0x00002F00, 0xBD0 Bytes, ...)
T5564 001:092.250   Data:  FE F7 E2 FF 32 46 3B 46 00 F0 78 FB 02 46 0B 46 ...
T5564 001:092.297   completely In flash
T5564 001:092.319 - 0.102ms returns 0xBD0
T5564 001:092.736 JLINK_WriteMem(0x00003AD0, 0x3AC Bytes, ...)
T5564 001:092.762   Data:  FF F7 F4 FF 0C BF 01 20 00 20 5D F8 08 FB 00 BF ...
T5564 001:092.782   completely In flash
T5564 001:092.798 - 0.067ms returns 0x3AC
T5564 001:093.318 JLINK_WriteMem(0x00003E7C, 0x8 Bytes, ...)
T5564 001:093.351   Data:  74 E4 FF 7F 01 00 00 00
T5564 001:093.392   completely In flash
T5564 001:093.416 - 0.101ms returns 0x8
T5564 001:093.896 JLINK_WriteMem(0x00003E84, 0xB8 Bytes, ...)
T5564 001:093.923   Data:  02 00 00 00 00 00 00 00 00 00 00 00 F4 01 00 00 ...
T5564 001:093.944   completely In flash
T5564 001:093.960 - 0.069ms returns 0xB8
T5564 001:094.478 JLINK_WriteMem(0x0100A150, 0x10 Bytes, ...)
T5564 001:094.497   Data:  FF FF FF FF FF FF FF FF FF FF FF FF FF FF FF FF
T5564 001:094.789   completely In flash
T5564 001:094.801 - 0.326ms returns 0x10
T5564 001:114.963 JLINK_EndDownload()
T5564 001:114.998   Old firmware which does not support pausing periodic actions during flash download
T5564 001:115.023   CPU_ReadMem(4 bytes @ 0xE000ED90)
T5564 001:116.005   CPU_ReadMem(4 bytes @ 0xE000ED94)
T5564 001:117.118    -- --------------------------------------
T5564 001:117.140   Flash bank @ 0x0100A150: Default: L2 verify disabled because algorithm performs L1 verify
T5564 001:117.149    -- Start of determining dirty areas in flash cache
T5564 001:117.162    -- Filling invalid ranges in sector buffer (flash cache) for sector @ 0x0100A150 if necessary
T5564 001:117.173    -- End of determining dirty areas
T5564 001:117.182    -- Start of preparing flash programming
T5564 001:117.193    -- Calculating RAM usage
T5564 001:117.285    -- RAM usage = 3572 Bytes
T5564 001:117.294    -- Preserving CPU registers
T5564 001:117.319    -- Determining CPU clock frequency
T5564 001:170.082    -- Preparing target
T5564 001:173.617    -- Preserving target RAM temporarily used for programming
T5564 001:215.435    -- Downloading RAMCode
T5564 001:264.590    -- Preparing RAMCode
T5564 001:281.110    -- Checking target RAM
T5564 001:283.636    -- CPU frequency = 100000 kHz
T5564 001:283.656    -- End of preparing flash programming
T5564 001:283.815   Looking for J-Link GUI Server exe at: C:\Users\ferdi.kurnaz\.eclipse\com.renesas.platform_491468003\DebugComp\RA\ARM\Segger_v7.84.4\JLinkGUIServer.exe
T5564 001:283.992   Looking for J-Link GUI Server exe at: C:\Users\ferdi.kurnaz\SEGGER\JLink\JLinkGUIServer.exe
T5564 001:284.030   Forking J-Link GUI Server: C:\Users\ferdi.kurnaz\SEGGER\JLink\JLinkGUIServer.exe
T5564 001:359.175   J-Link GUI Server info: "J-Link GUI server V7.86b "
T5564 001:367.818    -- CPU is running at 100000 kHz.
T5564 001:367.850    -- Start of comparing flash
T5564 001:367.862    -- CRC check was estimated as fastest method
T5564 005:099.560    -- Comparing range 0x100A150 - 0x100A16F (1 Sector, 32 Bytes), using multi-block CRC calculation
T5564 005:109.005    -- All CRCs match
T5564 005:109.389    -- Comparing range 0x100A150 - 0x100A16F (1 Sector, 32 Bytes), using alternative multi-block CRC calculation
T5564 005:115.746    -- All CRCs match
T5564 005:115.770    -- End of comparing flash
T5564 005:115.778    -- Start of erasing sectors
T5564 005:115.784    -- End of erasing sectors
T5564 005:115.790    -- Start of flash programming
T5564 005:115.796    -- End of flash programming
T5564 005:115.802    -- Start of restoring
T5564 005:115.809    -- Restoring RAMCode
T5564 005:124.741    -- Restoring target memory
T5564 005:161.603    -- Restore target
T5564 005:161.623    -- Restoring CPU registers
T5564 005:161.638    -- End of restoring
T5564 005:161.645    -- Bank 0 @ 0x0100A150: Skipped. Contents already match
T5564 005:161.650    -- Bank 0 @ 0x0100A150: Skipped. Contents already match
T5564 005:168.441    -- --------------------------------------
T5564 005:168.462   Flash bank @ 0x00000000: Default: L2 verify disabled because algorithm performs L1 verify
T5564 005:168.468    -- Start of determining dirty areas in flash cache
T5564 005:168.476    -- Filling invalid ranges in sector buffer (flash cache) for sector @ 0x00000000 if necessary
T5564 005:168.483    -- Filling invalid ranges in sector buffer (flash cache) for sector @ 0x00002000 if necessary
T5564 005:168.643    -- End of determining dirty areas
T5564 005:168.651    -- Start of preparing flash programming
T5564 005:168.658    -- Calculating RAM usage
T5564 005:168.670    -- RAM usage = 3476 Bytes
T5564 005:168.676    -- Preserving CPU registers
T5564 005:168.694    -- Determining CPU clock frequency
T5564 005:224.261    -- Preparing target
T5564 005:227.195    -- Preserving target RAM temporarily used for programming
T5564 005:267.998    -- Downloading RAMCode
T5564 005:316.705    -- Preparing RAMCode
T5564 005:332.454    -- Checking target RAM
T5564 005:334.797    -- CPU frequency = 100000 kHz
T5564 005:334.813    -- End of preparing flash programming
T5564 005:336.503    -- CPU is running at 100000 kHz.
T5564 005:336.518    -- Start of comparing flash
T5564 005:336.525    -- CRC check was estimated as fastest method
T5564 005:350.827    -- Comparing range 0x0000 - 0x3FFF (2 Sectors, 16 KB), using multi-block CRC calculation
T5564 005:363.219    -- CRC does not match for sectors 0-1
T5564 005:363.254    -- End of comparing flash
T5564 005:363.265    -- Start of erasing sectors
T5564 005:363.276    -- Erasing range 0x00000000 - 0x00003FFF (  2 Sectors, 16 KB)
T5564 005:442.810    -- End of erasing sectors
T5564 005:442.860    -- Start of flash programming
T5564 005:442.873    -- Programming range 0x00000000 - 0x00003FFF (  2 Sectors, 16 KB)
T5564 005:736.987    -- End of flash programming
T5564 005:737.019    -- 0x0000 - 0x3FFF (  2 Sectors, 16 KiB)
T5564 005:737.026    -- Start of restoring
T5564 005:737.033    -- Restoring RAMCode
T5564 005:758.032    -- Restoring target memory
T5564 005:793.563    -- Restore target
T5564 005:793.596    -- Restoring CPU registers
T5564 005:793.613    -- End of restoring
T5564 005:793.620    -- Bank 1 @ 0x00000000: 1 range affected (16384 bytes)
T5564 005:793.674    -- Total: 0.624s (Prepare: 0.167s, Compare: 0.026s, Erase: 0.079s, Program & Verify: 0.307s, Restore: 0.043s)
T5564 005:793.680    -- Program & Verify speed: 52 KB/s
T5564 005:811.401 - 4696.463ms returns 16384 (0x4000)
T5564 005:812.537 JLINK_WriteReg(R15 (PC), 0x00001DF0)
T5564 005:812.566 - 0.030ms returns 0
T5564 005:812.579 JLINK_WriteReg(XPSR, 0x01000000)
T5564 005:812.584 - 0.007ms returns 0
T5564 005:813.647 JLINK_ResetPullsRESET(ON)
T5564 005:813.671 - 0.027ms
T5564 005:813.678 JLINK_Halt()
T5564 005:814.597 - 0.940ms returns 0x00
T5564 005:814.626 JLINK_IsHalted()
T5564 005:814.632 - 0.008ms returns TRUE
T5564 005:814.637 JLINK_Reset()
T5564 005:814.655   CPU_WriteMem(4 bytes @ 0xE000EDF0)
T5564 005:815.835   CPU_WriteMem(4 bytes @ 0xE000EDFC)
T5564 005:816.836   Reset: Halt core after reset via DEMCR.VC_CORERESET.
T5564 005:818.313   Reset: Reset device via AIRCR.SYSRESETREQ.
T5564 005:818.345   CPU_WriteMem(4 bytes @ 0xE000ED0C)
T5564 005:876.192   CPU_ReadMem(4 bytes @ 0xE000EDF0)
T5564 005:877.520   CPU_ReadMem(4 bytes @ 0xE000EDF0)
T5564 005:878.619   CPU_WriteMem(4 bytes @ 0xE000EDFC)
T5564 005:885.002   CPU_ReadMem(4 bytes @ 0xE000EDF0)
T5564 005:892.406   CPU_WriteMem(4 bytes @ 0xE0002000)
T5564 005:893.605   CPU_ReadMem(4 bytes @ 0xE000EDFC)
T5564 005:895.163   CPU_ReadMem(4 bytes @ 0xE0001000)
T5564 005:896.665 - 82.069ms
T5564 005:896.735 JLINK_SetEndian(ARM_ENDIAN_LITTLE)
T5564 005:896.743 - 0.011ms returns 0
T5564 005:898.001 JLINK_ResetPullsRESET(ON)
T5564 005:898.042 - 0.046ms
T5564 005:898.054 JLINK_Halt()
T5564 005:898.064 - 0.014ms returns 0x00
T5564 005:898.072 JLINK_IsHalted()
T5564 005:898.082 - 0.013ms returns TRUE
T5564 005:898.091 JLINK_Reset()
T5564 005:898.123   CPU_WriteMem(4 bytes @ 0xE000EDF0)
T5564 005:899.520   CPU_WriteMem(4 bytes @ 0xE000EDFC)
T5564 005:900.564   Reset: Halt core after reset via DEMCR.VC_CORERESET.
T5564 005:902.519   Reset: Reset device via AIRCR.SYSRESETREQ.
T5564 005:902.549   CPU_WriteMem(4 bytes @ 0xE000ED0C)
T5564 005:960.823   CPU_ReadMem(4 bytes @ 0xE000EDF0)
T5564 005:962.087   CPU_ReadMem(4 bytes @ 0xE000EDF0)
T5564 005:963.543   CPU_WriteMem(4 bytes @ 0xE000EDFC)
T5564 005:969.770   CPU_ReadMem(4 bytes @ 0xE000EDF0)
T5564 005:977.043   CPU_WriteMem(4 bytes @ 0xE0002000)
T5564 005:978.544   CPU_ReadMem(4 bytes @ 0xE000EDFC)
T5564 005:979.509   CPU_ReadMem(4 bytes @ 0xE0001000)
T5564 005:980.725 - 82.648ms
T5564 005:980.759 JLINK_SetEndian(ARM_ENDIAN_LITTLE)
T5564 005:980.764 - 0.007ms returns 0
T5564 006:008.060 JLINK_ReadMem(0x00001DF0, 0x4 Bytes, ...)
T5564 006:008.102    -- Read from flash cache (4 bytes @ 0x00001DF0)
T5564 006:008.112   Data:  08 B5 00 F0
T5564 006:008.122 - 0.088ms returns 0
T5564 006:038.717 JLINK_ReadReg(XPSR)
T5564 006:038.761 - 0.048ms returns 0x01000000
T5564 006:240.852 JLINK_ReadReg(XPSR)
T5564 006:240.891 - 0.043ms returns 0x01000000
T5564 006:271.859 JLINK_FindBP(Addr = 0x00000C2C)
T5564 006:271.891 - 0.036ms returns 0
T5564 006:271.938 JLINK_GetNumBPUnits(Type = 0xFFFFFF00)
T5564 006:271.952 - 0.017ms returns 0x06
T5564 006:271.960 JLINK_GetNumWPUnits()
T5564 006:271.967 - 0.010ms returns 4
T5564 006:271.975 JLINK_GetNumWPUnits()
T5564 006:271.981 - 0.010ms returns 4
T5564 006:271.997 JLINK_GetNumBPUnits(Type = 0xFFFFFF00)
T5564 006:272.005 - 0.011ms returns 0x06
T5564 006:272.013 JLINK_GetNumWPUnits()
T5564 006:272.019 - 0.010ms returns 4
T5564 006:272.027 JLINK_GetNumWPUnits()
T5564 006:272.033 - 0.009ms returns 4
T5564 006:272.047 JLINK_GetNumBPUnits(Type = 0xFFFFFF00)
T5564 006:272.054 - 0.010ms returns 0x06
T5564 006:272.062 JLINK_GetNumWPUnits()
T5564 006:272.068 - 0.009ms returns 4
T5564 006:272.076 JLINK_GetNumWPUnits()
T5564 006:272.082 - 0.009ms returns 4
T5564 006:272.151 JLINK_SetBPEx(Addr = 0x00000C2C, Type = 0xFFFFFF00)
T5564 006:272.172 - 0.025ms returns 0x00000001
T5564 006:272.186 JLINK_ClrBPEx(BPHandle = 0x00000001)
T5564 006:272.195 - 0.012ms returns 0x00
T5564 006:288.513 JLINK_SetBPEx(Addr = 0x00000C2C, Type = 0xFFFFFF00)
T5564 006:288.565 - 0.056ms returns 0x00000002
T5564 006:382.750 JLINK_ReadRegs(NumRegs = 20, Indexes: 0, 1, 2, 3, 4, 5, 6, 7, 8, 9, 10, 11, 12, 13, 14, 15, 16, 17, 18, 20)
T5564 006:382.786    -- R0=0x00, R1=0x3E00, R2=0x00, R3=0x4001C11C, R4=0x1FFE0904, R5=0x1FFE0924, R6=0x1FFE0924, R7=0x1FFE00F8, R8=0x1FFE0010, R9=0x1FFE0148, R10=0xFFFFFFFF, R11=0x1FFE0001, R12=0x1FFE0888, R13 (SP)=0x1FFE0770, R14=0xFFFFFFFF, R15 (PC)=0x1DF0, XPSR=0x1000000, MSP=0x1FFE0770, PSP=0x870373CC, CFBP=0x00
T5564 006:382.794 - 0.046ms returns 0x00
T5564 006:383.001 JLINK_ReadMem(0x00001DF0, 0x4 Bytes, ...)
T5564 006:383.021    -- Read from flash cache (4 bytes @ 0x00001DF0)
T5564 006:383.028   Data:  08 B5 00 F0
T5564 006:383.034 - 0.035ms returns 0
T08E0 006:488.298 JLINK_GetNumBPUnits(Type = 0xFFFFFF00)
T08E0 006:488.335 - 0.041ms returns 0x06
T08E0 006:488.344 JLINK_GetNumWPUnits()
T08E0 006:488.351 - 0.010ms returns 4
T08E0 006:488.359 JLINK_GetNumWPUnits()
T08E0 006:488.366 - 0.009ms returns 4
T08E0 006:488.802 JLINK_GetNumBPUnits(Type = 0xFFFFFF00)
T08E0 006:488.822 - 0.021ms returns 0x06
T08E0 006:488.827 JLINK_GetNumWPUnits()
T08E0 006:488.832 - 0.006ms returns 4
T08E0 006:488.837 JLINK_GetNumWPUnits()
T08E0 006:488.841 - 0.006ms returns 4
T08E0 006:489.130 JLINK_GetNumBPUnits(Type = 0xFFFFFF00)
T08E0 006:489.147 - 0.019ms returns 0x06
T08E0 006:489.153 JLINK_GetNumWPUnits()
T08E0 006:489.157 - 0.006ms returns 4
T08E0 006:489.162 JLINK_GetNumWPUnits()
T08E0 006:489.166 - 0.006ms returns 4
T08E0 006:489.608 JLINK_GetNumBPUnits(Type = 0xFFFFFF00)
T08E0 006:489.628 - 0.024ms returns 0x06
T08E0 006:489.638 JLINK_GetNumWPUnits()
T08E0 006:489.645 - 0.010ms returns 4
T08E0 006:489.653 JLINK_GetNumWPUnits()
T08E0 006:489.659 - 0.009ms returns 4
T08E0 006:489.996 JLINK_GetNumBPUnits(Type = 0xFFFFFF00)
T08E0 006:490.007 - 0.013ms returns 0x06
T08E0 006:490.013 JLINK_GetNumWPUnits()
T08E0 006:490.017 - 0.006ms returns 4
T08E0 006:490.021 JLINK_GetNumWPUnits()
T08E0 006:490.026 - 0.006ms returns 4
T08E0 006:490.262 JLINK_GetNumBPUnits(Type = 0xFFFFFF00)
T08E0 006:490.274 - 0.014ms returns 0x06
T08E0 006:490.280 JLINK_GetNumWPUnits()
T08E0 006:490.284 - 0.006ms returns 4
T08E0 006:490.289 JLINK_GetNumWPUnits()
T08E0 006:490.293 - 0.005ms returns 4
T08E0 006:490.566 JLINK_GetNumBPUnits(Type = 0xFFFFFF00)
T08E0 006:490.578 - 0.014ms returns 0x06
T08E0 006:490.584 JLINK_GetNumWPUnits()
T08E0 006:490.589 - 0.006ms returns 4
T08E0 006:490.593 JLINK_GetNumWPUnits()
T08E0 006:490.597 - 0.005ms returns 4
T08E0 006:490.859 JLINK_GetNumBPUnits(Type = 0xFFFFFF00)
T08E0 006:490.869 - 0.012ms returns 0x06
T08E0 006:490.874 JLINK_GetNumWPUnits()
T08E0 006:490.878 - 0.006ms returns 4
T08E0 006:490.883 JLINK_GetNumWPUnits()
T08E0 006:490.887 - 0.006ms returns 4
T5564 007:083.681 JLINK_ReadReg(XPSR)
T5564 007:084.589 - 0.928ms returns 0x01000000
T5564 007:087.010 JLINK_ReadReg(XPSR)
T5564 007:087.053 - 0.049ms returns 0x01000000
T5564 010:885.235 JLINK_STRACE_Read(..., NumItems = 0x10000)
T5564 010:886.020 - 0.801ms NumItemsRead = 0x00
T5564 010:886.051 JLINK_IsHalted()
T5564 010:887.301 - 1.266ms returns TRUE
T5564 010:887.327 JLINK_GoEx(MaxEmulInsts = 0, Flags = 0x01)
T5564 010:887.350   CPU_WriteMem(4 bytes @ 0xE0002000)
T5564 010:888.463   CPU_ReadMem(4 bytes @ 0xE0001000)
T5564 010:889.459   CPU_WriteMem(4 bytes @ 0xE0002008)
T5564 010:889.474   CPU_WriteMem(4 bytes @ 0xE000200C)
T5564 010:889.480   CPU_WriteMem(4 bytes @ 0xE0002010)
T5564 010:889.487   CPU_WriteMem(4 bytes @ 0xE0002014)
T5564 010:889.492   CPU_WriteMem(4 bytes @ 0xE0002018)
T5564 010:889.498   CPU_WriteMem(4 bytes @ 0xE000201C)
T5564 010:892.843   CPU_WriteMem(4 bytes @ 0xE0001004)
T5564 010:895.182 - 7.880ms
T5564 010:993.593 JLINK_IsHalted()
T5564 010:999.586 - 6.009ms returns TRUE
T5564 010:999.609 JLINK_ReadReg(XPSR)
T5564 010:999.653 - 0.045ms returns 0x61000000
T5564 010:999.662 JLINK_ReadReg(R15 (PC))
T5564 010:999.667 - 0.007ms returns 0x00000C2C
T5564 010:999.683 JLINK_ReadReg(XPSR)
T5564 010:999.689 - 0.007ms returns 0x61000000
T5564 010:999.693 JLINK_ReadReg(XPSR)
T5564 010:999.697 - 0.005ms returns 0x61000000
T5564 010:999.702 JLINK_ReadReg(R15 (PC))
T5564 010:999.706 - 0.006ms returns 0x00000C2C
T5564 010:999.711 JLINK_ReadReg(XPSR)
T5564 010:999.715 - 0.006ms returns 0x61000000
T5564 010:999.720 JLINK_ReadReg(XPSR)
T5564 010:999.724 - 0.006ms returns 0x61000000
T5564 010:999.768 JLINK_ReadMem(0x00000C2C, 0x1 Bytes, ...)
T5564 010:999.776    -- Read from flash cache (1 bytes @ 0x00000C2C)
T5564 010:999.782   Data:  08
T5564 010:999.789 - 0.022ms returns 0
T5564 010:999.794 JLINK_IsHalted()
T5564 010:999.799 - 0.006ms returns TRUE
T5564 010:999.804 JLINK_ReadReg(XPSR)
T5564 010:999.808 - 0.006ms returns 0x61000000
T5564 010:999.815 JLINK_ReadReg(XPSR)
T5564 010:999.819 - 0.005ms returns 0x61000000
T5564 010:999.823 JLINK_ReadReg(R15 (PC))
T5564 010:999.826 - 0.005ms returns 0x00000C2C
T5564 010:999.831 JLINK_ReadReg(XPSR)
T5564 010:999.835 - 0.005ms returns 0x61000000
T5564 010:999.839 JLINK_ReadReg(XPSR)
T5564 010:999.842 - 0.005ms returns 0x61000000
T5564 010:999.846 JLINK_ReadMem(0x00000C2C, 0x1 Bytes, ...)
T5564 010:999.850    -- Read from flash cache (1 bytes @ 0x00000C2C)
T5564 010:999.855   Data:  08
T5564 010:999.860 - 0.015ms returns 0
T5564 011:000.456 JLINK_ReadRegs(NumRegs = 20, Indexes: 0, 1, 2, 3, 4, 5, 6, 7, 8, 9, 10, 11, 12, 13, 14, 15, 16, 17, 18, 20)
T5564 011:000.477    -- R0=0x00, R1=0x11F, R2=0x3DD2, R3=0x60, R4=0x1FFE0904, R5=0x1FFE0924, R6=0x1FFE0924, R7=0x1FFE00F8, R8=0x1FFE0010, R9=0x1FFE0148, R10=0xFFFFFFFF, R11=0x1FFE0001, R12=0x0B, R13 (SP)=0x1FFE0768, R14=0x1DFB, R15 (PC)=0xC2C, XPSR=0x61000000, MSP=0x1FFE0768, PSP=0x870373CC, CFBP=0x00
T5564 011:000.483 - 0.029ms returns 0x00
T5564 011:000.647 JLINK_ReadMem(0x00000C2C, 0x4 Bytes, ...)
T5564 011:000.656    -- Read from flash cache (4 bytes @ 0x00000C2C)
T5564 011:000.662   Data:  08 B5 FF F7
T5564 011:000.668 - 0.023ms returns 0
T5564 011:009.308 JLINK_ClrBPEx(BPHandle = 0x00000002)
T5564 011:009.335 - 0.029ms returns 0x00
T5564 011:071.719 JLINK_ReadReg(XPSR)
T5564 011:071.753 - 0.038ms returns 0x61000000
T5564 011:072.932 JLINK_ReadReg(XPSR)
T5564 011:072.972 - 0.043ms returns 0x61000000
T08E0 012:013.406 JLINK_IsHalted()
T08E0 012:015.431 - 2.035ms returns TRUE
T08E0 012:015.448 JLINK_ReadReg(XPSR)
T08E0 012:015.456 - 0.010ms returns 0x61000000
T08E0 012:015.461 JLINK_ReadReg(R15 (PC))
T08E0 012:015.465 - 0.005ms returns 0x00000C2C
T08E0 012:015.472 JLINK_ReadReg(XPSR)
T08E0 012:015.476 - 0.005ms returns 0x61000000
T08E0 012:015.480 JLINK_ReadReg(XPSR)
T08E0 012:015.483 - 0.005ms returns 0x61000000
T08E0 012:015.488 JLINK_ReadReg(R15 (PC))
T08E0 012:015.491 - 0.005ms returns 0x00000C2C
T08E0 012:015.496 JLINK_ReadReg(XPSR)
T08E0 012:015.499 - 0.005ms returns 0x61000000
T08E0 012:015.504 JLINK_ReadReg(XPSR)
T08E0 012:015.507 - 0.005ms returns 0x61000000
T08E0 012:015.512 JLINK_ReadMem(0x00000C2C, 0x1 Bytes, ...)
T08E0 012:015.518    -- Read from flash cache (1 bytes @ 0x00000C2C)
T08E0 012:015.523   Data:  08
T08E0 012:015.529 - 0.018ms returns 0
T08E0 012:015.534 JLINK_IsHalted()
T08E0 012:015.537 - 0.005ms returns TRUE
T08E0 012:015.541 JLINK_ReadReg(XPSR)
T08E0 012:015.545 - 0.005ms returns 0x61000000
T08E0 012:015.549 JLINK_ReadReg(XPSR)
T08E0 012:015.553 - 0.005ms returns 0x61000000
T08E0 012:015.557 JLINK_ReadReg(R15 (PC))
T08E0 012:015.560 - 0.005ms returns 0x00000C2C
T08E0 012:015.565 JLINK_ReadReg(XPSR)
T08E0 012:015.568 - 0.005ms returns 0x61000000
T08E0 012:015.572 JLINK_ReadReg(XPSR)
T08E0 012:015.576 - 0.005ms returns 0x61000000
T08E0 012:015.580 JLINK_ReadMem(0x00000C2C, 0x1 Bytes, ...)
T08E0 012:015.584    -- Read from flash cache (1 bytes @ 0x00000C2C)
T08E0 012:015.589   Data:  08
T08E0 012:015.594 - 0.015ms returns 0
T08E0 012:015.634 JLINK_WriteMem(0xE0001FB0, 0x4 Bytes, ...)
T08E0 012:015.638   Data:  55 CE AC C5
T08E0 012:015.834   CPU_WriteMem(4 bytes @ 0xE0001FB0)
T08E0 012:017.432 - 1.817ms returns 0x4
T08E0 012:017.461 JLINK_WriteMem(0xE0001000, 0x4 Bytes, ...)
T08E0 012:017.466   Data:  01 00 00 48
T08E0 012:017.472   Debug reg: DWT_CTRL
T08E0 012:017.486   CPU_WriteMem(4 bytes @ 0xE0001000)
T08E0 012:019.203 - 1.749ms returns 0x4
T08E0 012:019.217 JLINK_ReadMem(0xE0001000, 0x4 Bytes, ...)
T08E0 012:019.225   CPU_ReadMem(4 bytes @ 0xE0001000)
T08E0 012:020.544   Data:  01 00 00 40
T08E0 012:020.569   Debug reg: DWT_CTRL
T08E0 012:020.574 - 1.359ms returns 0
T08E0 012:020.581 JLINK_WriteMem(0xE0001004, 0x4 Bytes, ...)
T08E0 012:020.585   Data:  00 00 00 00
T08E0 012:020.591   Debug reg: DWT_CYCCNT
T08E0 012:020.601 - 0.021ms returns 0x4
T08E0 012:020.608 JLINK_ReadMem(0xE0001004, 0x4 Bytes, ...)
T08E0 012:020.613   Data:  00 00 00 00
T08E0 012:020.618   Debug reg: DWT_CYCCNT
T08E0 012:020.623 - 0.016ms returns 0
T5564 012:237.471 JLINK_STRACE_Read(..., NumItems = 0x10000)
T5564 012:237.505 - 0.037ms NumItemsRead = 0x00
T5564 012:237.519 JLINK_ReadMem(0xE0001004, 0x4 Bytes, ...)
T5564 012:237.541   Data:  00 00 00 00
T5564 012:237.552   Debug reg: DWT_CYCCNT
T5564 012:237.561 - 0.054ms returns 0
T5564 012:237.581 JLINK_IsHalted()
T5564 012:237.589 - 0.010ms returns TRUE
T5564 012:237.597 JLINK_GoEx(MaxEmulInsts = 0, Flags = 0x01)
T5564 012:237.613   CPU_ReadMem(4 bytes @ 0xE0001000)
T5564 012:238.639   CPU_WriteMem(4 bytes @ 0xE0002008)
T5564 012:239.905   CPU_WriteMem(4 bytes @ 0xE0001004)
T5564 012:242.470 - 4.897ms
T5564 012:336.607 JLINK_IsHalted()
T5564 012:337.793 - 1.193ms returns FALSE
T5564 012:337.806 JLINK_IsHalted()
T5564 012:338.824 - 1.022ms returns FALSE
T5564 012:446.331 JLINK_IsHalted()
T5564 012:447.854 - 1.526ms returns FALSE
T5564 012:447.862 JLINK_IsHalted()
T5564 012:449.217 - 1.358ms returns FALSE
T5564 012:555.656 JLINK_IsHalted()
T5564 012:557.244 - 1.596ms returns FALSE
T5564 012:557.257 JLINK_IsHalted()
T5564 012:558.514 - 1.262ms returns FALSE
T5564 012:665.737 JLINK_IsHalted()
T5564 012:667.247 - 1.519ms returns FALSE
T5564 012:667.262 JLINK_IsHalted()
T5564 012:668.928 - 1.674ms returns FALSE
T5564 012:774.453 JLINK_IsHalted()
T5564 012:776.334 - 1.899ms returns FALSE
T5564 012:776.358 JLINK_IsHalted()
T5564 012:777.448 - 1.098ms returns FALSE
T5564 012:884.188 JLINK_IsHalted()
T5564 012:886.005 - 1.828ms returns FALSE
T5564 012:886.022 JLINK_IsHalted()
T5564 012:887.599 - 1.586ms returns FALSE
T5564 012:994.291 JLINK_IsHalted()
T5564 012:995.600 - 1.319ms returns FALSE
T5564 012:995.616 JLINK_IsHalted()
T5564 012:997.261 - 1.668ms returns FALSE
T5564 013:102.321 JLINK_IsHalted()
T5564 013:103.723 - 1.412ms returns FALSE
T5564 013:103.738 JLINK_IsHalted()
T5564 013:105.709 - 1.982ms returns FALSE
T5564 013:212.069 JLINK_IsHalted()
T5564 013:213.660 - 1.601ms returns FALSE
T5564 013:213.676 JLINK_IsHalted()
T5564 013:215.598 - 1.930ms returns FALSE
T08E0 013:240.584 JLINK_IsHalted()
T08E0 013:241.952 - 1.378ms returns FALSE
T08E0 013:241.969 JLINK_IsHalted()
T08E0 013:243.143 - 1.183ms returns FALSE
T5564 013:321.550 JLINK_IsHalted()
T5564 013:323.086 - 1.544ms returns FALSE
T5564 013:323.099 JLINK_IsHalted()
T5564 013:324.504 - 1.414ms returns FALSE
T5564 013:430.835 JLINK_IsHalted()
T5564 013:432.409 - 1.583ms returns FALSE
T5564 013:432.427 JLINK_IsHalted()
T5564 013:433.767 - 1.349ms returns FALSE
T5564 013:539.914 JLINK_IsHalted()
T5564 013:541.364 - 1.461ms returns FALSE
T5564 013:541.380 JLINK_IsHalted()
T5564 013:542.472 - 1.106ms returns FALSE
T5564 013:649.575 JLINK_IsHalted()
T5564 013:651.122 - 1.556ms returns FALSE
T5564 013:651.135 JLINK_IsHalted()
T5564 013:652.674 - 1.561ms returns FALSE
T5564 013:758.563 JLINK_IsHalted()
T5564 013:759.811 - 1.261ms returns FALSE
T5564 013:759.831 JLINK_IsHalted()
T5564 013:760.932 - 1.110ms returns FALSE
T5564 013:868.502 JLINK_IsHalted()
T5564 013:869.990 - 1.496ms returns FALSE
T5564 013:870.008 JLINK_IsHalted()
T5564 013:871.393 - 1.393ms returns FALSE
T5564 013:978.153 JLINK_IsHalted()
T5564 013:979.918 - 1.772ms returns FALSE
T5564 013:979.986 JLINK_IsHalted()
T5564 013:988.750 - 8.775ms returns FALSE
T5564 014:087.441 JLINK_IsHalted()
T5564 014:089.201 - 1.769ms returns FALSE
T5564 014:089.214 JLINK_IsHalted()
T5564 014:090.618 - 1.411ms returns FALSE
T5564 014:196.214 JLINK_IsHalted()
T5564 014:197.121 - 0.921ms returns FALSE
T5564 014:197.142 JLINK_IsHalted()
T5564 014:198.096 - 0.961ms returns FALSE
T08E0 014:243.888 JLINK_IsHalted()
T08E0 014:245.240 - 1.362ms returns FALSE
T08E0 014:245.256 JLINK_IsHalted()
T08E0 014:246.136 - 0.888ms returns FALSE
T5564 014:305.718 JLINK_IsHalted()
T5564 014:307.408 - 1.704ms returns FALSE
T5564 014:307.434 JLINK_IsHalted()
T5564 014:308.539 - 1.120ms returns FALSE
T5564 014:415.839 JLINK_IsHalted()
T5564 014:416.924 - 1.096ms returns FALSE
T5564 014:416.941 JLINK_IsHalted()
T5564 014:418.078 - 1.139ms returns FALSE
T5564 014:525.670 JLINK_IsHalted()
T5564 014:527.264 - 1.607ms returns FALSE
T5564 014:527.283 JLINK_IsHalted()
T5564 014:528.524 - 1.249ms returns FALSE
T5564 014:634.277 JLINK_IsHalted()
T5564 014:636.283 - 2.016ms returns FALSE
T5564 014:636.298 JLINK_IsHalted()
T5564 014:637.951 - 1.661ms returns FALSE
T5564 014:743.655 JLINK_IsHalted()
T5564 014:745.369 - 1.726ms returns FALSE
T5564 014:745.390 JLINK_IsHalted()
T5564 014:746.776 - 1.396ms returns FALSE
T5564 014:852.275 JLINK_IsHalted()
T5564 014:854.272 - 2.007ms returns FALSE
T5564 014:854.288 JLINK_IsHalted()
T5564 014:856.313 - 2.045ms returns FALSE
T5564 014:961.595 JLINK_IsHalted()
T5564 014:963.918 - 2.332ms returns FALSE
T5564 014:963.933 JLINK_IsHalted()
T5564 014:965.985 - 2.065ms returns FALSE
T5564 015:071.548 JLINK_IsHalted()
T5564 015:073.254 - 1.714ms returns FALSE
T5564 015:073.267 JLINK_IsHalted()
T5564 015:074.571 - 1.313ms returns FALSE
T5564 015:180.420 JLINK_IsHalted()
T5564 015:182.001 - 1.589ms returns FALSE
T5564 015:182.015 JLINK_IsHalted()
T5564 015:183.908 - 1.901ms returns FALSE
T08E0 015:246.392 JLINK_IsHalted()
T08E0 015:247.376 - 0.995ms returns FALSE
T08E0 015:247.393 JLINK_IsHalted()
T08E0 015:248.713 - 1.328ms returns FALSE
T5564 015:290.366 JLINK_IsHalted()
T5564 015:292.433 - 2.084ms returns FALSE
T5564 015:292.457 JLINK_IsHalted()
T5564 015:293.723 - 1.274ms returns FALSE
T5564 015:399.882 JLINK_IsHalted()
T5564 015:401.738 - 1.864ms returns FALSE
T5564 015:401.752 JLINK_IsHalted()
T5564 015:403.385 - 1.641ms returns FALSE
T5564 015:508.521 JLINK_IsHalted()
T5564 015:509.860 - 1.369ms returns FALSE
T5564 015:509.895 JLINK_IsHalted()
T5564 015:511.291 - 1.404ms returns FALSE
T5564 015:618.030 JLINK_IsHalted()
T5564 015:619.306 - 1.288ms returns FALSE
T5564 015:619.325 JLINK_IsHalted()
T5564 015:620.193 - 0.877ms returns FALSE
T5564 015:727.560 JLINK_IsHalted()
T5564 015:728.627 - 1.077ms returns FALSE
T5564 015:728.644 JLINK_IsHalted()
T5564 015:729.690 - 1.056ms returns FALSE
T5564 015:836.933 JLINK_IsHalted()
T5564 015:838.159 - 1.234ms returns FALSE
T5564 015:838.172 JLINK_IsHalted()
T5564 015:839.816 - 1.652ms returns FALSE
T5564 015:946.529 JLINK_IsHalted()
T5564 015:947.962 - 1.443ms returns FALSE
T5564 015:947.978 JLINK_IsHalted()
T5564 015:949.705 - 1.736ms returns FALSE
T5564 016:055.538 JLINK_IsHalted()
T5564 016:056.676 - 1.152ms returns FALSE
T5564 016:056.696 JLINK_IsHalted()
T5564 016:057.813 - 1.120ms returns FALSE
T5564 016:165.787 JLINK_IsHalted()
T5564 016:167.214 - 1.440ms returns FALSE
T5564 016:167.235 JLINK_IsHalted()
T5564 016:168.889 - 1.662ms returns FALSE
T08E0 016:249.465 JLINK_IsHalted()
T08E0 016:251.104 - 1.648ms returns FALSE
T08E0 016:251.118 JLINK_IsHalted()
T08E0 016:253.590 - 2.480ms returns FALSE
T5564 016:274.574 JLINK_IsHalted()
T5564 016:276.151 - 1.596ms returns FALSE
T5564 016:276.177 JLINK_IsHalted()
T5564 016:277.587 - 1.417ms returns FALSE
T5564 016:385.017 JLINK_IsHalted()
T5564 016:386.296 - 1.295ms returns FALSE
T5564 016:386.320 JLINK_IsHalted()
T5564 016:387.721 - 1.413ms returns FALSE
T5564 016:493.339 JLINK_IsHalted()
T5564 016:494.522 - 1.194ms returns FALSE
T5564 016:494.541 JLINK_IsHalted()
T5564 016:495.692 - 1.161ms returns FALSE
T5564 016:603.233 JLINK_IsHalted()
T5564 016:604.369 - 1.141ms returns FALSE
T5564 016:604.381 JLINK_IsHalted()
T5564 016:605.536 - 1.160ms returns FALSE
T5564 016:711.783 JLINK_IsHalted()
T5564 016:712.815 - 1.041ms returns FALSE
T5564 016:712.829 JLINK_IsHalted()
T5564 016:714.233 - 1.412ms returns FALSE
T5564 016:821.492 JLINK_IsHalted()
T5564 016:822.840 - 1.370ms returns FALSE
T5564 016:822.871 JLINK_IsHalted()
T5564 016:823.992 - 1.131ms returns FALSE
T5564 016:931.091 JLINK_IsHalted()
T5564 016:932.293 - 1.210ms returns FALSE
T5564 016:932.306 JLINK_IsHalted()
T5564 016:933.860 - 1.566ms returns FALSE
T5564 017:040.588 JLINK_IsHalted()
T5564 017:042.498 - 1.918ms returns FALSE
T5564 017:042.527 JLINK_IsHalted()
T5564 017:043.647 - 1.141ms returns FALSE
T5564 017:149.575 JLINK_IsHalted()
T5564 017:150.919 - 1.362ms returns FALSE
T5564 017:150.945 JLINK_IsHalted()
T5564 017:152.056 - 1.119ms returns FALSE
T08E0 017:254.622 JLINK_IsHalted()
T08E0 017:256.139 - 1.531ms returns FALSE
T08E0 017:256.160 JLINK_IsHalted()
T08E0 017:257.299 - 1.157ms returns FALSE
T5564 017:259.506 JLINK_IsHalted()
T5564 017:260.836 - 1.338ms returns FALSE
T5564 017:260.849 JLINK_IsHalted()
T5564 017:262.361 - 1.520ms returns FALSE
T5564 017:368.472 JLINK_IsHalted()
T5564 017:369.921 - 1.457ms returns FALSE
T5564 017:369.934 JLINK_IsHalted()
T5564 017:371.216 - 1.289ms returns FALSE
T5564 017:477.823 JLINK_IsHalted()
T5564 017:479.241 - 1.427ms returns FALSE
T5564 017:479.255 JLINK_IsHalted()
T5564 017:480.749 - 1.501ms returns FALSE
T5564 017:587.500 JLINK_IsHalted()
T5564 017:589.077 - 1.588ms returns FALSE
T5564 017:589.093 JLINK_IsHalted()
T5564 017:590.600 - 1.516ms returns FALSE
T5564 017:696.575 JLINK_IsHalted()
T5564 017:697.770 - 1.205ms returns FALSE
T5564 017:697.787 JLINK_IsHalted()
T5564 017:698.811 - 1.045ms returns FALSE
T5564 017:806.207 JLINK_IsHalted()
T5564 017:807.849 - 1.652ms returns FALSE
T5564 017:807.864 JLINK_IsHalted()
T5564 017:809.403 - 1.552ms returns FALSE
T5564 017:915.489 JLINK_IsHalted()
T5564 017:916.815 - 1.335ms returns FALSE
T5564 017:916.829 JLINK_IsHalted()
T5564 017:918.331 - 1.510ms returns FALSE
T5564 018:025.734 JLINK_IsHalted()
T5564 018:027.269 - 1.545ms returns FALSE
T5564 018:027.284 JLINK_IsHalted()
T5564 018:028.793 - 1.517ms returns FALSE
T5564 018:134.349 JLINK_IsHalted()
T5564 018:136.000 - 1.659ms returns FALSE
T5564 018:136.013 JLINK_IsHalted()
T5564 018:137.222 - 1.216ms returns FALSE
T5564 018:243.173 JLINK_IsHalted()
T5564 018:244.222 - 1.056ms returns FALSE
T5564 018:244.244 JLINK_IsHalted()
T5564 018:245.178 - 0.939ms returns FALSE
T08E0 018:257.636 JLINK_IsHalted()
T08E0 018:258.836 - 1.228ms returns FALSE
T08E0 018:258.872 JLINK_IsHalted()
T08E0 018:259.656 - 0.793ms returns FALSE
T5564 018:352.485 JLINK_IsHalted()
T5564 018:354.034 - 1.556ms returns FALSE
T5564 018:354.046 JLINK_IsHalted()
T5564 018:355.553 - 1.527ms returns FALSE
T5564 018:462.293 JLINK_IsHalted()
T5564 018:463.909 - 1.624ms returns FALSE
T5564 018:463.923 JLINK_IsHalted()
T5564 018:465.568 - 1.654ms returns FALSE
T5564 018:571.511 JLINK_IsHalted()
T5564 018:573.094 - 1.592ms returns FALSE
T5564 018:573.110 JLINK_IsHalted()
T5564 018:574.503 - 1.403ms returns FALSE
T5564 018:680.737 JLINK_IsHalted()
T5564 018:682.124 - 1.395ms returns FALSE
T5564 018:682.139 JLINK_IsHalted()
T5564 018:683.526 - 1.390ms returns FALSE
T5564 018:790.508 JLINK_IsHalted()
T5564 018:792.215 - 1.717ms returns FALSE
T5564 018:792.230 JLINK_IsHalted()
T5564 018:793.922 - 1.700ms returns FALSE
T5564 018:899.384 JLINK_IsHalted()
T5564 018:900.839 - 1.464ms returns FALSE
T5564 018:900.855 JLINK_IsHalted()
T5564 018:902.228 - 1.380ms returns FALSE
T5564 019:009.161 JLINK_IsHalted()
T5564 019:010.552 - 1.402ms returns FALSE
T5564 019:010.570 JLINK_IsHalted()
T5564 019:011.605 - 1.044ms returns FALSE
T5564 019:118.574 JLINK_IsHalted()
T5564 019:120.152 - 1.589ms returns FALSE
T5564 019:120.169 JLINK_IsHalted()
T5564 019:121.302 - 1.142ms returns FALSE
T5564 019:227.886 JLINK_IsHalted()
T5564 019:229.469 - 1.591ms returns FALSE
T5564 019:229.482 JLINK_IsHalted()
T5564 019:230.799 - 1.320ms returns FALSE
T08E0 019:259.852 JLINK_IsHalted()
T08E0 019:261.207 - 1.363ms returns FALSE
T08E0 019:261.226 JLINK_IsHalted()
T08E0 019:262.708 - 1.492ms returns FALSE
T5564 019:336.821 JLINK_IsHalted()
T5564 019:338.292 - 1.480ms returns FALSE
T5564 019:338.306 JLINK_IsHalted()
T5564 019:339.613 - 1.322ms returns FALSE
T5564 019:446.593 JLINK_IsHalted()
T5564 019:448.254 - 1.670ms returns FALSE
T5564 019:448.268 JLINK_IsHalted()
T5564 019:449.690 - 1.432ms returns FALSE
T5564 019:556.396 JLINK_IsHalted()
T5564 019:557.783 - 1.397ms returns FALSE
T5564 019:557.798 JLINK_IsHalted()
T5564 019:558.730 - 0.940ms returns FALSE
T5564 019:664.792 JLINK_IsHalted()
T5564 019:666.513 - 1.730ms returns FALSE
T5564 019:666.527 JLINK_IsHalted()
T5564 019:667.976 - 1.457ms returns FALSE
T5564 019:774.811 JLINK_IsHalted()
T5564 019:776.247 - 1.445ms returns FALSE
T5564 019:776.266 JLINK_IsHalted()
T5564 019:778.076 - 1.819ms returns FALSE
T5564 019:884.486 JLINK_IsHalted()
T5564 019:886.076 - 1.597ms returns FALSE
T5564 019:886.089 JLINK_IsHalted()
T5564 019:887.888 - 1.806ms returns FALSE
T5564 019:993.496 JLINK_IsHalted()
T5564 019:995.478 - 1.989ms returns FALSE
T5564 019:995.490 JLINK_IsHalted()
T5564 019:996.879 - 1.402ms returns FALSE
T5564 020:102.558 JLINK_IsHalted()
T5564 020:106.187 - 3.641ms returns FALSE
T5564 020:106.206 JLINK_IsHalted()
T5564 020:107.931 - 1.732ms returns FALSE
T5564 020:211.723 JLINK_IsHalted()
T5564 020:213.334 - 1.620ms returns FALSE
T5564 020:213.349 JLINK_IsHalted()
T5564 020:214.787 - 1.446ms returns FALSE
T08E0 020:263.442 JLINK_IsHalted()
T08E0 020:264.782 - 1.350ms returns FALSE
T08E0 020:264.797 JLINK_IsHalted()
T08E0 020:266.017 - 1.242ms returns FALSE
T5564 020:321.480 JLINK_IsHalted()
T5564 020:322.969 - 1.498ms returns FALSE
T5564 020:322.984 JLINK_IsHalted()
T5564 020:325.731 - 2.761ms returns FALSE
T5564 020:431.071 JLINK_IsHalted()
T5564 020:432.692 - 1.630ms returns FALSE
T5564 020:432.705 JLINK_IsHalted()
T5564 020:434.053 - 1.356ms returns FALSE
T5564 020:539.888 JLINK_IsHalted()
T5564 020:541.075 - 1.194ms returns FALSE
T5564 020:541.088 JLINK_IsHalted()
T5564 020:542.549 - 1.469ms returns FALSE
T5564 020:649.781 JLINK_IsHalted()
T5564 020:651.653 - 1.882ms returns FALSE
T5564 020:651.674 JLINK_IsHalted()
T5564 020:652.965 - 1.303ms returns FALSE
T5564 020:758.883 JLINK_IsHalted()
T5564 020:760.188 - 1.314ms returns FALSE
T5564 020:760.202 JLINK_IsHalted()
T5564 020:761.729 - 1.536ms returns FALSE
T5564 020:868.187 JLINK_IsHalted()
T5564 020:869.753 - 1.575ms returns FALSE
T5564 020:869.766 JLINK_IsHalted()
T5564 020:871.306 - 1.553ms returns FALSE
T5564 020:977.983 JLINK_IsHalted()
T5564 020:979.318 - 1.344ms returns FALSE
T5564 020:979.334 JLINK_IsHalted()
T5564 020:980.375 - 1.050ms returns FALSE
T4170 021:551.468 JLINK_Halt()
T4170 021:559.352 - 7.899ms returns 0x00
T4170 021:559.376 JLINK_ReadReg(XPSR)
T4170 021:563.939 - 5.193ms returns 0x21000000
T4170 021:573.904 JLINK_Close()
T4170 021:575.278   OnDisconnectTarget() start
T4170 021:575.328    J-Link Script File: Executing OnDisconnectTarget()
T4170 021:575.338   Restoring low power mode settings.
T4170 021:582.313   OnDisconnectTarget() end
T4170 021:605.826 - 31.950ms
T4170 021:605.860   
T4170 021:605.867   Closed
